2021-12-14 19:43:05,163 - train - INFO - Trainable parameters: 2748890
2021-12-14 19:45:47,555 - trainer - INFO -     epoch          : 1
2021-12-14 19:45:47,556 - trainer - INFO -     loss           : 7.891534985178876
2021-12-14 19:45:47,557 - trainer - INFO -     my_metric      : 1.0415281329923274
2021-12-14 19:45:47,558 - trainer - INFO -     my_metric2     : 3.1622362531969306
2021-12-14 19:45:47,560 - trainer - INFO -     learning rate  : [0.001, 0.001, 0.001, 0.001]
2021-12-14 19:45:47,561 - trainer - INFO -     val_loss       : 1.5646729016304015
2021-12-14 19:45:47,562 - trainer - INFO -     val_my_metric  : 0.4074000000000001
2021-12-14 19:45:47,562 - trainer - INFO -     val_my_metric2 : 0.9200000000000003
2021-12-14 19:45:47,563 - trainer - INFO -     test_loss      : 1.5494190764427185
2021-12-14 19:45:47,564 - trainer - INFO -     test_my_metric : 0.4223999999999999
2021-12-14 19:45:47,565 - trainer - INFO -     test_my_metric2: 0.9202000000000006
2021-12-14 19:45:47,735 - trainer - INFO - Saving current best: model_best.pth at: saved/models/Robust_WideResNet16_4_BN_CIFAR10DataLoaderResNet16_4-num_classes-10-norm_layer_type-bn-conv_layer_type-conv-linear_layer_type-linear-activation_layer_type-relu-Seed=8/1214_194258/model_best.pth ...
2021-12-14 19:48:27,270 - trainer - INFO -     epoch          : 2
2021-12-14 19:48:27,271 - trainer - INFO -     loss           : 7.108362598797244
2021-12-14 19:48:27,272 - trainer - INFO -     my_metric      : 1.328652493606138
2021-12-14 19:48:27,273 - trainer - INFO -     my_metric2     : 3.4294836956521735
2021-12-14 19:48:27,274 - trainer - INFO -     learning rate  : [0.001, 0.001, 0.001, 0.001]
2021-12-14 19:48:27,274 - trainer - INFO -     val_loss       : 1.362425808906555
2021-12-14 19:48:27,275 - trainer - INFO -     val_my_metric  : 0.5207999999999999
2021-12-14 19:48:27,276 - trainer - INFO -     val_my_metric2 : 0.9366000000000002
2021-12-14 19:48:27,277 - trainer - INFO -     test_loss      : 1.3568673062324523
2021-12-14 19:48:27,277 - trainer - INFO -     test_my_metric : 0.5260999999999998
2021-12-14 19:48:27,278 - trainer - INFO -     test_my_metric2: 0.9393000000000007
2021-12-14 19:48:27,469 - trainer - INFO - Saving current best: model_best.pth at: saved/models/Robust_WideResNet16_4_BN_CIFAR10DataLoaderResNet16_4-num_classes-10-norm_layer_type-bn-conv_layer_type-conv-linear_layer_type-linear-activation_layer_type-relu-Seed=8/1214_194258/model_best.pth ...
2021-12-14 19:51:07,018 - trainer - INFO -     epoch          : 3
2021-12-14 19:51:07,019 - trainer - INFO -     loss           : 6.604389679401427
2021-12-14 19:51:07,020 - trainer - INFO -     my_metric      : 1.5262228260869566
2021-12-14 19:51:07,021 - trainer - INFO -     my_metric2     : 3.543074648337596
2021-12-14 19:51:07,021 - trainer - INFO -     learning rate  : [0.001, 0.001, 0.001, 0.001]
2021-12-14 19:51:07,022 - trainer - INFO -     val_loss       : 1.186758086681366
2021-12-14 19:51:07,023 - trainer - INFO -     val_my_metric  : 0.5915999999999998
2021-12-14 19:51:07,023 - trainer - INFO -     val_my_metric2 : 0.9549999999999998
2021-12-14 19:51:07,024 - trainer - INFO -     test_loss      : 1.193146265745163
2021-12-14 19:51:07,025 - trainer - INFO -     test_my_metric : 0.5902
2021-12-14 19:51:07,026 - trainer - INFO -     test_my_metric2: 0.9563000000000001
2021-12-14 19:51:07,216 - trainer - INFO - Saving current best: model_best.pth at: saved/models/Robust_WideResNet16_4_BN_CIFAR10DataLoaderResNet16_4-num_classes-10-norm_layer_type-bn-conv_layer_type-conv-linear_layer_type-linear-activation_layer_type-relu-Seed=8/1214_194258/model_best.pth ...
2021-12-14 19:53:47,105 - trainer - INFO -     epoch          : 4
2021-12-14 19:53:47,107 - trainer - INFO -     loss           : 6.230903929761609
2021-12-14 19:53:47,108 - trainer - INFO -     my_metric      : 1.6603500639386188
2021-12-14 19:53:47,109 - trainer - INFO -     my_metric2     : 3.6156649616368286
2021-12-14 19:53:47,110 - trainer - INFO -     learning rate  : [0.001, 0.001, 0.001, 0.001]
2021-12-14 19:53:47,110 - trainer - INFO -     val_loss       : 1.1098167288303376
2021-12-14 19:53:47,111 - trainer - INFO -     val_my_metric  : 0.6153999999999997
2021-12-14 19:53:47,112 - trainer - INFO -     val_my_metric2 : 0.9670000000000004
2021-12-14 19:53:47,113 - trainer - INFO -     test_loss      : 1.127606536746025
2021-12-14 19:53:47,114 - trainer - INFO -     test_my_metric : 0.6057999999999998
2021-12-14 19:53:47,114 - trainer - INFO -     test_my_metric2: 0.9658999999999993
2021-12-14 19:53:47,338 - trainer - INFO - Saving current best: model_best.pth at: saved/models/Robust_WideResNet16_4_BN_CIFAR10DataLoaderResNet16_4-num_classes-10-norm_layer_type-bn-conv_layer_type-conv-linear_layer_type-linear-activation_layer_type-relu-Seed=8/1214_194258/model_best.pth ...
2021-12-14 19:56:27,789 - trainer - INFO -     epoch          : 5
2021-12-14 19:56:27,790 - trainer - INFO -     loss           : 5.966123606390355
2021-12-14 19:56:27,791 - trainer - INFO -     my_metric      : 1.7731058184143222
2021-12-14 19:56:27,791 - trainer - INFO -     my_metric2     : 3.650383631713555
2021-12-14 19:56:27,792 - trainer - INFO -     learning rate  : [0.001, 0.001, 0.001, 0.001]
2021-12-14 19:56:27,793 - trainer - INFO -     val_loss       : 0.9734893679618836
2021-12-14 19:56:27,793 - trainer - INFO -     val_my_metric  : 0.6726000000000001
2021-12-14 19:56:27,794 - trainer - INFO -     val_my_metric2 : 0.9723999999999997
2021-12-14 19:56:27,795 - trainer - INFO -     test_loss      : 0.9924280172586442
2021-12-14 19:56:27,795 - trainer - INFO -     test_my_metric : 0.665
2021-12-14 19:56:27,796 - trainer - INFO -     test_my_metric2: 0.9727000000000002
2021-12-14 19:56:28,025 - trainer - INFO - Saving current best: model_best.pth at: saved/models/Robust_WideResNet16_4_BN_CIFAR10DataLoaderResNet16_4-num_classes-10-norm_layer_type-bn-conv_layer_type-conv-linear_layer_type-linear-activation_layer_type-relu-Seed=8/1214_194258/model_best.pth ...
2021-12-14 19:59:08,507 - trainer - INFO -     epoch          : 6
2021-12-14 19:59:08,508 - trainer - INFO -     loss           : 5.740844978395935
2021-12-14 19:59:08,509 - trainer - INFO -     my_metric      : 1.8580842391304346
2021-12-14 19:59:08,510 - trainer - INFO -     my_metric2     : 3.6836277173913032
2021-12-14 19:59:08,511 - trainer - INFO -     learning rate  : [0.001, 0.001, 0.001, 0.001]
2021-12-14 19:59:08,511 - trainer - INFO -     val_loss       : 0.9348108923435211
2021-12-14 19:59:08,512 - trainer - INFO -     val_my_metric  : 0.6994000000000002
2021-12-14 19:59:08,513 - trainer - INFO -     val_my_metric2 : 0.9793999999999996
2021-12-14 19:59:08,513 - trainer - INFO -     test_loss      : 0.9548697817325592
2021-12-14 19:59:08,514 - trainer - INFO -     test_my_metric : 0.6882
2021-12-14 19:59:08,515 - trainer - INFO -     test_my_metric2: 0.9758999999999999
2021-12-14 19:59:08,700 - trainer - INFO - Saving current best: model_best.pth at: saved/models/Robust_WideResNet16_4_BN_CIFAR10DataLoaderResNet16_4-num_classes-10-norm_layer_type-bn-conv_layer_type-conv-linear_layer_type-linear-activation_layer_type-relu-Seed=8/1214_194258/model_best.pth ...
2021-12-14 20:01:49,117 - trainer - INFO -     epoch          : 7
2021-12-14 20:01:49,118 - trainer - INFO -     loss           : 5.562433982444237
2021-12-14 20:01:49,119 - trainer - INFO -     my_metric      : 1.9201166879795397
2021-12-14 20:01:49,120 - trainer - INFO -     my_metric2     : 3.7096307544757035
2021-12-14 20:01:49,120 - trainer - INFO -     learning rate  : [0.001, 0.001, 0.001, 0.001]
2021-12-14 20:01:49,121 - trainer - INFO -     val_loss       : 0.8798784959316254
2021-12-14 20:01:49,122 - trainer - INFO -     val_my_metric  : 0.6975999999999999
2021-12-14 20:01:49,123 - trainer - INFO -     val_my_metric2 : 0.9805999999999997
2021-12-14 20:01:49,123 - trainer - INFO -     test_loss      : 0.9056495249271392
2021-12-14 20:01:49,124 - trainer - INFO -     test_my_metric : 0.6912999999999998
2021-12-14 20:01:49,125 - trainer - INFO -     test_my_metric2: 0.9781999999999997
2021-12-14 20:01:49,308 - trainer - INFO - Saving current model: current model save at: saved/models/Robust_WideResNet16_4_BN_CIFAR10DataLoaderResNet16_4-num_classes-10-norm_layer_type-bn-conv_layer_type-conv-linear_layer_type-linear-activation_layer_type-relu-Seed=8/1214_194258/model_epoch_7.pth ...
2021-12-14 20:04:29,892 - trainer - INFO -     epoch          : 8
2021-12-14 20:04:29,894 - trainer - INFO -     loss           : 5.426084535048746
2021-12-14 20:04:29,895 - trainer - INFO -     my_metric      : 1.9762707800511508
2021-12-14 20:04:29,896 - trainer - INFO -     my_metric2     : 3.726686381074169
2021-12-14 20:04:29,897 - trainer - INFO -     learning rate  : [0.001, 0.001, 0.001, 0.001]
2021-12-14 20:04:29,897 - trainer - INFO -     val_loss       : 0.8492830610275268
2021-12-14 20:04:29,898 - trainer - INFO -     val_my_metric  : 0.7210000000000001
2021-12-14 20:04:29,899 - trainer - INFO -     val_my_metric2 : 0.9849999999999999
2021-12-14 20:04:29,900 - trainer - INFO -     test_loss      : 0.8759394764900208
2021-12-14 20:04:29,901 - trainer - INFO -     test_my_metric : 0.7146000000000001
2021-12-14 20:04:29,901 - trainer - INFO -     test_my_metric2: 0.9809999999999997
2021-12-14 20:04:30,114 - trainer - INFO - Saving current best: model_best.pth at: saved/models/Robust_WideResNet16_4_BN_CIFAR10DataLoaderResNet16_4-num_classes-10-norm_layer_type-bn-conv_layer_type-conv-linear_layer_type-linear-activation_layer_type-relu-Seed=8/1214_194258/model_best.pth ...
2021-12-14 20:07:10,016 - trainer - INFO -     epoch          : 9
2021-12-14 20:07:10,018 - trainer - INFO -     loss           : 5.295344344947649
2021-12-14 20:07:10,019 - trainer - INFO -     my_metric      : 2.0252117966751917
2021-12-14 20:07:10,019 - trainer - INFO -     my_metric2     : 3.73766783887468
2021-12-14 20:07:10,020 - trainer - INFO -     learning rate  : [0.001, 0.001, 0.001, 0.001]
2021-12-14 20:07:10,021 - trainer - INFO -     val_loss       : 0.8119397842884064
2021-12-14 20:07:10,021 - trainer - INFO -     val_my_metric  : 0.7291999999999997
2021-12-14 20:07:10,022 - trainer - INFO -     val_my_metric2 : 0.9815999999999996
2021-12-14 20:07:10,023 - trainer - INFO -     test_loss      : 0.8505257499217987
2021-12-14 20:07:10,024 - trainer - INFO -     test_my_metric : 0.7116999999999999
2021-12-14 20:07:10,024 - trainer - INFO -     test_my_metric2: 0.9792999999999996
2021-12-14 20:07:10,219 - trainer - INFO - Saving current best: model_best.pth at: saved/models/Robust_WideResNet16_4_BN_CIFAR10DataLoaderResNet16_4-num_classes-10-norm_layer_type-bn-conv_layer_type-conv-linear_layer_type-linear-activation_layer_type-relu-Seed=8/1214_194258/model_best.pth ...
2021-12-14 20:09:50,763 - trainer - INFO -     epoch          : 10
2021-12-14 20:09:50,765 - trainer - INFO -     loss           : 5.187959578488489
2021-12-14 20:09:50,775 - trainer - INFO -     my_metric      : 2.0534926470588237
2021-12-14 20:09:50,780 - trainer - INFO -     my_metric2     : 3.7558743606138103
2021-12-14 20:09:50,781 - trainer - INFO -     learning rate  : [0.001, 0.001, 0.001, 0.001]
2021-12-14 20:09:50,781 - trainer - INFO -     val_loss       : 0.7632344257831574
2021-12-14 20:09:50,782 - trainer - INFO -     val_my_metric  : 0.7582
2021-12-14 20:09:50,783 - trainer - INFO -     val_my_metric2 : 0.9873999999999996
2021-12-14 20:09:50,784 - trainer - INFO -     test_loss      : 0.8174047815799713
2021-12-14 20:09:50,784 - trainer - INFO -     test_my_metric : 0.7334
2021-12-14 20:09:50,785 - trainer - INFO -     test_my_metric2: 0.9826999999999994
2021-12-14 20:09:51,004 - trainer - INFO - Saving current best: model_best.pth at: saved/models/Robust_WideResNet16_4_BN_CIFAR10DataLoaderResNet16_4-num_classes-10-norm_layer_type-bn-conv_layer_type-conv-linear_layer_type-linear-activation_layer_type-relu-Seed=8/1214_194258/model_best.pth ...
2021-12-14 20:12:31,389 - trainer - INFO -     epoch          : 11
2021-12-14 20:12:31,390 - trainer - INFO -     loss           : 5.0766668001099315
2021-12-14 20:12:31,390 - trainer - INFO -     my_metric      : 2.1008751598465474
2021-12-14 20:12:31,391 - trainer - INFO -     my_metric2     : 3.763175351662404
2021-12-14 20:12:31,391 - trainer - INFO -     learning rate  : [0.001, 0.001, 0.001, 0.001]
2021-12-14 20:12:31,392 - trainer - INFO -     val_loss       : 0.7264003801345825
2021-12-14 20:12:31,393 - trainer - INFO -     val_my_metric  : 0.7608
2021-12-14 20:12:31,393 - trainer - INFO -     val_my_metric2 : 0.9891999999999997
2021-12-14 20:12:31,394 - trainer - INFO -     test_loss      : 0.7731863582134246
2021-12-14 20:12:31,395 - trainer - INFO -     test_my_metric : 0.7476
2021-12-14 20:12:31,395 - trainer - INFO -     test_my_metric2: 0.9846999999999995
2021-12-14 20:12:31,586 - trainer - INFO - Saving current best: model_best.pth at: saved/models/Robust_WideResNet16_4_BN_CIFAR10DataLoaderResNet16_4-num_classes-10-norm_layer_type-bn-conv_layer_type-conv-linear_layer_type-linear-activation_layer_type-relu-Seed=8/1214_194258/model_best.pth ...
2021-12-14 20:15:11,926 - trainer - INFO -     epoch          : 12
2021-12-14 20:15:11,926 - trainer - INFO -     loss           : 4.986554705730789
2021-12-14 20:15:11,927 - trainer - INFO -     my_metric      : 2.1379635549872122
2021-12-14 20:15:11,927 - trainer - INFO -     my_metric2     : 3.7697570332480814
2021-12-14 20:15:11,927 - trainer - INFO -     learning rate  : [0.001, 0.001, 0.001, 0.001]
2021-12-14 20:15:11,928 - trainer - INFO -     val_loss       : 0.7323851728439331
2021-12-14 20:15:11,929 - trainer - INFO -     val_my_metric  : 0.7720000000000001
2021-12-14 20:15:11,929 - trainer - INFO -     val_my_metric2 : 0.9882
2021-12-14 20:15:11,930 - trainer - INFO -     test_loss      : 0.7874548041820526
2021-12-14 20:15:11,931 - trainer - INFO -     test_my_metric : 0.7474999999999998
2021-12-14 20:15:11,932 - trainer - INFO -     test_my_metric2: 0.9865999999999997
2021-12-14 20:15:12,125 - trainer - INFO - Saving current best: model_best.pth at: saved/models/Robust_WideResNet16_4_BN_CIFAR10DataLoaderResNet16_4-num_classes-10-norm_layer_type-bn-conv_layer_type-conv-linear_layer_type-linear-activation_layer_type-relu-Seed=8/1214_194258/model_best.pth ...
2021-12-14 20:17:52,471 - trainer - INFO -     epoch          : 13
2021-12-14 20:17:52,472 - trainer - INFO -     loss           : 4.904420763940153
2021-12-14 20:17:52,473 - trainer - INFO -     my_metric      : 2.1586596867007675
2021-12-14 20:17:52,474 - trainer - INFO -     my_metric2     : 3.7790760869565214
2021-12-14 20:17:52,474 - trainer - INFO -     learning rate  : [0.001, 0.001, 0.001, 0.001]
2021-12-14 20:17:52,475 - trainer - INFO -     val_loss       : 0.6783994650840759
2021-12-14 20:17:52,475 - trainer - INFO -     val_my_metric  : 0.7866000000000001
2021-12-14 20:17:52,476 - trainer - INFO -     val_my_metric2 : 0.9901999999999996
2021-12-14 20:17:52,477 - trainer - INFO -     test_loss      : 0.7432843720912934
2021-12-14 20:17:52,477 - trainer - INFO -     test_my_metric : 0.7591
2021-12-14 20:17:52,478 - trainer - INFO -     test_my_metric2: 0.9845999999999998
2021-12-14 20:17:52,670 - trainer - INFO - Saving current best: model_best.pth at: saved/models/Robust_WideResNet16_4_BN_CIFAR10DataLoaderResNet16_4-num_classes-10-norm_layer_type-bn-conv_layer_type-conv-linear_layer_type-linear-activation_layer_type-relu-Seed=8/1214_194258/model_best.pth ...
2021-12-14 20:20:33,077 - trainer - INFO -     epoch          : 14
2021-12-14 20:20:33,078 - trainer - INFO -     loss           : 4.824812846110605
2021-12-14 20:20:33,078 - trainer - INFO -     my_metric      : 2.1850303708439895
2021-12-14 20:20:33,079 - trainer - INFO -     my_metric2     : 3.7883112212276218
2021-12-14 20:20:33,080 - trainer - INFO -     learning rate  : [0.001, 0.001, 0.001, 0.001]
2021-12-14 20:20:33,081 - trainer - INFO -     val_loss       : 0.6916113948822021
2021-12-14 20:20:33,081 - trainer - INFO -     val_my_metric  : 0.7746
2021-12-14 20:20:33,082 - trainer - INFO -     val_my_metric2 : 0.9901999999999995
2021-12-14 20:20:33,083 - trainer - INFO -     test_loss      : 0.7633080238103866
2021-12-14 20:20:33,084 - trainer - INFO -     test_my_metric : 0.7491999999999998
2021-12-14 20:20:33,084 - trainer - INFO -     test_my_metric2: 0.9841999999999997
2021-12-14 20:20:33,262 - trainer - INFO - Saving current model: current model save at: saved/models/Robust_WideResNet16_4_BN_CIFAR10DataLoaderResNet16_4-num_classes-10-norm_layer_type-bn-conv_layer_type-conv-linear_layer_type-linear-activation_layer_type-relu-Seed=8/1214_194258/model_epoch_14.pth ...
2021-12-14 20:23:13,176 - trainer - INFO -     epoch          : 15
2021-12-14 20:23:13,177 - trainer - INFO -     loss           : 4.758365112344932
2021-12-14 20:23:13,178 - trainer - INFO -     my_metric      : 2.219269501278773
2021-12-14 20:23:13,179 - trainer - INFO -     my_metric2     : 3.799660326086957
2021-12-14 20:23:13,180 - trainer - INFO -     learning rate  : [0.001, 0.001, 0.001, 0.001]
2021-12-14 20:23:13,180 - trainer - INFO -     val_loss       : 0.651315780878067
2021-12-14 20:23:13,181 - trainer - INFO -     val_my_metric  : 0.7974
2021-12-14 20:23:13,182 - trainer - INFO -     val_my_metric2 : 0.9932
2021-12-14 20:23:13,182 - trainer - INFO -     test_loss      : 0.7334454834461213
2021-12-14 20:23:13,183 - trainer - INFO -     test_my_metric : 0.7619000000000001
2021-12-14 20:23:13,184 - trainer - INFO -     test_my_metric2: 0.9871999999999993
2021-12-14 20:23:13,368 - trainer - INFO - Saving current best: model_best.pth at: saved/models/Robust_WideResNet16_4_BN_CIFAR10DataLoaderResNet16_4-num_classes-10-norm_layer_type-bn-conv_layer_type-conv-linear_layer_type-linear-activation_layer_type-relu-Seed=8/1214_194258/model_best.pth ...
2021-12-14 20:25:53,471 - trainer - INFO -     epoch          : 16
2021-12-14 20:25:53,471 - trainer - INFO -     loss           : 4.682425642105015
2021-12-14 20:25:53,472 - trainer - INFO -     my_metric      : 2.23968989769821
2021-12-14 20:25:53,473 - trainer - INFO -     my_metric2     : 3.809606777493606
2021-12-14 20:25:53,474 - trainer - INFO -     learning rate  : [0.001, 0.001, 0.001, 0.001]
2021-12-14 20:25:53,474 - trainer - INFO -     val_loss       : 0.6384518140554428
2021-12-14 20:25:53,475 - trainer - INFO -     val_my_metric  : 0.7954000000000001
2021-12-14 20:25:53,475 - trainer - INFO -     val_my_metric2 : 0.9914000000000001
2021-12-14 20:25:53,476 - trainer - INFO -     test_loss      : 0.7184536075592041
2021-12-14 20:25:53,477 - trainer - INFO -     test_my_metric : 0.7580000000000005
2021-12-14 20:25:53,477 - trainer - INFO -     test_my_metric2: 0.9857999999999992
2021-12-14 20:25:53,641 - trainer - INFO - Saving current model: current model save at: saved/models/Robust_WideResNet16_4_BN_CIFAR10DataLoaderResNet16_4-num_classes-10-norm_layer_type-bn-conv_layer_type-conv-linear_layer_type-linear-activation_layer_type-relu-Seed=8/1214_194258/model_epoch_16.pth ...
2021-12-14 20:28:33,586 - trainer - INFO -     epoch          : 17
2021-12-14 20:28:33,587 - trainer - INFO -     loss           : 4.615941249196182
2021-12-14 20:28:33,588 - trainer - INFO -     my_metric      : 2.2636988491048595
2021-12-14 20:28:33,589 - trainer - INFO -     my_metric2     : 3.811233216112533
2021-12-14 20:28:33,590 - trainer - INFO -     learning rate  : [0.001, 0.001, 0.001, 0.001]
2021-12-14 20:28:33,590 - trainer - INFO -     val_loss       : 0.6385319924354553
2021-12-14 20:28:33,591 - trainer - INFO -     val_my_metric  : 0.8058
2021-12-14 20:28:33,592 - trainer - INFO -     val_my_metric2 : 0.9909999999999998
2021-12-14 20:28:33,593 - trainer - INFO -     test_loss      : 0.7155924797058105
2021-12-14 20:28:33,593 - trainer - INFO -     test_my_metric : 0.7791000000000001
2021-12-14 20:28:33,594 - trainer - INFO -     test_my_metric2: 0.9896999999999991
2021-12-14 20:28:33,802 - trainer - INFO - Saving current best: model_best.pth at: saved/models/Robust_WideResNet16_4_BN_CIFAR10DataLoaderResNet16_4-num_classes-10-norm_layer_type-bn-conv_layer_type-conv-linear_layer_type-linear-activation_layer_type-relu-Seed=8/1214_194258/model_best.pth ...
2021-12-14 20:31:13,988 - trainer - INFO -     epoch          : 18
2021-12-14 20:31:13,990 - trainer - INFO -     loss           : 4.561978880706651
2021-12-14 20:31:13,990 - trainer - INFO -     my_metric      : 2.2794916879795393
2021-12-14 20:31:13,991 - trainer - INFO -     my_metric2     : 3.816332320971867
2021-12-14 20:31:13,992 - trainer - INFO -     learning rate  : [0.001, 0.001, 0.001, 0.001]
2021-12-14 20:31:13,993 - trainer - INFO -     val_loss       : 0.5859140330553054
2021-12-14 20:31:13,993 - trainer - INFO -     val_my_metric  : 0.8140000000000001
2021-12-14 20:31:13,994 - trainer - INFO -     val_my_metric2 : 0.9919999999999998
2021-12-14 20:31:13,995 - trainer - INFO -     test_loss      : 0.6803825503587723
2021-12-14 20:31:13,995 - trainer - INFO -     test_my_metric : 0.7794999999999997
2021-12-14 20:31:13,996 - trainer - INFO -     test_my_metric2: 0.9883999999999995
2021-12-14 20:31:14,205 - trainer - INFO - Saving current best: model_best.pth at: saved/models/Robust_WideResNet16_4_BN_CIFAR10DataLoaderResNet16_4-num_classes-10-norm_layer_type-bn-conv_layer_type-conv-linear_layer_type-linear-activation_layer_type-relu-Seed=8/1214_194258/model_best.pth ...
2021-12-14 20:33:54,347 - trainer - INFO -     epoch          : 19
2021-12-14 20:33:54,348 - trainer - INFO -     loss           : 4.5010632529588
2021-12-14 20:33:54,348 - trainer - INFO -     my_metric      : 2.3019341432225064
2021-12-14 20:33:54,349 - trainer - INFO -     my_metric2     : 3.8211716751918154
2021-12-14 20:33:54,350 - trainer - INFO -     learning rate  : [0.001, 0.001, 0.001, 0.001]
2021-12-14 20:33:54,350 - trainer - INFO -     val_loss       : 0.5750960540771485
2021-12-14 20:33:54,351 - trainer - INFO -     val_my_metric  : 0.8281999999999998
2021-12-14 20:33:54,351 - trainer - INFO -     val_my_metric2 : 0.992
2021-12-14 20:33:54,352 - trainer - INFO -     test_loss      : 0.667891765832901
2021-12-14 20:33:54,352 - trainer - INFO -     test_my_metric : 0.7905
2021-12-14 20:33:54,353 - trainer - INFO -     test_my_metric2: 0.9874999999999994
2021-12-14 20:33:54,543 - trainer - INFO - Saving current best: model_best.pth at: saved/models/Robust_WideResNet16_4_BN_CIFAR10DataLoaderResNet16_4-num_classes-10-norm_layer_type-bn-conv_layer_type-conv-linear_layer_type-linear-activation_layer_type-relu-Seed=8/1214_194258/model_best.pth ...
2021-12-14 20:36:34,675 - trainer - INFO -     epoch          : 20
2021-12-14 20:36:34,677 - trainer - INFO -     loss           : 4.434991284557011
2021-12-14 20:36:34,677 - trainer - INFO -     my_metric      : 2.3229299872122766
2021-12-14 20:36:34,678 - trainer - INFO -     my_metric2     : 3.828768382352941
2021-12-14 20:36:34,679 - trainer - INFO -     learning rate  : [0.001, 0.001, 0.001, 0.001]
2021-12-14 20:36:34,679 - trainer - INFO -     val_loss       : 0.557778252363205
2021-12-14 20:36:34,680 - trainer - INFO -     val_my_metric  : 0.8221999999999997
2021-12-14 20:36:34,685 - trainer - INFO -     val_my_metric2 : 0.993
2021-12-14 20:36:34,691 - trainer - INFO -     test_loss      : 0.6629229351878166
2021-12-14 20:36:34,692 - trainer - INFO -     test_my_metric : 0.7781
2021-12-14 20:36:34,693 - trainer - INFO -     test_my_metric2: 0.9876999999999997
2021-12-14 20:36:34,867 - trainer - INFO - Saving current model: current model save at: saved/models/Robust_WideResNet16_4_BN_CIFAR10DataLoaderResNet16_4-num_classes-10-norm_layer_type-bn-conv_layer_type-conv-linear_layer_type-linear-activation_layer_type-relu-Seed=8/1214_194258/model_epoch_20.pth ...
2021-12-14 20:39:15,554 - trainer - INFO -     epoch          : 21
2021-12-14 20:39:15,555 - trainer - INFO -     loss           : 4.392871137775119
2021-12-14 20:39:15,556 - trainer - INFO -     my_metric      : 2.3404931265984654
2021-12-14 20:39:15,557 - trainer - INFO -     my_metric2     : 3.8304427749360612
2021-12-14 20:39:15,557 - trainer - INFO -     learning rate  : [0.001, 0.001, 0.001, 0.001]
2021-12-14 20:39:15,558 - trainer - INFO -     val_loss       : 0.538167839050293
2021-12-14 20:39:15,559 - trainer - INFO -     val_my_metric  : 0.8380000000000003
2021-12-14 20:39:15,559 - trainer - INFO -     val_my_metric2 : 0.9941999999999999
2021-12-14 20:39:15,560 - trainer - INFO -     test_loss      : 0.6437614971399307
2021-12-14 20:39:15,561 - trainer - INFO -     test_my_metric : 0.7924999999999999
2021-12-14 20:39:15,562 - trainer - INFO -     test_my_metric2: 0.9897999999999992
2021-12-14 20:39:15,745 - trainer - INFO - Saving current best: model_best.pth at: saved/models/Robust_WideResNet16_4_BN_CIFAR10DataLoaderResNet16_4-num_classes-10-norm_layer_type-bn-conv_layer_type-conv-linear_layer_type-linear-activation_layer_type-relu-Seed=8/1214_194258/model_best.pth ...
2021-12-14 20:41:56,090 - trainer - INFO -     epoch          : 22
2021-12-14 20:41:56,092 - trainer - INFO -     loss           : 4.35012762823983
2021-12-14 20:41:56,092 - trainer - INFO -     my_metric      : 2.355750479539642
2021-12-14 20:41:56,093 - trainer - INFO -     my_metric2     : 3.832828484654731
2021-12-14 20:41:56,094 - trainer - INFO -     learning rate  : [0.001, 0.001, 0.001, 0.001]
2021-12-14 20:41:56,095 - trainer - INFO -     val_loss       : 0.522656723856926
2021-12-14 20:41:56,095 - trainer - INFO -     val_my_metric  : 0.8443999999999999
2021-12-14 20:41:56,096 - trainer - INFO -     val_my_metric2 : 0.9954000000000001
2021-12-14 20:41:56,097 - trainer - INFO -     test_loss      : 0.631382349729538
2021-12-14 20:41:56,098 - trainer - INFO -     test_my_metric : 0.7930999999999999
2021-12-14 20:41:56,098 - trainer - INFO -     test_my_metric2: 0.9893
2021-12-14 20:41:56,301 - trainer - INFO - Saving current best: model_best.pth at: saved/models/Robust_WideResNet16_4_BN_CIFAR10DataLoaderResNet16_4-num_classes-10-norm_layer_type-bn-conv_layer_type-conv-linear_layer_type-linear-activation_layer_type-relu-Seed=8/1214_194258/model_best.pth ...
2021-12-14 20:44:36,836 - trainer - INFO -     epoch          : 23
2021-12-14 20:44:36,838 - trainer - INFO -     loss           : 4.272568606202255
2021-12-14 20:44:36,839 - trainer - INFO -     my_metric      : 2.3795796035805625
2021-12-14 20:44:36,839 - trainer - INFO -     my_metric2     : 3.843074648337596
2021-12-14 20:44:36,846 - trainer - INFO -     learning rate  : [0.001, 0.001, 0.001, 0.001]
2021-12-14 20:44:36,847 - trainer - INFO -     val_loss       : 0.525204463005066
2021-12-14 20:44:36,848 - trainer - INFO -     val_my_metric  : 0.8501999999999996
2021-12-14 20:44:36,848 - trainer - INFO -     val_my_metric2 : 0.9952
2021-12-14 20:44:36,849 - trainer - INFO -     test_loss      : 0.6475778970122338
2021-12-14 20:44:36,850 - trainer - INFO -     test_my_metric : 0.7944
2021-12-14 20:44:36,851 - trainer - INFO -     test_my_metric2: 0.9881999999999995
2021-12-14 20:44:37,050 - trainer - INFO - Saving current best: model_best.pth at: saved/models/Robust_WideResNet16_4_BN_CIFAR10DataLoaderResNet16_4-num_classes-10-norm_layer_type-bn-conv_layer_type-conv-linear_layer_type-linear-activation_layer_type-relu-Seed=8/1214_194258/model_best.pth ...
2021-12-14 20:47:17,537 - trainer - INFO -     epoch          : 24
2021-12-14 20:47:17,538 - trainer - INFO -     loss           : 4.232579485992032
2021-12-14 20:47:17,538 - trainer - INFO -     my_metric      : 2.3935701726342713
2021-12-14 20:47:17,539 - trainer - INFO -     my_metric2     : 3.845796035805626
2021-12-14 20:47:17,539 - trainer - INFO -     learning rate  : [0.001, 0.001, 0.001, 0.001]
2021-12-14 20:47:17,540 - trainer - INFO -     val_loss       : 0.5140742152929306
2021-12-14 20:47:17,541 - trainer - INFO -     val_my_metric  : 0.8604
2021-12-14 20:47:17,541 - trainer - INFO -     val_my_metric2 : 0.9948000000000001
2021-12-14 20:47:17,542 - trainer - INFO -     test_loss      : 0.6415540158748627
2021-12-14 20:47:17,543 - trainer - INFO -     test_my_metric : 0.7978999999999996
2021-12-14 20:47:17,543 - trainer - INFO -     test_my_metric2: 0.9883999999999992
2021-12-14 20:47:17,743 - trainer - INFO - Saving current best: model_best.pth at: saved/models/Robust_WideResNet16_4_BN_CIFAR10DataLoaderResNet16_4-num_classes-10-norm_layer_type-bn-conv_layer_type-conv-linear_layer_type-linear-activation_layer_type-relu-Seed=8/1214_194258/model_best.pth ...
2021-12-14 20:49:58,156 - trainer - INFO -     epoch          : 25
2021-12-14 20:49:58,160 - trainer - INFO -     loss           : 4.178456799072378
2021-12-14 20:49:58,161 - trainer - INFO -     my_metric      : 2.4088315217391303
2021-12-14 20:49:58,162 - trainer - INFO -     my_metric2     : 3.8527333759590796
2021-12-14 20:49:58,163 - trainer - INFO -     learning rate  : [0.001, 0.001, 0.001, 0.001]
2021-12-14 20:49:58,163 - trainer - INFO -     val_loss       : 0.4856034916639328
2021-12-14 20:49:58,164 - trainer - INFO -     val_my_metric  : 0.8600000000000001
2021-12-14 20:49:58,165 - trainer - INFO -     val_my_metric2 : 0.9968
2021-12-14 20:49:58,165 - trainer - INFO -     test_loss      : 0.6204919281601906
2021-12-14 20:49:58,166 - trainer - INFO -     test_my_metric : 0.8035000000000002
2021-12-14 20:49:58,167 - trainer - INFO -     test_my_metric2: 0.9895999999999997
2021-12-14 20:49:58,346 - trainer - INFO - Saving current model: current model save at: saved/models/Robust_WideResNet16_4_BN_CIFAR10DataLoaderResNet16_4-num_classes-10-norm_layer_type-bn-conv_layer_type-conv-linear_layer_type-linear-activation_layer_type-relu-Seed=8/1214_194258/model_epoch_25.pth ...
2021-12-14 20:52:38,584 - trainer - INFO -     epoch          : 26
2021-12-14 20:52:38,585 - trainer - INFO -     loss           : 4.154252628536176
2021-12-14 20:52:38,586 - trainer - INFO -     my_metric      : 2.4185861572890026
2021-12-14 20:52:38,586 - trainer - INFO -     my_metric2     : 3.858160166240409
2021-12-14 20:52:38,587 - trainer - INFO -     learning rate  : [0.001, 0.001, 0.001, 0.001]
2021-12-14 20:52:38,588 - trainer - INFO -     val_loss       : 0.5310073006153107
2021-12-14 20:52:38,588 - trainer - INFO -     val_my_metric  : 0.8386
2021-12-14 20:52:38,589 - trainer - INFO -     val_my_metric2 : 0.9933999999999997
2021-12-14 20:52:38,590 - trainer - INFO -     test_loss      : 0.6630229020118713
2021-12-14 20:52:38,590 - trainer - INFO -     test_my_metric : 0.7856000000000002
2021-12-14 20:52:38,591 - trainer - INFO -     test_my_metric2: 0.9871999999999993
2021-12-14 20:52:38,775 - trainer - INFO - Saving current model: current model save at: saved/models/Robust_WideResNet16_4_BN_CIFAR10DataLoaderResNet16_4-num_classes-10-norm_layer_type-bn-conv_layer_type-conv-linear_layer_type-linear-activation_layer_type-relu-Seed=8/1214_194258/model_epoch_26.pth ...
2021-12-14 20:55:19,264 - trainer - INFO -     epoch          : 27
2021-12-14 20:55:19,265 - trainer - INFO -     loss           : 4.107377551781857
2021-12-14 20:55:19,266 - trainer - INFO -     my_metric      : 2.430890345268542
2021-12-14 20:55:19,266 - trainer - INFO -     my_metric2     : 3.8587875639386198
2021-12-14 20:55:19,267 - trainer - INFO -     learning rate  : [0.001, 0.001, 0.001, 0.001]
2021-12-14 20:55:19,268 - trainer - INFO -     val_loss       : 0.5058144789934158
2021-12-14 20:55:19,268 - trainer - INFO -     val_my_metric  : 0.8481999999999998
2021-12-14 20:55:19,269 - trainer - INFO -     val_my_metric2 : 0.9964
2021-12-14 20:55:19,270 - trainer - INFO -     test_loss      : 0.6464142480492592
2021-12-14 20:55:19,271 - trainer - INFO -     test_my_metric : 0.7884999999999996
2021-12-14 20:55:19,271 - trainer - INFO -     test_my_metric2: 0.9878999999999989
2021-12-14 20:55:19,468 - trainer - INFO - Saving current model: current model save at: saved/models/Robust_WideResNet16_4_BN_CIFAR10DataLoaderResNet16_4-num_classes-10-norm_layer_type-bn-conv_layer_type-conv-linear_layer_type-linear-activation_layer_type-relu-Seed=8/1214_194258/model_epoch_27.pth ...
2021-12-14 20:58:00,004 - trainer - INFO -     epoch          : 28
2021-12-14 20:58:00,005 - trainer - INFO -     loss           : 4.04735290424903
2021-12-14 20:58:00,006 - trainer - INFO -     my_metric      : 2.4530410805626595
2021-12-14 20:58:00,006 - trainer - INFO -     my_metric2     : 3.8611413043478264
2021-12-14 20:58:00,007 - trainer - INFO -     learning rate  : [0.001, 0.001, 0.001, 0.001]
2021-12-14 20:58:00,008 - trainer - INFO -     val_loss       : 0.4508916711807251
2021-12-14 20:58:00,009 - trainer - INFO -     val_my_metric  : 0.8610000000000002
2021-12-14 20:58:00,010 - trainer - INFO -     val_my_metric2 : 0.9962000000000002
2021-12-14 20:58:00,010 - trainer - INFO -     test_loss      : 0.604504783153534
2021-12-14 20:58:00,011 - trainer - INFO -     test_my_metric : 0.8013999999999999
2021-12-14 20:58:00,012 - trainer - INFO -     test_my_metric2: 0.9892999999999997
2021-12-14 20:58:00,191 - trainer - INFO - Saving current best: model_best.pth at: saved/models/Robust_WideResNet16_4_BN_CIFAR10DataLoaderResNet16_4-num_classes-10-norm_layer_type-bn-conv_layer_type-conv-linear_layer_type-linear-activation_layer_type-relu-Seed=8/1214_194258/model_best.pth ...
2021-12-14 21:00:40,874 - trainer - INFO -     epoch          : 29
2021-12-14 21:00:40,876 - trainer - INFO -     loss           : 4.022061453984522
2021-12-14 21:00:40,877 - trainer - INFO -     my_metric      : 2.4652413682864447
2021-12-14 21:00:40,878 - trainer - INFO -     my_metric2     : 3.8644261508951403
2021-12-14 21:00:40,878 - trainer - INFO -     learning rate  : [0.001, 0.001, 0.001, 0.001]
2021-12-14 21:00:40,879 - trainer - INFO -     val_loss       : 0.4534989523887634
2021-12-14 21:00:40,880 - trainer - INFO -     val_my_metric  : 0.8634000000000001
2021-12-14 21:00:40,881 - trainer - INFO -     val_my_metric2 : 0.9964
2021-12-14 21:00:40,881 - trainer - INFO -     test_loss      : 0.6169021928310394
2021-12-14 21:00:40,882 - trainer - INFO -     test_my_metric : 0.7983999999999996
2021-12-14 21:00:40,883 - trainer - INFO -     test_my_metric2: 0.9898999999999996
2021-12-14 21:00:41,079 - trainer - INFO - Saving current best: model_best.pth at: saved/models/Robust_WideResNet16_4_BN_CIFAR10DataLoaderResNet16_4-num_classes-10-norm_layer_type-bn-conv_layer_type-conv-linear_layer_type-linear-activation_layer_type-relu-Seed=8/1214_194258/model_best.pth ...
2021-12-14 21:03:21,607 - trainer - INFO -     epoch          : 30
2021-12-14 21:03:21,614 - trainer - INFO -     loss           : 3.9795580453732433
2021-12-14 21:03:21,617 - trainer - INFO -     my_metric      : 2.474396579283888
2021-12-14 21:03:21,617 - trainer - INFO -     my_metric2     : 3.8709279092071607
2021-12-14 21:03:21,618 - trainer - INFO -     learning rate  : [0.001, 0.001, 0.001, 0.001]
2021-12-14 21:03:21,619 - trainer - INFO -     val_loss       : 0.4403689384460449
2021-12-14 21:03:21,619 - trainer - INFO -     val_my_metric  : 0.8818
2021-12-14 21:03:21,620 - trainer - INFO -     val_my_metric2 : 0.9974000000000001
2021-12-14 21:03:21,621 - trainer - INFO -     test_loss      : 0.5937032660841942
2021-12-14 21:03:21,621 - trainer - INFO -     test_my_metric : 0.8114999999999999
2021-12-14 21:03:21,622 - trainer - INFO -     test_my_metric2: 0.9905999999999999
2021-12-14 21:03:21,800 - trainer - INFO - Saving current best: model_best.pth at: saved/models/Robust_WideResNet16_4_BN_CIFAR10DataLoaderResNet16_4-num_classes-10-norm_layer_type-bn-conv_layer_type-conv-linear_layer_type-linear-activation_layer_type-relu-Seed=8/1214_194258/model_best.pth ...
2021-12-14 21:06:01,995 - trainer - INFO -     epoch          : 31
2021-12-14 21:06:01,997 - trainer - INFO -     loss           : 3.9411964884499455
2021-12-14 21:06:01,998 - trainer - INFO -     my_metric      : 2.4922914002557546
2021-12-14 21:06:01,998 - trainer - INFO -     my_metric2     : 3.8705922314578
2021-12-14 21:06:01,999 - trainer - INFO -     learning rate  : [0.001, 0.001, 0.001, 0.001]
2021-12-14 21:06:02,000 - trainer - INFO -     val_loss       : 0.42864994049072264
2021-12-14 21:06:02,001 - trainer - INFO -     val_my_metric  : 0.8831999999999998
2021-12-14 21:06:02,001 - trainer - INFO -     val_my_metric2 : 0.9982000000000001
2021-12-14 21:06:02,002 - trainer - INFO -     test_loss      : 0.5896166113018989
2021-12-14 21:06:02,003 - trainer - INFO -     test_my_metric : 0.8092000000000001
2021-12-14 21:06:02,004 - trainer - INFO -     test_my_metric2: 0.9900999999999998
2021-12-14 21:06:02,236 - trainer - INFO - Saving current best: model_best.pth at: saved/models/Robust_WideResNet16_4_BN_CIFAR10DataLoaderResNet16_4-num_classes-10-norm_layer_type-bn-conv_layer_type-conv-linear_layer_type-linear-activation_layer_type-relu-Seed=8/1214_194258/model_best.pth ...
2021-12-14 21:08:42,911 - trainer - INFO -     epoch          : 32
2021-12-14 21:08:42,912 - trainer - INFO -     loss           : 3.9029584722903072
2021-12-14 21:08:42,912 - trainer - INFO -     my_metric      : 2.503932225063939
2021-12-14 21:08:42,913 - trainer - INFO -     my_metric2     : 3.87647858056266
2021-12-14 21:08:42,914 - trainer - INFO -     learning rate  : [0.001, 0.001, 0.001, 0.001]
2021-12-14 21:08:42,914 - trainer - INFO -     val_loss       : 0.43275965094566343
2021-12-14 21:08:42,915 - trainer - INFO -     val_my_metric  : 0.8723999999999998
2021-12-14 21:08:42,916 - trainer - INFO -     val_my_metric2 : 0.9959999999999998
2021-12-14 21:08:42,917 - trainer - INFO -     test_loss      : 0.5958694317936897
2021-12-14 21:08:42,917 - trainer - INFO -     test_my_metric : 0.8001999999999999
2021-12-14 21:08:42,918 - trainer - INFO -     test_my_metric2: 0.9901999999999996
2021-12-14 21:08:43,117 - trainer - INFO - Saving current model: current model save at: saved/models/Robust_WideResNet16_4_BN_CIFAR10DataLoaderResNet16_4-num_classes-10-norm_layer_type-bn-conv_layer_type-conv-linear_layer_type-linear-activation_layer_type-relu-Seed=8/1214_194258/model_epoch_32.pth ...
2021-12-14 21:11:23,699 - trainer - INFO -     epoch          : 33
2021-12-14 21:11:23,700 - trainer - INFO -     loss           : 3.858910284231386
2021-12-14 21:11:23,700 - trainer - INFO -     my_metric      : 2.516100543478261
2021-12-14 21:11:23,700 - trainer - INFO -     my_metric2     : 3.8800511508951403
2021-12-14 21:11:23,701 - trainer - INFO -     learning rate  : [0.001, 0.001, 0.001, 0.001]
2021-12-14 21:11:23,701 - trainer - INFO -     val_loss       : 0.42354896903038025
2021-12-14 21:11:23,702 - trainer - INFO -     val_my_metric  : 0.8832000000000001
2021-12-14 21:11:23,702 - trainer - INFO -     val_my_metric2 : 0.9972
2021-12-14 21:11:23,702 - trainer - INFO -     test_loss      : 0.5941856449842453
2021-12-14 21:11:23,703 - trainer - INFO -     test_my_metric : 0.8067000000000003
2021-12-14 21:11:23,703 - trainer - INFO -     test_my_metric2: 0.9888999999999994
2021-12-14 21:11:23,918 - trainer - INFO - Saving current best: model_best.pth at: saved/models/Robust_WideResNet16_4_BN_CIFAR10DataLoaderResNet16_4-num_classes-10-norm_layer_type-bn-conv_layer_type-conv-linear_layer_type-linear-activation_layer_type-relu-Seed=8/1214_194258/model_best.pth ...
2021-12-14 21:14:04,605 - trainer - INFO -     epoch          : 34
2021-12-14 21:14:04,607 - trainer - INFO -     loss           : 3.8213950304119177
2021-12-14 21:14:04,607 - trainer - INFO -     my_metric      : 2.5299312659846547
2021-12-14 21:14:04,608 - trainer - INFO -     my_metric2     : 3.882396898976982
2021-12-14 21:14:04,609 - trainer - INFO -     learning rate  : [0.001, 0.001, 0.001, 0.001]
2021-12-14 21:14:04,610 - trainer - INFO -     val_loss       : 0.4247352933883667
2021-12-14 21:14:04,610 - trainer - INFO -     val_my_metric  : 0.8737999999999999
2021-12-14 21:14:04,611 - trainer - INFO -     val_my_metric2 : 0.997
2021-12-14 21:14:04,612 - trainer - INFO -     test_loss      : 0.6113089048862457
2021-12-14 21:14:04,613 - trainer - INFO -     test_my_metric : 0.8011999999999999
2021-12-14 21:14:04,613 - trainer - INFO -     test_my_metric2: 0.9881999999999991
2021-12-14 21:14:04,782 - trainer - INFO - Saving current model: current model save at: saved/models/Robust_WideResNet16_4_BN_CIFAR10DataLoaderResNet16_4-num_classes-10-norm_layer_type-bn-conv_layer_type-conv-linear_layer_type-linear-activation_layer_type-relu-Seed=8/1214_194258/model_epoch_34.pth ...
2021-12-14 21:16:45,210 - trainer - INFO -     epoch          : 35
2021-12-14 21:16:45,212 - trainer - INFO -     loss           : 3.7774712803113797
2021-12-14 21:16:45,212 - trainer - INFO -     my_metric      : 2.5470068734015348
2021-12-14 21:16:45,213 - trainer - INFO -     my_metric2     : 3.8848745204603583
2021-12-14 21:16:45,214 - trainer - INFO -     learning rate  : [0.001, 0.001, 0.001, 0.001]
2021-12-14 21:16:45,215 - trainer - INFO -     val_loss       : 0.4067244976758957
2021-12-14 21:16:45,216 - trainer - INFO -     val_my_metric  : 0.8774
2021-12-14 21:16:45,217 - trainer - INFO -     val_my_metric2 : 0.9969999999999999
2021-12-14 21:16:45,217 - trainer - INFO -     test_loss      : 0.5890579986572265
2021-12-14 21:16:45,218 - trainer - INFO -     test_my_metric : 0.8047999999999997
2021-12-14 21:16:45,219 - trainer - INFO -     test_my_metric2: 0.9902999999999993
2021-12-14 21:16:45,393 - trainer - INFO - Saving current model: current model save at: saved/models/Robust_WideResNet16_4_BN_CIFAR10DataLoaderResNet16_4-num_classes-10-norm_layer_type-bn-conv_layer_type-conv-linear_layer_type-linear-activation_layer_type-relu-Seed=8/1214_194258/model_epoch_35.pth ...
2021-12-14 21:19:25,729 - trainer - INFO -     epoch          : 36
2021-12-14 21:19:25,730 - trainer - INFO -     loss           : 3.733455024183254
2021-12-14 21:19:25,732 - trainer - INFO -     my_metric      : 2.5606257992327364
2021-12-14 21:19:25,732 - trainer - INFO -     my_metric2     : 3.892219469309463
2021-12-14 21:19:25,733 - trainer - INFO -     learning rate  : [0.001, 0.001, 0.001, 0.001]
2021-12-14 21:19:25,734 - trainer - INFO -     val_loss       : 0.38848176538944246
2021-12-14 21:19:25,734 - trainer - INFO -     val_my_metric  : 0.9046000000000002
2021-12-14 21:19:25,735 - trainer - INFO -     val_my_metric2 : 0.9972
2021-12-14 21:19:25,736 - trainer - INFO -     test_loss      : 0.5740243858098983
2021-12-14 21:19:25,736 - trainer - INFO -     test_my_metric : 0.8210999999999999
2021-12-14 21:19:25,737 - trainer - INFO -     test_my_metric2: 0.9901999999999996
2021-12-14 21:19:25,941 - trainer - INFO - Saving current best: model_best.pth at: saved/models/Robust_WideResNet16_4_BN_CIFAR10DataLoaderResNet16_4-num_classes-10-norm_layer_type-bn-conv_layer_type-conv-linear_layer_type-linear-activation_layer_type-relu-Seed=8/1214_194258/model_best.pth ...
2021-12-14 21:22:06,142 - trainer - INFO -     epoch          : 37
2021-12-14 21:22:06,143 - trainer - INFO -     loss           : 3.6904669144879216
2021-12-14 21:22:06,144 - trainer - INFO -     my_metric      : 2.574276694373402
2021-12-14 21:22:06,145 - trainer - INFO -     my_metric2     : 3.8945532289002562
2021-12-14 21:22:06,145 - trainer - INFO -     learning rate  : [0.001, 0.001, 0.001, 0.001]
2021-12-14 21:22:06,146 - trainer - INFO -     val_loss       : 0.3862958413362503
2021-12-14 21:22:06,147 - trainer - INFO -     val_my_metric  : 0.8892000000000002
2021-12-14 21:22:06,147 - trainer - INFO -     val_my_metric2 : 0.9984000000000001
2021-12-14 21:22:06,148 - trainer - INFO -     test_loss      : 0.5706251496076584
2021-12-14 21:22:06,149 - trainer - INFO -     test_my_metric : 0.809
2021-12-14 21:22:06,150 - trainer - INFO -     test_my_metric2: 0.9900999999999996
2021-12-14 21:22:06,316 - trainer - INFO - Saving current model: current model save at: saved/models/Robust_WideResNet16_4_BN_CIFAR10DataLoaderResNet16_4-num_classes-10-norm_layer_type-bn-conv_layer_type-conv-linear_layer_type-linear-activation_layer_type-relu-Seed=8/1214_194258/model_epoch_37.pth ...
2021-12-14 21:24:46,550 - trainer - INFO -     epoch          : 38
2021-12-14 21:24:46,551 - trainer - INFO -     loss           : 3.489876941189437
2021-12-14 21:24:46,552 - trainer - INFO -     my_metric      : 2.6472546355498725
2021-12-14 21:24:46,553 - trainer - INFO -     my_metric2     : 3.910266144501278
2021-12-14 21:24:46,554 - trainer - INFO -     learning rate  : [0.001, 0.001, 0.001, 0.001]
2021-12-14 21:24:46,561 - trainer - INFO -     val_loss       : 0.49397674679756165
2021-12-14 21:24:46,562 - trainer - INFO -     val_my_metric  : 0.846
2021-12-14 21:24:46,563 - trainer - INFO -     val_my_metric2 : 0.9911999999999997
2021-12-14 21:24:46,571 - trainer - INFO -     test_loss      : 0.7123453098535538
2021-12-14 21:24:46,571 - trainer - INFO -     test_my_metric : 0.7636000000000002
2021-12-14 21:24:46,572 - trainer - INFO -     test_my_metric2: 0.9839999999999993
2021-12-14 21:24:46,753 - trainer - INFO - Saving current model: current model save at: saved/models/Robust_WideResNet16_4_BN_CIFAR10DataLoaderResNet16_4-num_classes-10-norm_layer_type-bn-conv_layer_type-conv-linear_layer_type-linear-activation_layer_type-relu-Seed=8/1214_194258/model_epoch_38.pth ...
2021-12-14 21:27:26,887 - trainer - INFO -     epoch          : 39
2021-12-14 21:27:26,888 - trainer - INFO -     loss           : 2.029887986952996
2021-12-14 21:27:26,889 - trainer - INFO -     my_metric      : 3.255362851662404
2021-12-14 21:27:26,889 - trainer - INFO -     my_metric2     : 3.9725663363171355
2021-12-14 21:27:26,890 - trainer - INFO -     learning rate  : [0.001, 0.001, 0.001, 0.001]
2021-12-14 21:27:26,892 - trainer - INFO -     val_loss       : 0.3791098082065582
2021-12-14 21:27:26,893 - trainer - INFO -     val_my_metric  : 0.8715999999999999
2021-12-14 21:27:26,894 - trainer - INFO -     val_my_metric2 : 0.9954000000000002
2021-12-14 21:27:26,894 - trainer - INFO -     test_loss      : 0.6623117890954018
2021-12-14 21:27:26,895 - trainer - INFO -     test_my_metric : 0.7895000000000002
2021-12-14 21:27:26,896 - trainer - INFO -     test_my_metric2: 0.9844999999999997
2021-12-14 21:27:27,079 - trainer - INFO - Saving current model: current model save at: saved/models/Robust_WideResNet16_4_BN_CIFAR10DataLoaderResNet16_4-num_classes-10-norm_layer_type-bn-conv_layer_type-conv-linear_layer_type-linear-activation_layer_type-relu-Seed=8/1214_194258/model_epoch_39.pth ...
2021-12-14 21:30:07,524 - trainer - INFO -     epoch          : 40
2021-12-14 21:30:07,533 - trainer - INFO -     loss           : 1.476406549153578
2021-12-14 21:30:07,534 - trainer - INFO -     my_metric      : 3.476206841432226
2021-12-14 21:30:07,534 - trainer - INFO -     my_metric2     : 3.9860613810741685
2021-12-14 21:30:07,535 - trainer - INFO -     learning rate  : [0.001, 0.001, 0.001, 0.001]
2021-12-14 21:30:07,536 - trainer - INFO -     val_loss       : 0.2886200228333473
2021-12-14 21:30:07,536 - trainer - INFO -     val_my_metric  : 0.8952
2021-12-14 21:30:07,537 - trainer - INFO -     val_my_metric2 : 0.998
2021-12-14 21:30:07,538 - trainer - INFO -     test_loss      : 0.5949236616492272
2021-12-14 21:30:07,539 - trainer - INFO -     test_my_metric : 0.8038999999999998
2021-12-14 21:30:07,539 - trainer - INFO -     test_my_metric2: 0.9905999999999995
2021-12-14 21:30:07,719 - trainer - INFO - Saving current model: current model save at: saved/models/Robust_WideResNet16_4_BN_CIFAR10DataLoaderResNet16_4-num_classes-10-norm_layer_type-bn-conv_layer_type-conv-linear_layer_type-linear-activation_layer_type-relu-Seed=8/1214_194258/model_epoch_40.pth ...
