2021-12-14 21:36:06,646 - train - INFO - Trainable parameters: 180090
2021-12-14 21:38:34,648 - trainer - INFO -     epoch          : 1
2021-12-14 21:38:34,651 - trainer - INFO -     loss           : 7.751856489559573
2021-12-14 21:38:34,652 - trainer - INFO -     my_metric      : 1.0859494884910486
2021-12-14 21:38:34,652 - trainer - INFO -     my_metric2     : 3.184275095907928
2021-12-14 21:38:34,652 - trainer - INFO -     learning rate  : [0.001, 0.001, 0.001, 0.001]
2021-12-14 21:38:34,653 - trainer - INFO -     val_loss       : 1.4673853898048401
2021-12-14 21:38:34,653 - trainer - INFO -     val_my_metric  : 0.4778
2021-12-14 21:38:34,653 - trainer - INFO -     val_my_metric2 : 0.9308000000000001
2021-12-14 21:38:34,654 - trainer - INFO -     test_loss      : 1.4634853315353393
2021-12-14 21:38:34,654 - trainer - INFO -     test_my_metric : 0.4786999999999999
2021-12-14 21:38:34,655 - trainer - INFO -     test_my_metric2: 0.9326000000000004
2021-12-14 21:38:34,700 - trainer - INFO - Saving current best: model_best.pth at: saved/models/Robust_WideResNet16_1_conv_CIFAR10DataLoaderResNet16_1-num_classes-10-norm_layer_type-no-conv_layer_type-prec_conv-linear_layer_type-linear-activation_layer_type-relu-Seed=8/1214_213600/model_best.pth ...
2021-12-14 21:41:00,495 - trainer - INFO -     epoch          : 2
2021-12-14 21:41:00,496 - trainer - INFO -     loss           : 7.021388433168611
2021-12-14 21:41:00,497 - trainer - INFO -     my_metric      : 1.3726302749360613
2021-12-14 21:41:00,498 - trainer - INFO -     my_metric2     : 3.442343350383632
2021-12-14 21:41:00,499 - trainer - INFO -     learning rate  : [0.001, 0.001, 0.001, 0.001]
2021-12-14 21:41:00,500 - trainer - INFO -     val_loss       : 1.3253266596794129
2021-12-14 21:41:00,500 - trainer - INFO -     val_my_metric  : 0.5362
2021-12-14 21:41:00,501 - trainer - INFO -     val_my_metric2 : 0.9422
2021-12-14 21:41:00,502 - trainer - INFO -     test_loss      : 1.3276981401443482
2021-12-14 21:41:00,502 - trainer - INFO -     test_my_metric : 0.5404999999999999
2021-12-14 21:41:00,503 - trainer - INFO -     test_my_metric2: 0.9437000000000004
2021-12-14 21:41:00,567 - trainer - INFO - Saving current best: model_best.pth at: saved/models/Robust_WideResNet16_1_conv_CIFAR10DataLoaderResNet16_1-num_classes-10-norm_layer_type-no-conv_layer_type-prec_conv-linear_layer_type-linear-activation_layer_type-relu-Seed=8/1214_213600/model_best.pth ...
2021-12-14 21:43:26,780 - trainer - INFO -     epoch          : 3
2021-12-14 21:43:26,782 - trainer - INFO -     loss           : 6.6969079376791445
2021-12-14 21:43:26,782 - trainer - INFO -     my_metric      : 1.4933543797953963
2021-12-14 21:43:26,783 - trainer - INFO -     my_metric2     : 3.5263986572890027
2021-12-14 21:43:26,784 - trainer - INFO -     learning rate  : [0.001, 0.001, 0.001, 0.001]
2021-12-14 21:43:26,785 - trainer - INFO -     val_loss       : 1.2339513397216797
2021-12-14 21:43:26,786 - trainer - INFO -     val_my_metric  : 0.5653999999999999
2021-12-14 21:43:26,787 - trainer - INFO -     val_my_metric2 : 0.9529999999999998
2021-12-14 21:43:26,787 - trainer - INFO -     test_loss      : 1.2397148144245147
2021-12-14 21:43:26,788 - trainer - INFO -     test_my_metric : 0.5621000000000003
2021-12-14 21:43:26,789 - trainer - INFO -     test_my_metric2: 0.9548999999999996
2021-12-14 21:43:26,839 - trainer - INFO - Saving current best: model_best.pth at: saved/models/Robust_WideResNet16_1_conv_CIFAR10DataLoaderResNet16_1-num_classes-10-norm_layer_type-no-conv_layer_type-prec_conv-linear_layer_type-linear-activation_layer_type-relu-Seed=8/1214_213600/model_best.pth ...
2021-12-14 21:45:53,848 - trainer - INFO -     epoch          : 4
2021-12-14 21:45:53,850 - trainer - INFO -     loss           : 6.4624569839833645
2021-12-14 21:45:53,851 - trainer - INFO -     my_metric      : 1.5837476023017905
2021-12-14 21:45:53,851 - trainer - INFO -     my_metric2     : 3.565664961636828
2021-12-14 21:45:53,852 - trainer - INFO -     learning rate  : [0.001, 0.001, 0.001, 0.001]
2021-12-14 21:45:53,853 - trainer - INFO -     val_loss       : 1.1536498498916625
2021-12-14 21:45:53,854 - trainer - INFO -     val_my_metric  : 0.594
2021-12-14 21:45:53,854 - trainer - INFO -     val_my_metric2 : 0.9558
2021-12-14 21:45:53,855 - trainer - INFO -     test_loss      : 1.1580492079257965
2021-12-14 21:45:53,856 - trainer - INFO -     test_my_metric : 0.5979000000000001
2021-12-14 21:45:53,857 - trainer - INFO -     test_my_metric2: 0.9610999999999997
2021-12-14 21:45:53,903 - trainer - INFO - Saving current best: model_best.pth at: saved/models/Robust_WideResNet16_1_conv_CIFAR10DataLoaderResNet16_1-num_classes-10-norm_layer_type-no-conv_layer_type-prec_conv-linear_layer_type-linear-activation_layer_type-relu-Seed=8/1214_213600/model_best.pth ...
2021-12-14 21:48:22,449 - trainer - INFO -     epoch          : 5
2021-12-14 21:48:22,451 - trainer - INFO -     loss           : 6.306989123754184
2021-12-14 21:48:22,452 - trainer - INFO -     my_metric      : 1.6407568734015343
2021-12-14 21:48:22,452 - trainer - INFO -     my_metric2     : 3.595859974424552
2021-12-14 21:48:22,464 - trainer - INFO -     learning rate  : [0.001, 0.001, 0.001, 0.001]
2021-12-14 21:48:22,464 - trainer - INFO -     val_loss       : 1.1333804965019225
2021-12-14 21:48:22,465 - trainer - INFO -     val_my_metric  : 0.6147999999999999
2021-12-14 21:48:22,466 - trainer - INFO -     val_my_metric2 : 0.9621999999999999
2021-12-14 21:48:22,470 - trainer - INFO -     test_loss      : 1.1499683052301406
2021-12-14 21:48:22,470 - trainer - INFO -     test_my_metric : 0.6126000000000001
2021-12-14 21:48:22,477 - trainer - INFO -     test_my_metric2: 0.9636999999999997
2021-12-14 21:48:22,536 - trainer - INFO - Saving current best: model_best.pth at: saved/models/Robust_WideResNet16_1_conv_CIFAR10DataLoaderResNet16_1-num_classes-10-norm_layer_type-no-conv_layer_type-prec_conv-linear_layer_type-linear-activation_layer_type-relu-Seed=8/1214_213600/model_best.pth ...
2021-12-14 21:50:50,711 - trainer - INFO -     epoch          : 6
2021-12-14 21:50:50,713 - trainer - INFO -     loss           : 6.17394159425555
2021-12-14 21:50:50,714 - trainer - INFO -     my_metric      : 1.701266783887468
2021-12-14 21:50:50,715 - trainer - INFO -     my_metric2     : 3.61568094629156
2021-12-14 21:50:50,715 - trainer - INFO -     learning rate  : [0.001, 0.001, 0.001, 0.001]
2021-12-14 21:50:50,716 - trainer - INFO -     val_loss       : 1.0880467975139618
2021-12-14 21:50:50,717 - trainer - INFO -     val_my_metric  : 0.628
2021-12-14 21:50:50,717 - trainer - INFO -     val_my_metric2 : 0.9633999999999999
2021-12-14 21:50:50,718 - trainer - INFO -     test_loss      : 1.0957451784610748
2021-12-14 21:50:50,719 - trainer - INFO -     test_my_metric : 0.6214
2021-12-14 21:50:50,720 - trainer - INFO -     test_my_metric2: 0.967599999999999
2021-12-14 21:50:50,771 - trainer - INFO - Saving current best: model_best.pth at: saved/models/Robust_WideResNet16_1_conv_CIFAR10DataLoaderResNet16_1-num_classes-10-norm_layer_type-no-conv_layer_type-prec_conv-linear_layer_type-linear-activation_layer_type-relu-Seed=8/1214_213600/model_best.pth ...
2021-12-14 21:53:18,606 - trainer - INFO -     epoch          : 7
2021-12-14 21:53:18,607 - trainer - INFO -     loss           : 6.075852190137215
2021-12-14 21:53:18,608 - trainer - INFO -     my_metric      : 1.7303708439897696
2021-12-14 21:53:18,609 - trainer - INFO -     my_metric2     : 3.6293198529411757
2021-12-14 21:53:18,610 - trainer - INFO -     learning rate  : [0.001, 0.001, 0.001, 0.001]
2021-12-14 21:53:18,610 - trainer - INFO -     val_loss       : 1.0484877479076387
2021-12-14 21:53:18,611 - trainer - INFO -     val_my_metric  : 0.6348000000000001
2021-12-14 21:53:18,612 - trainer - INFO -     val_my_metric2 : 0.9689999999999998
2021-12-14 21:53:18,612 - trainer - INFO -     test_loss      : 1.06948177754879
2021-12-14 21:53:18,613 - trainer - INFO -     test_my_metric : 0.6294000000000003
2021-12-14 21:53:18,614 - trainer - INFO -     test_my_metric2: 0.9686999999999995
2021-12-14 21:53:18,680 - trainer - INFO - Saving current best: model_best.pth at: saved/models/Robust_WideResNet16_1_conv_CIFAR10DataLoaderResNet16_1-num_classes-10-norm_layer_type-no-conv_layer_type-prec_conv-linear_layer_type-linear-activation_layer_type-relu-Seed=8/1214_213600/model_best.pth ...
2021-12-14 21:55:46,441 - trainer - INFO -     epoch          : 8
2021-12-14 21:55:46,443 - trainer - INFO -     loss           : 5.991446590637002
2021-12-14 21:55:46,444 - trainer - INFO -     my_metric      : 1.763618925831202
2021-12-14 21:55:46,445 - trainer - INFO -     my_metric2     : 3.6410725703324807
2021-12-14 21:55:46,450 - trainer - INFO -     learning rate  : [0.001, 0.001, 0.001, 0.001]
2021-12-14 21:55:46,450 - trainer - INFO -     val_loss       : 1.0402330911159516
2021-12-14 21:55:46,451 - trainer - INFO -     val_my_metric  : 0.6503999999999998
2021-12-14 21:55:46,452 - trainer - INFO -     val_my_metric2 : 0.9681999999999996
2021-12-14 21:55:46,453 - trainer - INFO -     test_loss      : 1.0643023335933686
2021-12-14 21:55:46,454 - trainer - INFO -     test_my_metric : 0.6433999999999999
2021-12-14 21:55:46,454 - trainer - INFO -     test_my_metric2: 0.9667999999999998
2021-12-14 21:55:46,520 - trainer - INFO - Saving current best: model_best.pth at: saved/models/Robust_WideResNet16_1_conv_CIFAR10DataLoaderResNet16_1-num_classes-10-norm_layer_type-no-conv_layer_type-prec_conv-linear_layer_type-linear-activation_layer_type-relu-Seed=8/1214_213600/model_best.pth ...
2021-12-14 21:58:14,377 - trainer - INFO -     epoch          : 9
2021-12-14 21:58:14,383 - trainer - INFO -     loss           : 5.94408766936768
2021-12-14 21:58:14,384 - trainer - INFO -     my_metric      : 1.7821731138107417
2021-12-14 21:58:14,385 - trainer - INFO -     my_metric2     : 3.6544876918158566
2021-12-14 21:58:14,385 - trainer - INFO -     learning rate  : [0.001, 0.001, 0.001, 0.001]
2021-12-14 21:58:14,386 - trainer - INFO -     val_loss       : 0.9875303208827972
2021-12-14 21:58:14,387 - trainer - INFO -     val_my_metric  : 0.6779999999999999
2021-12-14 21:58:14,387 - trainer - INFO -     val_my_metric2 : 0.9712000000000001
2021-12-14 21:58:14,388 - trainer - INFO -     test_loss      : 1.0157578378915786
2021-12-14 21:58:14,388 - trainer - INFO -     test_my_metric : 0.6617999999999998
2021-12-14 21:58:14,389 - trainer - INFO -     test_my_metric2: 0.9736999999999996
2021-12-14 21:58:14,441 - trainer - INFO - Saving current best: model_best.pth at: saved/models/Robust_WideResNet16_1_conv_CIFAR10DataLoaderResNet16_1-num_classes-10-norm_layer_type-no-conv_layer_type-prec_conv-linear_layer_type-linear-activation_layer_type-relu-Seed=8/1214_213600/model_best.pth ...
2021-12-14 22:00:42,372 - trainer - INFO -     epoch          : 10
2021-12-14 22:00:42,374 - trainer - INFO -     loss           : 5.865501365698207
2021-12-14 22:00:42,374 - trainer - INFO -     my_metric      : 1.80477141943734
2021-12-14 22:00:42,375 - trainer - INFO -     my_metric2     : 3.6584878516624033
2021-12-14 22:00:42,376 - trainer - INFO -     learning rate  : [0.001, 0.001, 0.001, 0.001]
2021-12-14 22:00:42,377 - trainer - INFO -     val_loss       : 0.9892088699340821
2021-12-14 22:00:42,377 - trainer - INFO -     val_my_metric  : 0.6661999999999999
2021-12-14 22:00:42,378 - trainer - INFO -     val_my_metric2 : 0.9727999999999998
2021-12-14 22:00:42,379 - trainer - INFO -     test_loss      : 1.0154942518472672
2021-12-14 22:00:42,380 - trainer - INFO -     test_my_metric : 0.6601999999999998
2021-12-14 22:00:42,381 - trainer - INFO -     test_my_metric2: 0.9735999999999995
2021-12-14 22:00:42,423 - trainer - INFO - Saving current model: current model save at: saved/models/Robust_WideResNet16_1_conv_CIFAR10DataLoaderResNet16_1-num_classes-10-norm_layer_type-no-conv_layer_type-prec_conv-linear_layer_type-linear-activation_layer_type-relu-Seed=8/1214_213600/model_epoch_10.pth ...
2021-12-14 22:03:10,388 - trainer - INFO -     epoch          : 11
2021-12-14 22:03:10,389 - trainer - INFO -     loss           : 5.814394896140184
2021-12-14 22:03:10,390 - trainer - INFO -     my_metric      : 1.8312020460358058
2021-12-14 22:03:10,391 - trainer - INFO -     my_metric2     : 3.6673833120204593
2021-12-14 22:03:10,392 - trainer - INFO -     learning rate  : [0.001, 0.001, 0.001, 0.001]
2021-12-14 22:03:10,392 - trainer - INFO -     val_loss       : 0.9681188833713531
2021-12-14 22:03:10,393 - trainer - INFO -     val_my_metric  : 0.6872
2021-12-14 22:03:10,394 - trainer - INFO -     val_my_metric2 : 0.9743999999999998
2021-12-14 22:03:10,395 - trainer - INFO -     test_loss      : 0.9957867842912674
2021-12-14 22:03:10,395 - trainer - INFO -     test_my_metric : 0.6730999999999999
2021-12-14 22:03:10,396 - trainer - INFO -     test_my_metric2: 0.9730999999999996
2021-12-14 22:03:10,450 - trainer - INFO - Saving current best: model_best.pth at: saved/models/Robust_WideResNet16_1_conv_CIFAR10DataLoaderResNet16_1-num_classes-10-norm_layer_type-no-conv_layer_type-prec_conv-linear_layer_type-linear-activation_layer_type-relu-Seed=8/1214_213600/model_best.pth ...
2021-12-14 22:05:38,462 - trainer - INFO -     epoch          : 12
2021-12-14 22:05:38,463 - trainer - INFO -     loss           : 5.778423944550097
2021-12-14 22:05:38,464 - trainer - INFO -     my_metric      : 1.8462396099744243
2021-12-14 22:05:38,465 - trainer - INFO -     my_metric2     : 3.6754076086956524
2021-12-14 22:05:38,465 - trainer - INFO -     learning rate  : [0.001, 0.001, 0.001, 0.001]
2021-12-14 22:05:38,466 - trainer - INFO -     val_loss       : 0.9486636209487915
2021-12-14 22:05:38,467 - trainer - INFO -     val_my_metric  : 0.6801999999999999
2021-12-14 22:05:38,468 - trainer - INFO -     val_my_metric2 : 0.9752000000000003
2021-12-14 22:05:38,468 - trainer - INFO -     test_loss      : 0.9774212270975113
2021-12-14 22:05:38,469 - trainer - INFO -     test_my_metric : 0.6707
2021-12-14 22:05:38,470 - trainer - INFO -     test_my_metric2: 0.9754999999999998
2021-12-14 22:05:38,512 - trainer - INFO - Saving current model: current model save at: saved/models/Robust_WideResNet16_1_conv_CIFAR10DataLoaderResNet16_1-num_classes-10-norm_layer_type-no-conv_layer_type-prec_conv-linear_layer_type-linear-activation_layer_type-relu-Seed=8/1214_213600/model_epoch_12.pth ...
2021-12-14 22:08:06,482 - trainer - INFO -     epoch          : 13
2021-12-14 22:08:06,484 - trainer - INFO -     loss           : 5.7250131967732365
2021-12-14 22:08:06,485 - trainer - INFO -     my_metric      : 1.8630914322250636
2021-12-14 22:08:06,485 - trainer - INFO -     my_metric2     : 3.68133391943734
2021-12-14 22:08:06,486 - trainer - INFO -     learning rate  : [0.001, 0.001, 0.001, 0.001]
2021-12-14 22:08:06,487 - trainer - INFO -     val_loss       : 0.9351377785205841
2021-12-14 22:08:06,488 - trainer - INFO -     val_my_metric  : 0.6886000000000001
2021-12-14 22:08:06,488 - trainer - INFO -     val_my_metric2 : 0.9747999999999999
2021-12-14 22:08:06,489 - trainer - INFO -     test_loss      : 0.9715262413024902
2021-12-14 22:08:06,490 - trainer - INFO -     test_my_metric : 0.6778
2021-12-14 22:08:06,490 - trainer - INFO -     test_my_metric2: 0.9737999999999996
2021-12-14 22:08:06,534 - trainer - INFO - Saving current best: model_best.pth at: saved/models/Robust_WideResNet16_1_conv_CIFAR10DataLoaderResNet16_1-num_classes-10-norm_layer_type-no-conv_layer_type-prec_conv-linear_layer_type-linear-activation_layer_type-relu-Seed=8/1214_213600/model_best.pth ...
2021-12-14 22:10:34,348 - trainer - INFO -     epoch          : 14
2021-12-14 22:10:34,355 - trainer - INFO -     loss           : 5.69412266872728
2021-12-14 22:10:34,355 - trainer - INFO -     my_metric      : 1.8782928388746805
2021-12-14 22:10:34,356 - trainer - INFO -     my_metric2     : 3.687683823529412
2021-12-14 22:10:34,357 - trainer - INFO -     learning rate  : [0.001, 0.001, 0.001, 0.001]
2021-12-14 22:10:34,358 - trainer - INFO -     val_loss       : 0.9243351912498474
2021-12-14 22:10:34,359 - trainer - INFO -     val_my_metric  : 0.6931999999999999
2021-12-14 22:10:34,359 - trainer - INFO -     val_my_metric2 : 0.9783999999999996
2021-12-14 22:10:34,360 - trainer - INFO -     test_loss      : 0.9571574306488038
2021-12-14 22:10:34,361 - trainer - INFO -     test_my_metric : 0.6781
2021-12-14 22:10:34,362 - trainer - INFO -     test_my_metric2: 0.9741999999999992
2021-12-14 22:10:34,401 - trainer - INFO - Saving current best: model_best.pth at: saved/models/Robust_WideResNet16_1_conv_CIFAR10DataLoaderResNet16_1-num_classes-10-norm_layer_type-no-conv_layer_type-prec_conv-linear_layer_type-linear-activation_layer_type-relu-Seed=8/1214_213600/model_best.pth ...
2021-12-14 22:13:02,375 - trainer - INFO -     epoch          : 15
2021-12-14 22:13:02,376 - trainer - INFO -     loss           : 5.649743204988787
2021-12-14 22:13:02,377 - trainer - INFO -     my_metric      : 1.8980618606138107
2021-12-14 22:13:02,382 - trainer - INFO -     my_metric2     : 3.6918917838874683
2021-12-14 22:13:02,382 - trainer - INFO -     learning rate  : [0.001, 0.001, 0.001, 0.001]
2021-12-14 22:13:02,382 - trainer - INFO -     val_loss       : 0.8941609525680542
2021-12-14 22:13:02,383 - trainer - INFO -     val_my_metric  : 0.7118000000000001
2021-12-14 22:13:02,383 - trainer - INFO -     val_my_metric2 : 0.981
2021-12-14 22:13:02,383 - trainer - INFO -     test_loss      : 0.931397152543068
2021-12-14 22:13:02,384 - trainer - INFO -     test_my_metric : 0.6969999999999998
2021-12-14 22:13:02,384 - trainer - INFO -     test_my_metric2: 0.9790999999999993
2021-12-14 22:13:02,443 - trainer - INFO - Saving current best: model_best.pth at: saved/models/Robust_WideResNet16_1_conv_CIFAR10DataLoaderResNet16_1-num_classes-10-norm_layer_type-no-conv_layer_type-prec_conv-linear_layer_type-linear-activation_layer_type-relu-Seed=8/1214_213600/model_best.pth ...
2021-12-14 22:15:30,331 - trainer - INFO -     epoch          : 16
2021-12-14 22:15:30,333 - trainer - INFO -     loss           : 5.637063085727984
2021-12-14 22:15:30,333 - trainer - INFO -     my_metric      : 1.8959558823529412
2021-12-14 22:15:30,334 - trainer - INFO -     my_metric2     : 3.6925911125319697
2021-12-14 22:15:30,335 - trainer - INFO -     learning rate  : [0.001, 0.001, 0.001, 0.001]
2021-12-14 22:15:30,336 - trainer - INFO -     val_loss       : 0.9167203617095947
2021-12-14 22:15:30,336 - trainer - INFO -     val_my_metric  : 0.7080000000000003
2021-12-14 22:15:30,337 - trainer - INFO -     val_my_metric2 : 0.9789999999999998
2021-12-14 22:15:30,338 - trainer - INFO -     test_loss      : 0.9452640408277512
2021-12-14 22:15:30,339 - trainer - INFO -     test_my_metric : 0.6930000000000001
2021-12-14 22:15:30,339 - trainer - INFO -     test_my_metric2: 0.9771000000000001
2021-12-14 22:15:30,381 - trainer - INFO - Saving current model: current model save at: saved/models/Robust_WideResNet16_1_conv_CIFAR10DataLoaderResNet16_1-num_classes-10-norm_layer_type-no-conv_layer_type-prec_conv-linear_layer_type-linear-activation_layer_type-relu-Seed=8/1214_213600/model_epoch_16.pth ...
2021-12-14 22:17:58,055 - trainer - INFO -     epoch          : 17
2021-12-14 22:17:58,057 - trainer - INFO -     loss           : 5.600861357148651
2021-12-14 22:17:58,058 - trainer - INFO -     my_metric      : 1.9088275255754472
2021-12-14 22:17:58,058 - trainer - INFO -     my_metric2     : 3.6994125639386186
2021-12-14 22:17:58,059 - trainer - INFO -     learning rate  : [0.001, 0.001, 0.001, 0.001]
2021-12-14 22:17:58,060 - trainer - INFO -     val_loss       : 0.9016865396499634
2021-12-14 22:17:58,060 - trainer - INFO -     val_my_metric  : 0.7114000000000003
2021-12-14 22:17:58,061 - trainer - INFO -     val_my_metric2 : 0.9813999999999998
2021-12-14 22:17:58,062 - trainer - INFO -     test_loss      : 0.9347403103113174
2021-12-14 22:17:58,062 - trainer - INFO -     test_my_metric : 0.6919999999999996
2021-12-14 22:17:58,063 - trainer - INFO -     test_my_metric2: 0.9771999999999997
2021-12-14 22:17:58,105 - trainer - INFO - Saving current model: current model save at: saved/models/Robust_WideResNet16_1_conv_CIFAR10DataLoaderResNet16_1-num_classes-10-norm_layer_type-no-conv_layer_type-prec_conv-linear_layer_type-linear-activation_layer_type-relu-Seed=8/1214_213600/model_epoch_17.pth ...
2021-12-14 22:20:25,872 - trainer - INFO -     epoch          : 18
2021-12-14 22:20:25,874 - trainer - INFO -     loss           : 5.575368485030006
2021-12-14 22:20:25,875 - trainer - INFO -     my_metric      : 1.9227022058823529
2021-12-14 22:20:25,876 - trainer - INFO -     my_metric2     : 3.7005954283887466
2021-12-14 22:20:25,878 - trainer - INFO -     learning rate  : [0.001, 0.001, 0.001, 0.001]
2021-12-14 22:20:25,879 - trainer - INFO -     val_loss       : 0.9003199720382691
2021-12-14 22:20:25,880 - trainer - INFO -     val_my_metric  : 0.7028000000000002
2021-12-14 22:20:25,881 - trainer - INFO -     val_my_metric2 : 0.9785999999999996
2021-12-14 22:20:25,882 - trainer - INFO -     test_loss      : 0.9329744255542756
2021-12-14 22:20:25,883 - trainer - INFO -     test_my_metric : 0.6835000000000002
2021-12-14 22:20:25,883 - trainer - INFO -     test_my_metric2: 0.9758999999999992
2021-12-14 22:20:25,929 - trainer - INFO - Saving current model: current model save at: saved/models/Robust_WideResNet16_1_conv_CIFAR10DataLoaderResNet16_1-num_classes-10-norm_layer_type-no-conv_layer_type-prec_conv-linear_layer_type-linear-activation_layer_type-relu-Seed=8/1214_213600/model_epoch_18.pth ...
2021-12-14 22:22:54,217 - trainer - INFO -     epoch          : 19
2021-12-14 22:22:54,218 - trainer - INFO -     loss           : 5.548732162436561
2021-12-14 22:22:54,219 - trainer - INFO -     my_metric      : 1.931365888746803
2021-12-14 22:22:54,220 - trainer - INFO -     my_metric2     : 3.706561700767264
2021-12-14 22:22:54,220 - trainer - INFO -     learning rate  : [0.001, 0.001, 0.001, 0.001]
2021-12-14 22:22:54,221 - trainer - INFO -     val_loss       : 0.8656581914424897
2021-12-14 22:22:54,222 - trainer - INFO -     val_my_metric  : 0.7102000000000003
2021-12-14 22:22:54,222 - trainer - INFO -     val_my_metric2 : 0.9803999999999998
2021-12-14 22:22:54,223 - trainer - INFO -     test_loss      : 0.902696231007576
2021-12-14 22:22:54,224 - trainer - INFO -     test_my_metric : 0.6973999999999999
2021-12-14 22:22:54,224 - trainer - INFO -     test_my_metric2: 0.9794999999999997
2021-12-14 22:22:54,266 - trainer - INFO - Saving current model: current model save at: saved/models/Robust_WideResNet16_1_conv_CIFAR10DataLoaderResNet16_1-num_classes-10-norm_layer_type-no-conv_layer_type-prec_conv-linear_layer_type-linear-activation_layer_type-relu-Seed=8/1214_213600/model_epoch_19.pth ...
2021-12-14 22:25:22,151 - trainer - INFO -     epoch          : 20
2021-12-14 22:25:22,153 - trainer - INFO -     loss           : 5.5293635953112945
2021-12-14 22:25:22,154 - trainer - INFO -     my_metric      : 1.940796835038363
2021-12-14 22:25:22,155 - trainer - INFO -     my_metric2     : 3.705207001278772
2021-12-14 22:25:22,155 - trainer - INFO -     learning rate  : [0.001, 0.001, 0.001, 0.001]
2021-12-14 22:25:22,156 - trainer - INFO -     val_loss       : 0.8950652170181275
2021-12-14 22:25:22,157 - trainer - INFO -     val_my_metric  : 0.7071999999999999
2021-12-14 22:25:22,158 - trainer - INFO -     val_my_metric2 : 0.9795999999999999
2021-12-14 22:25:22,158 - trainer - INFO -     test_loss      : 0.9290733873844147
2021-12-14 22:25:22,159 - trainer - INFO -     test_my_metric : 0.6884
2021-12-14 22:25:22,160 - trainer - INFO -     test_my_metric2: 0.9784999999999999
2021-12-14 22:25:22,201 - trainer - INFO - Saving current model: current model save at: saved/models/Robust_WideResNet16_1_conv_CIFAR10DataLoaderResNet16_1-num_classes-10-norm_layer_type-no-conv_layer_type-prec_conv-linear_layer_type-linear-activation_layer_type-relu-Seed=8/1214_213600/model_epoch_20.pth ...
2021-12-14 22:27:50,058 - trainer - INFO -     epoch          : 21
2021-12-14 22:27:50,059 - trainer - INFO -     loss           : 5.502236748595372
2021-12-14 22:27:50,059 - trainer - INFO -     my_metric      : 1.951678388746803
2021-12-14 22:27:50,060 - trainer - INFO -     my_metric2     : 3.713666879795396
2021-12-14 22:27:50,061 - trainer - INFO -     learning rate  : [0.001, 0.001, 0.001, 0.001]
2021-12-14 22:27:50,061 - trainer - INFO -     val_loss       : 0.8744093251228332
2021-12-14 22:27:50,061 - trainer - INFO -     val_my_metric  : 0.7193999999999998
2021-12-14 22:27:50,062 - trainer - INFO -     val_my_metric2 : 0.9805999999999996
2021-12-14 22:27:50,062 - trainer - INFO -     test_loss      : 0.916833468079567
2021-12-14 22:27:50,062 - trainer - INFO -     test_my_metric : 0.7026
2021-12-14 22:27:50,062 - trainer - INFO -     test_my_metric2: 0.9803999999999994
2021-12-14 22:27:50,116 - trainer - INFO - Saving current best: model_best.pth at: saved/models/Robust_WideResNet16_1_conv_CIFAR10DataLoaderResNet16_1-num_classes-10-norm_layer_type-no-conv_layer_type-prec_conv-linear_layer_type-linear-activation_layer_type-relu-Seed=8/1214_213600/model_best.pth ...
2021-12-14 22:30:18,423 - trainer - INFO -     epoch          : 22
2021-12-14 22:30:18,424 - trainer - INFO -     loss           : 5.486326094021273
2021-12-14 22:30:18,424 - trainer - INFO -     my_metric      : 1.9554467710997443
2021-12-14 22:30:18,425 - trainer - INFO -     my_metric2     : 3.7115089514066497
2021-12-14 22:30:18,425 - trainer - INFO -     learning rate  : [0.001, 0.001, 0.001, 0.001]
2021-12-14 22:30:18,425 - trainer - INFO -     val_loss       : 0.860507127046585
2021-12-14 22:30:18,426 - trainer - INFO -     val_my_metric  : 0.7114
2021-12-14 22:30:18,426 - trainer - INFO -     val_my_metric2 : 0.9817999999999997
2021-12-14 22:30:18,426 - trainer - INFO -     test_loss      : 0.8988562697172164
2021-12-14 22:30:18,426 - trainer - INFO -     test_my_metric : 0.7016
2021-12-14 22:30:18,427 - trainer - INFO -     test_my_metric2: 0.9782999999999995
2021-12-14 22:30:18,551 - trainer - INFO - Saving current model: current model save at: saved/models/Robust_WideResNet16_1_conv_CIFAR10DataLoaderResNet16_1-num_classes-10-norm_layer_type-no-conv_layer_type-prec_conv-linear_layer_type-linear-activation_layer_type-relu-Seed=8/1214_213600/model_epoch_22.pth ...
2021-12-14 22:32:47,123 - trainer - INFO -     epoch          : 23
2021-12-14 22:32:47,124 - trainer - INFO -     loss           : 5.475037116071452
2021-12-14 22:32:47,125 - trainer - INFO -     my_metric      : 1.9595188618925832
2021-12-14 22:32:47,126 - trainer - INFO -     my_metric2     : 3.7141703964194375
2021-12-14 22:32:47,126 - trainer - INFO -     learning rate  : [0.001, 0.001, 0.001, 0.001]
2021-12-14 22:32:47,127 - trainer - INFO -     val_loss       : 0.8609856510162354
2021-12-14 22:32:47,128 - trainer - INFO -     val_my_metric  : 0.7306000000000001
2021-12-14 22:32:47,128 - trainer - INFO -     val_my_metric2 : 0.9803999999999996
2021-12-14 22:32:47,129 - trainer - INFO -     test_loss      : 0.8976496481895446
2021-12-14 22:32:47,129 - trainer - INFO -     test_my_metric : 0.7126999999999998
2021-12-14 22:32:47,130 - trainer - INFO -     test_my_metric2: 0.9819999999999998
2021-12-14 22:32:47,179 - trainer - INFO - Saving current best: model_best.pth at: saved/models/Robust_WideResNet16_1_conv_CIFAR10DataLoaderResNet16_1-num_classes-10-norm_layer_type-no-conv_layer_type-prec_conv-linear_layer_type-linear-activation_layer_type-relu-Seed=8/1214_213600/model_best.pth ...
2021-12-14 22:35:15,199 - trainer - INFO -     epoch          : 24
2021-12-14 22:35:15,200 - trainer - INFO -     loss           : 5.458174169063568
2021-12-14 22:35:15,201 - trainer - INFO -     my_metric      : 1.9616887787723787
2021-12-14 22:35:15,202 - trainer - INFO -     my_metric2     : 3.7165041560102297
2021-12-14 22:35:15,203 - trainer - INFO -     learning rate  : [0.001, 0.001, 0.001, 0.001]
2021-12-14 22:35:15,203 - trainer - INFO -     val_loss       : 0.8684502255916595
2021-12-14 22:35:15,204 - trainer - INFO -     val_my_metric  : 0.7083999999999999
2021-12-14 22:35:15,205 - trainer - INFO -     val_my_metric2 : 0.9779999999999995
2021-12-14 22:35:15,205 - trainer - INFO -     test_loss      : 0.9066521310806275
2021-12-14 22:35:15,206 - trainer - INFO -     test_my_metric : 0.7005999999999999
2021-12-14 22:35:15,207 - trainer - INFO -     test_my_metric2: 0.9763999999999996
2021-12-14 22:35:15,262 - trainer - INFO - Saving current model: current model save at: saved/models/Robust_WideResNet16_1_conv_CIFAR10DataLoaderResNet16_1-num_classes-10-norm_layer_type-no-conv_layer_type-prec_conv-linear_layer_type-linear-activation_layer_type-relu-Seed=8/1214_213600/model_epoch_24.pth ...
2021-12-14 22:37:43,283 - trainer - INFO -     epoch          : 25
2021-12-14 22:37:43,284 - trainer - INFO -     loss           : 5.438381305740922
2021-12-14 22:37:43,285 - trainer - INFO -     my_metric      : 1.975699328644501
2021-12-14 22:37:43,285 - trainer - INFO -     my_metric2     : 3.7212835677749365
2021-12-14 22:37:43,285 - trainer - INFO -     learning rate  : [0.001, 0.001, 0.001, 0.001]
2021-12-14 22:37:43,286 - trainer - INFO -     val_loss       : 0.8403675699234009
2021-12-14 22:37:43,287 - trainer - INFO -     val_my_metric  : 0.7303999999999999
2021-12-14 22:37:43,288 - trainer - INFO -     val_my_metric2 : 0.9815999999999999
2021-12-14 22:37:43,289 - trainer - INFO -     test_loss      : 0.8804259091615677
2021-12-14 22:37:43,289 - trainer - INFO -     test_my_metric : 0.7104999999999998
2021-12-14 22:37:43,290 - trainer - INFO -     test_my_metric2: 0.9806999999999995
2021-12-14 22:37:43,332 - trainer - INFO - Saving current model: current model save at: saved/models/Robust_WideResNet16_1_conv_CIFAR10DataLoaderResNet16_1-num_classes-10-norm_layer_type-no-conv_layer_type-prec_conv-linear_layer_type-linear-activation_layer_type-relu-Seed=8/1214_213600/model_epoch_25.pth ...
2021-12-14 22:40:11,275 - trainer - INFO -     epoch          : 26
2021-12-14 22:40:11,276 - trainer - INFO -     loss           : 5.422704379271973
2021-12-14 22:40:11,276 - trainer - INFO -     my_metric      : 1.982089194373402
2021-12-14 22:40:11,277 - trainer - INFO -     my_metric2     : 3.7180346867007668
2021-12-14 22:40:11,278 - trainer - INFO -     learning rate  : [0.001, 0.001, 0.001, 0.001]
2021-12-14 22:40:11,278 - trainer - INFO -     val_loss       : 0.8553884720802307
2021-12-14 22:40:11,279 - trainer - INFO -     val_my_metric  : 0.7080000000000001
2021-12-14 22:40:11,280 - trainer - INFO -     val_my_metric2 : 0.9815999999999997
2021-12-14 22:40:11,280 - trainer - INFO -     test_loss      : 0.8976695168018342
2021-12-14 22:40:11,281 - trainer - INFO -     test_my_metric : 0.6899000000000001
2021-12-14 22:40:11,282 - trainer - INFO -     test_my_metric2: 0.9803999999999992
2021-12-14 22:40:11,333 - trainer - INFO - Saving current model: current model save at: saved/models/Robust_WideResNet16_1_conv_CIFAR10DataLoaderResNet16_1-num_classes-10-norm_layer_type-no-conv_layer_type-prec_conv-linear_layer_type-linear-activation_layer_type-relu-Seed=8/1214_213600/model_epoch_26.pth ...
2021-12-14 22:42:39,292 - trainer - INFO -     epoch          : 27
2021-12-14 22:42:39,294 - trainer - INFO -     loss           : 5.404771804199804
2021-12-14 22:42:39,295 - trainer - INFO -     my_metric      : 1.9856297953964195
2021-12-14 22:42:39,295 - trainer - INFO -     my_metric2     : 3.725207800511508
2021-12-14 22:42:39,296 - trainer - INFO -     learning rate  : [0.001, 0.001, 0.001, 0.001]
2021-12-14 22:42:39,297 - trainer - INFO -     val_loss       : 0.8254728782176971
2021-12-14 22:42:39,297 - trainer - INFO -     val_my_metric  : 0.7405999999999999
2021-12-14 22:42:39,298 - trainer - INFO -     val_my_metric2 : 0.9806000000000004
2021-12-14 22:42:39,299 - trainer - INFO -     test_loss      : 0.8680146330595017
2021-12-14 22:42:39,300 - trainer - INFO -     test_my_metric : 0.7228999999999999
2021-12-14 22:42:39,301 - trainer - INFO -     test_my_metric2: 0.9805999999999987
2021-12-14 22:42:39,342 - trainer - INFO - Saving current best: model_best.pth at: saved/models/Robust_WideResNet16_1_conv_CIFAR10DataLoaderResNet16_1-num_classes-10-norm_layer_type-no-conv_layer_type-prec_conv-linear_layer_type-linear-activation_layer_type-relu-Seed=8/1214_213600/model_best.pth ...
2021-12-14 22:45:07,454 - trainer - INFO -     epoch          : 28
2021-12-14 22:45:07,456 - trainer - INFO -     loss           : 5.399870152516133
2021-12-14 22:45:07,457 - trainer - INFO -     my_metric      : 1.982660645780051
2021-12-14 22:45:07,457 - trainer - INFO -     my_metric2     : 3.7222666240409206
2021-12-14 22:45:07,458 - trainer - INFO -     learning rate  : [0.001, 0.001, 0.001, 0.001]
2021-12-14 22:45:07,459 - trainer - INFO -     val_loss       : 0.8472258567810058
2021-12-14 22:45:07,459 - trainer - INFO -     val_my_metric  : 0.7369999999999999
2021-12-14 22:45:07,460 - trainer - INFO -     val_my_metric2 : 0.9823999999999998
2021-12-14 22:45:07,461 - trainer - INFO -     test_loss      : 0.8924639981985092
2021-12-14 22:45:07,462 - trainer - INFO -     test_my_metric : 0.7166999999999999
2021-12-14 22:45:07,462 - trainer - INFO -     test_my_metric2: 0.9801999999999998
2021-12-14 22:45:07,504 - trainer - INFO - Saving current model: current model save at: saved/models/Robust_WideResNet16_1_conv_CIFAR10DataLoaderResNet16_1-num_classes-10-norm_layer_type-no-conv_layer_type-prec_conv-linear_layer_type-linear-activation_layer_type-relu-Seed=8/1214_213600/model_epoch_28.pth ...
2021-12-14 22:47:35,730 - trainer - INFO -     epoch          : 29
2021-12-14 22:47:35,738 - trainer - INFO -     loss           : 5.393533892643726
2021-12-14 22:47:35,739 - trainer - INFO -     my_metric      : 1.9898497442455243
2021-12-14 22:47:35,744 - trainer - INFO -     my_metric2     : 3.7223185741687974
2021-12-14 22:47:35,744 - trainer - INFO -     learning rate  : [0.001, 0.001, 0.001, 0.001]
2021-12-14 22:47:35,745 - trainer - INFO -     val_loss       : 0.8349997591972351
2021-12-14 22:47:35,746 - trainer - INFO -     val_my_metric  : 0.7428
2021-12-14 22:47:35,746 - trainer - INFO -     val_my_metric2 : 0.9819999999999999
2021-12-14 22:47:35,747 - trainer - INFO -     test_loss      : 0.8771379786729813
2021-12-14 22:47:35,748 - trainer - INFO -     test_my_metric : 0.7202000000000001
2021-12-14 22:47:35,749 - trainer - INFO -     test_my_metric2: 0.9800999999999999
2021-12-14 22:47:35,804 - trainer - INFO - Saving current best: model_best.pth at: saved/models/Robust_WideResNet16_1_conv_CIFAR10DataLoaderResNet16_1-num_classes-10-norm_layer_type-no-conv_layer_type-prec_conv-linear_layer_type-linear-activation_layer_type-relu-Seed=8/1214_213600/model_best.pth ...
2021-12-14 22:50:03,964 - trainer - INFO -     epoch          : 30
2021-12-14 22:50:03,966 - trainer - INFO -     loss           : 5.374604214945108
2021-12-14 22:50:03,966 - trainer - INFO -     my_metric      : 1.997562340153453
2021-12-14 22:50:03,967 - trainer - INFO -     my_metric2     : 3.722594309462916
2021-12-14 22:50:03,968 - trainer - INFO -     learning rate  : [0.001, 0.001, 0.001, 0.001]
2021-12-14 22:50:03,969 - trainer - INFO -     val_loss       : 0.8199154496192932
2021-12-14 22:50:03,969 - trainer - INFO -     val_my_metric  : 0.741
2021-12-14 22:50:03,970 - trainer - INFO -     val_my_metric2 : 0.9827999999999997
2021-12-14 22:50:03,971 - trainer - INFO -     test_loss      : 0.870332008600235
2021-12-14 22:50:03,972 - trainer - INFO -     test_my_metric : 0.7223000000000003
2021-12-14 22:50:03,972 - trainer - INFO -     test_my_metric2: 0.9804999999999998
2021-12-14 22:50:04,014 - trainer - INFO - Saving current model: current model save at: saved/models/Robust_WideResNet16_1_conv_CIFAR10DataLoaderResNet16_1-num_classes-10-norm_layer_type-no-conv_layer_type-prec_conv-linear_layer_type-linear-activation_layer_type-relu-Seed=8/1214_213600/model_epoch_30.pth ...
2021-12-14 22:52:31,741 - trainer - INFO -     epoch          : 31
2021-12-14 22:52:31,742 - trainer - INFO -     loss           : 5.357129166040884
2021-12-14 22:52:31,743 - trainer - INFO -     my_metric      : 2.0051750319693094
2021-12-14 22:52:31,744 - trainer - INFO -     my_metric2     : 3.7291160485933497
2021-12-14 22:52:31,744 - trainer - INFO -     learning rate  : [0.001, 0.001, 0.001, 0.001]
2021-12-14 22:52:31,744 - trainer - INFO -     val_loss       : 0.8211539101600647
2021-12-14 22:52:31,745 - trainer - INFO -     val_my_metric  : 0.7369999999999999
2021-12-14 22:52:31,746 - trainer - INFO -     val_my_metric2 : 0.983
2021-12-14 22:52:31,747 - trainer - INFO -     test_loss      : 0.8723592126369476
2021-12-14 22:52:31,747 - trainer - INFO -     test_my_metric : 0.7066999999999999
2021-12-14 22:52:31,748 - trainer - INFO -     test_my_metric2: 0.9825999999999994
2021-12-14 22:52:31,807 - trainer - INFO - Saving current model: current model save at: saved/models/Robust_WideResNet16_1_conv_CIFAR10DataLoaderResNet16_1-num_classes-10-norm_layer_type-no-conv_layer_type-prec_conv-linear_layer_type-linear-activation_layer_type-relu-Seed=8/1214_213600/model_epoch_31.pth ...
2021-12-14 22:55:00,171 - trainer - INFO -     epoch          : 32
2021-12-14 22:55:00,172 - trainer - INFO -     loss           : 5.341612734605589
2021-12-14 22:55:00,173 - trainer - INFO -     my_metric      : 2.0075327685422
2021-12-14 22:55:00,173 - trainer - INFO -     my_metric2     : 3.7318853900255755
2021-12-14 22:55:00,174 - trainer - INFO -     learning rate  : [0.001, 0.001, 0.001, 0.001]
2021-12-14 22:55:00,175 - trainer - INFO -     val_loss       : 0.8186371147632598
2021-12-14 22:55:00,175 - trainer - INFO -     val_my_metric  : 0.7343999999999999
2021-12-14 22:55:00,176 - trainer - INFO -     val_my_metric2 : 0.9842
2021-12-14 22:55:00,177 - trainer - INFO -     test_loss      : 0.8596678990125656
2021-12-14 22:55:00,178 - trainer - INFO -     test_my_metric : 0.7177999999999998
2021-12-14 22:55:00,178 - trainer - INFO -     test_my_metric2: 0.9815999999999998
2021-12-14 22:55:00,219 - trainer - INFO - Saving current model: current model save at: saved/models/Robust_WideResNet16_1_conv_CIFAR10DataLoaderResNet16_1-num_classes-10-norm_layer_type-no-conv_layer_type-prec_conv-linear_layer_type-linear-activation_layer_type-relu-Seed=8/1214_213600/model_epoch_32.pth ...
2021-12-14 22:57:28,274 - trainer - INFO -     epoch          : 33
2021-12-14 22:57:28,275 - trainer - INFO -     loss           : 5.3328462349789225
2021-12-14 22:57:28,276 - trainer - INFO -     my_metric      : 2.0154052109974425
2021-12-14 22:57:28,277 - trainer - INFO -     my_metric2     : 3.7315497122762142
2021-12-14 22:57:28,277 - trainer - INFO -     learning rate  : [0.001, 0.001, 0.001, 0.001]
2021-12-14 22:57:28,278 - trainer - INFO -     val_loss       : 0.8180134963989257
2021-12-14 22:57:28,279 - trainer - INFO -     val_my_metric  : 0.7456000000000002
2021-12-14 22:57:28,279 - trainer - INFO -     val_my_metric2 : 0.9845999999999998
2021-12-14 22:57:28,280 - trainer - INFO -     test_loss      : 0.8635656255483627
2021-12-14 22:57:28,281 - trainer - INFO -     test_my_metric : 0.7252
2021-12-14 22:57:28,282 - trainer - INFO -     test_my_metric2: 0.9816999999999994
2021-12-14 22:57:28,326 - trainer - INFO - Saving current best: model_best.pth at: saved/models/Robust_WideResNet16_1_conv_CIFAR10DataLoaderResNet16_1-num_classes-10-norm_layer_type-no-conv_layer_type-prec_conv-linear_layer_type-linear-activation_layer_type-relu-Seed=8/1214_213600/model_best.pth ...
2021-12-14 22:59:56,475 - trainer - INFO -     epoch          : 34
2021-12-14 22:59:56,475 - trainer - INFO -     loss           : 5.316977156854956
2021-12-14 22:59:56,476 - trainer - INFO -     my_metric      : 2.016124520460358
2021-12-14 22:59:56,477 - trainer - INFO -     my_metric2     : 3.7347026854219956
2021-12-14 22:59:56,478 - trainer - INFO -     learning rate  : [0.001, 0.001, 0.001, 0.001]
2021-12-14 22:59:56,479 - trainer - INFO -     val_loss       : 0.8258453786373139
2021-12-14 22:59:56,479 - trainer - INFO -     val_my_metric  : 0.7326000000000004
2021-12-14 22:59:56,480 - trainer - INFO -     val_my_metric2 : 0.9839999999999998
2021-12-14 22:59:56,481 - trainer - INFO -     test_loss      : 0.8686315858364105
2021-12-14 22:59:56,482 - trainer - INFO -     test_my_metric : 0.7191
2021-12-14 22:59:56,482 - trainer - INFO -     test_my_metric2: 0.9813999999999992
2021-12-14 22:59:56,537 - trainer - INFO - Saving current model: current model save at: saved/models/Robust_WideResNet16_1_conv_CIFAR10DataLoaderResNet16_1-num_classes-10-norm_layer_type-no-conv_layer_type-prec_conv-linear_layer_type-linear-activation_layer_type-relu-Seed=8/1214_213600/model_epoch_34.pth ...
2021-12-14 23:02:24,429 - trainer - INFO -     epoch          : 35
2021-12-14 23:02:24,430 - trainer - INFO -     loss           : 5.312676432797366
2021-12-14 23:02:24,431 - trainer - INFO -     my_metric      : 2.016388267263427
2021-12-14 23:02:24,432 - trainer - INFO -     my_metric2     : 3.73489050511509
2021-12-14 23:02:24,433 - trainer - INFO -     learning rate  : [0.001, 0.001, 0.001, 0.001]
2021-12-14 23:02:24,433 - trainer - INFO -     val_loss       : 0.8078200817108154
2021-12-14 23:02:24,434 - trainer - INFO -     val_my_metric  : 0.74
2021-12-14 23:02:24,435 - trainer - INFO -     val_my_metric2 : 0.9851999999999999
2021-12-14 23:02:24,436 - trainer - INFO -     test_loss      : 0.8542552465200424
2021-12-14 23:02:24,436 - trainer - INFO -     test_my_metric : 0.7188000000000001
2021-12-14 23:02:24,437 - trainer - INFO -     test_my_metric2: 0.9817999999999993
2021-12-14 23:02:24,480 - trainer - INFO - Saving current model: current model save at: saved/models/Robust_WideResNet16_1_conv_CIFAR10DataLoaderResNet16_1-num_classes-10-norm_layer_type-no-conv_layer_type-prec_conv-linear_layer_type-linear-activation_layer_type-relu-Seed=8/1214_213600/model_epoch_35.pth ...
2021-12-14 23:04:52,534 - trainer - INFO -     epoch          : 36
2021-12-14 23:04:52,535 - trainer - INFO -     loss           : 5.307901960657076
2021-12-14 23:04:52,535 - trainer - INFO -     my_metric      : 2.0191935741687983
2021-12-14 23:04:52,536 - trainer - INFO -     my_metric2     : 3.7349584398976985
2021-12-14 23:04:52,537 - trainer - INFO -     learning rate  : [0.001, 0.001, 0.001, 0.001]
2021-12-14 23:04:52,537 - trainer - INFO -     val_loss       : 0.8027057123184204
2021-12-14 23:04:52,538 - trainer - INFO -     val_my_metric  : 0.7477999999999999
2021-12-14 23:04:52,539 - trainer - INFO -     val_my_metric2 : 0.9852
2021-12-14 23:04:52,540 - trainer - INFO -     test_loss      : 0.8553017300367355
2021-12-14 23:04:52,540 - trainer - INFO -     test_my_metric : 0.7226000000000002
2021-12-14 23:04:52,541 - trainer - INFO -     test_my_metric2: 0.9814999999999996
2021-12-14 23:04:52,582 - trainer - INFO - Saving current best: model_best.pth at: saved/models/Robust_WideResNet16_1_conv_CIFAR10DataLoaderResNet16_1-num_classes-10-norm_layer_type-no-conv_layer_type-prec_conv-linear_layer_type-linear-activation_layer_type-relu-Seed=8/1214_213600/model_best.pth ...
2021-12-14 23:07:20,470 - trainer - INFO -     epoch          : 37
2021-12-14 23:07:20,472 - trainer - INFO -     loss           : 5.286823411122002
2021-12-14 23:07:20,472 - trainer - INFO -     my_metric      : 2.025175831202046
2021-12-14 23:07:20,473 - trainer - INFO -     my_metric2     : 3.7368885869565207
2021-12-14 23:07:20,474 - trainer - INFO -     learning rate  : [0.001, 0.001, 0.001, 0.001]
2021-12-14 23:07:20,475 - trainer - INFO -     val_loss       : 0.8307293248176575
2021-12-14 23:07:20,475 - trainer - INFO -     val_my_metric  : 0.7236
2021-12-14 23:07:20,476 - trainer - INFO -     val_my_metric2 : 0.9823999999999997
2021-12-14 23:07:20,477 - trainer - INFO -     test_loss      : 0.8750449872016907
2021-12-14 23:07:20,478 - trainer - INFO -     test_my_metric : 0.7058
2021-12-14 23:07:20,478 - trainer - INFO -     test_my_metric2: 0.9820999999999986
2021-12-14 23:07:20,523 - trainer - INFO - Saving current model: current model save at: saved/models/Robust_WideResNet16_1_conv_CIFAR10DataLoaderResNet16_1-num_classes-10-norm_layer_type-no-conv_layer_type-prec_conv-linear_layer_type-linear-activation_layer_type-relu-Seed=8/1214_213600/model_epoch_37.pth ...
2021-12-14 23:09:48,725 - trainer - INFO -     epoch          : 38
2021-12-14 23:09:48,727 - trainer - INFO -     loss           : 5.281173974046927
2021-12-14 23:09:48,727 - trainer - INFO -     my_metric      : 2.0269781010230177
2021-12-14 23:09:48,728 - trainer - INFO -     my_metric2     : 3.738770780051151
2021-12-14 23:09:48,729 - trainer - INFO -     learning rate  : [0.001, 0.001, 0.001, 0.001]
2021-12-14 23:09:48,729 - trainer - INFO -     val_loss       : 0.8142426753044129
2021-12-14 23:09:48,730 - trainer - INFO -     val_my_metric  : 0.7338
2021-12-14 23:09:48,730 - trainer - INFO -     val_my_metric2 : 0.9829999999999997
2021-12-14 23:09:48,731 - trainer - INFO -     test_loss      : 0.8656199461221695
2021-12-14 23:09:48,732 - trainer - INFO -     test_my_metric : 0.7136999999999997
2021-12-14 23:09:48,733 - trainer - INFO -     test_my_metric2: 0.9811999999999995
2021-12-14 23:09:48,782 - trainer - INFO - Saving current model: current model save at: saved/models/Robust_WideResNet16_1_conv_CIFAR10DataLoaderResNet16_1-num_classes-10-norm_layer_type-no-conv_layer_type-prec_conv-linear_layer_type-linear-activation_layer_type-relu-Seed=8/1214_213600/model_epoch_38.pth ...
2021-12-14 23:12:16,691 - trainer - INFO -     epoch          : 39
2021-12-14 23:12:16,692 - trainer - INFO -     loss           : 5.280890282462625
2021-12-14 23:12:16,693 - trainer - INFO -     my_metric      : 2.0306385869565218
2021-12-14 23:12:16,693 - trainer - INFO -     my_metric2     : 3.7380914322250636
2021-12-14 23:12:16,694 - trainer - INFO -     learning rate  : [0.001, 0.001, 0.001, 0.001]
2021-12-14 23:12:16,694 - trainer - INFO -     val_loss       : 0.7873664009571075
2021-12-14 23:12:16,695 - trainer - INFO -     val_my_metric  : 0.7437999999999998
2021-12-14 23:12:16,695 - trainer - INFO -     val_my_metric2 : 0.9837999999999998
2021-12-14 23:12:16,696 - trainer - INFO -     test_loss      : 0.8382824629545211
2021-12-14 23:12:16,696 - trainer - INFO -     test_my_metric : 0.7260999999999995
2021-12-14 23:12:16,697 - trainer - INFO -     test_my_metric2: 0.9819999999999994
2021-12-14 23:12:16,754 - trainer - INFO - Saving current model: current model save at: saved/models/Robust_WideResNet16_1_conv_CIFAR10DataLoaderResNet16_1-num_classes-10-norm_layer_type-no-conv_layer_type-prec_conv-linear_layer_type-linear-activation_layer_type-relu-Seed=8/1214_213600/model_epoch_39.pth ...
2021-12-14 23:14:44,703 - trainer - INFO -     epoch          : 40
2021-12-14 23:14:44,704 - trainer - INFO -     loss           : 5.264522239527739
2021-12-14 23:14:44,705 - trainer - INFO -     my_metric      : 2.0442215473145775
2021-12-14 23:14:44,706 - trainer - INFO -     my_metric2     : 3.737603900255754
2021-12-14 23:14:44,707 - trainer - INFO -     learning rate  : [0.001, 0.001, 0.001, 0.001]
2021-12-14 23:14:44,708 - trainer - INFO -     val_loss       : 0.7910900723934173
2021-12-14 23:14:44,708 - trainer - INFO -     val_my_metric  : 0.7471999999999998
2021-12-14 23:14:44,709 - trainer - INFO -     val_my_metric2 : 0.9845999999999999
2021-12-14 23:14:44,710 - trainer - INFO -     test_loss      : 0.8432891416549683
2021-12-14 23:14:44,711 - trainer - INFO -     test_my_metric : 0.7168000000000001
2021-12-14 23:14:44,711 - trainer - INFO -     test_my_metric2: 0.9831999999999996
2021-12-14 23:14:44,768 - trainer - INFO - Saving current model: current model save at: saved/models/Robust_WideResNet16_1_conv_CIFAR10DataLoaderResNet16_1-num_classes-10-norm_layer_type-no-conv_layer_type-prec_conv-linear_layer_type-linear-activation_layer_type-relu-Seed=8/1214_213600/model_epoch_40.pth ...
