2021-12-13 01:48:46,064 - train - INFO - Trainable parameters: 2768762
2021-12-13 01:57:09,122 - trainer - INFO -     epoch          : 1
2021-12-13 01:57:09,123 - trainer - INFO -     loss           : 7.508486998660485
2021-12-13 01:57:09,124 - trainer - INFO -     my_metric      : 1.1883991368286444
2021-12-13 01:57:09,124 - trainer - INFO -     my_metric2     : 3.28667679028133
2021-12-13 01:57:09,125 - trainer - INFO -     learning rate  : [0.001, 0.001, 0.001, 0.001]
2021-12-13 01:57:09,126 - trainer - INFO -     val_loss       : 1.323346712589264
2021-12-13 01:57:09,127 - trainer - INFO -     val_my_metric  : 0.5086
2021-12-13 01:57:09,127 - trainer - INFO -     val_my_metric2 : 0.9428000000000002
2021-12-13 01:57:09,128 - trainer - INFO -     test_loss      : 1.3209986460208893
2021-12-13 01:57:09,128 - trainer - INFO -     test_my_metric : 0.5091000000000002
2021-12-13 01:57:09,129 - trainer - INFO -     test_my_metric2: 0.9460000000000005
2021-12-13 01:57:09,278 - trainer - INFO - Saving current best: model_best.pth at: saved/models/Robust_WideResNet16_4_conv_CIFAR10DataLoaderResNet16_4-num_classes-10-norm_layer_type-no-conv_layer_type-prec_conv-linear_layer_type-linear-activation_layer_type-relu-Seed=8/1213_014832/model_best.pth ...
2021-12-13 02:05:16,343 - trainer - INFO -     epoch          : 2
2021-12-13 02:05:16,344 - trainer - INFO -     loss           : 6.455568124571115
2021-12-13 02:05:16,344 - trainer - INFO -     my_metric      : 1.5917119565217388
2021-12-13 02:05:16,345 - trainer - INFO -     my_metric2     : 3.56721547314578
2021-12-13 02:05:16,345 - trainer - INFO -     learning rate  : [0.001, 0.001, 0.001, 0.001]
2021-12-13 02:05:16,346 - trainer - INFO -     val_loss       : 1.10217311501503
2021-12-13 02:05:16,346 - trainer - INFO -     val_my_metric  : 0.6382000000000001
2021-12-13 02:05:16,347 - trainer - INFO -     val_my_metric2 : 0.9658000000000001
2021-12-13 02:05:16,348 - trainer - INFO -     test_loss      : 1.1101958703994752
2021-12-13 02:05:16,348 - trainer - INFO -     test_my_metric : 0.6249999999999999
2021-12-13 02:05:16,349 - trainer - INFO -     test_my_metric2: 0.9664999999999999
2021-12-13 02:05:16,527 - trainer - INFO - Saving current best: model_best.pth at: saved/models/Robust_WideResNet16_4_conv_CIFAR10DataLoaderResNet16_4-num_classes-10-norm_layer_type-no-conv_layer_type-prec_conv-linear_layer_type-linear-activation_layer_type-relu-Seed=8/1213_014832/model_best.pth ...
2021-12-13 02:13:23,631 - trainer - INFO -     epoch          : 3
2021-12-13 02:13:23,632 - trainer - INFO -     loss           : 5.951494537198635
2021-12-13 02:13:23,633 - trainer - INFO -     my_metric      : 1.77267023657289
2021-12-13 02:13:23,634 - trainer - INFO -     my_metric2     : 3.655770460358056
2021-12-13 02:13:23,634 - trainer - INFO -     learning rate  : [0.001, 0.001, 0.001, 0.001]
2021-12-13 02:13:23,635 - trainer - INFO -     val_loss       : 0.9688430762290955
2021-12-13 02:13:23,635 - trainer - INFO -     val_my_metric  : 0.682
2021-12-13 02:13:23,636 - trainer - INFO -     val_my_metric2 : 0.9762000000000002
2021-12-13 02:13:23,636 - trainer - INFO -     test_loss      : 0.995293008685112
2021-12-13 02:13:23,637 - trainer - INFO -     test_my_metric : 0.6777000000000001
2021-12-13 02:13:23,637 - trainer - INFO -     test_my_metric2: 0.9697999999999993
2021-12-13 02:13:23,796 - trainer - INFO - Saving current best: model_best.pth at: saved/models/Robust_WideResNet16_4_conv_CIFAR10DataLoaderResNet16_4-num_classes-10-norm_layer_type-no-conv_layer_type-prec_conv-linear_layer_type-linear-activation_layer_type-relu-Seed=8/1213_014832/model_best.pth ...
2021-12-13 02:21:30,854 - trainer - INFO -     epoch          : 4
2021-12-13 02:21:30,854 - trainer - INFO -     loss           : 5.616886699748466
2021-12-13 02:21:30,855 - trainer - INFO -     my_metric      : 1.904483695652174
2021-12-13 02:21:30,856 - trainer - INFO -     my_metric2     : 3.706062180306906
2021-12-13 02:21:30,856 - trainer - INFO -     learning rate  : [0.001, 0.001, 0.001, 0.001]
2021-12-13 02:21:30,857 - trainer - INFO -     val_loss       : 0.8373529982566833
2021-12-13 02:21:30,857 - trainer - INFO -     val_my_metric  : 0.7338000000000001
2021-12-13 02:21:30,858 - trainer - INFO -     val_my_metric2 : 0.9846
2021-12-13 02:21:30,858 - trainer - INFO -     test_loss      : 0.879286727309227
2021-12-13 02:21:30,858 - trainer - INFO -     test_my_metric : 0.7169999999999999
2021-12-13 02:21:30,859 - trainer - INFO -     test_my_metric2: 0.9788999999999993
2021-12-13 02:21:31,030 - trainer - INFO - Saving current best: model_best.pth at: saved/models/Robust_WideResNet16_4_conv_CIFAR10DataLoaderResNet16_4-num_classes-10-norm_layer_type-no-conv_layer_type-prec_conv-linear_layer_type-linear-activation_layer_type-relu-Seed=8/1213_014832/model_best.pth ...
2021-12-13 02:29:38,423 - trainer - INFO -     epoch          : 5
2021-12-13 02:29:38,425 - trainer - INFO -     loss           : 5.380343365242414
2021-12-13 02:29:38,425 - trainer - INFO -     my_metric      : 1.9897378516624042
2021-12-13 02:29:38,426 - trainer - INFO -     my_metric2     : 3.7311540920716117
2021-12-13 02:29:38,426 - trainer - INFO -     learning rate  : [0.001, 0.001, 0.001, 0.001]
2021-12-13 02:29:38,427 - trainer - INFO -     val_loss       : 0.8077056396007538
2021-12-13 02:29:38,428 - trainer - INFO -     val_my_metric  : 0.7414000000000001
2021-12-13 02:29:38,428 - trainer - INFO -     val_my_metric2 : 0.9843999999999999
2021-12-13 02:29:38,429 - trainer - INFO -     test_loss      : 0.8530999612808228
2021-12-13 02:29:38,429 - trainer - INFO -     test_my_metric : 0.7185000000000002
2021-12-13 02:29:38,430 - trainer - INFO -     test_my_metric2: 0.9815999999999997
2021-12-13 02:29:38,636 - trainer - INFO - Saving current best: model_best.pth at: saved/models/Robust_WideResNet16_4_conv_CIFAR10DataLoaderResNet16_4-num_classes-10-norm_layer_type-no-conv_layer_type-prec_conv-linear_layer_type-linear-activation_layer_type-relu-Seed=8/1213_014832/model_best.pth ...
2021-12-13 02:37:46,373 - trainer - INFO -     epoch          : 6
2021-12-13 02:37:46,374 - trainer - INFO -     loss           : 5.186793703709722
2021-12-13 02:37:46,374 - trainer - INFO -     my_metric      : 2.0607416879795393
2021-12-13 02:37:46,374 - trainer - INFO -     my_metric2     : 3.7526574488491047
2021-12-13 02:37:46,374 - trainer - INFO -     learning rate  : [0.001, 0.001, 0.001, 0.001]
2021-12-13 02:37:46,375 - trainer - INFO -     val_loss       : 0.751481008529663
2021-12-13 02:37:46,375 - trainer - INFO -     val_my_metric  : 0.7605999999999998
2021-12-13 02:37:46,375 - trainer - INFO -     val_my_metric2 : 0.9859999999999998
2021-12-13 02:37:46,375 - trainer - INFO -     test_loss      : 0.7980118548870087
2021-12-13 02:37:46,376 - trainer - INFO -     test_my_metric : 0.7349000000000001
2021-12-13 02:37:46,376 - trainer - INFO -     test_my_metric2: 0.9848999999999998
2021-12-13 02:37:46,548 - trainer - INFO - Saving current best: model_best.pth at: saved/models/Robust_WideResNet16_4_conv_CIFAR10DataLoaderResNet16_4-num_classes-10-norm_layer_type-no-conv_layer_type-prec_conv-linear_layer_type-linear-activation_layer_type-relu-Seed=8/1213_014832/model_best.pth ...
2021-12-13 02:45:54,446 - trainer - INFO -     epoch          : 7
2021-12-13 02:45:54,452 - trainer - INFO -     loss           : 5.023648812490351
2021-12-13 02:45:54,452 - trainer - INFO -     my_metric      : 2.123265664961637
2021-12-13 02:45:54,453 - trainer - INFO -     my_metric2     : 3.7692335358056273
2021-12-13 02:45:54,453 - trainer - INFO -     learning rate  : [0.001, 0.001, 0.001, 0.001]
2021-12-13 02:45:54,454 - trainer - INFO -     val_loss       : 0.7059897994995117
2021-12-13 02:45:54,454 - trainer - INFO -     val_my_metric  : 0.775
2021-12-13 02:45:54,455 - trainer - INFO -     val_my_metric2 : 0.9891999999999999
2021-12-13 02:45:54,455 - trainer - INFO -     test_loss      : 0.7608238357305527
2021-12-13 02:45:54,456 - trainer - INFO -     test_my_metric : 0.7496999999999997
2021-12-13 02:45:54,456 - trainer - INFO -     test_my_metric2: 0.9873999999999996
2021-12-13 02:45:54,637 - trainer - INFO - Saving current best: model_best.pth at: saved/models/Robust_WideResNet16_4_conv_CIFAR10DataLoaderResNet16_4-num_classes-10-norm_layer_type-no-conv_layer_type-prec_conv-linear_layer_type-linear-activation_layer_type-relu-Seed=8/1213_014832/model_best.pth ...
2021-12-13 02:54:02,226 - trainer - INFO -     epoch          : 8
2021-12-13 02:54:02,227 - trainer - INFO -     loss           : 4.881348730353138
2021-12-13 02:54:02,227 - trainer - INFO -     my_metric      : 2.1733096227621482
2021-12-13 02:54:02,228 - trainer - INFO -     my_metric2     : 3.7865808823529408
2021-12-13 02:54:02,229 - trainer - INFO -     learning rate  : [0.001, 0.001, 0.001, 0.001]
2021-12-13 02:54:02,229 - trainer - INFO -     val_loss       : 0.7195879065990448
2021-12-13 02:54:02,230 - trainer - INFO -     val_my_metric  : 0.7718
2021-12-13 02:54:02,230 - trainer - INFO -     val_my_metric2 : 0.9875999999999998
2021-12-13 02:54:02,231 - trainer - INFO -     test_loss      : 0.7757521492242813
2021-12-13 02:54:02,231 - trainer - INFO -     test_my_metric : 0.7465000000000004
2021-12-13 02:54:02,231 - trainer - INFO -     test_my_metric2: 0.9858999999999996
2021-12-13 02:54:02,398 - trainer - INFO - Saving current model: current model save at: saved/models/Robust_WideResNet16_4_conv_CIFAR10DataLoaderResNet16_4-num_classes-10-norm_layer_type-no-conv_layer_type-prec_conv-linear_layer_type-linear-activation_layer_type-relu-Seed=8/1213_014832/model_epoch_8.pth ...
2021-12-13 03:02:10,161 - trainer - INFO -     epoch          : 9
2021-12-13 03:02:10,162 - trainer - INFO -     loss           : 4.759860602486164
2021-12-13 03:02:10,163 - trainer - INFO -     my_metric      : 2.2144621163682867
2021-12-13 03:02:10,163 - trainer - INFO -     my_metric2     : 3.8003236892583114
2021-12-13 03:02:10,164 - trainer - INFO -     learning rate  : [0.001, 0.001, 0.001, 0.001]
2021-12-13 03:02:10,164 - trainer - INFO -     val_loss       : 0.6448870223760604
2021-12-13 03:02:10,164 - trainer - INFO -     val_my_metric  : 0.8029999999999998
2021-12-13 03:02:10,165 - trainer - INFO -     val_my_metric2 : 0.9901999999999999
2021-12-13 03:02:10,166 - trainer - INFO -     test_loss      : 0.7216138190031052
2021-12-13 03:02:10,166 - trainer - INFO -     test_my_metric : 0.7746
2021-12-13 03:02:10,167 - trainer - INFO -     test_my_metric2: 0.9865999999999994
2021-12-13 03:02:10,353 - trainer - INFO - Saving current best: model_best.pth at: saved/models/Robust_WideResNet16_4_conv_CIFAR10DataLoaderResNet16_4-num_classes-10-norm_layer_type-no-conv_layer_type-prec_conv-linear_layer_type-linear-activation_layer_type-relu-Seed=8/1213_014832/model_best.pth ...
2021-12-13 03:10:18,083 - trainer - INFO -     epoch          : 10
2021-12-13 03:10:18,085 - trainer - INFO -     loss           : 4.654784980484896
2021-12-13 03:10:18,085 - trainer - INFO -     my_metric      : 2.2480658567774934
2021-12-13 03:10:18,086 - trainer - INFO -     my_metric2     : 3.809630754475703
2021-12-13 03:10:18,086 - trainer - INFO -     learning rate  : [0.001, 0.001, 0.001, 0.001]
2021-12-13 03:10:18,087 - trainer - INFO -     val_loss       : 0.6228011405467987
2021-12-13 03:10:18,087 - trainer - INFO -     val_my_metric  : 0.8085999999999999
2021-12-13 03:10:18,088 - trainer - INFO -     val_my_metric2 : 0.9926
2021-12-13 03:10:18,088 - trainer - INFO -     test_loss      : 0.716875986456871
2021-12-13 03:10:18,089 - trainer - INFO -     test_my_metric : 0.7652000000000001
2021-12-13 03:10:18,090 - trainer - INFO -     test_my_metric2: 0.9864999999999995
2021-12-13 03:10:18,335 - trainer - INFO - Saving current best: model_best.pth at: saved/models/Robust_WideResNet16_4_conv_CIFAR10DataLoaderResNet16_4-num_classes-10-norm_layer_type-no-conv_layer_type-prec_conv-linear_layer_type-linear-activation_layer_type-relu-Seed=8/1213_014832/model_best.pth ...
2021-12-13 03:18:25,693 - trainer - INFO -     epoch          : 11
2021-12-13 03:18:25,694 - trainer - INFO -     loss           : 4.5556807775631585
2021-12-13 03:18:25,695 - trainer - INFO -     my_metric      : 2.284378996163683
2021-12-13 03:18:25,695 - trainer - INFO -     my_metric2     : 3.8177349744245523
2021-12-13 03:18:25,696 - trainer - INFO -     learning rate  : [0.001, 0.001, 0.001, 0.001]
2021-12-13 03:18:25,696 - trainer - INFO -     val_loss       : 0.6122815364599228
2021-12-13 03:18:25,697 - trainer - INFO -     val_my_metric  : 0.8098000000000001
2021-12-13 03:18:25,697 - trainer - INFO -     val_my_metric2 : 0.9910000000000001
2021-12-13 03:18:25,698 - trainer - INFO -     test_loss      : 0.7073023331165313
2021-12-13 03:18:25,698 - trainer - INFO -     test_my_metric : 0.7632000000000001
2021-12-13 03:18:25,699 - trainer - INFO -     test_my_metric2: 0.9878999999999997
2021-12-13 03:18:25,889 - trainer - INFO - Saving current best: model_best.pth at: saved/models/Robust_WideResNet16_4_conv_CIFAR10DataLoaderResNet16_4-num_classes-10-norm_layer_type-no-conv_layer_type-prec_conv-linear_layer_type-linear-activation_layer_type-relu-Seed=8/1213_014832/model_best.pth ...
2021-12-13 03:26:33,250 - trainer - INFO -     epoch          : 12
2021-12-13 03:26:33,252 - trainer - INFO -     loss           : 4.475382982465008
2021-12-13 03:26:33,252 - trainer - INFO -     my_metric      : 2.3133951406649618
2021-12-13 03:26:33,253 - trainer - INFO -     my_metric2     : 3.8254275895140664
2021-12-13 03:26:33,253 - trainer - INFO -     learning rate  : [0.001, 0.001, 0.001, 0.001]
2021-12-13 03:26:33,254 - trainer - INFO -     val_loss       : 0.578726595044136
2021-12-13 03:26:33,254 - trainer - INFO -     val_my_metric  : 0.826
2021-12-13 03:26:33,255 - trainer - INFO -     val_my_metric2 : 0.9923999999999998
2021-12-13 03:26:33,255 - trainer - INFO -     test_loss      : 0.6800265213847161
2021-12-13 03:26:33,256 - trainer - INFO -     test_my_metric : 0.7769999999999999
2021-12-13 03:26:33,257 - trainer - INFO -     test_my_metric2: 0.9878999999999993
2021-12-13 03:26:33,440 - trainer - INFO - Saving current best: model_best.pth at: saved/models/Robust_WideResNet16_4_conv_CIFAR10DataLoaderResNet16_4-num_classes-10-norm_layer_type-no-conv_layer_type-prec_conv-linear_layer_type-linear-activation_layer_type-relu-Seed=8/1213_014832/model_best.pth ...
2021-12-13 03:34:40,923 - trainer - INFO -     epoch          : 13
2021-12-13 03:34:40,924 - trainer - INFO -     loss           : 4.38469127681859
2021-12-13 03:34:40,925 - trainer - INFO -     my_metric      : 2.337839673913043
2021-12-13 03:34:40,925 - trainer - INFO -     my_metric2     : 3.8331401854219953
2021-12-13 03:34:40,926 - trainer - INFO -     learning rate  : [0.001, 0.001, 0.001, 0.001]
2021-12-13 03:34:40,926 - trainer - INFO -     val_loss       : 0.55518221616745
2021-12-13 03:34:40,927 - trainer - INFO -     val_my_metric  : 0.8453999999999999
2021-12-13 03:34:40,927 - trainer - INFO -     val_my_metric2 : 0.9936000000000001
2021-12-13 03:34:40,928 - trainer - INFO -     test_loss      : 0.6702276408672333
2021-12-13 03:34:40,928 - trainer - INFO -     test_my_metric : 0.7868
2021-12-13 03:34:40,929 - trainer - INFO -     test_my_metric2: 0.9890999999999995
2021-12-13 03:34:41,119 - trainer - INFO - Saving current best: model_best.pth at: saved/models/Robust_WideResNet16_4_conv_CIFAR10DataLoaderResNet16_4-num_classes-10-norm_layer_type-no-conv_layer_type-prec_conv-linear_layer_type-linear-activation_layer_type-relu-Seed=8/1213_014832/model_best.pth ...
2021-12-13 03:42:48,864 - trainer - INFO -     epoch          : 14
2021-12-13 03:42:48,865 - trainer - INFO -     loss           : 4.3005978710511155
2021-12-13 03:42:48,868 - trainer - INFO -     my_metric      : 2.3745484335038363
2021-12-13 03:42:48,869 - trainer - INFO -     my_metric2     : 3.8394541240409206
2021-12-13 03:42:48,870 - trainer - INFO -     learning rate  : [0.001, 0.001, 0.001, 0.001]
2021-12-13 03:42:48,870 - trainer - INFO -     val_loss       : 0.5315070879459382
2021-12-13 03:42:48,870 - trainer - INFO -     val_my_metric  : 0.8454
2021-12-13 03:42:48,871 - trainer - INFO -     val_my_metric2 : 0.9945999999999999
2021-12-13 03:42:48,872 - trainer - INFO -     test_loss      : 0.6552870884537697
2021-12-13 03:42:48,872 - trainer - INFO -     test_my_metric : 0.7852
2021-12-13 03:42:48,873 - trainer - INFO -     test_my_metric2: 0.9886999999999994
2021-12-13 03:42:49,043 - trainer - INFO - Saving current best: model_best.pth at: saved/models/Robust_WideResNet16_4_conv_CIFAR10DataLoaderResNet16_4-num_classes-10-norm_layer_type-no-conv_layer_type-prec_conv-linear_layer_type-linear-activation_layer_type-relu-Seed=8/1213_014832/model_best.pth ...
2021-12-13 03:50:56,568 - trainer - INFO -     epoch          : 15
2021-12-13 03:50:56,569 - trainer - INFO -     loss           : 4.217002158960723
2021-12-13 03:50:56,569 - trainer - INFO -     my_metric      : 2.3944773017902814
2021-12-13 03:50:56,570 - trainer - INFO -     my_metric2     : 3.8488171355498717
2021-12-13 03:50:56,570 - trainer - INFO -     learning rate  : [0.001, 0.001, 0.001, 0.001]
2021-12-13 03:50:56,571 - trainer - INFO -     val_loss       : 0.5026757162809372
2021-12-13 03:50:56,571 - trainer - INFO -     val_my_metric  : 0.8557999999999999
2021-12-13 03:50:56,572 - trainer - INFO -     val_my_metric2 : 0.9946000000000003
2021-12-13 03:50:56,572 - trainer - INFO -     test_loss      : 0.6299237906932831
2021-12-13 03:50:56,573 - trainer - INFO -     test_my_metric : 0.799
2021-12-13 03:50:56,573 - trainer - INFO -     test_my_metric2: 0.9886999999999996
2021-12-13 03:50:56,727 - trainer - INFO - Saving current best: model_best.pth at: saved/models/Robust_WideResNet16_4_conv_CIFAR10DataLoaderResNet16_4-num_classes-10-norm_layer_type-no-conv_layer_type-prec_conv-linear_layer_type-linear-activation_layer_type-relu-Seed=8/1213_014832/model_best.pth ...
2021-12-13 03:59:04,069 - trainer - INFO -     epoch          : 16
2021-12-13 03:59:04,069 - trainer - INFO -     loss           : 4.1558464255631735
2021-12-13 03:59:04,070 - trainer - INFO -     my_metric      : 2.4215712915601024
2021-12-13 03:59:04,070 - trainer - INFO -     my_metric2     : 3.85608216112532
2021-12-13 03:59:04,071 - trainer - INFO -     learning rate  : [0.001, 0.001, 0.001, 0.001]
2021-12-13 03:59:04,071 - trainer - INFO -     val_loss       : 0.5307812196016312
2021-12-13 03:59:04,071 - trainer - INFO -     val_my_metric  : 0.8515999999999999
2021-12-13 03:59:04,072 - trainer - INFO -     val_my_metric2 : 0.9952000000000001
2021-12-13 03:59:04,072 - trainer - INFO -     test_loss      : 0.660447967350483
2021-12-13 03:59:04,073 - trainer - INFO -     test_my_metric : 0.7888999999999998
2021-12-13 03:59:04,074 - trainer - INFO -     test_my_metric2: 0.9887999999999997
2021-12-13 03:59:04,235 - trainer - INFO - Saving current model: current model save at: saved/models/Robust_WideResNet16_4_conv_CIFAR10DataLoaderResNet16_4-num_classes-10-norm_layer_type-no-conv_layer_type-prec_conv-linear_layer_type-linear-activation_layer_type-relu-Seed=8/1213_014832/model_epoch_16.pth ...
2021-12-13 04:07:11,727 - trainer - INFO -     epoch          : 17
2021-12-13 04:07:11,728 - trainer - INFO -     loss           : 4.088467775479607
2021-12-13 04:07:11,728 - trainer - INFO -     my_metric      : 2.4374960038363174
2021-12-13 04:07:11,729 - trainer - INFO -     my_metric2     : 3.8648257672634267
2021-12-13 04:07:11,729 - trainer - INFO -     learning rate  : [0.001, 0.001, 0.001, 0.001]
2021-12-13 04:07:11,730 - trainer - INFO -     val_loss       : 0.48147292613983156
2021-12-13 04:07:11,730 - trainer - INFO -     val_my_metric  : 0.8724
2021-12-13 04:07:11,731 - trainer - INFO -     val_my_metric2 : 0.9952
2021-12-13 04:07:11,731 - trainer - INFO -     test_loss      : 0.6204529815912246
2021-12-13 04:07:11,732 - trainer - INFO -     test_my_metric : 0.8054999999999999
2021-12-13 04:07:11,732 - trainer - INFO -     test_my_metric2: 0.9903999999999996
2021-12-13 04:07:11,922 - trainer - INFO - Saving current best: model_best.pth at: saved/models/Robust_WideResNet16_4_conv_CIFAR10DataLoaderResNet16_4-num_classes-10-norm_layer_type-no-conv_layer_type-prec_conv-linear_layer_type-linear-activation_layer_type-relu-Seed=8/1213_014832/model_best.pth ...
2021-12-13 04:15:19,404 - trainer - INFO -     epoch          : 18
2021-12-13 04:15:19,411 - trainer - INFO -     loss           : 4.027156251394535
2021-12-13 04:15:19,411 - trainer - INFO -     my_metric      : 2.4611932544757034
2021-12-13 04:15:19,412 - trainer - INFO -     my_metric2     : 3.8654411764705876
2021-12-13 04:15:19,412 - trainer - INFO -     learning rate  : [0.001, 0.001, 0.001, 0.001]
2021-12-13 04:15:19,413 - trainer - INFO -     val_loss       : 0.4647705674171448
2021-12-13 04:15:19,413 - trainer - INFO -     val_my_metric  : 0.8744000000000001
2021-12-13 04:15:19,414 - trainer - INFO -     val_my_metric2 : 0.9961999999999999
2021-12-13 04:15:19,414 - trainer - INFO -     test_loss      : 0.6095073163509369
2021-12-13 04:15:19,415 - trainer - INFO -     test_my_metric : 0.8055
2021-12-13 04:15:19,415 - trainer - INFO -     test_my_metric2: 0.9899999999999994
2021-12-13 04:15:19,599 - trainer - INFO - Saving current best: model_best.pth at: saved/models/Robust_WideResNet16_4_conv_CIFAR10DataLoaderResNet16_4-num_classes-10-norm_layer_type-no-conv_layer_type-prec_conv-linear_layer_type-linear-activation_layer_type-relu-Seed=8/1213_014832/model_best.pth ...
2021-12-13 04:23:27,248 - trainer - INFO -     epoch          : 19
2021-12-13 04:23:27,250 - trainer - INFO -     loss           : 3.9796944954206266
2021-12-13 04:23:27,250 - trainer - INFO -     my_metric      : 2.4825887148337595
2021-12-13 04:23:27,251 - trainer - INFO -     my_metric2     : 3.8728300831202045
2021-12-13 04:23:27,251 - trainer - INFO -     learning rate  : [0.001, 0.001, 0.001, 0.001]
2021-12-13 04:23:27,252 - trainer - INFO -     val_loss       : 0.44801387429237366
2021-12-13 04:23:27,252 - trainer - INFO -     val_my_metric  : 0.8754000000000001
2021-12-13 04:23:27,253 - trainer - INFO -     val_my_metric2 : 0.9949999999999999
2021-12-13 04:23:27,253 - trainer - INFO -     test_loss      : 0.6148311194777488
2021-12-13 04:23:27,254 - trainer - INFO -     test_my_metric : 0.7958999999999999
2021-12-13 04:23:27,254 - trainer - INFO -     test_my_metric2: 0.9894999999999995
2021-12-13 04:23:27,422 - trainer - INFO - Saving current best: model_best.pth at: saved/models/Robust_WideResNet16_4_conv_CIFAR10DataLoaderResNet16_4-num_classes-10-norm_layer_type-no-conv_layer_type-prec_conv-linear_layer_type-linear-activation_layer_type-relu-Seed=8/1213_014832/model_best.pth ...
2021-12-13 04:31:35,070 - trainer - INFO -     epoch          : 20
2021-12-13 04:31:35,071 - trainer - INFO -     loss           : 3.9120292957024194
2021-12-13 04:31:35,072 - trainer - INFO -     my_metric      : 2.5018102621483376
2021-12-13 04:31:35,072 - trainer - INFO -     my_metric2     : 3.8766024616368284
2021-12-13 04:31:35,073 - trainer - INFO -     learning rate  : [0.001, 0.001, 0.001, 0.001]
2021-12-13 04:31:35,073 - trainer - INFO -     val_loss       : 0.43640815615653994
2021-12-13 04:31:35,074 - trainer - INFO -     val_my_metric  : 0.8878
2021-12-13 04:31:35,074 - trainer - INFO -     val_my_metric2 : 0.9968
2021-12-13 04:31:35,075 - trainer - INFO -     test_loss      : 0.5956302136182785
2021-12-13 04:31:35,075 - trainer - INFO -     test_my_metric : 0.8127999999999997
2021-12-13 04:31:35,076 - trainer - INFO -     test_my_metric2: 0.9893999999999997
2021-12-13 04:31:35,267 - trainer - INFO - Saving current best: model_best.pth at: saved/models/Robust_WideResNet16_4_conv_CIFAR10DataLoaderResNet16_4-num_classes-10-norm_layer_type-no-conv_layer_type-prec_conv-linear_layer_type-linear-activation_layer_type-relu-Seed=8/1213_014832/model_best.pth ...
2021-12-13 04:39:42,670 - trainer - INFO -     epoch          : 21
2021-12-13 04:39:42,671 - trainer - INFO -     loss           : 3.8542197906910003
2021-12-13 04:39:42,672 - trainer - INFO -     my_metric      : 2.5208959398976987
2021-12-13 04:39:42,672 - trainer - INFO -     my_metric2     : 3.882049232736572
2021-12-13 04:39:42,673 - trainer - INFO -     learning rate  : [0.001, 0.001, 0.001, 0.001]
2021-12-13 04:39:42,673 - trainer - INFO -     val_loss       : 0.43055018603801726
2021-12-13 04:39:42,674 - trainer - INFO -     val_my_metric  : 0.8846
2021-12-13 04:39:42,674 - trainer - INFO -     val_my_metric2 : 0.9965999999999999
2021-12-13 04:39:42,675 - trainer - INFO -     test_loss      : 0.6005296775698662
2021-12-13 04:39:42,675 - trainer - INFO -     test_my_metric : 0.8063999999999999
2021-12-13 04:39:42,676 - trainer - INFO -     test_my_metric2: 0.9907999999999995
2021-12-13 04:39:42,836 - trainer - INFO - Saving current model: current model save at: saved/models/Robust_WideResNet16_4_conv_CIFAR10DataLoaderResNet16_4-num_classes-10-norm_layer_type-no-conv_layer_type-prec_conv-linear_layer_type-linear-activation_layer_type-relu-Seed=8/1213_014832/model_epoch_21.pth ...
2021-12-13 04:47:50,432 - trainer - INFO -     epoch          : 22
2021-12-13 04:47:50,433 - trainer - INFO -     loss           : 3.7874613841781226
2021-12-13 04:47:50,434 - trainer - INFO -     my_metric      : 2.540421195652174
2021-12-13 04:47:50,435 - trainer - INFO -     my_metric2     : 3.8897658248081846
2021-12-13 04:47:50,435 - trainer - INFO -     learning rate  : [0.001, 0.001, 0.001, 0.001]
2021-12-13 04:47:50,436 - trainer - INFO -     val_loss       : 0.410117974281311
2021-12-13 04:47:50,436 - trainer - INFO -     val_my_metric  : 0.8962
2021-12-13 04:47:50,437 - trainer - INFO -     val_my_metric2 : 0.9964
2021-12-13 04:47:50,437 - trainer - INFO -     test_loss      : 0.5835259187221528
2021-12-13 04:47:50,438 - trainer - INFO -     test_my_metric : 0.8181999999999995
2021-12-13 04:47:50,438 - trainer - INFO -     test_my_metric2: 0.9909999999999993
2021-12-13 04:47:50,602 - trainer - INFO - Saving current best: model_best.pth at: saved/models/Robust_WideResNet16_4_conv_CIFAR10DataLoaderResNet16_4-num_classes-10-norm_layer_type-no-conv_layer_type-prec_conv-linear_layer_type-linear-activation_layer_type-relu-Seed=8/1213_014832/model_best.pth ...
2021-12-13 04:55:58,227 - trainer - INFO -     epoch          : 23
2021-12-13 04:55:58,228 - trainer - INFO -     loss           : 3.265320597973931
2021-12-13 04:55:58,228 - trainer - INFO -     my_metric      : 2.754080083120204
2021-12-13 04:55:58,229 - trainer - INFO -     my_metric2     : 3.9193574168797953
2021-12-13 04:55:58,230 - trainer - INFO -     learning rate  : [0.001, 0.001, 0.001, 0.001]
2021-12-13 04:55:58,230 - trainer - INFO -     val_loss       : 0.23645109310746193
2021-12-13 04:55:58,231 - trainer - INFO -     val_my_metric  : 0.9259999999999997
2021-12-13 04:55:58,231 - trainer - INFO -     val_my_metric2 : 0.9992
2021-12-13 04:55:58,232 - trainer - INFO -     test_loss      : 0.4266659441590309
2021-12-13 04:55:58,232 - trainer - INFO -     test_my_metric : 0.8522999999999997
2021-12-13 04:55:58,233 - trainer - INFO -     test_my_metric2: 0.9943999999999992
2021-12-13 04:55:58,426 - trainer - INFO - Saving current best: model_best.pth at: saved/models/Robust_WideResNet16_4_conv_CIFAR10DataLoaderResNet16_4-num_classes-10-norm_layer_type-no-conv_layer_type-prec_conv-linear_layer_type-linear-activation_layer_type-relu-Seed=8/1213_014832/model_best.pth ...
2021-12-13 05:04:06,145 - trainer - INFO -     epoch          : 24
2021-12-13 05:04:06,146 - trainer - INFO -     loss           : 1.1759500550796917
2021-12-13 05:04:06,146 - trainer - INFO -     my_metric      : 3.5864450127877237
2021-12-13 05:04:06,147 - trainer - INFO -     my_metric2     : 3.9913163363171353
2021-12-13 05:04:06,147 - trainer - INFO -     learning rate  : [0.001, 0.001, 0.001, 0.001]
2021-12-13 05:04:06,148 - trainer - INFO -     val_loss       : 0.19392451465129854
2021-12-13 05:04:06,148 - trainer - INFO -     val_my_metric  : 0.9296000000000001
2021-12-13 05:04:06,149 - trainer - INFO -     val_my_metric2 : 0.9994000000000001
2021-12-13 05:04:06,149 - trainer - INFO -     test_loss      : 0.4225018812716007
2021-12-13 05:04:06,150 - trainer - INFO -     test_my_metric : 0.8559999999999998
2021-12-13 05:04:06,150 - trainer - INFO -     test_my_metric2: 0.9935999999999994
2021-12-13 05:04:06,339 - trainer - INFO - Saving current best: model_best.pth at: saved/models/Robust_WideResNet16_4_conv_CIFAR10DataLoaderResNet16_4-num_classes-10-norm_layer_type-no-conv_layer_type-prec_conv-linear_layer_type-linear-activation_layer_type-relu-Seed=8/1213_014832/model_best.pth ...
2021-12-13 05:12:13,809 - trainer - INFO -     epoch          : 25
2021-12-13 05:12:13,810 - trainer - INFO -     loss           : 0.8752005344442547
2021-12-13 05:12:13,811 - trainer - INFO -     my_metric      : 3.696647218670077
2021-12-13 05:12:13,811 - trainer - INFO -     my_metric2     : 3.9954443734015346
2021-12-13 05:12:13,812 - trainer - INFO -     learning rate  : [0.001, 0.001, 0.001, 0.001]
2021-12-13 05:12:13,812 - trainer - INFO -     val_loss       : 0.16462162464857102
2021-12-13 05:12:13,813 - trainer - INFO -     val_my_metric  : 0.9421999999999994
2021-12-13 05:12:13,813 - trainer - INFO -     val_my_metric2 : 0.9995999999999999
2021-12-13 05:12:13,814 - trainer - INFO -     test_loss      : 0.4553048948943615
2021-12-13 05:12:13,814 - trainer - INFO -     test_my_metric : 0.8546000000000002
2021-12-13 05:12:13,815 - trainer - INFO -     test_my_metric2: 0.9932999999999997
2021-12-13 05:12:13,971 - trainer - INFO - Saving current best: model_best.pth at: saved/models/Robust_WideResNet16_4_conv_CIFAR10DataLoaderResNet16_4-num_classes-10-norm_layer_type-no-conv_layer_type-prec_conv-linear_layer_type-linear-activation_layer_type-relu-Seed=8/1213_014832/model_best.pth ...
2021-12-13 05:20:21,387 - trainer - INFO -     epoch          : 26
2021-12-13 05:20:21,388 - trainer - INFO -     loss           : 0.7929022984288614
2021-12-13 05:20:21,388 - trainer - INFO -     my_metric      : 3.7246962915601025
2021-12-13 05:20:21,389 - trainer - INFO -     my_metric2     : 3.996962915601023
2021-12-13 05:20:21,389 - trainer - INFO -     learning rate  : [0.001, 0.001, 0.001, 0.001]
2021-12-13 05:20:21,390 - trainer - INFO -     val_loss       : 0.1448240990936756
2021-12-13 05:20:21,390 - trainer - INFO -     val_my_metric  : 0.9505999999999998
2021-12-13 05:20:21,391 - trainer - INFO -     val_my_metric2 : 1.0
2021-12-13 05:20:21,391 - trainer - INFO -     test_loss      : 0.42477847628295423
2021-12-13 05:20:21,392 - trainer - INFO -     test_my_metric : 0.8663000000000003
2021-12-13 05:20:21,392 - trainer - INFO -     test_my_metric2: 0.9934999999999994
2021-12-13 05:20:21,563 - trainer - INFO - Saving current best: model_best.pth at: saved/models/Robust_WideResNet16_4_conv_CIFAR10DataLoaderResNet16_4-num_classes-10-norm_layer_type-no-conv_layer_type-prec_conv-linear_layer_type-linear-activation_layer_type-relu-Seed=8/1213_014832/model_best.pth ...
2021-12-13 05:28:28,641 - trainer - INFO -     epoch          : 27
2021-12-13 05:28:28,641 - trainer - INFO -     loss           : 0.7470282766672657
2021-12-13 05:28:28,642 - trainer - INFO -     my_metric      : 3.7363411125319685
2021-12-13 05:28:28,642 - trainer - INFO -     my_metric2     : 3.996990888746803
2021-12-13 05:28:28,643 - trainer - INFO -     learning rate  : [0.001, 0.001, 0.001, 0.001]
2021-12-13 05:28:28,643 - trainer - INFO -     val_loss       : 0.1283025236427784
2021-12-13 05:28:28,644 - trainer - INFO -     val_my_metric  : 0.9579999999999999
2021-12-13 05:28:28,644 - trainer - INFO -     val_my_metric2 : 1.0
2021-12-13 05:28:28,645 - trainer - INFO -     test_loss      : 0.4268488244712353
2021-12-13 05:28:28,645 - trainer - INFO -     test_my_metric : 0.8621
2021-12-13 05:28:28,646 - trainer - INFO -     test_my_metric2: 0.9936999999999991
2021-12-13 05:28:28,810 - trainer - INFO - Saving current best: model_best.pth at: saved/models/Robust_WideResNet16_4_conv_CIFAR10DataLoaderResNet16_4-num_classes-10-norm_layer_type-no-conv_layer_type-prec_conv-linear_layer_type-linear-activation_layer_type-relu-Seed=8/1213_014832/model_best.pth ...
2021-12-13 05:36:35,971 - trainer - INFO -     epoch          : 28
2021-12-13 05:36:35,973 - trainer - INFO -     loss           : 0.7528072048474075
2021-12-13 05:36:35,973 - trainer - INFO -     my_metric      : 3.734842551150895
2021-12-13 05:36:35,974 - trainer - INFO -     my_metric2     : 3.9971787084398973
2021-12-13 05:36:35,974 - trainer - INFO -     learning rate  : [0.001, 0.001, 0.001, 0.001]
2021-12-13 05:36:35,975 - trainer - INFO -     val_loss       : 0.1246622584015131
2021-12-13 05:36:35,975 - trainer - INFO -     val_my_metric  : 0.9590000000000002
2021-12-13 05:36:35,976 - trainer - INFO -     val_my_metric2 : 1.0
2021-12-13 05:36:35,976 - trainer - INFO -     test_loss      : 0.41116621568799017
2021-12-13 05:36:35,976 - trainer - INFO -     test_my_metric : 0.8632999999999998
2021-12-13 05:36:35,977 - trainer - INFO -     test_my_metric2: 0.9937999999999994
2021-12-13 05:36:36,139 - trainer - INFO - Saving current best: model_best.pth at: saved/models/Robust_WideResNet16_4_conv_CIFAR10DataLoaderResNet16_4-num_classes-10-norm_layer_type-no-conv_layer_type-prec_conv-linear_layer_type-linear-activation_layer_type-relu-Seed=8/1213_014832/model_best.pth ...
2021-12-13 05:44:43,411 - trainer - INFO -     epoch          : 29
2021-12-13 05:44:43,412 - trainer - INFO -     loss           : 0.6898343058164849
2021-12-13 05:44:43,413 - trainer - INFO -     my_metric      : 3.754000159846547
2021-12-13 05:44:43,413 - trainer - INFO -     my_metric2     : 3.9978620524296673
2021-12-13 05:44:43,414 - trainer - INFO -     learning rate  : [0.001, 0.001, 0.001, 0.001]
2021-12-13 05:44:43,414 - trainer - INFO -     val_loss       : 0.12550665825605392
2021-12-13 05:44:43,415 - trainer - INFO -     val_my_metric  : 0.9564000000000001
2021-12-13 05:44:43,415 - trainer - INFO -     val_my_metric2 : 0.9998
2021-12-13 05:44:43,416 - trainer - INFO -     test_loss      : 0.4427057635784149
2021-12-13 05:44:43,416 - trainer - INFO -     test_my_metric : 0.8603000000000003
2021-12-13 05:44:43,417 - trainer - INFO -     test_my_metric2: 0.9930999999999996
2021-12-13 05:44:43,601 - trainer - INFO - Saving current model: current model save at: saved/models/Robust_WideResNet16_4_conv_CIFAR10DataLoaderResNet16_4-num_classes-10-norm_layer_type-no-conv_layer_type-prec_conv-linear_layer_type-linear-activation_layer_type-relu-Seed=8/1213_014832/model_epoch_29.pth ...
2021-12-13 05:52:51,331 - trainer - INFO -     epoch          : 30
2021-12-13 05:52:51,332 - trainer - INFO -     loss           : 0.6091005375127658
2021-12-13 05:52:51,333 - trainer - INFO -     my_metric      : 3.785925511508951
2021-12-13 05:52:51,333 - trainer - INFO -     my_metric2     : 3.9982816496163682
2021-12-13 05:52:51,334 - trainer - INFO -     learning rate  : [0.001, 0.001, 0.001, 0.001]
2021-12-13 05:52:51,334 - trainer - INFO -     val_loss       : 0.10586529269814492
2021-12-13 05:52:51,335 - trainer - INFO -     val_my_metric  : 0.9649999999999995
2021-12-13 05:52:51,335 - trainer - INFO -     val_my_metric2 : 0.9997999999999999
2021-12-13 05:52:51,336 - trainer - INFO -     test_loss      : 0.45325018748641016
2021-12-13 05:52:51,336 - trainer - INFO -     test_my_metric : 0.8568999999999997
2021-12-13 05:52:51,337 - trainer - INFO -     test_my_metric2: 0.9940999999999995
2021-12-13 05:52:51,532 - trainer - INFO - Saving current best: model_best.pth at: saved/models/Robust_WideResNet16_4_conv_CIFAR10DataLoaderResNet16_4-num_classes-10-norm_layer_type-no-conv_layer_type-prec_conv-linear_layer_type-linear-activation_layer_type-relu-Seed=8/1213_014832/model_best.pth ...
2021-12-13 06:00:59,055 - trainer - INFO -     epoch          : 31
2021-12-13 06:00:59,057 - trainer - INFO -     loss           : 0.6220003048296247
2021-12-13 06:00:59,057 - trainer - INFO -     my_metric      : 3.7849944053708438
2021-12-13 06:00:59,057 - trainer - INFO -     my_metric2     : 3.997822090792839
2021-12-13 06:00:59,058 - trainer - INFO -     learning rate  : [0.001, 0.001, 0.001, 0.001]
2021-12-13 06:00:59,059 - trainer - INFO -     val_loss       : 0.09571118500083685
2021-12-13 06:00:59,059 - trainer - INFO -     val_my_metric  : 0.9649999999999997
2021-12-13 06:00:59,060 - trainer - INFO -     val_my_metric2 : 0.9995999999999999
2021-12-13 06:00:59,060 - trainer - INFO -     test_loss      : 0.49741226583719256
2021-12-13 06:00:59,060 - trainer - INFO -     test_my_metric : 0.8616999999999999
2021-12-13 06:00:59,061 - trainer - INFO -     test_my_metric2: 0.9937999999999994
2021-12-13 06:00:59,252 - trainer - INFO - Saving current best: model_best.pth at: saved/models/Robust_WideResNet16_4_conv_CIFAR10DataLoaderResNet16_4-num_classes-10-norm_layer_type-no-conv_layer_type-prec_conv-linear_layer_type-linear-activation_layer_type-relu-Seed=8/1213_014832/model_best.pth ...
2021-12-13 06:09:06,976 - trainer - INFO -     epoch          : 32
2021-12-13 06:09:06,977 - trainer - INFO -     loss           : 0.47600190139011195
2021-12-13 06:09:06,978 - trainer - INFO -     my_metric      : 3.8361253196930947
2021-12-13 06:09:06,978 - trainer - INFO -     my_metric2     : 3.9986812659846547
2021-12-13 06:09:06,978 - trainer - INFO -     learning rate  : [0.001, 0.001, 0.001, 0.001]
2021-12-13 06:09:06,979 - trainer - INFO -     val_loss       : 0.07884343586862087
2021-12-13 06:09:06,979 - trainer - INFO -     val_my_metric  : 0.9731999999999995
2021-12-13 06:09:06,980 - trainer - INFO -     val_my_metric2 : 1.0
2021-12-13 06:09:06,980 - trainer - INFO -     test_loss      : 0.4923060756921768
2021-12-13 06:09:06,981 - trainer - INFO -     test_my_metric : 0.8609000000000004
2021-12-13 06:09:06,981 - trainer - INFO -     test_my_metric2: 0.9941999999999996
2021-12-13 06:09:07,154 - trainer - INFO - Saving current best: model_best.pth at: saved/models/Robust_WideResNet16_4_conv_CIFAR10DataLoaderResNet16_4-num_classes-10-norm_layer_type-no-conv_layer_type-prec_conv-linear_layer_type-linear-activation_layer_type-relu-Seed=8/1213_014832/model_best.pth ...
2021-12-13 06:17:14,757 - trainer - INFO -     epoch          : 33
2021-12-13 06:17:14,758 - trainer - INFO -     loss           : 0.41415196434711404
2021-12-13 06:17:14,758 - trainer - INFO -     my_metric      : 3.8575807225063934
2021-12-13 06:17:14,758 - trainer - INFO -     my_metric2     : 3.998941016624041
2021-12-13 06:17:14,759 - trainer - INFO -     learning rate  : [0.001, 0.001, 0.001, 0.001]
2021-12-13 06:17:14,760 - trainer - INFO -     val_loss       : 0.0922007205337286
2021-12-13 06:17:14,760 - trainer - INFO -     val_my_metric  : 0.9686
2021-12-13 06:17:14,761 - trainer - INFO -     val_my_metric2 : 1.0
2021-12-13 06:17:14,761 - trainer - INFO -     test_loss      : 0.5226795165240765
2021-12-13 06:17:14,762 - trainer - INFO -     test_my_metric : 0.8582000000000002
2021-12-13 06:17:14,762 - trainer - INFO -     test_my_metric2: 0.9933999999999996
2021-12-13 06:17:14,933 - trainer - INFO - Saving current model: current model save at: saved/models/Robust_WideResNet16_4_conv_CIFAR10DataLoaderResNet16_4-num_classes-10-norm_layer_type-no-conv_layer_type-prec_conv-linear_layer_type-linear-activation_layer_type-relu-Seed=8/1213_014832/model_epoch_33.pth ...
2021-12-13 06:25:22,565 - trainer - INFO -     epoch          : 34
2021-12-13 06:25:22,566 - trainer - INFO -     loss           : 0.37087985283464114
2021-12-13 06:25:22,567 - trainer - INFO -     my_metric      : 3.8750359654731454
2021-12-13 06:25:22,568 - trainer - INFO -     my_metric2     : 3.999320652173913
2021-12-13 06:25:22,568 - trainer - INFO -     learning rate  : [0.001, 0.001, 0.001, 0.001]
2021-12-13 06:25:22,569 - trainer - INFO -     val_loss       : 0.0922549033164978
2021-12-13 06:25:22,569 - trainer - INFO -     val_my_metric  : 0.9667999999999998
2021-12-13 06:25:22,570 - trainer - INFO -     val_my_metric2 : 0.9998
2021-12-13 06:25:22,570 - trainer - INFO -     test_loss      : 0.5649366764724255
2021-12-13 06:25:22,571 - trainer - INFO -     test_my_metric : 0.8546
2021-12-13 06:25:22,571 - trainer - INFO -     test_my_metric2: 0.9919999999999995
2021-12-13 06:25:22,751 - trainer - INFO - Saving current model: current model save at: saved/models/Robust_WideResNet16_4_conv_CIFAR10DataLoaderResNet16_4-num_classes-10-norm_layer_type-no-conv_layer_type-prec_conv-linear_layer_type-linear-activation_layer_type-relu-Seed=8/1213_014832/model_epoch_34.pth ...
2021-12-13 06:33:30,423 - trainer - INFO -     epoch          : 35
2021-12-13 06:33:30,424 - trainer - INFO -     loss           : 0.32891930094288896
2021-12-13 06:33:30,424 - trainer - INFO -     my_metric      : 3.8938658887468027
2021-12-13 06:33:30,425 - trainer - INFO -     my_metric2     : 3.999080882352941
2021-12-13 06:33:30,426 - trainer - INFO -     learning rate  : [0.001, 0.001, 0.001, 0.001]
2021-12-13 06:33:30,426 - trainer - INFO -     val_loss       : 0.08674823965877294
2021-12-13 06:33:30,427 - trainer - INFO -     val_my_metric  : 0.9702000000000001
2021-12-13 06:33:30,427 - trainer - INFO -     val_my_metric2 : 1.0
2021-12-13 06:33:30,428 - trainer - INFO -     test_loss      : 0.5131014829874039
2021-12-13 06:33:30,428 - trainer - INFO -     test_my_metric : 0.8562999999999996
2021-12-13 06:33:30,429 - trainer - INFO -     test_my_metric2: 0.9934999999999999
2021-12-13 06:33:30,584 - trainer - INFO - Saving current model: current model save at: saved/models/Robust_WideResNet16_4_conv_CIFAR10DataLoaderResNet16_4-num_classes-10-norm_layer_type-no-conv_layer_type-prec_conv-linear_layer_type-linear-activation_layer_type-relu-Seed=8/1213_014832/model_epoch_35.pth ...
2021-12-13 06:41:38,162 - trainer - INFO -     epoch          : 36
2021-12-13 06:41:38,164 - trainer - INFO -     loss           : 0.287006168102231
2021-12-13 06:41:38,165 - trainer - INFO -     my_metric      : 3.9075207800511502
2021-12-13 06:41:38,165 - trainer - INFO -     my_metric2     : 3.9996603260869565
2021-12-13 06:41:38,166 - trainer - INFO -     learning rate  : [0.001, 0.001, 0.001, 0.001]
2021-12-13 06:41:38,166 - trainer - INFO -     val_loss       : 0.08593059904873371
2021-12-13 06:41:38,167 - trainer - INFO -     val_my_metric  : 0.968
2021-12-13 06:41:38,167 - trainer - INFO -     val_my_metric2 : 1.0
2021-12-13 06:41:38,168 - trainer - INFO -     test_loss      : 0.5781542935967445
2021-12-13 06:41:38,168 - trainer - INFO -     test_my_metric : 0.8512000000000001
2021-12-13 06:41:38,169 - trainer - INFO -     test_my_metric2: 0.9925999999999999
2021-12-13 06:41:38,346 - trainer - INFO - Saving current model: current model save at: saved/models/Robust_WideResNet16_4_conv_CIFAR10DataLoaderResNet16_4-num_classes-10-norm_layer_type-no-conv_layer_type-prec_conv-linear_layer_type-linear-activation_layer_type-relu-Seed=8/1213_014832/model_epoch_36.pth ...
2021-12-13 06:49:45,984 - trainer - INFO -     epoch          : 37
2021-12-13 06:49:45,985 - trainer - INFO -     loss           : 0.28372662086182693
2021-12-13 06:49:45,986 - trainer - INFO -     my_metric      : 3.9056945332480817
2021-12-13 06:49:45,986 - trainer - INFO -     my_metric2     : 3.999620364450128
2021-12-13 06:49:45,987 - trainer - INFO -     learning rate  : [0.001, 0.001, 0.001, 0.001]
2021-12-13 06:49:45,988 - trainer - INFO -     val_loss       : 0.12088790372014045
2021-12-13 06:49:45,988 - trainer - INFO -     val_my_metric  : 0.9550000000000003
2021-12-13 06:49:45,989 - trainer - INFO -     val_my_metric2 : 0.9998
2021-12-13 06:49:45,989 - trainer - INFO -     test_loss      : 0.594696498811245
2021-12-13 06:49:45,990 - trainer - INFO -     test_my_metric : 0.8435999999999999
2021-12-13 06:49:45,990 - trainer - INFO -     test_my_metric2: 0.9915999999999996
2021-12-13 06:49:46,146 - trainer - INFO - Saving current model: current model save at: saved/models/Robust_WideResNet16_4_conv_CIFAR10DataLoaderResNet16_4-num_classes-10-norm_layer_type-no-conv_layer_type-prec_conv-linear_layer_type-linear-activation_layer_type-relu-Seed=8/1213_014832/model_epoch_37.pth ...
2021-12-13 06:57:54,012 - trainer - INFO -     epoch          : 38
2021-12-13 06:57:54,013 - trainer - INFO -     loss           : 0.2503278065911111
2021-12-13 06:57:54,013 - trainer - INFO -     my_metric      : 3.916999680306905
2021-12-13 06:57:54,014 - trainer - INFO -     my_metric2     : 3.9996003836317136
2021-12-13 06:57:54,014 - trainer - INFO -     learning rate  : [0.001, 0.001, 0.001, 0.001]
2021-12-13 06:57:54,015 - trainer - INFO -     val_loss       : 0.15236901938915254
2021-12-13 06:57:54,016 - trainer - INFO -     val_my_metric  : 0.9455999999999998
2021-12-13 06:57:54,017 - trainer - INFO -     val_my_metric2 : 0.9992
2021-12-13 06:57:54,017 - trainer - INFO -     test_loss      : 0.6272683349251748
2021-12-13 06:57:54,018 - trainer - INFO -     test_my_metric : 0.8326000000000002
2021-12-13 06:57:54,018 - trainer - INFO -     test_my_metric2: 0.9913999999999997
2021-12-13 06:57:54,176 - trainer - INFO - Saving current model: current model save at: saved/models/Robust_WideResNet16_4_conv_CIFAR10DataLoaderResNet16_4-num_classes-10-norm_layer_type-no-conv_layer_type-prec_conv-linear_layer_type-linear-activation_layer_type-relu-Seed=8/1213_014832/model_epoch_38.pth ...
2021-12-13 07:06:02,007 - trainer - INFO -     epoch          : 39
2021-12-13 07:06:02,008 - trainer - INFO -     loss           : 0.24501089360136205
2021-12-13 07:06:02,008 - trainer - INFO -     my_metric      : 3.919541240409207
2021-12-13 07:06:02,009 - trainer - INFO -     my_metric2     : 3.9996603260869565
2021-12-13 07:06:02,009 - trainer - INFO -     learning rate  : [0.001, 0.001, 0.001, 0.001]
2021-12-13 07:06:02,010 - trainer - INFO -     val_loss       : 0.055900653433054684
2021-12-13 07:06:02,010 - trainer - INFO -     val_my_metric  : 0.9819999999999998
2021-12-13 07:06:02,011 - trainer - INFO -     val_my_metric2 : 1.0
2021-12-13 07:06:02,011 - trainer - INFO -     test_loss      : 0.5472197616100312
2021-12-13 07:06:02,012 - trainer - INFO -     test_my_metric : 0.8625
2021-12-13 07:06:02,012 - trainer - INFO -     test_my_metric2: 0.9941999999999994
2021-12-13 07:06:02,204 - trainer - INFO - Saving current best: model_best.pth at: saved/models/Robust_WideResNet16_4_conv_CIFAR10DataLoaderResNet16_4-num_classes-10-norm_layer_type-no-conv_layer_type-prec_conv-linear_layer_type-linear-activation_layer_type-relu-Seed=8/1213_014832/model_best.pth ...
2021-12-13 07:14:09,971 - trainer - INFO -     epoch          : 40
2021-12-13 07:14:09,972 - trainer - INFO -     loss           : 0.18925189712564783
2021-12-13 07:14:09,973 - trainer - INFO -     my_metric      : 3.937851662404092
2021-12-13 07:14:09,973 - trainer - INFO -     my_metric2     : 3.9999000959079285
2021-12-13 07:14:09,974 - trainer - INFO -     learning rate  : [0.001, 0.001, 0.001, 0.001]
2021-12-13 07:14:09,975 - trainer - INFO -     val_loss       : 0.06102952364832163
2021-12-13 07:14:09,975 - trainer - INFO -     val_my_metric  : 0.9789999999999999
2021-12-13 07:14:09,976 - trainer - INFO -     val_my_metric2 : 1.0
2021-12-13 07:14:09,977 - trainer - INFO -     test_loss      : 0.5991049188375474
2021-12-13 07:14:09,977 - trainer - INFO -     test_my_metric : 0.8567999999999997
2021-12-13 07:14:09,978 - trainer - INFO -     test_my_metric2: 0.9933999999999993
2021-12-13 07:14:10,153 - trainer - INFO - Saving current model: current model save at: saved/models/Robust_WideResNet16_4_conv_CIFAR10DataLoaderResNet16_4-num_classes-10-norm_layer_type-no-conv_layer_type-prec_conv-linear_layer_type-linear-activation_layer_type-relu-Seed=8/1213_014832/model_epoch_40.pth ...
