2021-12-14 19:46:30,483 - train - INFO - Trainable parameters: 175066
2021-12-14 19:47:40,460 - trainer - INFO -     epoch          : 1
2021-12-14 19:47:40,461 - trainer - INFO -     loss           : 7.8985847621927485
2021-12-14 19:47:40,462 - trainer - INFO -     my_metric      : 1.039498081841432
2021-12-14 19:47:40,463 - trainer - INFO -     my_metric2     : 3.1444373401534524
2021-12-14 19:47:40,463 - trainer - INFO -     learning rate  : [0.001, 0.001, 0.001, 0.001]
2021-12-14 19:47:40,464 - trainer - INFO -     val_loss       : 1.5917089319229125
2021-12-14 19:47:40,465 - trainer - INFO -     val_my_metric  : 0.43579999999999997
2021-12-14 19:47:40,465 - trainer - INFO -     val_my_metric2 : 0.9108000000000002
2021-12-14 19:47:40,466 - trainer - INFO -     test_loss      : 1.5879054951667786
2021-12-14 19:47:40,467 - trainer - INFO -     test_my_metric : 0.43529999999999974
2021-12-14 19:47:40,468 - trainer - INFO -     test_my_metric2: 0.9096000000000001
2021-12-14 19:47:40,524 - trainer - INFO - Saving current best: model_best.pth at: saved/models/Robust_WideResNet16_1_BN_CIFAR10DataLoaderResNet16_1-num_classes-10-norm_layer_type-bn-conv_layer_type-conv-linear_layer_type-linear-activation_layer_type-relu-Seed=8/1214_194624/model_best.pth ...
2021-12-14 19:48:48,326 - trainer - INFO -     epoch          : 2
2021-12-14 19:48:48,328 - trainer - INFO -     loss           : 7.251766471606691
2021-12-14 19:48:48,328 - trainer - INFO -     my_metric      : 1.286548913043478
2021-12-14 19:48:48,329 - trainer - INFO -     my_metric2     : 3.393390345268542
2021-12-14 19:48:48,330 - trainer - INFO -     learning rate  : [0.001, 0.001, 0.001, 0.001]
2021-12-14 19:48:48,330 - trainer - INFO -     val_loss       : 1.4339732217788697
2021-12-14 19:48:48,331 - trainer - INFO -     val_my_metric  : 0.47420000000000007
2021-12-14 19:48:48,331 - trainer - INFO -     val_my_metric2 : 0.9304000000000002
2021-12-14 19:48:48,332 - trainer - INFO -     test_loss      : 1.4330358850955962
2021-12-14 19:48:48,333 - trainer - INFO -     test_my_metric : 0.4704999999999998
2021-12-14 19:48:48,334 - trainer - INFO -     test_my_metric2: 0.9342000000000001
2021-12-14 19:48:48,382 - trainer - INFO - Saving current best: model_best.pth at: saved/models/Robust_WideResNet16_1_BN_CIFAR10DataLoaderResNet16_1-num_classes-10-norm_layer_type-bn-conv_layer_type-conv-linear_layer_type-linear-activation_layer_type-relu-Seed=8/1214_194624/model_best.pth ...
2021-12-14 19:49:57,180 - trainer - INFO -     epoch          : 3
2021-12-14 19:49:57,181 - trainer - INFO -     loss           : 6.939184297990921
2021-12-14 19:49:57,182 - trainer - INFO -     my_metric      : 1.39213155370844
2021-12-14 19:49:57,183 - trainer - INFO -     my_metric2     : 3.4712316176470583
2021-12-14 19:49:57,183 - trainer - INFO -     learning rate  : [0.001, 0.001, 0.001, 0.001]
2021-12-14 19:49:57,184 - trainer - INFO -     val_loss       : 1.3795840382575988
2021-12-14 19:49:57,185 - trainer - INFO -     val_my_metric  : 0.5169999999999999
2021-12-14 19:49:57,185 - trainer - INFO -     val_my_metric2 : 0.9392
2021-12-14 19:49:57,186 - trainer - INFO -     test_loss      : 1.3922977590560912
2021-12-14 19:49:57,187 - trainer - INFO -     test_my_metric : 0.5061
2021-12-14 19:49:57,188 - trainer - INFO -     test_my_metric2: 0.9373000000000006
2021-12-14 19:49:57,226 - trainer - INFO - Saving current best: model_best.pth at: saved/models/Robust_WideResNet16_1_BN_CIFAR10DataLoaderResNet16_1-num_classes-10-norm_layer_type-bn-conv_layer_type-conv-linear_layer_type-linear-activation_layer_type-relu-Seed=8/1214_194624/model_best.pth ...
2021-12-14 19:51:07,187 - trainer - INFO -     epoch          : 4
2021-12-14 19:51:07,194 - trainer - INFO -     loss           : 6.735935414233781
2021-12-14 19:51:07,194 - trainer - INFO -     my_metric      : 1.4774296675191818
2021-12-14 19:51:07,195 - trainer - INFO -     my_metric2     : 3.522666240409207
2021-12-14 19:51:07,196 - trainer - INFO -     learning rate  : [0.001, 0.001, 0.001, 0.001]
2021-12-14 19:51:07,197 - trainer - INFO -     val_loss       : 1.2414127397537231
2021-12-14 19:51:07,198 - trainer - INFO -     val_my_metric  : 0.5638000000000001
2021-12-14 19:51:07,198 - trainer - INFO -     val_my_metric2 : 0.9551999999999999
2021-12-14 19:51:07,199 - trainer - INFO -     test_loss      : 1.2522464716434478
2021-12-14 19:51:07,200 - trainer - INFO -     test_my_metric : 0.5671
2021-12-14 19:51:07,201 - trainer - INFO -     test_my_metric2: 0.9522999999999999
2021-12-14 19:51:07,238 - trainer - INFO - Saving current best: model_best.pth at: saved/models/Robust_WideResNet16_1_BN_CIFAR10DataLoaderResNet16_1-num_classes-10-norm_layer_type-bn-conv_layer_type-conv-linear_layer_type-linear-activation_layer_type-relu-Seed=8/1214_194624/model_best.pth ...
2021-12-14 19:52:17,798 - trainer - INFO -     epoch          : 5
2021-12-14 19:52:17,800 - trainer - INFO -     loss           : 6.564743642916765
2021-12-14 19:52:17,801 - trainer - INFO -     my_metric      : 1.5412324168797955
2021-12-14 19:52:17,801 - trainer - INFO -     my_metric2     : 3.5457680626598465
2021-12-14 19:52:17,802 - trainer - INFO -     learning rate  : [0.001, 0.001, 0.001, 0.001]
2021-12-14 19:52:17,803 - trainer - INFO -     val_loss       : 1.2165940260887147
2021-12-14 19:52:17,804 - trainer - INFO -     val_my_metric  : 0.5690000000000001
2021-12-14 19:52:17,804 - trainer - INFO -     val_my_metric2 : 0.9483999999999996
2021-12-14 19:52:17,805 - trainer - INFO -     test_loss      : 1.2252347958087921
2021-12-14 19:52:17,806 - trainer - INFO -     test_my_metric : 0.5643999999999998
2021-12-14 19:52:17,807 - trainer - INFO -     test_my_metric2: 0.9517
2021-12-14 19:52:17,837 - trainer - INFO - Saving current best: model_best.pth at: saved/models/Robust_WideResNet16_1_BN_CIFAR10DataLoaderResNet16_1-num_classes-10-norm_layer_type-bn-conv_layer_type-conv-linear_layer_type-linear-activation_layer_type-relu-Seed=8/1214_194624/model_best.pth ...
2021-12-14 19:53:28,373 - trainer - INFO -     epoch          : 6
2021-12-14 19:53:28,374 - trainer - INFO -     loss           : 6.436264635047035
2021-12-14 19:53:28,374 - trainer - INFO -     my_metric      : 1.5942335358056268
2021-12-14 19:53:28,375 - trainer - INFO -     my_metric2     : 3.5737611892583128
2021-12-14 19:53:28,376 - trainer - INFO -     learning rate  : [0.001, 0.001, 0.001, 0.001]
2021-12-14 19:53:28,376 - trainer - INFO -     val_loss       : 1.1497492909431457
2021-12-14 19:53:28,377 - trainer - INFO -     val_my_metric  : 0.6015999999999998
2021-12-14 19:53:28,378 - trainer - INFO -     val_my_metric2 : 0.9648
2021-12-14 19:53:28,378 - trainer - INFO -     test_loss      : 1.1618689328432084
2021-12-14 19:53:28,379 - trainer - INFO -     test_my_metric : 0.6045
2021-12-14 19:53:28,380 - trainer - INFO -     test_my_metric2: 0.9612999999999997
2021-12-14 19:53:28,428 - trainer - INFO - Saving current best: model_best.pth at: saved/models/Robust_WideResNet16_1_BN_CIFAR10DataLoaderResNet16_1-num_classes-10-norm_layer_type-bn-conv_layer_type-conv-linear_layer_type-linear-activation_layer_type-relu-Seed=8/1214_194624/model_best.pth ...
2021-12-14 19:54:38,892 - trainer - INFO -     epoch          : 7
2021-12-14 19:54:38,893 - trainer - INFO -     loss           : 6.320823302964115
2021-12-14 19:54:38,893 - trainer - INFO -     my_metric      : 1.632113171355499
2021-12-14 19:54:38,895 - trainer - INFO -     my_metric2     : 3.5928268861892576
2021-12-14 19:54:38,895 - trainer - INFO -     learning rate  : [0.001, 0.001, 0.001, 0.001]
2021-12-14 19:54:38,896 - trainer - INFO -     val_loss       : 1.125791882276535
2021-12-14 19:54:38,898 - trainer - INFO -     val_my_metric  : 0.6138
2021-12-14 19:54:38,898 - trainer - INFO -     val_my_metric2 : 0.964
2021-12-14 19:54:38,898 - trainer - INFO -     test_loss      : 1.1363365721702576
2021-12-14 19:54:38,899 - trainer - INFO -     test_my_metric : 0.6106999999999999
2021-12-14 19:54:38,899 - trainer - INFO -     test_my_metric2: 0.9633999999999999
2021-12-14 19:54:38,940 - trainer - INFO - Saving current best: model_best.pth at: saved/models/Robust_WideResNet16_1_BN_CIFAR10DataLoaderResNet16_1-num_classes-10-norm_layer_type-bn-conv_layer_type-conv-linear_layer_type-linear-activation_layer_type-relu-Seed=8/1214_194624/model_best.pth ...
2021-12-14 19:55:49,534 - trainer - INFO -     epoch          : 8
2021-12-14 19:55:49,535 - trainer - INFO -     loss           : 6.229864196399289
2021-12-14 19:55:49,536 - trainer - INFO -     my_metric      : 1.6691536125319695
2021-12-14 19:55:49,537 - trainer - INFO -     my_metric2     : 3.608347985933504
2021-12-14 19:55:49,537 - trainer - INFO -     learning rate  : [0.001, 0.001, 0.001, 0.001]
2021-12-14 19:55:49,538 - trainer - INFO -     val_loss       : 1.0850770473480225
2021-12-14 19:55:49,539 - trainer - INFO -     val_my_metric  : 0.6177999999999999
2021-12-14 19:55:49,539 - trainer - INFO -     val_my_metric2 : 0.9640000000000001
2021-12-14 19:55:49,539 - trainer - INFO -     test_loss      : 1.0975366836786271
2021-12-14 19:55:49,540 - trainer - INFO -     test_my_metric : 0.6239000000000001
2021-12-14 19:55:49,541 - trainer - INFO -     test_my_metric2: 0.9654999999999997
2021-12-14 19:55:49,574 - trainer - INFO - Saving current best: model_best.pth at: saved/models/Robust_WideResNet16_1_BN_CIFAR10DataLoaderResNet16_1-num_classes-10-norm_layer_type-bn-conv_layer_type-conv-linear_layer_type-linear-activation_layer_type-relu-Seed=8/1214_194624/model_best.pth ...
2021-12-14 19:57:00,438 - trainer - INFO -     epoch          : 9
2021-12-14 19:57:00,440 - trainer - INFO -     loss           : 6.142182816782266
2021-12-14 19:57:00,441 - trainer - INFO -     my_metric      : 1.7076806265984652
2021-12-14 19:57:00,441 - trainer - INFO -     my_metric2     : 3.6223265664961635
2021-12-14 19:57:00,445 - trainer - INFO -     learning rate  : [0.001, 0.001, 0.001, 0.001]
2021-12-14 19:57:00,445 - trainer - INFO -     val_loss       : 1.0721986746788026
2021-12-14 19:57:00,446 - trainer - INFO -     val_my_metric  : 0.6289999999999999
2021-12-14 19:57:00,446 - trainer - INFO -     val_my_metric2 : 0.9663999999999998
2021-12-14 19:57:00,446 - trainer - INFO -     test_loss      : 1.0804428684711456
2021-12-14 19:57:00,447 - trainer - INFO -     test_my_metric : 0.6319999999999999
2021-12-14 19:57:00,447 - trainer - INFO -     test_my_metric2: 0.9660999999999993
2021-12-14 19:57:00,484 - trainer - INFO - Saving current best: model_best.pth at: saved/models/Robust_WideResNet16_1_BN_CIFAR10DataLoaderResNet16_1-num_classes-10-norm_layer_type-bn-conv_layer_type-conv-linear_layer_type-linear-activation_layer_type-relu-Seed=8/1214_194624/model_best.pth ...
2021-12-14 19:58:11,074 - trainer - INFO -     epoch          : 10
2021-12-14 19:58:11,075 - trainer - INFO -     loss           : 6.091054003561854
2021-12-14 19:58:11,076 - trainer - INFO -     my_metric      : 1.724172794117647
2021-12-14 19:58:11,077 - trainer - INFO -     my_metric2     : 3.632808503836317
2021-12-14 19:58:11,077 - trainer - INFO -     learning rate  : [0.001, 0.001, 0.001, 0.001]
2021-12-14 19:58:11,078 - trainer - INFO -     val_loss       : 1.031454427242279
2021-12-14 19:58:11,079 - trainer - INFO -     val_my_metric  : 0.6314
2021-12-14 19:58:11,079 - trainer - INFO -     val_my_metric2 : 0.9671999999999998
2021-12-14 19:58:11,080 - trainer - INFO -     test_loss      : 1.0445113569498061
2021-12-14 19:58:11,081 - trainer - INFO -     test_my_metric : 0.6365999999999999
2021-12-14 19:58:11,082 - trainer - INFO -     test_my_metric2: 0.9686999999999998
2021-12-14 19:58:11,124 - trainer - INFO - Saving current best: model_best.pth at: saved/models/Robust_WideResNet16_1_BN_CIFAR10DataLoaderResNet16_1-num_classes-10-norm_layer_type-bn-conv_layer_type-conv-linear_layer_type-linear-activation_layer_type-relu-Seed=8/1214_194624/model_best.pth ...
2021-12-14 19:59:21,689 - trainer - INFO -     epoch          : 11
2021-12-14 19:59:21,691 - trainer - INFO -     loss           : 6.0298196513329625
2021-12-14 19:59:21,692 - trainer - INFO -     my_metric      : 1.7506114130434784
2021-12-14 19:59:21,692 - trainer - INFO -     my_metric2     : 3.6405570652173913
2021-12-14 19:59:21,693 - trainer - INFO -     learning rate  : [0.001, 0.001, 0.001, 0.001]
2021-12-14 19:59:21,694 - trainer - INFO -     val_loss       : 1.038460168838501
2021-12-14 19:59:21,695 - trainer - INFO -     val_my_metric  : 0.6404000000000002
2021-12-14 19:59:21,695 - trainer - INFO -     val_my_metric2 : 0.9713999999999997
2021-12-14 19:59:21,696 - trainer - INFO -     test_loss      : 1.0564408850669862
2021-12-14 19:59:21,697 - trainer - INFO -     test_my_metric : 0.6293999999999995
2021-12-14 19:59:21,697 - trainer - INFO -     test_my_metric2: 0.9711999999999997
2021-12-14 19:59:21,750 - trainer - INFO - Saving current best: model_best.pth at: saved/models/Robust_WideResNet16_1_BN_CIFAR10DataLoaderResNet16_1-num_classes-10-norm_layer_type-bn-conv_layer_type-conv-linear_layer_type-linear-activation_layer_type-relu-Seed=8/1214_194624/model_best.pth ...
2021-12-14 20:00:32,669 - trainer - INFO -     epoch          : 12
2021-12-14 20:00:32,670 - trainer - INFO -     loss           : 5.969978840454765
2021-12-14 20:00:32,671 - trainer - INFO -     my_metric      : 1.776178868286445
2021-12-14 20:00:32,672 - trainer - INFO -     my_metric2     : 3.649732257033248
2021-12-14 20:00:32,672 - trainer - INFO -     learning rate  : [0.001, 0.001, 0.001, 0.001]
2021-12-14 20:00:32,673 - trainer - INFO -     val_loss       : 1.0297577714920043
2021-12-14 20:00:32,674 - trainer - INFO -     val_my_metric  : 0.6421999999999999
2021-12-14 20:00:32,674 - trainer - INFO -     val_my_metric2 : 0.9724000000000003
2021-12-14 20:00:32,675 - trainer - INFO -     test_loss      : 1.0474049735069275
2021-12-14 20:00:32,676 - trainer - INFO -     test_my_metric : 0.6433999999999999
2021-12-14 20:00:32,676 - trainer - INFO -     test_my_metric2: 0.9709999999999998
2021-12-14 20:00:32,727 - trainer - INFO - Saving current best: model_best.pth at: saved/models/Robust_WideResNet16_1_BN_CIFAR10DataLoaderResNet16_1-num_classes-10-norm_layer_type-bn-conv_layer_type-conv-linear_layer_type-linear-activation_layer_type-relu-Seed=8/1214_194624/model_best.pth ...
2021-12-14 20:01:43,441 - trainer - INFO -     epoch          : 13
2021-12-14 20:01:43,443 - trainer - INFO -     loss           : 5.936657972500452
2021-12-14 20:01:43,444 - trainer - INFO -     my_metric      : 1.788962595907928
2021-12-14 20:01:43,445 - trainer - INFO -     my_metric2     : 3.6554387787723788
2021-12-14 20:01:43,448 - trainer - INFO -     learning rate  : [0.001, 0.001, 0.001, 0.001]
2021-12-14 20:01:43,448 - trainer - INFO -     val_loss       : 0.9893512725830078
2021-12-14 20:01:43,449 - trainer - INFO -     val_my_metric  : 0.6566000000000001
2021-12-14 20:01:43,450 - trainer - INFO -     val_my_metric2 : 0.9749999999999998
2021-12-14 20:01:43,450 - trainer - INFO -     test_loss      : 1.0278794628381729
2021-12-14 20:01:43,451 - trainer - INFO -     test_my_metric : 0.6446999999999999
2021-12-14 20:01:43,452 - trainer - INFO -     test_my_metric2: 0.9685999999999992
2021-12-14 20:01:43,484 - trainer - INFO - Saving current best: model_best.pth at: saved/models/Robust_WideResNet16_1_BN_CIFAR10DataLoaderResNet16_1-num_classes-10-norm_layer_type-bn-conv_layer_type-conv-linear_layer_type-linear-activation_layer_type-relu-Seed=8/1214_194624/model_best.pth ...
2021-12-14 20:02:54,447 - trainer - INFO -     epoch          : 14
2021-12-14 20:02:54,448 - trainer - INFO -     loss           : 5.876945150020482
2021-12-14 20:02:54,449 - trainer - INFO -     my_metric      : 1.8051590473145775
2021-12-14 20:02:54,449 - trainer - INFO -     my_metric2     : 3.662731777493606
2021-12-14 20:02:54,450 - trainer - INFO -     learning rate  : [0.001, 0.001, 0.001, 0.001]
2021-12-14 20:02:54,451 - trainer - INFO -     val_loss       : 0.9973378610610962
2021-12-14 20:02:54,451 - trainer - INFO -     val_my_metric  : 0.6612000000000002
2021-12-14 20:02:54,452 - trainer - INFO -     val_my_metric2 : 0.9707999999999997
2021-12-14 20:02:54,452 - trainer - INFO -     test_loss      : 1.0085418611764907
2021-12-14 20:02:54,453 - trainer - INFO -     test_my_metric : 0.6624999999999998
2021-12-14 20:02:54,454 - trainer - INFO -     test_my_metric2: 0.9707999999999996
2021-12-14 20:02:54,495 - trainer - INFO - Saving current best: model_best.pth at: saved/models/Robust_WideResNet16_1_BN_CIFAR10DataLoaderResNet16_1-num_classes-10-norm_layer_type-bn-conv_layer_type-conv-linear_layer_type-linear-activation_layer_type-relu-Seed=8/1214_194624/model_best.pth ...
2021-12-14 20:04:05,637 - trainer - INFO -     epoch          : 15
2021-12-14 20:04:05,638 - trainer - INFO -     loss           : 5.854496902364599
2021-12-14 20:04:05,643 - trainer - INFO -     my_metric      : 1.8172953964194374
2021-12-14 20:04:05,643 - trainer - INFO -     my_metric2     : 3.6630354859335035
2021-12-14 20:04:05,644 - trainer - INFO -     learning rate  : [0.001, 0.001, 0.001, 0.001]
2021-12-14 20:04:05,645 - trainer - INFO -     val_loss       : 0.9574098801612854
2021-12-14 20:04:05,645 - trainer - INFO -     val_my_metric  : 0.6675999999999999
2021-12-14 20:04:05,646 - trainer - INFO -     val_my_metric2 : 0.9741999999999998
2021-12-14 20:04:05,647 - trainer - INFO -     test_loss      : 0.9804802429676056
2021-12-14 20:04:05,650 - trainer - INFO -     test_my_metric : 0.6587999999999997
2021-12-14 20:04:05,651 - trainer - INFO -     test_my_metric2: 0.9727999999999994
2021-12-14 20:04:05,691 - trainer - INFO - Saving current best: model_best.pth at: saved/models/Robust_WideResNet16_1_BN_CIFAR10DataLoaderResNet16_1-num_classes-10-norm_layer_type-bn-conv_layer_type-conv-linear_layer_type-linear-activation_layer_type-relu-Seed=8/1214_194624/model_best.pth ...
2021-12-14 20:05:16,652 - trainer - INFO -     epoch          : 16
2021-12-14 20:05:16,654 - trainer - INFO -     loss           : 5.806641097416353
2021-12-14 20:05:16,654 - trainer - INFO -     my_metric      : 1.8366648017902816
2021-12-14 20:05:16,655 - trainer - INFO -     my_metric2     : 3.671435421994884
2021-12-14 20:05:16,656 - trainer - INFO -     learning rate  : [0.001, 0.001, 0.001, 0.001]
2021-12-14 20:05:16,656 - trainer - INFO -     val_loss       : 0.9531880557537079
2021-12-14 20:05:16,657 - trainer - INFO -     val_my_metric  : 0.6838
2021-12-14 20:05:16,658 - trainer - INFO -     val_my_metric2 : 0.9765999999999999
2021-12-14 20:05:16,658 - trainer - INFO -     test_loss      : 0.9737501484155655
2021-12-14 20:05:16,659 - trainer - INFO -     test_my_metric : 0.6759
2021-12-14 20:05:16,660 - trainer - INFO -     test_my_metric2: 0.9746999999999995
2021-12-14 20:05:16,693 - trainer - INFO - Saving current best: model_best.pth at: saved/models/Robust_WideResNet16_1_BN_CIFAR10DataLoaderResNet16_1-num_classes-10-norm_layer_type-bn-conv_layer_type-conv-linear_layer_type-linear-activation_layer_type-relu-Seed=8/1214_194624/model_best.pth ...
2021-12-14 20:06:27,233 - trainer - INFO -     epoch          : 17
2021-12-14 20:06:27,238 - trainer - INFO -     loss           : 5.782978587138379
2021-12-14 20:06:27,239 - trainer - INFO -     my_metric      : 1.845692135549872
2021-12-14 20:06:27,239 - trainer - INFO -     my_metric2     : 3.675103900255754
2021-12-14 20:06:27,240 - trainer - INFO -     learning rate  : [0.001, 0.001, 0.001, 0.001]
2021-12-14 20:06:27,241 - trainer - INFO -     val_loss       : 0.9194578492641449
2021-12-14 20:06:27,241 - trainer - INFO -     val_my_metric  : 0.687
2021-12-14 20:06:27,242 - trainer - INFO -     val_my_metric2 : 0.9777999999999996
2021-12-14 20:06:27,243 - trainer - INFO -     test_loss      : 0.9340225154161453
2021-12-14 20:06:27,243 - trainer - INFO -     test_my_metric : 0.6839999999999997
2021-12-14 20:06:27,244 - trainer - INFO -     test_my_metric2: 0.975599999999999
2021-12-14 20:06:27,281 - trainer - INFO - Saving current best: model_best.pth at: saved/models/Robust_WideResNet16_1_BN_CIFAR10DataLoaderResNet16_1-num_classes-10-norm_layer_type-bn-conv_layer_type-conv-linear_layer_type-linear-activation_layer_type-relu-Seed=8/1214_194624/model_best.pth ...
2021-12-14 20:07:38,101 - trainer - INFO -     epoch          : 18
2021-12-14 20:07:38,102 - trainer - INFO -     loss           : 5.757741450806103
2021-12-14 20:07:38,103 - trainer - INFO -     my_metric      : 1.8505434782608696
2021-12-14 20:07:38,103 - trainer - INFO -     my_metric2     : 3.6824608375959085
2021-12-14 20:07:38,104 - trainer - INFO -     learning rate  : [0.001, 0.001, 0.001, 0.001]
2021-12-14 20:07:38,105 - trainer - INFO -     val_loss       : 0.948982322216034
2021-12-14 20:07:38,105 - trainer - INFO -     val_my_metric  : 0.6714
2021-12-14 20:07:38,106 - trainer - INFO -     val_my_metric2 : 0.9763999999999998
2021-12-14 20:07:38,106 - trainer - INFO -     test_loss      : 0.9741158968210221
2021-12-14 20:07:38,107 - trainer - INFO -     test_my_metric : 0.6690000000000002
2021-12-14 20:07:38,108 - trainer - INFO -     test_my_metric2: 0.9722999999999995
2021-12-14 20:07:38,139 - trainer - INFO - Saving current model: current model save at: saved/models/Robust_WideResNet16_1_BN_CIFAR10DataLoaderResNet16_1-num_classes-10-norm_layer_type-bn-conv_layer_type-conv-linear_layer_type-linear-activation_layer_type-relu-Seed=8/1214_194624/model_epoch_18.pth ...
2021-12-14 20:08:48,789 - trainer - INFO -     epoch          : 19
2021-12-14 20:08:48,790 - trainer - INFO -     loss           : 5.721393902131053
2021-12-14 20:08:48,791 - trainer - INFO -     my_metric      : 1.8689378196930948
2021-12-14 20:08:48,791 - trainer - INFO -     my_metric2     : 3.6835278132992317
2021-12-14 20:08:48,792 - trainer - INFO -     learning rate  : [0.001, 0.001, 0.001, 0.001]
2021-12-14 20:08:48,793 - trainer - INFO -     val_loss       : 0.921941932439804
2021-12-14 20:08:48,793 - trainer - INFO -     val_my_metric  : 0.684
2021-12-14 20:08:48,794 - trainer - INFO -     val_my_metric2 : 0.9783999999999997
2021-12-14 20:08:48,795 - trainer - INFO -     test_loss      : 0.9401252299547196
2021-12-14 20:08:48,795 - trainer - INFO -     test_my_metric : 0.6799999999999998
2021-12-14 20:08:48,796 - trainer - INFO -     test_my_metric2: 0.977199999999999
2021-12-14 20:08:48,834 - trainer - INFO - Saving current model: current model save at: saved/models/Robust_WideResNet16_1_BN_CIFAR10DataLoaderResNet16_1-num_classes-10-norm_layer_type-bn-conv_layer_type-conv-linear_layer_type-linear-activation_layer_type-relu-Seed=8/1214_194624/model_epoch_19.pth ...
2021-12-14 20:09:59,296 - trainer - INFO -     epoch          : 20
2021-12-14 20:09:59,297 - trainer - INFO -     loss           : 5.711869978996189
2021-12-14 20:09:59,297 - trainer - INFO -     my_metric      : 1.8693813938618924
2021-12-14 20:09:59,298 - trainer - INFO -     my_metric2     : 3.6827805306905375
2021-12-14 20:09:59,299 - trainer - INFO -     learning rate  : [0.001, 0.001, 0.001, 0.001]
2021-12-14 20:09:59,300 - trainer - INFO -     val_loss       : 0.9369165146350861
2021-12-14 20:09:59,301 - trainer - INFO -     val_my_metric  : 0.6839999999999999
2021-12-14 20:09:59,301 - trainer - INFO -     val_my_metric2 : 0.9782000000000001
2021-12-14 20:09:59,302 - trainer - INFO -     test_loss      : 0.9569713032245636
2021-12-14 20:09:59,303 - trainer - INFO -     test_my_metric : 0.6783000000000001
2021-12-14 20:09:59,303 - trainer - INFO -     test_my_metric2: 0.9761999999999993
2021-12-14 20:09:59,334 - trainer - INFO - Saving current model: current model save at: saved/models/Robust_WideResNet16_1_BN_CIFAR10DataLoaderResNet16_1-num_classes-10-norm_layer_type-bn-conv_layer_type-conv-linear_layer_type-linear-activation_layer_type-relu-Seed=8/1214_194624/model_epoch_20.pth ...
2021-12-14 20:11:09,808 - trainer - INFO -     epoch          : 21
2021-12-14 20:11:09,809 - trainer - INFO -     loss           : 5.6719754292532
2021-12-14 20:11:09,810 - trainer - INFO -     my_metric      : 1.8824208759590793
2021-12-14 20:11:09,810 - trainer - INFO -     my_metric2     : 3.689526054987213
2021-12-14 20:11:09,811 - trainer - INFO -     learning rate  : [0.001, 0.001, 0.001, 0.001]
2021-12-14 20:11:09,811 - trainer - INFO -     val_loss       : 0.9099889731407166
2021-12-14 20:11:09,812 - trainer - INFO -     val_my_metric  : 0.6892
2021-12-14 20:11:09,813 - trainer - INFO -     val_my_metric2 : 0.9773999999999999
2021-12-14 20:11:09,814 - trainer - INFO -     test_loss      : 0.9390163463354111
2021-12-14 20:11:09,815 - trainer - INFO -     test_my_metric : 0.6808999999999996
2021-12-14 20:11:09,815 - trainer - INFO -     test_my_metric2: 0.9745999999999997
2021-12-14 20:11:09,852 - trainer - INFO - Saving current best: model_best.pth at: saved/models/Robust_WideResNet16_1_BN_CIFAR10DataLoaderResNet16_1-num_classes-10-norm_layer_type-bn-conv_layer_type-conv-linear_layer_type-linear-activation_layer_type-relu-Seed=8/1214_194624/model_best.pth ...
2021-12-14 20:12:20,673 - trainer - INFO -     epoch          : 22
2021-12-14 20:12:20,675 - trainer - INFO -     loss           : 5.658718318737987
2021-12-14 20:12:20,676 - trainer - INFO -     my_metric      : 1.8946371483375959
2021-12-14 20:12:20,676 - trainer - INFO -     my_metric2     : 3.6921914961636833
2021-12-14 20:12:20,677 - trainer - INFO -     learning rate  : [0.001, 0.001, 0.001, 0.001]
2021-12-14 20:12:20,677 - trainer - INFO -     val_loss       : 0.9065135252475739
2021-12-14 20:12:20,678 - trainer - INFO -     val_my_metric  : 0.7049999999999998
2021-12-14 20:12:20,679 - trainer - INFO -     val_my_metric2 : 0.9795999999999998
2021-12-14 20:12:20,679 - trainer - INFO -     test_loss      : 0.9330848842859268
2021-12-14 20:12:20,680 - trainer - INFO -     test_my_metric : 0.6922999999999999
2021-12-14 20:12:20,681 - trainer - INFO -     test_my_metric2: 0.9776999999999993
2021-12-14 20:12:20,720 - trainer - INFO - Saving current best: model_best.pth at: saved/models/Robust_WideResNet16_1_BN_CIFAR10DataLoaderResNet16_1-num_classes-10-norm_layer_type-bn-conv_layer_type-conv-linear_layer_type-linear-activation_layer_type-relu-Seed=8/1214_194624/model_best.pth ...
2021-12-14 20:13:31,189 - trainer - INFO -     epoch          : 23
2021-12-14 20:13:31,192 - trainer - INFO -     loss           : 5.631174818024306
2021-12-14 20:13:31,192 - trainer - INFO -     my_metric      : 1.90931905370844
2021-12-14 20:13:31,193 - trainer - INFO -     my_metric2     : 3.6978340792838877
2021-12-14 20:13:31,194 - trainer - INFO -     learning rate  : [0.001, 0.001, 0.001, 0.001]
2021-12-14 20:13:31,195 - trainer - INFO -     val_loss       : 0.8918240082263946
2021-12-14 20:13:31,195 - trainer - INFO -     val_my_metric  : 0.7035999999999999
2021-12-14 20:13:31,196 - trainer - INFO -     val_my_metric2 : 0.9793999999999999
2021-12-14 20:13:31,197 - trainer - INFO -     test_loss      : 0.9252559804916382
2021-12-14 20:13:31,197 - trainer - INFO -     test_my_metric : 0.6884
2021-12-14 20:13:31,198 - trainer - INFO -     test_my_metric2: 0.977
2021-12-14 20:13:31,229 - trainer - INFO - Saving current model: current model save at: saved/models/Robust_WideResNet16_1_BN_CIFAR10DataLoaderResNet16_1-num_classes-10-norm_layer_type-bn-conv_layer_type-conv-linear_layer_type-linear-activation_layer_type-relu-Seed=8/1214_194624/model_epoch_23.pth ...
2021-12-14 20:14:41,863 - trainer - INFO -     epoch          : 24
2021-12-14 20:14:41,864 - trainer - INFO -     loss           : 5.619454093906276
2021-12-14 20:14:41,865 - trainer - INFO -     my_metric      : 1.9112971547314577
2021-12-14 20:14:41,865 - trainer - INFO -     my_metric2     : 3.6944213554987217
2021-12-14 20:14:41,866 - trainer - INFO -     learning rate  : [0.001, 0.001, 0.001, 0.001]
2021-12-14 20:14:41,867 - trainer - INFO -     val_loss       : 0.8868690729141235
2021-12-14 20:14:41,867 - trainer - INFO -     val_my_metric  : 0.7028
2021-12-14 20:14:41,868 - trainer - INFO -     val_my_metric2 : 0.9779999999999996
2021-12-14 20:14:41,869 - trainer - INFO -     test_loss      : 0.9123418706655503
2021-12-14 20:14:41,869 - trainer - INFO -     test_my_metric : 0.6933999999999998
2021-12-14 20:14:41,870 - trainer - INFO -     test_my_metric2: 0.9771999999999998
2021-12-14 20:14:41,906 - trainer - INFO - Saving current model: current model save at: saved/models/Robust_WideResNet16_1_BN_CIFAR10DataLoaderResNet16_1-num_classes-10-norm_layer_type-bn-conv_layer_type-conv-linear_layer_type-linear-activation_layer_type-relu-Seed=8/1214_194624/model_epoch_24.pth ...
2021-12-14 20:15:52,350 - trainer - INFO -     epoch          : 25
2021-12-14 20:15:52,352 - trainer - INFO -     loss           : 5.595580847519438
2021-12-14 20:15:52,352 - trainer - INFO -     my_metric      : 1.9134111253196933
2021-12-14 20:15:52,353 - trainer - INFO -     my_metric2     : 3.698837116368286
2021-12-14 20:15:52,355 - trainer - INFO -     learning rate  : [0.001, 0.001, 0.001, 0.001]
2021-12-14 20:15:52,355 - trainer - INFO -     val_loss       : 0.9075176644325257
2021-12-14 20:15:52,356 - trainer - INFO -     val_my_metric  : 0.6948000000000002
2021-12-14 20:15:52,357 - trainer - INFO -     val_my_metric2 : 0.9783999999999999
2021-12-14 20:15:52,358 - trainer - INFO -     test_loss      : 0.9387812203168869
2021-12-14 20:15:52,359 - trainer - INFO -     test_my_metric : 0.6877999999999996
2021-12-14 20:15:52,360 - trainer - INFO -     test_my_metric2: 0.9738999999999998
2021-12-14 20:15:52,399 - trainer - INFO - Saving current model: current model save at: saved/models/Robust_WideResNet16_1_BN_CIFAR10DataLoaderResNet16_1-num_classes-10-norm_layer_type-bn-conv_layer_type-conv-linear_layer_type-linear-activation_layer_type-relu-Seed=8/1214_194624/model_epoch_25.pth ...
2021-12-14 20:17:02,835 - trainer - INFO -     epoch          : 26
2021-12-14 20:17:02,837 - trainer - INFO -     loss           : 5.5771831839590735
2021-12-14 20:17:02,838 - trainer - INFO -     my_metric      : 1.9196371483375956
2021-12-14 20:17:02,839 - trainer - INFO -     my_metric2     : 3.699332640664961
2021-12-14 20:17:02,839 - trainer - INFO -     learning rate  : [0.001, 0.001, 0.001, 0.001]
2021-12-14 20:17:02,840 - trainer - INFO -     val_loss       : 0.8741678786277771
2021-12-14 20:17:02,841 - trainer - INFO -     val_my_metric  : 0.7108
2021-12-14 20:17:02,842 - trainer - INFO -     val_my_metric2 : 0.9811999999999999
2021-12-14 20:17:02,842 - trainer - INFO -     test_loss      : 0.907740226984024
2021-12-14 20:17:02,843 - trainer - INFO -     test_my_metric : 0.7021
2021-12-14 20:17:02,844 - trainer - INFO -     test_my_metric2: 0.9783999999999996
2021-12-14 20:17:02,891 - trainer - INFO - Saving current best: model_best.pth at: saved/models/Robust_WideResNet16_1_BN_CIFAR10DataLoaderResNet16_1-num_classes-10-norm_layer_type-bn-conv_layer_type-conv-linear_layer_type-linear-activation_layer_type-relu-Seed=8/1214_194624/model_best.pth ...
2021-12-14 20:18:13,369 - trainer - INFO -     epoch          : 27
2021-12-14 20:18:13,371 - trainer - INFO -     loss           : 5.562274979203559
2021-12-14 20:18:13,371 - trainer - INFO -     my_metric      : 1.9253316815856778
2021-12-14 20:18:13,371 - trainer - INFO -     my_metric2     : 3.704579603580563
2021-12-14 20:18:13,372 - trainer - INFO -     learning rate  : [0.001, 0.001, 0.001, 0.001]
2021-12-14 20:18:13,373 - trainer - INFO -     val_loss       : 0.8576526963710784
2021-12-14 20:18:13,373 - trainer - INFO -     val_my_metric  : 0.7296
2021-12-14 20:18:13,374 - trainer - INFO -     val_my_metric2 : 0.9825999999999998
2021-12-14 20:18:13,375 - trainer - INFO -     test_loss      : 0.8939922219514846
2021-12-14 20:18:13,375 - trainer - INFO -     test_my_metric : 0.7091
2021-12-14 20:18:13,376 - trainer - INFO -     test_my_metric2: 0.9780999999999996
2021-12-14 20:18:13,416 - trainer - INFO - Saving current best: model_best.pth at: saved/models/Robust_WideResNet16_1_BN_CIFAR10DataLoaderResNet16_1-num_classes-10-norm_layer_type-bn-conv_layer_type-conv-linear_layer_type-linear-activation_layer_type-relu-Seed=8/1214_194624/model_best.pth ...
2021-12-14 20:19:24,282 - trainer - INFO -     epoch          : 28
2021-12-14 20:19:24,283 - trainer - INFO -     loss           : 5.543993611012579
2021-12-14 20:19:24,284 - trainer - INFO -     my_metric      : 1.9353540601023016
2021-12-14 20:19:24,285 - trainer - INFO -     my_metric2     : 3.706477781329923
2021-12-14 20:19:24,286 - trainer - INFO -     learning rate  : [0.001, 0.001, 0.001, 0.001]
2021-12-14 20:19:24,286 - trainer - INFO -     val_loss       : 0.8609119844436646
2021-12-14 20:19:24,287 - trainer - INFO -     val_my_metric  : 0.715
2021-12-14 20:19:24,288 - trainer - INFO -     val_my_metric2 : 0.9801999999999996
2021-12-14 20:19:24,289 - trainer - INFO -     test_loss      : 0.8930293542146682
2021-12-14 20:19:24,289 - trainer - INFO -     test_my_metric : 0.7099000000000001
2021-12-14 20:19:24,290 - trainer - INFO -     test_my_metric2: 0.9780999999999994
2021-12-14 20:19:24,323 - trainer - INFO - Saving current model: current model save at: saved/models/Robust_WideResNet16_1_BN_CIFAR10DataLoaderResNet16_1-num_classes-10-norm_layer_type-bn-conv_layer_type-conv-linear_layer_type-linear-activation_layer_type-relu-Seed=8/1214_194624/model_epoch_28.pth ...
2021-12-14 20:20:35,124 - trainer - INFO -     epoch          : 29
2021-12-14 20:20:35,125 - trainer - INFO -     loss           : 5.522007369781699
2021-12-14 20:20:35,126 - trainer - INFO -     my_metric      : 1.944281489769821
2021-12-14 20:20:35,127 - trainer - INFO -     my_metric2     : 3.709782608695653
2021-12-14 20:20:35,128 - trainer - INFO -     learning rate  : [0.001, 0.001, 0.001, 0.001]
2021-12-14 20:20:35,128 - trainer - INFO -     val_loss       : 0.8729977190494538
2021-12-14 20:20:35,129 - trainer - INFO -     val_my_metric  : 0.7098000000000003
2021-12-14 20:20:35,130 - trainer - INFO -     val_my_metric2 : 0.9830000000000001
2021-12-14 20:20:35,130 - trainer - INFO -     test_loss      : 0.8978545266389847
2021-12-14 20:20:35,131 - trainer - INFO -     test_my_metric : 0.7018999999999999
2021-12-14 20:20:35,132 - trainer - INFO -     test_my_metric2: 0.9775999999999999
2021-12-14 20:20:35,164 - trainer - INFO - Saving current model: current model save at: saved/models/Robust_WideResNet16_1_BN_CIFAR10DataLoaderResNet16_1-num_classes-10-norm_layer_type-bn-conv_layer_type-conv-linear_layer_type-linear-activation_layer_type-relu-Seed=8/1214_194624/model_epoch_29.pth ...
2021-12-14 20:21:45,849 - trainer - INFO -     epoch          : 30
2021-12-14 20:21:45,850 - trainer - INFO -     loss           : 5.519227933090971
2021-12-14 20:21:45,850 - trainer - INFO -     my_metric      : 1.9484414961636827
2021-12-14 20:21:45,851 - trainer - INFO -     my_metric2     : 3.7086476982097185
2021-12-14 20:21:45,852 - trainer - INFO -     learning rate  : [0.001, 0.001, 0.001, 0.001]
2021-12-14 20:21:45,852 - trainer - INFO -     val_loss       : 0.8648108756542205
2021-12-14 20:21:45,853 - trainer - INFO -     val_my_metric  : 0.718
2021-12-14 20:21:45,854 - trainer - INFO -     val_my_metric2 : 0.9807999999999996
2021-12-14 20:21:45,854 - trainer - INFO -     test_loss      : 0.8964847928285599
2021-12-14 20:21:45,855 - trainer - INFO -     test_my_metric : 0.7058999999999997
2021-12-14 20:21:45,856 - trainer - INFO -     test_my_metric2: 0.9795999999999995
2021-12-14 20:21:45,896 - trainer - INFO - Saving current model: current model save at: saved/models/Robust_WideResNet16_1_BN_CIFAR10DataLoaderResNet16_1-num_classes-10-norm_layer_type-bn-conv_layer_type-conv-linear_layer_type-linear-activation_layer_type-relu-Seed=8/1214_194624/model_epoch_30.pth ...
2021-12-14 20:22:56,394 - trainer - INFO -     epoch          : 31
2021-12-14 20:22:56,406 - trainer - INFO -     loss           : 5.500451420274232
2021-12-14 20:22:56,406 - trainer - INFO -     my_metric      : 1.9487492007672633
2021-12-14 20:22:56,407 - trainer - INFO -     my_metric2     : 3.7135150255754477
2021-12-14 20:22:56,408 - trainer - INFO -     learning rate  : [0.001, 0.001, 0.001, 0.001]
2021-12-14 20:22:56,408 - trainer - INFO -     val_loss       : 0.8639543235301972
2021-12-14 20:22:56,409 - trainer - INFO -     val_my_metric  : 0.7111999999999999
2021-12-14 20:22:56,410 - trainer - INFO -     val_my_metric2 : 0.9817999999999997
2021-12-14 20:22:56,411 - trainer - INFO -     test_loss      : 0.8968412894010543
2021-12-14 20:22:56,411 - trainer - INFO -     test_my_metric : 0.7015
2021-12-14 20:22:56,412 - trainer - INFO -     test_my_metric2: 0.9774999999999991
2021-12-14 20:22:56,449 - trainer - INFO - Saving current model: current model save at: saved/models/Robust_WideResNet16_1_BN_CIFAR10DataLoaderResNet16_1-num_classes-10-norm_layer_type-bn-conv_layer_type-conv-linear_layer_type-linear-activation_layer_type-relu-Seed=8/1214_194624/model_epoch_31.pth ...
2021-12-14 20:24:07,035 - trainer - INFO -     epoch          : 32
2021-12-14 20:24:07,036 - trainer - INFO -     loss           : 5.484986575210796
2021-12-14 20:24:07,037 - trainer - INFO -     my_metric      : 1.9607536764705884
2021-12-14 20:24:07,037 - trainer - INFO -     my_metric2     : 3.713550991048593
2021-12-14 20:24:07,038 - trainer - INFO -     learning rate  : [0.001, 0.001, 0.001, 0.001]
2021-12-14 20:24:07,039 - trainer - INFO -     val_loss       : 0.8394988632202148
2021-12-14 20:24:07,040 - trainer - INFO -     val_my_metric  : 0.7178
2021-12-14 20:24:07,040 - trainer - INFO -     val_my_metric2 : 0.9817999999999998
2021-12-14 20:24:07,041 - trainer - INFO -     test_loss      : 0.8833176469802857
2021-12-14 20:24:07,042 - trainer - INFO -     test_my_metric : 0.6997999999999996
2021-12-14 20:24:07,042 - trainer - INFO -     test_my_metric2: 0.9795
2021-12-14 20:24:07,073 - trainer - INFO - Saving current model: current model save at: saved/models/Robust_WideResNet16_1_BN_CIFAR10DataLoaderResNet16_1-num_classes-10-norm_layer_type-bn-conv_layer_type-conv-linear_layer_type-linear-activation_layer_type-relu-Seed=8/1214_194624/model_epoch_32.pth ...
2021-12-14 20:25:17,772 - trainer - INFO -     epoch          : 33
2021-12-14 20:25:17,772 - trainer - INFO -     loss           : 5.471298040179035
2021-12-14 20:25:17,773 - trainer - INFO -     my_metric      : 1.964130434782609
2021-12-14 20:25:17,774 - trainer - INFO -     my_metric2     : 3.7143861892583128
2021-12-14 20:25:17,775 - trainer - INFO -     learning rate  : [0.001, 0.001, 0.001, 0.001]
2021-12-14 20:25:17,775 - trainer - INFO -     val_loss       : 0.842893180847168
2021-12-14 20:25:17,776 - trainer - INFO -     val_my_metric  : 0.7283999999999999
2021-12-14 20:25:17,777 - trainer - INFO -     val_my_metric2 : 0.9803999999999996
2021-12-14 20:25:17,777 - trainer - INFO -     test_loss      : 0.8851151829957962
2021-12-14 20:25:17,778 - trainer - INFO -     test_my_metric : 0.7088999999999999
2021-12-14 20:25:17,778 - trainer - INFO -     test_my_metric2: 0.9780999999999997
2021-12-14 20:25:17,816 - trainer - INFO - Saving current model: current model save at: saved/models/Robust_WideResNet16_1_BN_CIFAR10DataLoaderResNet16_1-num_classes-10-norm_layer_type-bn-conv_layer_type-conv-linear_layer_type-linear-activation_layer_type-relu-Seed=8/1214_194624/model_epoch_33.pth ...
2021-12-14 20:26:28,651 - trainer - INFO -     epoch          : 34
2021-12-14 20:26:28,653 - trainer - INFO -     loss           : 5.464994965306938
2021-12-14 20:26:28,654 - trainer - INFO -     my_metric      : 1.9673793158567772
2021-12-14 20:26:28,655 - trainer - INFO -     my_metric2     : 3.717714993606138
2021-12-14 20:26:28,655 - trainer - INFO -     learning rate  : [0.001, 0.001, 0.001, 0.001]
2021-12-14 20:26:28,656 - trainer - INFO -     val_loss       : 0.8415367341041565
2021-12-14 20:26:28,657 - trainer - INFO -     val_my_metric  : 0.7230000000000001
2021-12-14 20:26:28,657 - trainer - INFO -     val_my_metric2 : 0.9812000000000001
2021-12-14 20:26:28,658 - trainer - INFO -     test_loss      : 0.8850240308046341
2021-12-14 20:26:28,659 - trainer - INFO -     test_my_metric : 0.7084999999999999
2021-12-14 20:26:28,659 - trainer - INFO -     test_my_metric2: 0.9770999999999996
2021-12-14 20:26:28,690 - trainer - INFO - Saving current model: current model save at: saved/models/Robust_WideResNet16_1_BN_CIFAR10DataLoaderResNet16_1-num_classes-10-norm_layer_type-bn-conv_layer_type-conv-linear_layer_type-linear-activation_layer_type-relu-Seed=8/1214_194624/model_epoch_34.pth ...
2021-12-14 20:27:39,297 - trainer - INFO -     epoch          : 35
2021-12-14 20:27:39,298 - trainer - INFO -     loss           : 5.453480876467722
2021-12-14 20:27:39,299 - trainer - INFO -     my_metric      : 1.9713035485933508
2021-12-14 20:27:39,302 - trainer - INFO -     my_metric2     : 3.713750799232737
2021-12-14 20:27:39,303 - trainer - INFO -     learning rate  : [0.001, 0.001, 0.001, 0.001]
2021-12-14 20:27:39,303 - trainer - INFO -     val_loss       : 0.8458758568763733
2021-12-14 20:27:39,304 - trainer - INFO -     val_my_metric  : 0.7141999999999998
2021-12-14 20:27:39,304 - trainer - INFO -     val_my_metric2 : 0.9838000000000001
2021-12-14 20:27:39,305 - trainer - INFO -     test_loss      : 0.8805035960674286
2021-12-14 20:27:39,305 - trainer - INFO -     test_my_metric : 0.7040000000000001
2021-12-14 20:27:39,305 - trainer - INFO -     test_my_metric2: 0.9797999999999996
2021-12-14 20:27:39,355 - trainer - INFO - Saving current model: current model save at: saved/models/Robust_WideResNet16_1_BN_CIFAR10DataLoaderResNet16_1-num_classes-10-norm_layer_type-bn-conv_layer_type-conv-linear_layer_type-linear-activation_layer_type-relu-Seed=8/1214_194624/model_epoch_35.pth ...
2021-12-14 20:28:50,135 - trainer - INFO -     epoch          : 36
2021-12-14 20:28:50,137 - trainer - INFO -     loss           : 5.442797822415677
2021-12-14 20:28:50,138 - trainer - INFO -     my_metric      : 1.9751358695652173
2021-12-14 20:28:50,139 - trainer - INFO -     my_metric2     : 3.72107976342711
2021-12-14 20:28:50,139 - trainer - INFO -     learning rate  : [0.001, 0.001, 0.001, 0.001]
2021-12-14 20:28:50,140 - trainer - INFO -     val_loss       : 0.8209427273273469
2021-12-14 20:28:50,141 - trainer - INFO -     val_my_metric  : 0.7375999999999998
2021-12-14 20:28:50,142 - trainer - INFO -     val_my_metric2 : 0.9843999999999998
2021-12-14 20:28:50,142 - trainer - INFO -     test_loss      : 0.85767702460289
2021-12-14 20:28:50,143 - trainer - INFO -     test_my_metric : 0.7273999999999998
2021-12-14 20:28:50,144 - trainer - INFO -     test_my_metric2: 0.9809999999999994
2021-12-14 20:28:50,176 - trainer - INFO - Saving current best: model_best.pth at: saved/models/Robust_WideResNet16_1_BN_CIFAR10DataLoaderResNet16_1-num_classes-10-norm_layer_type-bn-conv_layer_type-conv-linear_layer_type-linear-activation_layer_type-relu-Seed=8/1214_194624/model_best.pth ...
2021-12-14 20:30:01,130 - trainer - INFO -     epoch          : 37
2021-12-14 20:30:01,130 - trainer - INFO -     loss           : 5.426346985732808
2021-12-14 20:30:01,130 - trainer - INFO -     my_metric      : 1.9809982416879792
2021-12-14 20:30:01,131 - trainer - INFO -     my_metric2     : 3.7216512148337597
2021-12-14 20:30:01,131 - trainer - INFO -     learning rate  : [0.001, 0.001, 0.001, 0.001]
2021-12-14 20:30:01,131 - trainer - INFO -     val_loss       : 0.8157456624507904
2021-12-14 20:30:01,131 - trainer - INFO -     val_my_metric  : 0.7312000000000001
2021-12-14 20:30:01,131 - trainer - INFO -     val_my_metric2 : 0.9813999999999993
2021-12-14 20:30:01,132 - trainer - INFO -     test_loss      : 0.8604363995790482
2021-12-14 20:30:01,132 - trainer - INFO -     test_my_metric : 0.7152999999999997
2021-12-14 20:30:01,132 - trainer - INFO -     test_my_metric2: 0.9809
2021-12-14 20:30:01,167 - trainer - INFO - Saving current model: current model save at: saved/models/Robust_WideResNet16_1_BN_CIFAR10DataLoaderResNet16_1-num_classes-10-norm_layer_type-bn-conv_layer_type-conv-linear_layer_type-linear-activation_layer_type-relu-Seed=8/1214_194624/model_epoch_37.pth ...
2021-12-14 20:31:12,057 - trainer - INFO -     epoch          : 38
2021-12-14 20:31:12,059 - trainer - INFO -     loss           : 5.41801153439695
2021-12-14 20:31:12,059 - trainer - INFO -     my_metric      : 1.9859215153452685
2021-12-14 20:31:12,060 - trainer - INFO -     my_metric2     : 3.719057704603581
2021-12-14 20:31:12,060 - trainer - INFO -     learning rate  : [0.001, 0.001, 0.001, 0.001]
2021-12-14 20:31:12,060 - trainer - INFO -     val_loss       : 0.8176309061050415
2021-12-14 20:31:12,061 - trainer - INFO -     val_my_metric  : 0.7274
2021-12-14 20:31:12,062 - trainer - INFO -     val_my_metric2 : 0.9831999999999994
2021-12-14 20:31:12,063 - trainer - INFO -     test_loss      : 0.8568031966686249
2021-12-14 20:31:12,064 - trainer - INFO -     test_my_metric : 0.7127999999999999
2021-12-14 20:31:12,064 - trainer - INFO -     test_my_metric2: 0.9799999999999994
2021-12-14 20:31:12,097 - trainer - INFO - Saving current model: current model save at: saved/models/Robust_WideResNet16_1_BN_CIFAR10DataLoaderResNet16_1-num_classes-10-norm_layer_type-bn-conv_layer_type-conv-linear_layer_type-linear-activation_layer_type-relu-Seed=8/1214_194624/model_epoch_38.pth ...
2021-12-14 20:32:23,042 - trainer - INFO -     epoch          : 39
2021-12-14 20:32:23,044 - trainer - INFO -     loss           : 5.409485660398098
2021-12-14 20:32:23,044 - trainer - INFO -     my_metric      : 1.977453644501279
2021-12-14 20:32:23,045 - trainer - INFO -     my_metric2     : 3.721551310741687
2021-12-14 20:32:23,046 - trainer - INFO -     learning rate  : [0.001, 0.001, 0.001, 0.001]
2021-12-14 20:32:23,046 - trainer - INFO -     val_loss       : 0.8553912389278412
2021-12-14 20:32:23,047 - trainer - INFO -     val_my_metric  : 0.7090000000000002
2021-12-14 20:32:23,054 - trainer - INFO -     val_my_metric2 : 0.9829999999999997
2021-12-14 20:32:23,055 - trainer - INFO -     test_loss      : 0.8980820655822754
2021-12-14 20:32:23,056 - trainer - INFO -     test_my_metric : 0.6970999999999999
2021-12-14 20:32:23,057 - trainer - INFO -     test_my_metric2: 0.9790000000000002
2021-12-14 20:32:23,100 - trainer - INFO - Saving current model: current model save at: saved/models/Robust_WideResNet16_1_BN_CIFAR10DataLoaderResNet16_1-num_classes-10-norm_layer_type-bn-conv_layer_type-conv-linear_layer_type-linear-activation_layer_type-relu-Seed=8/1214_194624/model_epoch_39.pth ...
2021-12-14 20:33:33,756 - trainer - INFO -     epoch          : 40
2021-12-14 20:33:33,758 - trainer - INFO -     loss           : 5.3917350200436
2021-12-14 20:33:33,758 - trainer - INFO -     my_metric      : 1.9855858375959081
2021-12-14 20:33:33,759 - trainer - INFO -     my_metric2     : 3.7282249040920714
2021-12-14 20:33:33,760 - trainer - INFO -     learning rate  : [0.001, 0.001, 0.001, 0.001]
2021-12-14 20:33:33,761 - trainer - INFO -     val_loss       : 0.8271837413311005
2021-12-14 20:33:33,761 - trainer - INFO -     val_my_metric  : 0.7321999999999999
2021-12-14 20:33:33,762 - trainer - INFO -     val_my_metric2 : 0.981
2021-12-14 20:33:33,763 - trainer - INFO -     test_loss      : 0.8693788266181945
2021-12-14 20:33:33,763 - trainer - INFO -     test_my_metric : 0.7128000000000001
2021-12-14 20:33:33,764 - trainer - INFO -     test_my_metric2: 0.9795999999999999
2021-12-14 20:33:33,797 - trainer - INFO - Saving current model: current model save at: saved/models/Robust_WideResNet16_1_BN_CIFAR10DataLoaderResNet16_1-num_classes-10-norm_layer_type-bn-conv_layer_type-conv-linear_layer_type-linear-activation_layer_type-relu-Seed=8/1214_194624/model_epoch_40.pth ...
