2021-12-10 14:44:10,600 - train - INFO - Trainable parameters: 4319066
2021-12-10 14:56:44,494 - trainer - INFO -     epoch          : 1
2021-12-10 14:56:44,495 - trainer - INFO -     loss           : 7.594945799664158
2021-12-10 14:56:44,496 - trainer - INFO -     my_metric      : 1.1732057225063939
2021-12-10 14:56:44,497 - trainer - INFO -     my_metric2     : 3.2617007672634277
2021-12-10 14:56:44,497 - trainer - INFO -     learning rate  : [0.1, 0.1, 0.1, 0.1]
2021-12-10 14:56:44,498 - trainer - INFO -     val_loss       : 1.3681269359588624
2021-12-10 14:56:44,498 - trainer - INFO -     val_my_metric  : 0.4964000000000002
2021-12-10 14:56:44,499 - trainer - INFO -     val_my_metric2 : 0.9392000000000005
2021-12-10 14:56:44,499 - trainer - INFO -     test_loss      : 1.3755384027957915
2021-12-10 14:56:44,500 - trainer - INFO -     test_my_metric : 0.5023000000000001
2021-12-10 14:56:44,501 - trainer - INFO -     test_my_metric2: 0.9333000000000001
2021-12-10 14:56:44,676 - trainer - INFO - Saving current best: model_best.pth at: saved/models/Robust_WideResNet16_5_ConvNorm+BNCIFAR10DataLoaderResNet16_5-num_classes-10-norm_layer_type-bn-conv_layer_type-prec_conv-linear_layer_type-linear-activation_layer_type-relu-Seed=8/1210_144356/model_best.pth ...
2021-12-10 15:09:02,159 - trainer - INFO -     epoch          : 2
2021-12-10 15:09:02,160 - trainer - INFO -     loss           : 6.546860368660344
2021-12-10 15:09:02,161 - trainer - INFO -     my_metric      : 1.5535006393861894
2021-12-10 15:09:02,162 - trainer - INFO -     my_metric2     : 3.556369884910487
2021-12-10 15:09:02,163 - trainer - INFO -     learning rate  : [0.1, 0.1, 0.1, 0.1]
2021-12-10 15:09:02,163 - trainer - INFO -     val_loss       : 1.0793579077720643
2021-12-10 15:09:02,164 - trainer - INFO -     val_my_metric  : 0.6208
2021-12-10 15:09:02,164 - trainer - INFO -     val_my_metric2 : 0.9659999999999997
2021-12-10 15:09:02,165 - trainer - INFO -     test_loss      : 1.1066984087228775
2021-12-10 15:09:02,165 - trainer - INFO -     test_my_metric : 0.6126000000000001
2021-12-10 15:09:02,166 - trainer - INFO -     test_my_metric2: 0.9631999999999996
2021-12-10 15:09:02,344 - trainer - INFO - Saving current best: model_best.pth at: saved/models/Robust_WideResNet16_5_ConvNorm+BNCIFAR10DataLoaderResNet16_5-num_classes-10-norm_layer_type-bn-conv_layer_type-prec_conv-linear_layer_type-linear-activation_layer_type-relu-Seed=8/1210_144356/model_best.pth ...
2021-12-10 15:21:19,690 - trainer - INFO -     epoch          : 3
2021-12-10 15:21:19,691 - trainer - INFO -     loss           : 6.058987198278422
2021-12-10 15:21:19,692 - trainer - INFO -     my_metric      : 1.7414202365728901
2021-12-10 15:21:19,693 - trainer - INFO -     my_metric2     : 3.6428868286445013
2021-12-10 15:21:19,693 - trainer - INFO -     learning rate  : [0.1, 0.1, 0.1, 0.1]
2021-12-10 15:21:19,694 - trainer - INFO -     val_loss       : 1.0309543025493622
2021-12-10 15:21:19,694 - trainer - INFO -     val_my_metric  : 0.6609999999999999
2021-12-10 15:21:19,695 - trainer - INFO -     val_my_metric2 : 0.9669999999999997
2021-12-10 15:21:19,696 - trainer - INFO -     test_loss      : 1.0565518760681152
2021-12-10 15:21:19,696 - trainer - INFO -     test_my_metric : 0.6428999999999999
2021-12-10 15:21:19,696 - trainer - INFO -     test_my_metric2: 0.9678999999999995
2021-12-10 15:21:19,890 - trainer - INFO - Saving current best: model_best.pth at: saved/models/Robust_WideResNet16_5_ConvNorm+BNCIFAR10DataLoaderResNet16_5-num_classes-10-norm_layer_type-bn-conv_layer_type-prec_conv-linear_layer_type-linear-activation_layer_type-relu-Seed=8/1210_144356/model_best.pth ...
