2021-12-11 18:52:05,208 - train - INFO - Trainable parameters: 2745274
2021-12-11 18:54:30,013 - trainer - INFO -     epoch          : 1
2021-12-11 18:54:30,014 - trainer - INFO -     loss           : 8.36065686236867
2021-12-11 18:54:30,015 - trainer - INFO -     my_metric      : 0.9120923913043478
2021-12-11 18:54:30,015 - trainer - INFO -     my_metric2     : 2.948313618925831
2021-12-11 18:54:30,016 - trainer - INFO -     learning rate  : [0.001, 0.001, 0.001, 0.001]
2021-12-11 18:54:30,016 - trainer - INFO -     val_loss       : 1.7608923983573914
2021-12-11 18:54:30,017 - trainer - INFO -     val_my_metric  : 0.3768
2021-12-11 18:54:30,017 - trainer - INFO -     val_my_metric2 : 0.8829999999999998
2021-12-11 18:54:30,017 - trainer - INFO -     test_loss      : 1.7503867220878602
2021-12-11 18:54:30,018 - trainer - INFO -     test_my_metric : 0.3896000000000002
2021-12-11 18:54:30,018 - trainer - INFO -     test_my_metric2: 0.8835999999999999
2021-12-11 18:54:30,185 - trainer - INFO - Saving current best: model_best.pth at: saved/models/Robust_WideResNet16_4_Vanilla_CIFAR10DataLoaderResNet16_4-num_classes-10-norm_layer_type-no-conv_layer_type-conv-linear_layer_type-linear-activation_layer_type-relu-Seed=8/1211_185200/model_best.pth ...
2021-12-11 18:56:51,774 - trainer - INFO -     epoch          : 2
2021-12-11 18:56:51,775 - trainer - INFO -     loss           : 7.669595459842926
2021-12-11 18:56:51,776 - trainer - INFO -     my_metric      : 1.186085358056266
2021-12-11 18:56:51,776 - trainer - INFO -     my_metric2     : 3.2486812659846547
2021-12-11 18:56:51,777 - trainer - INFO -     learning rate  : [0.001, 0.001, 0.001, 0.001]
2021-12-11 18:56:51,777 - trainer - INFO -     val_loss       : 1.5826058316230773
2021-12-11 18:56:51,778 - trainer - INFO -     val_my_metric  : 0.4640000000000001
2021-12-11 18:56:51,778 - trainer - INFO -     val_my_metric2 : 0.9251999999999999
2021-12-11 18:56:51,779 - trainer - INFO -     test_loss      : 1.5722961497306824
2021-12-11 18:56:51,779 - trainer - INFO -     test_my_metric : 0.46929999999999994
2021-12-11 18:56:51,780 - trainer - INFO -     test_my_metric2: 0.9228999999999998
2021-12-11 18:56:51,924 - trainer - INFO - Saving current best: model_best.pth at: saved/models/Robust_WideResNet16_4_Vanilla_CIFAR10DataLoaderResNet16_4-num_classes-10-norm_layer_type-no-conv_layer_type-conv-linear_layer_type-linear-activation_layer_type-relu-Seed=8/1211_185200/model_best.pth ...
2021-12-11 18:59:13,725 - trainer - INFO -     epoch          : 3
2021-12-11 18:59:13,726 - trainer - INFO -     loss           : 7.186728649432092
2021-12-11 18:59:13,727 - trainer - INFO -     my_metric      : 1.340565057544757
2021-12-11 18:59:13,727 - trainer - INFO -     my_metric2     : 3.3847266624040917
2021-12-11 18:59:13,728 - trainer - INFO -     learning rate  : [0.001, 0.001, 0.001, 0.001]
2021-12-11 18:59:13,728 - trainer - INFO -     val_loss       : 1.4116424798965455
2021-12-11 18:59:13,729 - trainer - INFO -     val_my_metric  : 0.5204
2021-12-11 18:59:13,729 - trainer - INFO -     val_my_metric2 : 0.9342
2021-12-11 18:59:13,730 - trainer - INFO -     test_loss      : 1.4178653371334076
2021-12-11 18:59:13,730 - trainer - INFO -     test_my_metric : 0.5136000000000001
2021-12-11 18:59:13,731 - trainer - INFO -     test_my_metric2: 0.9307999999999998
2021-12-11 18:59:13,874 - trainer - INFO - Saving current best: model_best.pth at: saved/models/Robust_WideResNet16_4_Vanilla_CIFAR10DataLoaderResNet16_4-num_classes-10-norm_layer_type-no-conv_layer_type-conv-linear_layer_type-linear-activation_layer_type-relu-Seed=8/1211_185200/model_best.pth ...
2021-12-11 19:01:35,816 - trainer - INFO -     epoch          : 4
2021-12-11 19:01:35,818 - trainer - INFO -     loss           : 6.838424547249094
2021-12-11 19:01:35,819 - trainer - INFO -     my_metric      : 1.4648817135549872
2021-12-11 19:01:35,820 - trainer - INFO -     my_metric2     : 3.4676750319693093
2021-12-11 19:01:35,821 - trainer - INFO -     learning rate  : [0.001, 0.001, 0.001, 0.001]
2021-12-11 19:01:35,822 - trainer - INFO -     val_loss       : 1.300442020893097
2021-12-11 19:01:35,822 - trainer - INFO -     val_my_metric  : 0.5725999999999999
2021-12-11 19:01:35,823 - trainer - INFO -     val_my_metric2 : 0.9455999999999999
2021-12-11 19:01:35,823 - trainer - INFO -     test_loss      : 1.3138204324245453
2021-12-11 19:01:35,824 - trainer - INFO -     test_my_metric : 0.5643999999999997
2021-12-11 19:01:35,824 - trainer - INFO -     test_my_metric2: 0.9470000000000002
2021-12-11 19:01:35,968 - trainer - INFO - Saving current best: model_best.pth at: saved/models/Robust_WideResNet16_4_Vanilla_CIFAR10DataLoaderResNet16_4-num_classes-10-norm_layer_type-no-conv_layer_type-conv-linear_layer_type-linear-activation_layer_type-relu-Seed=8/1211_185200/model_best.pth ...
2021-12-11 19:03:58,152 - trainer - INFO -     epoch          : 5
2021-12-11 19:03:58,152 - trainer - INFO -     loss           : 6.596327198435889
2021-12-11 19:03:58,152 - trainer - INFO -     my_metric      : 1.566092551150895
2021-12-11 19:03:58,153 - trainer - INFO -     my_metric2     : 3.521243606138108
2021-12-11 19:03:58,153 - trainer - INFO -     learning rate  : [0.001, 0.001, 0.001, 0.001]
2021-12-11 19:03:58,153 - trainer - INFO -     val_loss       : 1.2474645614624023
2021-12-11 19:03:58,153 - trainer - INFO -     val_my_metric  : 0.5751999999999999
2021-12-11 19:03:58,153 - trainer - INFO -     val_my_metric2 : 0.9496000000000001
2021-12-11 19:03:58,154 - trainer - INFO -     test_loss      : 1.2657002389431
2021-12-11 19:03:58,154 - trainer - INFO -     test_my_metric : 0.5719000000000003
2021-12-11 19:03:58,154 - trainer - INFO -     test_my_metric2: 0.9465000000000002
2021-12-11 19:03:58,300 - trainer - INFO - Saving current best: model_best.pth at: saved/models/Robust_WideResNet16_4_Vanilla_CIFAR10DataLoaderResNet16_4-num_classes-10-norm_layer_type-no-conv_layer_type-conv-linear_layer_type-linear-activation_layer_type-relu-Seed=8/1211_185200/model_best.pth ...
2021-12-11 19:06:20,294 - trainer - INFO -     epoch          : 6
2021-12-11 19:06:20,295 - trainer - INFO -     loss           : 6.419893453188259
2021-12-11 19:06:20,295 - trainer - INFO -     my_metric      : 1.6312819693094631
2021-12-11 19:06:20,296 - trainer - INFO -     my_metric2     : 3.5536804667519175
2021-12-11 19:06:20,296 - trainer - INFO -     learning rate  : [0.001, 0.001, 0.001, 0.001]
2021-12-11 19:06:20,296 - trainer - INFO -     val_loss       : 1.2080639481544495
2021-12-11 19:06:20,297 - trainer - INFO -     val_my_metric  : 0.6134000000000001
2021-12-11 19:06:20,297 - trainer - INFO -     val_my_metric2 : 0.9612
2021-12-11 19:06:20,299 - trainer - INFO -     test_loss      : 1.2318076694011688
2021-12-11 19:06:20,300 - trainer - INFO -     test_my_metric : 0.6121000000000002
2021-12-11 19:06:20,300 - trainer - INFO -     test_my_metric2: 0.9589999999999997
2021-12-11 19:06:20,445 - trainer - INFO - Saving current best: model_best.pth at: saved/models/Robust_WideResNet16_4_Vanilla_CIFAR10DataLoaderResNet16_4-num_classes-10-norm_layer_type-no-conv_layer_type-conv-linear_layer_type-linear-activation_layer_type-relu-Seed=8/1211_185200/model_best.pth ...
2021-12-11 19:08:42,783 - trainer - INFO -     epoch          : 7
2021-12-11 19:08:42,784 - trainer - INFO -     loss           : 6.255838506209576
2021-12-11 19:08:42,785 - trainer - INFO -     my_metric      : 1.692691016624041
2021-12-11 19:08:42,785 - trainer - INFO -     my_metric2     : 3.5847945971867006
2021-12-11 19:08:42,786 - trainer - INFO -     learning rate  : [0.001, 0.001, 0.001, 0.001]
2021-12-11 19:08:42,786 - trainer - INFO -     val_loss       : 1.0618756461143493
2021-12-11 19:08:42,787 - trainer - INFO -     val_my_metric  : 0.6408
2021-12-11 19:08:42,787 - trainer - INFO -     val_my_metric2 : 0.965
2021-12-11 19:08:42,788 - trainer - INFO -     test_loss      : 1.0876475459337234
2021-12-11 19:08:42,789 - trainer - INFO -     test_my_metric : 0.6289000000000001
2021-12-11 19:08:42,790 - trainer - INFO -     test_my_metric2: 0.9636999999999994
2021-12-11 19:08:42,963 - trainer - INFO - Saving current best: model_best.pth at: saved/models/Robust_WideResNet16_4_Vanilla_CIFAR10DataLoaderResNet16_4-num_classes-10-norm_layer_type-no-conv_layer_type-conv-linear_layer_type-linear-activation_layer_type-relu-Seed=8/1211_185200/model_best.pth ...
2021-12-11 19:11:04,984 - trainer - INFO -     epoch          : 8
2021-12-11 19:11:04,985 - trainer - INFO -     loss           : 6.158180649780556
2021-12-11 19:11:04,986 - trainer - INFO -     my_metric      : 1.7355139066496164
2021-12-11 19:11:04,987 - trainer - INFO -     my_metric2     : 3.599280690537084
2021-12-11 19:11:04,987 - trainer - INFO -     learning rate  : [0.001, 0.001, 0.001, 0.001]
2021-12-11 19:11:04,988 - trainer - INFO -     val_loss       : 1.025398050546646
2021-12-11 19:11:04,988 - trainer - INFO -     val_my_metric  : 0.675
2021-12-11 19:11:04,989 - trainer - INFO -     val_my_metric2 : 0.9683999999999996
2021-12-11 19:11:04,989 - trainer - INFO -     test_loss      : 1.063093859553337
2021-12-11 19:11:04,990 - trainer - INFO -     test_my_metric : 0.6524
2021-12-11 19:11:04,990 - trainer - INFO -     test_my_metric2: 0.9661999999999997
2021-12-11 19:11:05,130 - trainer - INFO - Saving current best: model_best.pth at: saved/models/Robust_WideResNet16_4_Vanilla_CIFAR10DataLoaderResNet16_4-num_classes-10-norm_layer_type-no-conv_layer_type-conv-linear_layer_type-linear-activation_layer_type-relu-Seed=8/1211_185200/model_best.pth ...
2021-12-11 19:13:27,467 - trainer - INFO -     epoch          : 9
2021-12-11 19:13:27,468 - trainer - INFO -     loss           : 6.0537405451545325
2021-12-11 19:13:27,469 - trainer - INFO -     my_metric      : 1.774912084398977
2021-12-11 19:13:27,469 - trainer - INFO -     my_metric2     : 3.6181505754475705
2021-12-11 19:13:27,470 - trainer - INFO -     learning rate  : [0.001, 0.001, 0.001, 0.001]
2021-12-11 19:13:27,470 - trainer - INFO -     val_loss       : 0.9894545781612396
2021-12-11 19:13:27,471 - trainer - INFO -     val_my_metric  : 0.6664
2021-12-11 19:13:27,471 - trainer - INFO -     val_my_metric2 : 0.9735999999999998
2021-12-11 19:13:27,472 - trainer - INFO -     test_loss      : 1.024022143483162
2021-12-11 19:13:27,472 - trainer - INFO -     test_my_metric : 0.6564
2021-12-11 19:13:27,473 - trainer - INFO -     test_my_metric2: 0.9690999999999994
2021-12-11 19:13:27,609 - trainer - INFO - Saving current model: current model save at: saved/models/Robust_WideResNet16_4_Vanilla_CIFAR10DataLoaderResNet16_4-num_classes-10-norm_layer_type-no-conv_layer_type-conv-linear_layer_type-linear-activation_layer_type-relu-Seed=8/1211_185200/model_epoch_9.pth ...
2021-12-11 19:15:50,323 - trainer - INFO -     epoch          : 10
2021-12-11 19:15:50,325 - trainer - INFO -     loss           : 5.977011572369529
2021-12-11 19:15:50,326 - trainer - INFO -     my_metric      : 1.8004555626598469
2021-12-11 19:15:50,327 - trainer - INFO -     my_metric2     : 3.6322770140664966
2021-12-11 19:15:50,327 - trainer - INFO -     learning rate  : [0.001, 0.001, 0.001, 0.001]
2021-12-11 19:15:50,328 - trainer - INFO -     val_loss       : 0.9512081205844879
2021-12-11 19:15:50,330 - trainer - INFO -     val_my_metric  : 0.6979999999999998
2021-12-11 19:15:50,330 - trainer - INFO -     val_my_metric2 : 0.9741999999999997
2021-12-11 19:15:50,331 - trainer - INFO -     test_loss      : 0.9991763752698898
2021-12-11 19:15:50,331 - trainer - INFO -     test_my_metric : 0.6761
2021-12-11 19:15:50,332 - trainer - INFO -     test_my_metric2: 0.9702999999999997
2021-12-11 19:15:50,481 - trainer - INFO - Saving current best: model_best.pth at: saved/models/Robust_WideResNet16_4_Vanilla_CIFAR10DataLoaderResNet16_4-num_classes-10-norm_layer_type-no-conv_layer_type-conv-linear_layer_type-linear-activation_layer_type-relu-Seed=8/1211_185200/model_best.pth ...
2021-12-11 19:18:13,067 - trainer - INFO -     epoch          : 11
2021-12-11 19:18:13,068 - trainer - INFO -     loss           : 5.889047360481204
2021-12-11 19:18:13,069 - trainer - INFO -     my_metric      : 1.8308743606138105
2021-12-11 19:18:13,069 - trainer - INFO -     my_metric2     : 3.6435342071611254
2021-12-11 19:18:13,070 - trainer - INFO -     learning rate  : [0.001, 0.001, 0.001, 0.001]
2021-12-11 19:18:13,070 - trainer - INFO -     val_loss       : 0.989498907327652
2021-12-11 19:18:13,071 - trainer - INFO -     val_my_metric  : 0.6914
2021-12-11 19:18:13,072 - trainer - INFO -     val_my_metric2 : 0.9692000000000001
2021-12-11 19:18:13,072 - trainer - INFO -     test_loss      : 1.0236690050363542
2021-12-11 19:18:13,073 - trainer - INFO -     test_my_metric : 0.6717999999999997
2021-12-11 19:18:13,073 - trainer - INFO -     test_my_metric2: 0.9680000000000001
2021-12-11 19:18:13,236 - trainer - INFO - Saving current model: current model save at: saved/models/Robust_WideResNet16_4_Vanilla_CIFAR10DataLoaderResNet16_4-num_classes-10-norm_layer_type-no-conv_layer_type-conv-linear_layer_type-linear-activation_layer_type-relu-Seed=8/1211_185200/model_epoch_11.pth ...
2021-12-11 19:20:35,792 - trainer - INFO -     epoch          : 12
2021-12-11 19:20:35,795 - trainer - INFO -     loss           : 5.820090415227749
2021-12-11 19:20:35,796 - trainer - INFO -     my_metric      : 1.862883631713555
2021-12-11 19:20:35,796 - trainer - INFO -     my_metric2     : 3.6543558184143223
2021-12-11 19:20:35,796 - trainer - INFO -     learning rate  : [0.001, 0.001, 0.001, 0.001]
2021-12-11 19:20:35,796 - trainer - INFO -     val_loss       : 0.8877563333511352
2021-12-11 19:20:35,796 - trainer - INFO -     val_my_metric  : 0.7154000000000003
2021-12-11 19:20:35,797 - trainer - INFO -     val_my_metric2 : 0.9748
2021-12-11 19:20:35,797 - trainer - INFO -     test_loss      : 0.9452180641889573
2021-12-11 19:20:35,797 - trainer - INFO -     test_my_metric : 0.6898999999999996
2021-12-11 19:20:35,797 - trainer - INFO -     test_my_metric2: 0.9760999999999997
2021-12-11 19:20:35,953 - trainer - INFO - Saving current best: model_best.pth at: saved/models/Robust_WideResNet16_4_Vanilla_CIFAR10DataLoaderResNet16_4-num_classes-10-norm_layer_type-no-conv_layer_type-conv-linear_layer_type-linear-activation_layer_type-relu-Seed=8/1211_185200/model_best.pth ...
2021-12-11 19:22:58,376 - trainer - INFO -     epoch          : 13
2021-12-11 19:22:58,379 - trainer - INFO -     loss           : 5.754345725107071
2021-12-11 19:22:58,380 - trainer - INFO -     my_metric      : 1.8834398976982096
2021-12-11 19:22:58,380 - trainer - INFO -     my_metric2     : 3.6646499360613802
2021-12-11 19:22:58,381 - trainer - INFO -     learning rate  : [0.001, 0.001, 0.001, 0.001]
2021-12-11 19:22:58,381 - trainer - INFO -     val_loss       : 0.8887295973300934
2021-12-11 19:22:58,382 - trainer - INFO -     val_my_metric  : 0.7022000000000002
2021-12-11 19:22:58,382 - trainer - INFO -     val_my_metric2 : 0.9773999999999997
2021-12-11 19:22:58,383 - trainer - INFO -     test_loss      : 0.9475006133317947
2021-12-11 19:22:58,383 - trainer - INFO -     test_my_metric : 0.6781999999999998
2021-12-11 19:22:58,384 - trainer - INFO -     test_my_metric2: 0.9736999999999996
2021-12-11 19:22:58,507 - trainer - INFO - Saving current model: current model save at: saved/models/Robust_WideResNet16_4_Vanilla_CIFAR10DataLoaderResNet16_4-num_classes-10-norm_layer_type-no-conv_layer_type-conv-linear_layer_type-linear-activation_layer_type-relu-Seed=8/1211_185200/model_epoch_13.pth ...
2021-12-11 19:25:21,370 - trainer - INFO -     epoch          : 14
2021-12-11 19:25:21,371 - trainer - INFO -     loss           : 5.702919353761941
2021-12-11 19:25:21,372 - trainer - INFO -     my_metric      : 1.901974104859335
2021-12-11 19:25:21,372 - trainer - INFO -     my_metric2     : 3.6745644181585675
2021-12-11 19:25:21,373 - trainer - INFO -     learning rate  : [0.001, 0.001, 0.001, 0.001]
2021-12-11 19:25:21,373 - trainer - INFO -     val_loss       : 0.9109791314601898
2021-12-11 19:25:21,374 - trainer - INFO -     val_my_metric  : 0.7018000000000003
2021-12-11 19:25:21,375 - trainer - INFO -     val_my_metric2 : 0.9783999999999997
2021-12-11 19:25:21,375 - trainer - INFO -     test_loss      : 0.9755840635299683
2021-12-11 19:25:21,376 - trainer - INFO -     test_my_metric : 0.6751999999999999
2021-12-11 19:25:21,376 - trainer - INFO -     test_my_metric2: 0.9745999999999995
2021-12-11 19:25:21,498 - trainer - INFO - Saving current model: current model save at: saved/models/Robust_WideResNet16_4_Vanilla_CIFAR10DataLoaderResNet16_4-num_classes-10-norm_layer_type-no-conv_layer_type-conv-linear_layer_type-linear-activation_layer_type-relu-Seed=8/1211_185200/model_epoch_14.pth ...
2021-12-11 19:27:44,080 - trainer - INFO -     epoch          : 15
2021-12-11 19:27:44,081 - trainer - INFO -     loss           : 5.6450925661474844
2021-12-11 19:27:44,082 - trainer - INFO -     my_metric      : 1.9223585358056265
2021-12-11 19:27:44,083 - trainer - INFO -     my_metric2     : 3.6806345907928386
2021-12-11 19:27:44,083 - trainer - INFO -     learning rate  : [0.001, 0.001, 0.001, 0.001]
2021-12-11 19:27:44,084 - trainer - INFO -     val_loss       : 0.9014892411231995
2021-12-11 19:27:44,084 - trainer - INFO -     val_my_metric  : 0.7114000000000001
2021-12-11 19:27:44,085 - trainer - INFO -     val_my_metric2 : 0.9761999999999996
2021-12-11 19:27:44,085 - trainer - INFO -     test_loss      : 0.9602752542495727
2021-12-11 19:27:44,086 - trainer - INFO -     test_my_metric : 0.6891999999999997
2021-12-11 19:27:44,086 - trainer - INFO -     test_my_metric2: 0.9710999999999994
2021-12-11 19:27:44,250 - trainer - INFO - Saving current model: current model save at: saved/models/Robust_WideResNet16_4_Vanilla_CIFAR10DataLoaderResNet16_4-num_classes-10-norm_layer_type-no-conv_layer_type-conv-linear_layer_type-linear-activation_layer_type-relu-Seed=8/1211_185200/model_epoch_15.pth ...
2021-12-11 19:30:06,651 - trainer - INFO -     epoch          : 16
2021-12-11 19:30:06,652 - trainer - INFO -     loss           : 5.6021986977218665
2021-12-11 19:30:06,653 - trainer - INFO -     my_metric      : 1.9399256713554982
2021-12-11 19:30:06,653 - trainer - INFO -     my_metric2     : 3.6899056905370844
2021-12-11 19:30:06,654 - trainer - INFO -     learning rate  : [0.001, 0.001, 0.001, 0.001]
2021-12-11 19:30:06,655 - trainer - INFO -     val_loss       : 0.8330872035026551
2021-12-11 19:30:06,655 - trainer - INFO -     val_my_metric  : 0.7248
2021-12-11 19:30:06,656 - trainer - INFO -     val_my_metric2 : 0.9793999999999997
2021-12-11 19:30:06,656 - trainer - INFO -     test_loss      : 0.9067742872238159
2021-12-11 19:30:06,656 - trainer - INFO -     test_my_metric : 0.6942000000000002
2021-12-11 19:30:06,657 - trainer - INFO -     test_my_metric2: 0.9742999999999991
2021-12-11 19:30:06,794 - trainer - INFO - Saving current best: model_best.pth at: saved/models/Robust_WideResNet16_4_Vanilla_CIFAR10DataLoaderResNet16_4-num_classes-10-norm_layer_type-no-conv_layer_type-conv-linear_layer_type-linear-activation_layer_type-relu-Seed=8/1211_185200/model_best.pth ...
2021-12-11 19:32:29,302 - trainer - INFO -     epoch          : 17
2021-12-11 19:32:29,303 - trainer - INFO -     loss           : 5.5598173496668295
2021-12-11 19:32:29,304 - trainer - INFO -     my_metric      : 1.956521739130435
2021-12-11 19:32:29,304 - trainer - INFO -     my_metric2     : 3.6971906969309463
2021-12-11 19:32:29,305 - trainer - INFO -     learning rate  : [0.001, 0.001, 0.001, 0.001]
2021-12-11 19:32:29,305 - trainer - INFO -     val_loss       : 0.8234090554714203
2021-12-11 19:32:29,306 - trainer - INFO -     val_my_metric  : 0.7390000000000001
2021-12-11 19:32:29,306 - trainer - INFO -     val_my_metric2 : 0.9811999999999999
2021-12-11 19:32:29,307 - trainer - INFO -     test_loss      : 0.8958193325996399
2021-12-11 19:32:29,307 - trainer - INFO -     test_my_metric : 0.7073999999999999
2021-12-11 19:32:29,308 - trainer - INFO -     test_my_metric2: 0.9773999999999994
2021-12-11 19:32:29,441 - trainer - INFO - Saving current best: model_best.pth at: saved/models/Robust_WideResNet16_4_Vanilla_CIFAR10DataLoaderResNet16_4-num_classes-10-norm_layer_type-no-conv_layer_type-conv-linear_layer_type-linear-activation_layer_type-relu-Seed=8/1211_185200/model_best.pth ...
2021-12-11 19:34:51,676 - trainer - INFO -     epoch          : 18
2021-12-11 19:34:51,677 - trainer - INFO -     loss           : 5.538038393573078
2021-12-11 19:34:51,678 - trainer - INFO -     my_metric      : 1.959850543478261
2021-12-11 19:34:51,678 - trainer - INFO -     my_metric2     : 3.691831841432225
2021-12-11 19:34:51,679 - trainer - INFO -     learning rate  : [0.001, 0.001, 0.001, 0.001]
2021-12-11 19:34:51,679 - trainer - INFO -     val_loss       : 0.8470567238330841
2021-12-11 19:34:51,680 - trainer - INFO -     val_my_metric  : 0.7460000000000001
2021-12-11 19:34:51,680 - trainer - INFO -     val_my_metric2 : 0.9837999999999997
2021-12-11 19:34:51,681 - trainer - INFO -     test_loss      : 0.914905635714531
2021-12-11 19:34:51,681 - trainer - INFO -     test_my_metric : 0.7130999999999996
2021-12-11 19:34:51,682 - trainer - INFO -     test_my_metric2: 0.9781999999999997
2021-12-11 19:34:51,848 - trainer - INFO - Saving current best: model_best.pth at: saved/models/Robust_WideResNet16_4_Vanilla_CIFAR10DataLoaderResNet16_4-num_classes-10-norm_layer_type-no-conv_layer_type-conv-linear_layer_type-linear-activation_layer_type-relu-Seed=8/1211_185200/model_best.pth ...
2021-12-11 19:37:14,083 - trainer - INFO -     epoch          : 19
2021-12-11 19:37:14,084 - trainer - INFO -     loss           : 5.496716818541212
2021-12-11 19:37:14,085 - trainer - INFO -     my_metric      : 1.978592551150895
2021-12-11 19:37:14,085 - trainer - INFO -     my_metric2     : 3.7020500319693093
2021-12-11 19:37:14,086 - trainer - INFO -     learning rate  : [0.001, 0.001, 0.001, 0.001]
2021-12-11 19:37:14,086 - trainer - INFO -     val_loss       : 0.8375872135162353
2021-12-11 19:37:14,087 - trainer - INFO -     val_my_metric  : 0.7351999999999996
2021-12-11 19:37:14,087 - trainer - INFO -     val_my_metric2 : 0.9781999999999996
2021-12-11 19:37:14,088 - trainer - INFO -     test_loss      : 0.9317578488588333
2021-12-11 19:37:14,088 - trainer - INFO -     test_my_metric : 0.6958999999999997
2021-12-11 19:37:14,089 - trainer - INFO -     test_my_metric2: 0.9705999999999989
2021-12-11 19:37:14,218 - trainer - INFO - Saving current model: current model save at: saved/models/Robust_WideResNet16_4_Vanilla_CIFAR10DataLoaderResNet16_4-num_classes-10-norm_layer_type-no-conv_layer_type-conv-linear_layer_type-linear-activation_layer_type-relu-Seed=8/1211_185200/model_epoch_19.pth ...
2021-12-11 19:39:36,487 - trainer - INFO -     epoch          : 20
2021-12-11 19:39:36,488 - trainer - INFO -     loss           : 5.440883253693886
2021-12-11 19:39:36,489 - trainer - INFO -     my_metric      : 1.999856138107417
2021-12-11 19:39:36,489 - trainer - INFO -     my_metric2     : 3.7111492966751913
2021-12-11 19:39:36,490 - trainer - INFO -     learning rate  : [0.001, 0.001, 0.001, 0.001]
2021-12-11 19:39:36,490 - trainer - INFO -     val_loss       : 0.8185764038562775
2021-12-11 19:39:36,491 - trainer - INFO -     val_my_metric  : 0.7324
2021-12-11 19:39:36,491 - trainer - INFO -     val_my_metric2 : 0.9798
2021-12-11 19:39:36,492 - trainer - INFO -     test_loss      : 0.9119563299417496
2021-12-11 19:39:36,492 - trainer - INFO -     test_my_metric : 0.6966
2021-12-11 19:39:36,493 - trainer - INFO -     test_my_metric2: 0.9752000000000003
2021-12-11 19:39:36,637 - trainer - INFO - Saving current model: current model save at: saved/models/Robust_WideResNet16_4_Vanilla_CIFAR10DataLoaderResNet16_4-num_classes-10-norm_layer_type-no-conv_layer_type-conv-linear_layer_type-linear-activation_layer_type-relu-Seed=8/1211_185200/model_epoch_20.pth ...
2021-12-11 19:41:58,826 - trainer - INFO -     epoch          : 21
2021-12-11 19:41:58,828 - trainer - INFO -     loss           : 5.409521250773574
2021-12-11 19:41:58,828 - trainer - INFO -     my_metric      : 2.0094189578005115
2021-12-11 19:41:58,829 - trainer - INFO -     my_metric2     : 3.7117647058823526
2021-12-11 19:41:58,829 - trainer - INFO -     learning rate  : [0.001, 0.001, 0.001, 0.001]
2021-12-11 19:41:58,830 - trainer - INFO -     val_loss       : 0.8063591122627258
2021-12-11 19:41:58,830 - trainer - INFO -     val_my_metric  : 0.7547999999999999
2021-12-11 19:41:58,831 - trainer - INFO -     val_my_metric2 : 0.9815999999999997
2021-12-11 19:41:58,831 - trainer - INFO -     test_loss      : 0.8838101994991302
2021-12-11 19:41:58,832 - trainer - INFO -     test_my_metric : 0.7128999999999998
2021-12-11 19:41:58,832 - trainer - INFO -     test_my_metric2: 0.9793999999999994
2021-12-11 19:41:59,011 - trainer - INFO - Saving current best: model_best.pth at: saved/models/Robust_WideResNet16_4_Vanilla_CIFAR10DataLoaderResNet16_4-num_classes-10-norm_layer_type-no-conv_layer_type-conv-linear_layer_type-linear-activation_layer_type-relu-Seed=8/1211_185200/model_best.pth ...
2021-12-11 19:44:21,037 - trainer - INFO -     epoch          : 22
2021-12-11 19:44:21,038 - trainer - INFO -     loss           : 5.402034005240711
2021-12-11 19:44:21,039 - trainer - INFO -     my_metric      : 2.0141144501278774
2021-12-11 19:44:21,040 - trainer - INFO -     my_metric2     : 3.713027493606138
2021-12-11 19:44:21,040 - trainer - INFO -     learning rate  : [0.001, 0.001, 0.001, 0.001]
2021-12-11 19:44:21,041 - trainer - INFO -     val_loss       : 0.7705662369728088
2021-12-11 19:44:21,041 - trainer - INFO -     val_my_metric  : 0.7468
2021-12-11 19:44:21,041 - trainer - INFO -     val_my_metric2 : 0.9835999999999996
2021-12-11 19:44:21,042 - trainer - INFO -     test_loss      : 0.8574554914236069
2021-12-11 19:44:21,042 - trainer - INFO -     test_my_metric : 0.7116999999999999
2021-12-11 19:44:21,042 - trainer - INFO -     test_my_metric2: 0.9764999999999998
2021-12-11 19:44:21,172 - trainer - INFO - Saving current model: current model save at: saved/models/Robust_WideResNet16_4_Vanilla_CIFAR10DataLoaderResNet16_4-num_classes-10-norm_layer_type-no-conv_layer_type-conv-linear_layer_type-linear-activation_layer_type-relu-Seed=8/1211_185200/model_epoch_22.pth ...
2021-12-11 19:46:42,934 - trainer - INFO -     epoch          : 23
2021-12-11 19:46:42,935 - trainer - INFO -     loss           : 5.337457035356166
2021-12-11 19:46:42,936 - trainer - INFO -     my_metric      : 2.0363650895140664
2021-12-11 19:46:42,936 - trainer - INFO -     my_metric2     : 3.721063778772379
2021-12-11 19:46:42,937 - trainer - INFO -     learning rate  : [0.001, 0.001, 0.001, 0.001]
2021-12-11 19:46:42,937 - trainer - INFO -     val_loss       : 0.7752913224697113
2021-12-11 19:46:42,938 - trainer - INFO -     val_my_metric  : 0.7508
2021-12-11 19:46:42,938 - trainer - INFO -     val_my_metric2 : 0.9821999999999999
2021-12-11 19:46:42,939 - trainer - INFO -     test_loss      : 0.8649010163545608
2021-12-11 19:46:42,939 - trainer - INFO -     test_my_metric : 0.7135999999999997
2021-12-11 19:46:42,939 - trainer - INFO -     test_my_metric2: 0.9780999999999996
2021-12-11 19:46:43,069 - trainer - INFO - Saving current model: current model save at: saved/models/Robust_WideResNet16_4_Vanilla_CIFAR10DataLoaderResNet16_4-num_classes-10-norm_layer_type-no-conv_layer_type-conv-linear_layer_type-linear-activation_layer_type-relu-Seed=8/1211_185200/model_epoch_23.pth ...
2021-12-11 19:49:05,305 - trainer - INFO -     epoch          : 24
2021-12-11 19:49:05,306 - trainer - INFO -     loss           : 5.319540155665649
2021-12-11 19:49:05,306 - trainer - INFO -     my_metric      : 2.0487611892583124
2021-12-11 19:49:05,307 - trainer - INFO -     my_metric2     : 3.7223705242966747
2021-12-11 19:49:05,307 - trainer - INFO -     learning rate  : [0.001, 0.001, 0.001, 0.001]
2021-12-11 19:49:05,307 - trainer - INFO -     val_loss       : 0.7393710887432099
2021-12-11 19:49:05,308 - trainer - INFO -     val_my_metric  : 0.7724000000000002
2021-12-11 19:49:05,309 - trainer - INFO -     val_my_metric2 : 0.9875999999999998
2021-12-11 19:49:05,309 - trainer - INFO -     test_loss      : 0.8434798747301102
2021-12-11 19:49:05,310 - trainer - INFO -     test_my_metric : 0.7326000000000001
2021-12-11 19:49:05,310 - trainer - INFO -     test_my_metric2: 0.9796999999999992
2021-12-11 19:49:05,465 - trainer - INFO - Saving current best: model_best.pth at: saved/models/Robust_WideResNet16_4_Vanilla_CIFAR10DataLoaderResNet16_4-num_classes-10-norm_layer_type-no-conv_layer_type-conv-linear_layer_type-linear-activation_layer_type-relu-Seed=8/1211_185200/model_best.pth ...
2021-12-11 19:51:27,474 - trainer - INFO -     epoch          : 25
2021-12-11 19:51:27,475 - trainer - INFO -     loss           : 5.282352357569253
2021-12-11 19:51:27,476 - trainer - INFO -     my_metric      : 2.0515185421994886
2021-12-11 19:51:27,476 - trainer - INFO -     my_metric2     : 3.7323369565217384
2021-12-11 19:51:27,477 - trainer - INFO -     learning rate  : [0.001, 0.001, 0.001, 0.001]
2021-12-11 19:51:27,477 - trainer - INFO -     val_loss       : 0.7172875034809113
2021-12-11 19:51:27,478 - trainer - INFO -     val_my_metric  : 0.7728
2021-12-11 19:51:27,478 - trainer - INFO -     val_my_metric2 : 0.9869999999999998
2021-12-11 19:51:27,479 - trainer - INFO -     test_loss      : 0.8320517963171006
2021-12-11 19:51:27,479 - trainer - INFO -     test_my_metric : 0.7323999999999998
2021-12-11 19:51:27,480 - trainer - INFO -     test_my_metric2: 0.9791999999999993
2021-12-11 19:51:27,641 - trainer - INFO - Saving current best: model_best.pth at: saved/models/Robust_WideResNet16_4_Vanilla_CIFAR10DataLoaderResNet16_4-num_classes-10-norm_layer_type-no-conv_layer_type-conv-linear_layer_type-linear-activation_layer_type-relu-Seed=8/1211_185200/model_best.pth ...
2021-12-11 19:53:49,339 - trainer - INFO -     epoch          : 26
2021-12-11 19:53:49,340 - trainer - INFO -     loss           : 5.248519400501495
2021-12-11 19:53:49,341 - trainer - INFO -     my_metric      : 2.0667599104859335
2021-12-11 19:53:49,341 - trainer - INFO -     my_metric2     : 3.735973465473146
2021-12-11 19:53:49,342 - trainer - INFO -     learning rate  : [0.001, 0.001, 0.001, 0.001]
2021-12-11 19:53:49,342 - trainer - INFO -     val_loss       : 0.7341138315200806
2021-12-11 19:53:49,343 - trainer - INFO -     val_my_metric  : 0.7819999999999999
2021-12-11 19:53:49,343 - trainer - INFO -     val_my_metric2 : 0.9861999999999997
2021-12-11 19:53:49,344 - trainer - INFO -     test_loss      : 0.8339801371097565
2021-12-11 19:53:49,344 - trainer - INFO -     test_my_metric : 0.7315
2021-12-11 19:53:49,345 - trainer - INFO -     test_my_metric2: 0.9806999999999998
2021-12-11 19:53:49,510 - trainer - INFO - Saving current best: model_best.pth at: saved/models/Robust_WideResNet16_4_Vanilla_CIFAR10DataLoaderResNet16_4-num_classes-10-norm_layer_type-no-conv_layer_type-conv-linear_layer_type-linear-activation_layer_type-relu-Seed=8/1211_185200/model_best.pth ...
2021-12-11 19:56:11,437 - trainer - INFO -     epoch          : 27
2021-12-11 19:56:11,438 - trainer - INFO -     loss           : 5.224606562605905
2021-12-11 19:56:11,439 - trainer - INFO -     my_metric      : 2.0707840473145778
2021-12-11 19:56:11,439 - trainer - INFO -     my_metric2     : 3.7422594309462918
2021-12-11 19:56:11,440 - trainer - INFO -     learning rate  : [0.001, 0.001, 0.001, 0.001]
2021-12-11 19:56:11,440 - trainer - INFO -     val_loss       : 0.7606138586997986
2021-12-11 19:56:11,441 - trainer - INFO -     val_my_metric  : 0.7487999999999998
2021-12-11 19:56:11,441 - trainer - INFO -     val_my_metric2 : 0.9839999999999997
2021-12-11 19:56:11,442 - trainer - INFO -     test_loss      : 0.8667049479484558
2021-12-11 19:56:11,442 - trainer - INFO -     test_my_metric : 0.7051
2021-12-11 19:56:11,443 - trainer - INFO -     test_my_metric2: 0.9763
2021-12-11 19:56:11,565 - trainer - INFO - Saving current model: current model save at: saved/models/Robust_WideResNet16_4_Vanilla_CIFAR10DataLoaderResNet16_4-num_classes-10-norm_layer_type-no-conv_layer_type-conv-linear_layer_type-linear-activation_layer_type-relu-Seed=8/1211_185200/model_epoch_27.pth ...
2021-12-11 19:58:33,613 - trainer - INFO -     epoch          : 28
2021-12-11 19:58:33,615 - trainer - INFO -     loss           : 5.185501610531526
2021-12-11 19:58:33,615 - trainer - INFO -     my_metric      : 2.0866248401534526
2021-12-11 19:58:33,616 - trainer - INFO -     my_metric2     : 3.742435262148338
2021-12-11 19:58:33,616 - trainer - INFO -     learning rate  : [0.001, 0.001, 0.001, 0.001]
2021-12-11 19:58:33,617 - trainer - INFO -     val_loss       : 0.7563634145259858
2021-12-11 19:58:33,617 - trainer - INFO -     val_my_metric  : 0.7422000000000001
2021-12-11 19:58:33,618 - trainer - INFO -     val_my_metric2 : 0.9809999999999997
2021-12-11 19:58:33,618 - trainer - INFO -     test_loss      : 0.8538955324888229
2021-12-11 19:58:33,619 - trainer - INFO -     test_my_metric : 0.708
2021-12-11 19:58:33,619 - trainer - INFO -     test_my_metric2: 0.9764999999999993
2021-12-11 19:58:33,739 - trainer - INFO - Saving current model: current model save at: saved/models/Robust_WideResNet16_4_Vanilla_CIFAR10DataLoaderResNet16_4-num_classes-10-norm_layer_type-no-conv_layer_type-conv-linear_layer_type-linear-activation_layer_type-relu-Seed=8/1211_185200/model_epoch_28.pth ...
2021-12-11 20:00:56,084 - trainer - INFO -     epoch          : 29
2021-12-11 20:00:56,085 - trainer - INFO -     loss           : 5.18015893889815
2021-12-11 20:00:56,086 - trainer - INFO -     my_metric      : 2.0983415920716113
2021-12-11 20:00:56,087 - trainer - INFO -     my_metric2     : 3.7446731138107414
2021-12-11 20:00:56,088 - trainer - INFO -     learning rate  : [0.001, 0.001, 0.001, 0.001]
2021-12-11 20:00:56,088 - trainer - INFO -     val_loss       : 0.7290844786167144
2021-12-11 20:00:56,089 - trainer - INFO -     val_my_metric  : 0.7521999999999998
2021-12-11 20:00:56,089 - trainer - INFO -     val_my_metric2 : 0.9877999999999999
2021-12-11 20:00:56,090 - trainer - INFO -     test_loss      : 0.8440217536687851
2021-12-11 20:00:56,090 - trainer - INFO -     test_my_metric : 0.7100000000000002
2021-12-11 20:00:56,091 - trainer - INFO -     test_my_metric2: 0.979499999999999
2021-12-11 20:00:56,240 - trainer - INFO - Saving current model: current model save at: saved/models/Robust_WideResNet16_4_Vanilla_CIFAR10DataLoaderResNet16_4-num_classes-10-norm_layer_type-no-conv_layer_type-conv-linear_layer_type-linear-activation_layer_type-relu-Seed=8/1211_185200/model_epoch_29.pth ...
2021-12-11 20:03:18,320 - trainer - INFO -     epoch          : 30
2021-12-11 20:03:18,321 - trainer - INFO -     loss           : 5.162915218669131
2021-12-11 20:03:18,322 - trainer - INFO -     my_metric      : 2.0981417838874683
2021-12-11 20:03:18,322 - trainer - INFO -     my_metric2     : 3.7463235294117654
2021-12-11 20:03:18,322 - trainer - INFO -     learning rate  : [0.001, 0.001, 0.001, 0.001]
2021-12-11 20:03:18,323 - trainer - INFO -     val_loss       : 0.6946906983852387
2021-12-11 20:03:18,323 - trainer - INFO -     val_my_metric  : 0.79
2021-12-11 20:03:18,324 - trainer - INFO -     val_my_metric2 : 0.9877999999999997
2021-12-11 20:03:18,324 - trainer - INFO -     test_loss      : 0.8038036984205246
2021-12-11 20:03:18,325 - trainer - INFO -     test_my_metric : 0.7415999999999998
2021-12-11 20:03:18,325 - trainer - INFO -     test_my_metric2: 0.9810999999999995
2021-12-11 20:03:18,467 - trainer - INFO - Saving current best: model_best.pth at: saved/models/Robust_WideResNet16_4_Vanilla_CIFAR10DataLoaderResNet16_4-num_classes-10-norm_layer_type-no-conv_layer_type-conv-linear_layer_type-linear-activation_layer_type-relu-Seed=8/1211_185200/model_best.pth ...
2021-12-11 20:05:40,727 - trainer - INFO -     epoch          : 31
2021-12-11 20:05:40,728 - trainer - INFO -     loss           : 5.132206814368363
2021-12-11 20:05:40,729 - trainer - INFO -     my_metric      : 2.105195012787724
2021-12-11 20:05:40,729 - trainer - INFO -     my_metric2     : 3.7450607416879786
2021-12-11 20:05:40,730 - trainer - INFO -     learning rate  : [0.001, 0.001, 0.001, 0.001]
2021-12-11 20:05:40,730 - trainer - INFO -     val_loss       : 0.6906176209449768
2021-12-11 20:05:40,731 - trainer - INFO -     val_my_metric  : 0.7877999999999997
2021-12-11 20:05:40,731 - trainer - INFO -     val_my_metric2 : 0.9865999999999996
2021-12-11 20:05:40,732 - trainer - INFO -     test_loss      : 0.8066364318132401
2021-12-11 20:05:40,732 - trainer - INFO -     test_my_metric : 0.7388999999999999
2021-12-11 20:05:40,733 - trainer - INFO -     test_my_metric2: 0.9801999999999995
2021-12-11 20:05:40,879 - trainer - INFO - Saving current model: current model save at: saved/models/Robust_WideResNet16_4_Vanilla_CIFAR10DataLoaderResNet16_4-num_classes-10-norm_layer_type-no-conv_layer_type-conv-linear_layer_type-linear-activation_layer_type-relu-Seed=8/1211_185200/model_epoch_31.pth ...
2021-12-11 20:08:03,243 - trainer - INFO -     epoch          : 32
2021-12-11 20:08:03,244 - trainer - INFO -     loss           : 5.094629500375684
2021-12-11 20:08:03,245 - trainer - INFO -     my_metric      : 2.11792679028133
2021-12-11 20:08:03,245 - trainer - INFO -     my_metric2     : 3.75579044117647
2021-12-11 20:08:03,246 - trainer - INFO -     learning rate  : [0.001, 0.001, 0.001, 0.001]
2021-12-11 20:08:03,246 - trainer - INFO -     val_loss       : 0.6607639592885971
2021-12-11 20:08:03,247 - trainer - INFO -     val_my_metric  : 0.7811999999999999
2021-12-11 20:08:03,247 - trainer - INFO -     val_my_metric2 : 0.9875999999999998
2021-12-11 20:08:03,248 - trainer - INFO -     test_loss      : 0.7894027429819107
2021-12-11 20:08:03,248 - trainer - INFO -     test_my_metric : 0.7311999999999999
2021-12-11 20:08:03,249 - trainer - INFO -     test_my_metric2: 0.9808999999999992
2021-12-11 20:08:03,382 - trainer - INFO - Saving current model: current model save at: saved/models/Robust_WideResNet16_4_Vanilla_CIFAR10DataLoaderResNet16_4-num_classes-10-norm_layer_type-no-conv_layer_type-conv-linear_layer_type-linear-activation_layer_type-relu-Seed=8/1211_185200/model_epoch_32.pth ...
2021-12-11 20:10:25,913 - trainer - INFO -     epoch          : 33
2021-12-11 20:10:25,914 - trainer - INFO -     loss           : 5.057774943006618
2021-12-11 20:10:25,915 - trainer - INFO -     my_metric      : 2.12809702685422
2021-12-11 20:10:25,916 - trainer - INFO -     my_metric2     : 3.758371962915601
2021-12-11 20:10:25,916 - trainer - INFO -     learning rate  : [0.001, 0.001, 0.001, 0.001]
2021-12-11 20:10:25,917 - trainer - INFO -     val_loss       : 0.6513504707813262
2021-12-11 20:10:25,917 - trainer - INFO -     val_my_metric  : 0.7935999999999995
2021-12-11 20:10:25,918 - trainer - INFO -     val_my_metric2 : 0.9898000000000002
2021-12-11 20:10:25,918 - trainer - INFO -     test_loss      : 0.7758893990516662
2021-12-11 20:10:25,919 - trainer - INFO -     test_my_metric : 0.7435000000000003
2021-12-11 20:10:25,919 - trainer - INFO -     test_my_metric2: 0.9812999999999995
2021-12-11 20:10:26,080 - trainer - INFO - Saving current best: model_best.pth at: saved/models/Robust_WideResNet16_4_Vanilla_CIFAR10DataLoaderResNet16_4-num_classes-10-norm_layer_type-no-conv_layer_type-conv-linear_layer_type-linear-activation_layer_type-relu-Seed=8/1211_185200/model_best.pth ...
2021-12-11 20:12:48,618 - trainer - INFO -     epoch          : 34
2021-12-11 20:12:48,619 - trainer - INFO -     loss           : 5.0509828534882395
2021-12-11 20:12:48,620 - trainer - INFO -     my_metric      : 2.1356737531969308
2021-12-11 20:12:48,623 - trainer - INFO -     my_metric2     : 3.7596227621483376
2021-12-11 20:12:48,624 - trainer - INFO -     learning rate  : [0.001, 0.001, 0.001, 0.001]
2021-12-11 20:12:48,624 - trainer - INFO -     val_loss       : 0.659545155763626
2021-12-11 20:12:48,625 - trainer - INFO -     val_my_metric  : 0.7965999999999999
2021-12-11 20:12:48,625 - trainer - INFO -     val_my_metric2 : 0.9906
2021-12-11 20:12:48,625 - trainer - INFO -     test_loss      : 0.7860528618097306
2021-12-11 20:12:48,625 - trainer - INFO -     test_my_metric : 0.7467999999999997
2021-12-11 20:12:48,626 - trainer - INFO -     test_my_metric2: 0.9821999999999997
2021-12-11 20:12:48,760 - trainer - INFO - Saving current best: model_best.pth at: saved/models/Robust_WideResNet16_4_Vanilla_CIFAR10DataLoaderResNet16_4-num_classes-10-norm_layer_type-no-conv_layer_type-conv-linear_layer_type-linear-activation_layer_type-relu-Seed=8/1211_185200/model_best.pth ...
2021-12-11 20:15:11,158 - trainer - INFO -     epoch          : 35
2021-12-11 20:15:11,159 - trainer - INFO -     loss           : 5.029167274075091
2021-12-11 20:15:11,159 - trainer - INFO -     my_metric      : 2.1453524616368287
2021-12-11 20:15:11,160 - trainer - INFO -     my_metric2     : 3.75860773657289
2021-12-11 20:15:11,160 - trainer - INFO -     learning rate  : [0.001, 0.001, 0.001, 0.001]
2021-12-11 20:15:11,160 - trainer - INFO -     val_loss       : 0.6893626189231873
2021-12-11 20:15:11,161 - trainer - INFO -     val_my_metric  : 0.7899999999999998
2021-12-11 20:15:11,161 - trainer - INFO -     val_my_metric2 : 0.9880000000000001
2021-12-11 20:15:11,162 - trainer - INFO -     test_loss      : 0.8117585784196854
2021-12-11 20:15:11,163 - trainer - INFO -     test_my_metric : 0.7354999999999997
2021-12-11 20:15:11,163 - trainer - INFO -     test_my_metric2: 0.9799999999999993
2021-12-11 20:15:11,296 - trainer - INFO - Saving current model: current model save at: saved/models/Robust_WideResNet16_4_Vanilla_CIFAR10DataLoaderResNet16_4-num_classes-10-norm_layer_type-no-conv_layer_type-conv-linear_layer_type-linear-activation_layer_type-relu-Seed=8/1211_185200/model_epoch_35.pth ...
2021-12-11 20:17:33,605 - trainer - INFO -     epoch          : 36
2021-12-11 20:17:33,605 - trainer - INFO -     loss           : 4.994446054901308
2021-12-11 20:17:33,606 - trainer - INFO -     my_metric      : 2.1599544437340152
2021-12-11 20:17:33,606 - trainer - INFO -     my_metric2     : 3.7667159526854217
2021-12-11 20:17:33,607 - trainer - INFO -     learning rate  : [0.001, 0.001, 0.001, 0.001]
2021-12-11 20:17:33,607 - trainer - INFO -     val_loss       : 0.652970587015152
2021-12-11 20:17:33,608 - trainer - INFO -     val_my_metric  : 0.7918000000000001
2021-12-11 20:17:33,608 - trainer - INFO -     val_my_metric2 : 0.9892
2021-12-11 20:17:33,609 - trainer - INFO -     test_loss      : 0.7874576467275619
2021-12-11 20:17:33,609 - trainer - INFO -     test_my_metric : 0.7397999999999999
2021-12-11 20:17:33,610 - trainer - INFO -     test_my_metric2: 0.9797999999999994
2021-12-11 20:17:33,750 - trainer - INFO - Saving current model: current model save at: saved/models/Robust_WideResNet16_4_Vanilla_CIFAR10DataLoaderResNet16_4-num_classes-10-norm_layer_type-no-conv_layer_type-conv-linear_layer_type-linear-activation_layer_type-relu-Seed=8/1211_185200/model_epoch_36.pth ...
2021-12-11 20:19:56,197 - trainer - INFO -     epoch          : 37
2021-12-11 20:19:56,198 - trainer - INFO -     loss           : 4.981927089678967
2021-12-11 20:19:56,199 - trainer - INFO -     my_metric      : 2.1614330242966755
2021-12-11 20:19:56,200 - trainer - INFO -     my_metric2     : 3.766040601023018
2021-12-11 20:19:56,200 - trainer - INFO -     learning rate  : [0.001, 0.001, 0.001, 0.001]
2021-12-11 20:19:56,201 - trainer - INFO -     val_loss       : 0.6756164455413818
2021-12-11 20:19:56,201 - trainer - INFO -     val_my_metric  : 0.8052000000000002
2021-12-11 20:19:56,202 - trainer - INFO -     val_my_metric2 : 0.9883999999999997
2021-12-11 20:19:56,202 - trainer - INFO -     test_loss      : 0.798476482629776
2021-12-11 20:19:56,203 - trainer - INFO -     test_my_metric : 0.7413000000000001
2021-12-11 20:19:56,203 - trainer - INFO -     test_my_metric2: 0.9835999999999991
2021-12-11 20:19:56,359 - trainer - INFO - Saving current best: model_best.pth at: saved/models/Robust_WideResNet16_4_Vanilla_CIFAR10DataLoaderResNet16_4-num_classes-10-norm_layer_type-no-conv_layer_type-conv-linear_layer_type-linear-activation_layer_type-relu-Seed=8/1211_185200/model_best.pth ...
2021-12-11 20:22:18,516 - trainer - INFO -     epoch          : 38
2021-12-11 20:22:18,518 - trainer - INFO -     loss           : 4.965831013896581
2021-12-11 20:22:18,518 - trainer - INFO -     my_metric      : 2.165209398976982
2021-12-11 20:22:18,519 - trainer - INFO -     my_metric2     : 3.769485294117647
2021-12-11 20:22:18,519 - trainer - INFO -     learning rate  : [0.001, 0.001, 0.001, 0.001]
2021-12-11 20:22:18,520 - trainer - INFO -     val_loss       : 0.6361247462034225
2021-12-11 20:22:18,520 - trainer - INFO -     val_my_metric  : 0.8030000000000002
2021-12-11 20:22:18,521 - trainer - INFO -     val_my_metric2 : 0.9915999999999998
2021-12-11 20:22:18,521 - trainer - INFO -     test_loss      : 0.7667639726400375
2021-12-11 20:22:18,522 - trainer - INFO -     test_my_metric : 0.7514000000000002
2021-12-11 20:22:18,522 - trainer - INFO -     test_my_metric2: 0.9842999999999995
2021-12-11 20:22:18,646 - trainer - INFO - Saving current model: current model save at: saved/models/Robust_WideResNet16_4_Vanilla_CIFAR10DataLoaderResNet16_4-num_classes-10-norm_layer_type-no-conv_layer_type-conv-linear_layer_type-linear-activation_layer_type-relu-Seed=8/1211_185200/model_epoch_38.pth ...
2021-12-11 20:24:40,819 - trainer - INFO -     epoch          : 39
2021-12-11 20:24:40,820 - trainer - INFO -     loss           : 4.945406207038314
2021-12-11 20:24:40,821 - trainer - INFO -     my_metric      : 2.167275415601023
2021-12-11 20:24:40,821 - trainer - INFO -     my_metric2     : 3.771603260869565
2021-12-11 20:24:40,822 - trainer - INFO -     learning rate  : [0.001, 0.001, 0.001, 0.001]
2021-12-11 20:24:40,822 - trainer - INFO -     val_loss       : 0.637664749622345
2021-12-11 20:24:40,823 - trainer - INFO -     val_my_metric  : 0.7992
2021-12-11 20:24:40,823 - trainer - INFO -     val_my_metric2 : 0.9879999999999997
2021-12-11 20:24:40,824 - trainer - INFO -     test_loss      : 0.7796506214141846
2021-12-11 20:24:40,824 - trainer - INFO -     test_my_metric : 0.7399999999999998
2021-12-11 20:24:40,825 - trainer - INFO -     test_my_metric2: 0.9808999999999994
2021-12-11 20:24:40,960 - trainer - INFO - Saving current model: current model save at: saved/models/Robust_WideResNet16_4_Vanilla_CIFAR10DataLoaderResNet16_4-num_classes-10-norm_layer_type-no-conv_layer_type-conv-linear_layer_type-linear-activation_layer_type-relu-Seed=8/1211_185200/model_epoch_39.pth ...
2021-12-11 20:27:03,555 - trainer - INFO -     epoch          : 40
2021-12-11 20:27:03,555 - trainer - INFO -     loss           : 4.906647958109141
2021-12-11 20:27:03,556 - trainer - INFO -     my_metric      : 2.1842151534526857
2021-12-11 20:27:03,556 - trainer - INFO -     my_metric2     : 3.774952046035806
2021-12-11 20:27:03,557 - trainer - INFO -     learning rate  : [0.001, 0.001, 0.001, 0.001]
2021-12-11 20:27:03,557 - trainer - INFO -     val_loss       : 0.6501656198501586
2021-12-11 20:27:03,558 - trainer - INFO -     val_my_metric  : 0.7988000000000001
2021-12-11 20:27:03,558 - trainer - INFO -     val_my_metric2 : 0.9873999999999998
2021-12-11 20:27:03,559 - trainer - INFO -     test_loss      : 0.7845714968442917
2021-12-11 20:27:03,559 - trainer - INFO -     test_my_metric : 0.7380000000000004
2021-12-11 20:27:03,560 - trainer - INFO -     test_my_metric2: 0.9794999999999996
2021-12-11 20:27:03,700 - trainer - INFO - Saving current model: current model save at: saved/models/Robust_WideResNet16_4_Vanilla_CIFAR10DataLoaderResNet16_4-num_classes-10-norm_layer_type-no-conv_layer_type-conv-linear_layer_type-linear-activation_layer_type-relu-Seed=8/1211_185200/model_epoch_40.pth ...
