2021-12-11 15:51:00,746 - train - INFO - Trainable parameters: 174138
2021-12-11 15:51:53,458 - trainer - INFO -     epoch          : 1
2021-12-11 15:51:53,459 - trainer - INFO -     loss           : 8.354162709792252
2021-12-11 15:51:53,460 - trainer - INFO -     my_metric      : 0.9082161125319694
2021-12-11 15:51:53,461 - trainer - INFO -     my_metric2     : 2.93184942455243
2021-12-11 15:51:53,461 - trainer - INFO -     learning rate  : [0.001, 0.001, 0.001, 0.001]
2021-12-11 15:51:53,462 - trainer - INFO -     val_loss       : 1.8246369767189026
2021-12-11 15:51:53,463 - trainer - INFO -     val_my_metric  : 0.3428
2021-12-11 15:51:53,463 - trainer - INFO -     val_my_metric2 : 0.8194000000000001
2021-12-11 15:51:53,464 - trainer - INFO -     test_loss      : 1.8175724506378175
2021-12-11 15:51:53,464 - trainer - INFO -     test_my_metric : 0.3396
2021-12-11 15:51:53,465 - trainer - INFO -     test_my_metric2: 0.8276000000000003
2021-12-11 15:51:53,486 - trainer - INFO - Saving current best: model_best.pth at: saved/models/Robust_WideResNet16_1_vanilla_CIFAR10DataLoaderResNet16_1-num_classes-10-norm_layer_type-no-conv_layer_type-conv-linear_layer_type-linear-activation_layer_type-relu-Seed=8/1211_155055/model_best.pth ...
2021-12-11 15:52:42,337 - trainer - INFO -     epoch          : 2
2021-12-11 15:52:42,338 - trainer - INFO -     loss           : 7.711892650865228
2021-12-11 15:52:42,339 - trainer - INFO -     my_metric      : 1.1584918478260868
2021-12-11 15:52:42,339 - trainer - INFO -     my_metric2     : 3.234982416879795
2021-12-11 15:52:42,340 - trainer - INFO -     learning rate  : [0.001, 0.001, 0.001, 0.001]
2021-12-11 15:52:42,340 - trainer - INFO -     val_loss       : 1.5635276532173157
2021-12-11 15:52:42,341 - trainer - INFO -     val_my_metric  : 0.4246000000000001
2021-12-11 15:52:42,341 - trainer - INFO -     val_my_metric2 : 0.9111999999999999
2021-12-11 15:52:42,342 - trainer - INFO -     test_loss      : 1.5559105229377748
2021-12-11 15:52:42,342 - trainer - INFO -     test_my_metric : 0.42869999999999975
2021-12-11 15:52:42,343 - trainer - INFO -     test_my_metric2: 0.9168000000000005
2021-12-11 15:52:42,367 - trainer - INFO - Saving current best: model_best.pth at: saved/models/Robust_WideResNet16_1_vanilla_CIFAR10DataLoaderResNet16_1-num_classes-10-norm_layer_type-no-conv_layer_type-conv-linear_layer_type-linear-activation_layer_type-relu-Seed=8/1211_155055/model_best.pth ...
2021-12-11 15:53:31,686 - trainer - INFO -     epoch          : 3
2021-12-11 15:53:31,687 - trainer - INFO -     loss           : 7.417158359761738
2021-12-11 15:53:31,687 - trainer - INFO -     my_metric      : 1.251854219948849
2021-12-11 15:53:31,688 - trainer - INFO -     my_metric2     : 3.3294357416879796
2021-12-11 15:53:31,688 - trainer - INFO -     learning rate  : [0.001, 0.001, 0.001, 0.001]
2021-12-11 15:53:31,689 - trainer - INFO -     val_loss       : 1.5956467509269714
2021-12-11 15:53:31,689 - trainer - INFO -     val_my_metric  : 0.4370000000000001
2021-12-11 15:53:31,690 - trainer - INFO -     val_my_metric2 : 0.9005999999999997
2021-12-11 15:53:31,690 - trainer - INFO -     test_loss      : 1.5895819199085235
2021-12-11 15:53:31,691 - trainer - INFO -     test_my_metric : 0.4457
2021-12-11 15:53:31,691 - trainer - INFO -     test_my_metric2: 0.9062000000000002
2021-12-11 15:53:31,710 - trainer - INFO - Saving current best: model_best.pth at: saved/models/Robust_WideResNet16_1_vanilla_CIFAR10DataLoaderResNet16_1-num_classes-10-norm_layer_type-no-conv_layer_type-conv-linear_layer_type-linear-activation_layer_type-relu-Seed=8/1211_155055/model_best.pth ...
2021-12-11 15:54:20,882 - trainer - INFO -     epoch          : 4
2021-12-11 15:54:20,883 - trainer - INFO -     loss           : 7.203244997107464
2021-12-11 15:54:20,883 - trainer - INFO -     my_metric      : 1.3297794117647057
2021-12-11 15:54:20,884 - trainer - INFO -     my_metric2     : 3.390744884910486
2021-12-11 15:54:20,885 - trainer - INFO -     learning rate  : [0.001, 0.001, 0.001, 0.001]
2021-12-11 15:54:20,885 - trainer - INFO -     val_loss       : 1.4558940744400024
2021-12-11 15:54:20,886 - trainer - INFO -     val_my_metric  : 0.4952
2021-12-11 15:54:20,886 - trainer - INFO -     val_my_metric2 : 0.9218
2021-12-11 15:54:20,887 - trainer - INFO -     test_loss      : 1.4550605905056
2021-12-11 15:54:20,887 - trainer - INFO -     test_my_metric : 0.4923000000000002
2021-12-11 15:54:20,888 - trainer - INFO -     test_my_metric2: 0.9264000000000003
2021-12-11 15:54:20,908 - trainer - INFO - Saving current best: model_best.pth at: saved/models/Robust_WideResNet16_1_vanilla_CIFAR10DataLoaderResNet16_1-num_classes-10-norm_layer_type-no-conv_layer_type-conv-linear_layer_type-linear-activation_layer_type-relu-Seed=8/1211_155055/model_best.pth ...
2021-12-11 15:55:10,584 - trainer - INFO -     epoch          : 5
2021-12-11 15:55:10,585 - trainer - INFO -     loss           : 7.03957702589157
2021-12-11 15:55:10,586 - trainer - INFO -     my_metric      : 1.3899656329923273
2021-12-11 15:55:10,586 - trainer - INFO -     my_metric2     : 3.4299872122762154
2021-12-11 15:55:10,587 - trainer - INFO -     learning rate  : [0.001, 0.001, 0.001, 0.001]
2021-12-11 15:55:10,587 - trainer - INFO -     val_loss       : 1.3597647619247437
2021-12-11 15:55:10,588 - trainer - INFO -     val_my_metric  : 0.513
2021-12-11 15:55:10,588 - trainer - INFO -     val_my_metric2 : 0.9432
2021-12-11 15:55:10,589 - trainer - INFO -     test_loss      : 1.3625386035442353
2021-12-11 15:55:10,589 - trainer - INFO -     test_my_metric : 0.5161
2021-12-11 15:55:10,590 - trainer - INFO -     test_my_metric2: 0.9453
2021-12-11 15:55:10,622 - trainer - INFO - Saving current best: model_best.pth at: saved/models/Robust_WideResNet16_1_vanilla_CIFAR10DataLoaderResNet16_1-num_classes-10-norm_layer_type-no-conv_layer_type-conv-linear_layer_type-linear-activation_layer_type-relu-Seed=8/1211_155055/model_best.pth ...
2021-12-11 15:56:00,792 - trainer - INFO -     epoch          : 6
2021-12-11 15:56:00,793 - trainer - INFO -     loss           : 6.909937059787838
2021-12-11 15:56:00,794 - trainer - INFO -     my_metric      : 1.44150415601023
2021-12-11 15:56:00,794 - trainer - INFO -     my_metric2     : 3.4558823529411757
2021-12-11 15:56:00,795 - trainer - INFO -     learning rate  : [0.001, 0.001, 0.001, 0.001]
2021-12-11 15:56:00,795 - trainer - INFO -     val_loss       : 1.327308852672577
2021-12-11 15:56:00,796 - trainer - INFO -     val_my_metric  : 0.5618
2021-12-11 15:56:00,796 - trainer - INFO -     val_my_metric2 : 0.9490000000000002
2021-12-11 15:56:00,797 - trainer - INFO -     test_loss      : 1.3363971900939942
2021-12-11 15:56:00,797 - trainer - INFO -     test_my_metric : 0.5511000000000001
2021-12-11 15:56:00,797 - trainer - INFO -     test_my_metric2: 0.9505
2021-12-11 15:56:00,827 - trainer - INFO - Saving current best: model_best.pth at: saved/models/Robust_WideResNet16_1_vanilla_CIFAR10DataLoaderResNet16_1-num_classes-10-norm_layer_type-no-conv_layer_type-conv-linear_layer_type-linear-activation_layer_type-relu-Seed=8/1211_155055/model_best.pth ...
2021-12-11 15:56:50,302 - trainer - INFO -     epoch          : 7
2021-12-11 15:56:50,303 - trainer - INFO -     loss           : 6.802723258962412
2021-12-11 15:56:50,304 - trainer - INFO -     my_metric      : 1.4703244884910485
2021-12-11 15:56:50,304 - trainer - INFO -     my_metric2     : 3.481401854219949
2021-12-11 15:56:50,305 - trainer - INFO -     learning rate  : [0.001, 0.001, 0.001, 0.001]
2021-12-11 15:56:50,305 - trainer - INFO -     val_loss       : 1.3033971667289734
2021-12-11 15:56:50,307 - trainer - INFO -     val_my_metric  : 0.5619999999999998
2021-12-11 15:56:50,307 - trainer - INFO -     val_my_metric2 : 0.9530000000000003
2021-12-11 15:56:50,308 - trainer - INFO -     test_loss      : 1.3158925008773803
2021-12-11 15:56:50,308 - trainer - INFO -     test_my_metric : 0.5584000000000001
2021-12-11 15:56:50,309 - trainer - INFO -     test_my_metric2: 0.9539000000000004
2021-12-11 15:56:50,328 - trainer - INFO - Saving current best: model_best.pth at: saved/models/Robust_WideResNet16_1_vanilla_CIFAR10DataLoaderResNet16_1-num_classes-10-norm_layer_type-no-conv_layer_type-conv-linear_layer_type-linear-activation_layer_type-relu-Seed=8/1211_155055/model_best.pth ...
2021-12-11 15:57:40,232 - trainer - INFO -     epoch          : 8
2021-12-11 15:57:40,234 - trainer - INFO -     loss           : 6.735354934507014
2021-12-11 15:57:40,234 - trainer - INFO -     my_metric      : 1.500755274936061
2021-12-11 15:57:40,235 - trainer - INFO -     my_metric2     : 3.496019820971867
2021-12-11 15:57:40,235 - trainer - INFO -     learning rate  : [0.001, 0.001, 0.001, 0.001]
2021-12-11 15:57:40,236 - trainer - INFO -     val_loss       : 1.3022167825698852
2021-12-11 15:57:40,236 - trainer - INFO -     val_my_metric  : 0.5618
2021-12-11 15:57:40,237 - trainer - INFO -     val_my_metric2 : 0.9445999999999998
2021-12-11 15:57:40,237 - trainer - INFO -     test_loss      : 1.3078367364406587
2021-12-11 15:57:40,238 - trainer - INFO -     test_my_metric : 0.5663999999999999
2021-12-11 15:57:40,238 - trainer - INFO -     test_my_metric2: 0.9471
2021-12-11 15:57:40,257 - trainer - INFO - Saving current model: current model save at: saved/models/Robust_WideResNet16_1_vanilla_CIFAR10DataLoaderResNet16_1-num_classes-10-norm_layer_type-no-conv_layer_type-conv-linear_layer_type-linear-activation_layer_type-relu-Seed=8/1211_155055/model_epoch_8.pth ...
2021-12-11 15:58:30,476 - trainer - INFO -     epoch          : 9
2021-12-11 15:58:30,477 - trainer - INFO -     loss           : 6.665613632220442
2021-12-11 15:58:30,477 - trainer - INFO -     my_metric      : 1.5271699168797952
2021-12-11 15:58:30,478 - trainer - INFO -     my_metric2     : 3.5112851662404094
2021-12-11 15:58:30,478 - trainer - INFO -     learning rate  : [0.001, 0.001, 0.001, 0.001]
2021-12-11 15:58:30,479 - trainer - INFO -     val_loss       : 1.1984188890457153
2021-12-11 15:58:30,479 - trainer - INFO -     val_my_metric  : 0.5816
2021-12-11 15:58:30,480 - trainer - INFO -     val_my_metric2 : 0.953
2021-12-11 15:58:30,480 - trainer - INFO -     test_loss      : 1.2052864348888397
2021-12-11 15:58:30,481 - trainer - INFO -     test_my_metric : 0.5851000000000003
2021-12-11 15:58:30,481 - trainer - INFO -     test_my_metric2: 0.9562999999999998
2021-12-11 15:58:30,500 - trainer - INFO - Saving current best: model_best.pth at: saved/models/Robust_WideResNet16_1_vanilla_CIFAR10DataLoaderResNet16_1-num_classes-10-norm_layer_type-no-conv_layer_type-conv-linear_layer_type-linear-activation_layer_type-relu-Seed=8/1211_155055/model_best.pth ...
2021-12-11 15:59:20,490 - trainer - INFO -     epoch          : 10
2021-12-11 15:59:20,492 - trainer - INFO -     loss           : 6.631314766986291
2021-12-11 15:59:20,493 - trainer - INFO -     my_metric      : 1.546926950127877
2021-12-11 15:59:20,493 - trainer - INFO -     my_metric2     : 3.5206801470588234
2021-12-11 15:59:20,494 - trainer - INFO -     learning rate  : [0.001, 0.001, 0.001, 0.001]
2021-12-11 15:59:20,494 - trainer - INFO -     val_loss       : 1.2083928728103637
2021-12-11 15:59:20,495 - trainer - INFO -     val_my_metric  : 0.5819999999999999
2021-12-11 15:59:20,495 - trainer - INFO -     val_my_metric2 : 0.9460000000000001
2021-12-11 15:59:20,496 - trainer - INFO -     test_loss      : 1.2185130798816681
2021-12-11 15:59:20,496 - trainer - INFO -     test_my_metric : 0.5757000000000003
2021-12-11 15:59:20,497 - trainer - INFO -     test_my_metric2: 0.9499999999999997
2021-12-11 15:59:20,515 - trainer - INFO - Saving current best: model_best.pth at: saved/models/Robust_WideResNet16_1_vanilla_CIFAR10DataLoaderResNet16_1-num_classes-10-norm_layer_type-no-conv_layer_type-conv-linear_layer_type-linear-activation_layer_type-relu-Seed=8/1211_155055/model_best.pth ...
2021-12-11 16:00:10,593 - trainer - INFO -     epoch          : 11
2021-12-11 16:00:10,599 - trainer - INFO -     loss           : 6.589628594305814
2021-12-11 16:00:10,600 - trainer - INFO -     my_metric      : 1.5659367007672633
2021-12-11 16:00:10,600 - trainer - INFO -     my_metric2     : 3.524704283887467
2021-12-11 16:00:10,601 - trainer - INFO -     learning rate  : [0.001, 0.001, 0.001, 0.001]
2021-12-11 16:00:10,601 - trainer - INFO -     val_loss       : 1.224046959877014
2021-12-11 16:00:10,602 - trainer - INFO -     val_my_metric  : 0.582
2021-12-11 16:00:10,602 - trainer - INFO -     val_my_metric2 : 0.9519999999999998
2021-12-11 16:00:10,603 - trainer - INFO -     test_loss      : 1.242819699048996
2021-12-11 16:00:10,603 - trainer - INFO -     test_my_metric : 0.572
2021-12-11 16:00:10,604 - trainer - INFO -     test_my_metric2: 0.9553
2021-12-11 16:00:10,624 - trainer - INFO - Saving current best: model_best.pth at: saved/models/Robust_WideResNet16_1_vanilla_CIFAR10DataLoaderResNet16_1-num_classes-10-norm_layer_type-no-conv_layer_type-conv-linear_layer_type-linear-activation_layer_type-relu-Seed=8/1211_155055/model_best.pth ...
2021-12-11 16:01:00,774 - trainer - INFO -     epoch          : 12
2021-12-11 16:01:00,775 - trainer - INFO -     loss           : 6.5301848375583855
2021-12-11 16:01:00,776 - trainer - INFO -     my_metric      : 1.5854659526854218
2021-12-11 16:01:00,776 - trainer - INFO -     my_metric2     : 3.5374840153452687
2021-12-11 16:01:00,777 - trainer - INFO -     learning rate  : [0.001, 0.001, 0.001, 0.001]
2021-12-11 16:01:00,777 - trainer - INFO -     val_loss       : 1.2140759873390197
2021-12-11 16:01:00,777 - trainer - INFO -     val_my_metric  : 0.5782
2021-12-11 16:01:00,778 - trainer - INFO -     val_my_metric2 : 0.9514000000000001
2021-12-11 16:01:00,779 - trainer - INFO -     test_loss      : 1.2204637682437898
2021-12-11 16:01:00,779 - trainer - INFO -     test_my_metric : 0.5798000000000001
2021-12-11 16:01:00,780 - trainer - INFO -     test_my_metric2: 0.9527
2021-12-11 16:01:00,798 - trainer - INFO - Saving current model: current model save at: saved/models/Robust_WideResNet16_1_vanilla_CIFAR10DataLoaderResNet16_1-num_classes-10-norm_layer_type-no-conv_layer_type-conv-linear_layer_type-linear-activation_layer_type-relu-Seed=8/1211_155055/model_epoch_12.pth ...
2021-12-11 16:01:50,822 - trainer - INFO -     epoch          : 13
2021-12-11 16:01:50,824 - trainer - INFO -     loss           : 6.492549006591368
2021-12-11 16:01:50,825 - trainer - INFO -     my_metric      : 1.599664322250639
2021-12-11 16:01:50,825 - trainer - INFO -     my_metric2     : 3.5452965153452687
2021-12-11 16:01:50,826 - trainer - INFO -     learning rate  : [0.001, 0.001, 0.001, 0.001]
2021-12-11 16:01:50,826 - trainer - INFO -     val_loss       : 1.1584251785278321
2021-12-11 16:01:50,827 - trainer - INFO -     val_my_metric  : 0.5875999999999998
2021-12-11 16:01:50,827 - trainer - INFO -     val_my_metric2 : 0.9615999999999997
2021-12-11 16:01:50,828 - trainer - INFO -     test_loss      : 1.1959006953239442
2021-12-11 16:01:50,828 - trainer - INFO -     test_my_metric : 0.5708999999999999
2021-12-11 16:01:50,829 - trainer - INFO -     test_my_metric2: 0.9583999999999999
2021-12-11 16:01:50,864 - trainer - INFO - Saving current best: model_best.pth at: saved/models/Robust_WideResNet16_1_vanilla_CIFAR10DataLoaderResNet16_1-num_classes-10-norm_layer_type-no-conv_layer_type-conv-linear_layer_type-linear-activation_layer_type-relu-Seed=8/1211_155055/model_best.pth ...
2021-12-11 16:02:40,548 - trainer - INFO -     epoch          : 14
2021-12-11 16:02:40,548 - trainer - INFO -     loss           : 6.449566660634697
2021-12-11 16:02:40,548 - trainer - INFO -     my_metric      : 1.6080003196930948
2021-12-11 16:02:40,549 - trainer - INFO -     my_metric2     : 3.5544397378516623
2021-12-11 16:02:40,549 - trainer - INFO -     learning rate  : [0.001, 0.001, 0.001, 0.001]
2021-12-11 16:02:40,550 - trainer - INFO -     val_loss       : 1.156787564754486
2021-12-11 16:02:40,550 - trainer - INFO -     val_my_metric  : 0.6126
2021-12-11 16:02:40,551 - trainer - INFO -     val_my_metric2 : 0.9628000000000001
2021-12-11 16:02:40,551 - trainer - INFO -     test_loss      : 1.171552724838257
2021-12-11 16:02:40,552 - trainer - INFO -     test_my_metric : 0.606
2021-12-11 16:02:40,552 - trainer - INFO -     test_my_metric2: 0.9602999999999997
2021-12-11 16:02:40,572 - trainer - INFO - Saving current best: model_best.pth at: saved/models/Robust_WideResNet16_1_vanilla_CIFAR10DataLoaderResNet16_1-num_classes-10-norm_layer_type-no-conv_layer_type-conv-linear_layer_type-linear-activation_layer_type-relu-Seed=8/1211_155055/model_best.pth ...
2021-12-11 16:03:30,398 - trainer - INFO -     epoch          : 15
2021-12-11 16:03:30,399 - trainer - INFO -     loss           : 6.433017602661991
2021-12-11 16:03:30,399 - trainer - INFO -     my_metric      : 1.6239090473145779
2021-12-11 16:03:30,400 - trainer - INFO -     my_metric2     : 3.553960198209719
2021-12-11 16:03:30,400 - trainer - INFO -     learning rate  : [0.001, 0.001, 0.001, 0.001]
2021-12-11 16:03:30,401 - trainer - INFO -     val_loss       : 1.1731301403045655
2021-12-11 16:03:30,401 - trainer - INFO -     val_my_metric  : 0.5994000000000002
2021-12-11 16:03:30,402 - trainer - INFO -     val_my_metric2 : 0.9496000000000002
2021-12-11 16:03:30,402 - trainer - INFO -     test_loss      : 1.1823422652482987
2021-12-11 16:03:30,403 - trainer - INFO -     test_my_metric : 0.5991000000000001
2021-12-11 16:03:30,403 - trainer - INFO -     test_my_metric2: 0.9541000000000001
2021-12-11 16:03:30,421 - trainer - INFO - Saving current model: current model save at: saved/models/Robust_WideResNet16_1_vanilla_CIFAR10DataLoaderResNet16_1-num_classes-10-norm_layer_type-no-conv_layer_type-conv-linear_layer_type-linear-activation_layer_type-relu-Seed=8/1211_155055/model_epoch_15.pth ...
2021-12-11 16:04:20,368 - trainer - INFO -     epoch          : 16
2021-12-11 16:04:20,369 - trainer - INFO -     loss           : 6.392082364510392
2021-12-11 16:04:20,370 - trainer - INFO -     my_metric      : 1.637412084398977
2021-12-11 16:04:20,371 - trainer - INFO -     my_metric2     : 3.5648657289002554
2021-12-11 16:04:20,371 - trainer - INFO -     learning rate  : [0.001, 0.001, 0.001, 0.001]
2021-12-11 16:04:20,372 - trainer - INFO -     val_loss       : 1.1226535880565642
2021-12-11 16:04:20,372 - trainer - INFO -     val_my_metric  : 0.6140000000000001
2021-12-11 16:04:20,373 - trainer - INFO -     val_my_metric2 : 0.9576000000000002
2021-12-11 16:04:20,373 - trainer - INFO -     test_loss      : 1.1399329674243928
2021-12-11 16:04:20,374 - trainer - INFO -     test_my_metric : 0.6127999999999998
2021-12-11 16:04:20,374 - trainer - INFO -     test_my_metric2: 0.9605
2021-12-11 16:04:20,394 - trainer - INFO - Saving current best: model_best.pth at: saved/models/Robust_WideResNet16_1_vanilla_CIFAR10DataLoaderResNet16_1-num_classes-10-norm_layer_type-no-conv_layer_type-conv-linear_layer_type-linear-activation_layer_type-relu-Seed=8/1211_155055/model_best.pth ...
2021-12-11 16:05:10,509 - trainer - INFO -     epoch          : 17
2021-12-11 16:05:10,510 - trainer - INFO -     loss           : 6.379946619805778
2021-12-11 16:05:10,511 - trainer - INFO -     my_metric      : 1.6435062340153455
2021-12-11 16:05:10,511 - trainer - INFO -     my_metric2     : 3.564853740409207
2021-12-11 16:05:10,512 - trainer - INFO -     learning rate  : [0.001, 0.001, 0.001, 0.001]
2021-12-11 16:05:10,512 - trainer - INFO -     val_loss       : 1.0716711378097534
2021-12-11 16:05:10,513 - trainer - INFO -     val_my_metric  : 0.6261999999999999
2021-12-11 16:05:10,513 - trainer - INFO -     val_my_metric2 : 0.9641999999999996
2021-12-11 16:05:10,514 - trainer - INFO -     test_loss      : 1.0861966663599014
2021-12-11 16:05:10,514 - trainer - INFO -     test_my_metric : 0.6172000000000001
2021-12-11 16:05:10,515 - trainer - INFO -     test_my_metric2: 0.9674999999999995
2021-12-11 16:05:10,534 - trainer - INFO - Saving current best: model_best.pth at: saved/models/Robust_WideResNet16_1_vanilla_CIFAR10DataLoaderResNet16_1-num_classes-10-norm_layer_type-no-conv_layer_type-conv-linear_layer_type-linear-activation_layer_type-relu-Seed=8/1211_155055/model_best.pth ...
2021-12-11 16:06:01,154 - trainer - INFO -     epoch          : 18
2021-12-11 16:06:01,156 - trainer - INFO -     loss           : 6.368987366976335
2021-12-11 16:06:01,156 - trainer - INFO -     my_metric      : 1.6445891943734017
2021-12-11 16:06:01,157 - trainer - INFO -     my_metric2     : 3.571922953964194
2021-12-11 16:06:01,157 - trainer - INFO -     learning rate  : [0.001, 0.001, 0.001, 0.001]
2021-12-11 16:06:01,158 - trainer - INFO -     val_loss       : 1.0742007088661194
2021-12-11 16:06:01,158 - trainer - INFO -     val_my_metric  : 0.6422
2021-12-11 16:06:01,159 - trainer - INFO -     val_my_metric2 : 0.9659999999999997
2021-12-11 16:06:01,159 - trainer - INFO -     test_loss      : 1.0921230232715606
2021-12-11 16:06:01,160 - trainer - INFO -     test_my_metric : 0.6386000000000001
2021-12-11 16:06:01,160 - trainer - INFO -     test_my_metric2: 0.9662999999999999
2021-12-11 16:06:01,184 - trainer - INFO - Saving current best: model_best.pth at: saved/models/Robust_WideResNet16_1_vanilla_CIFAR10DataLoaderResNet16_1-num_classes-10-norm_layer_type-no-conv_layer_type-conv-linear_layer_type-linear-activation_layer_type-relu-Seed=8/1211_155055/model_best.pth ...
2021-12-11 16:06:51,370 - trainer - INFO -     epoch          : 19
2021-12-11 16:06:51,371 - trainer - INFO -     loss           : 6.322390166237531
2021-12-11 16:06:51,372 - trainer - INFO -     my_metric      : 1.665241368286445
2021-12-11 16:06:51,372 - trainer - INFO -     my_metric2     : 3.577825287723786
2021-12-11 16:06:51,373 - trainer - INFO -     learning rate  : [0.001, 0.001, 0.001, 0.001]
2021-12-11 16:06:51,373 - trainer - INFO -     val_loss       : 1.0759227085113525
2021-12-11 16:06:51,374 - trainer - INFO -     val_my_metric  : 0.6305999999999999
2021-12-11 16:06:51,374 - trainer - INFO -     val_my_metric2 : 0.965
2021-12-11 16:06:51,375 - trainer - INFO -     test_loss      : 1.096736176609993
2021-12-11 16:06:51,375 - trainer - INFO -     test_my_metric : 0.6268
2021-12-11 16:06:51,376 - trainer - INFO -     test_my_metric2: 0.9682999999999997
2021-12-11 16:06:51,394 - trainer - INFO - Saving current model: current model save at: saved/models/Robust_WideResNet16_1_vanilla_CIFAR10DataLoaderResNet16_1-num_classes-10-norm_layer_type-no-conv_layer_type-conv-linear_layer_type-linear-activation_layer_type-relu-Seed=8/1211_155055/model_epoch_19.pth ...
2021-12-11 16:07:41,744 - trainer - INFO -     epoch          : 20
2021-12-11 16:07:41,748 - trainer - INFO -     loss           : 6.307259966040511
2021-12-11 16:07:41,749 - trainer - INFO -     my_metric      : 1.6716472186700766
2021-12-11 16:07:41,749 - trainer - INFO -     my_metric2     : 3.5745963874680307
2021-12-11 16:07:41,750 - trainer - INFO -     learning rate  : [0.001, 0.001, 0.001, 0.001]
2021-12-11 16:07:41,750 - trainer - INFO -     val_loss       : 1.0902332723140717
2021-12-11 16:07:41,751 - trainer - INFO -     val_my_metric  : 0.6394
2021-12-11 16:07:41,751 - trainer - INFO -     val_my_metric2 : 0.9642000000000002
2021-12-11 16:07:41,752 - trainer - INFO -     test_loss      : 1.1075261217355727
2021-12-11 16:07:41,752 - trainer - INFO -     test_my_metric : 0.6310999999999999
2021-12-11 16:07:41,752 - trainer - INFO -     test_my_metric2: 0.9657999999999999
2021-12-11 16:07:41,775 - trainer - INFO - Saving current model: current model save at: saved/models/Robust_WideResNet16_1_vanilla_CIFAR10DataLoaderResNet16_1-num_classes-10-norm_layer_type-no-conv_layer_type-conv-linear_layer_type-linear-activation_layer_type-relu-Seed=8/1211_155055/model_epoch_20.pth ...
2021-12-11 16:08:31,749 - trainer - INFO -     epoch          : 21
2021-12-11 16:08:31,750 - trainer - INFO -     loss           : 6.2954831461772285
2021-12-11 16:08:31,751 - trainer - INFO -     my_metric      : 1.6810302109974424
2021-12-11 16:08:31,751 - trainer - INFO -     my_metric2     : 3.5792319373401535
2021-12-11 16:08:31,752 - trainer - INFO -     learning rate  : [0.001, 0.001, 0.001, 0.001]
2021-12-11 16:08:31,752 - trainer - INFO -     val_loss       : 1.0844180381298065
2021-12-11 16:08:31,753 - trainer - INFO -     val_my_metric  : 0.6486
2021-12-11 16:08:31,753 - trainer - INFO -     val_my_metric2 : 0.9672000000000002
2021-12-11 16:08:31,754 - trainer - INFO -     test_loss      : 1.112028920650482
2021-12-11 16:08:31,754 - trainer - INFO -     test_my_metric : 0.6329000000000001
2021-12-11 16:08:31,755 - trainer - INFO -     test_my_metric2: 0.9635000000000002
2021-12-11 16:08:31,774 - trainer - INFO - Saving current best: model_best.pth at: saved/models/Robust_WideResNet16_1_vanilla_CIFAR10DataLoaderResNet16_1-num_classes-10-norm_layer_type-no-conv_layer_type-conv-linear_layer_type-linear-activation_layer_type-relu-Seed=8/1211_155055/model_best.pth ...
2021-12-11 16:09:21,776 - trainer - INFO -     epoch          : 22
2021-12-11 16:09:21,777 - trainer - INFO -     loss           : 6.28165625946601
2021-12-11 16:09:21,777 - trainer - INFO -     my_metric      : 1.6872482416879797
2021-12-11 16:09:21,778 - trainer - INFO -     my_metric2     : 3.5840593030690537
2021-12-11 16:09:21,779 - trainer - INFO -     learning rate  : [0.001, 0.001, 0.001, 0.001]
2021-12-11 16:09:21,779 - trainer - INFO -     val_loss       : 1.0809769976139068
2021-12-11 16:09:21,780 - trainer - INFO -     val_my_metric  : 0.6574000000000002
2021-12-11 16:09:21,780 - trainer - INFO -     val_my_metric2 : 0.9666000000000001
2021-12-11 16:09:21,781 - trainer - INFO -     test_loss      : 1.1107923156023025
2021-12-11 16:09:21,781 - trainer - INFO -     test_my_metric : 0.6406000000000001
2021-12-11 16:09:21,782 - trainer - INFO -     test_my_metric2: 0.9660999999999997
2021-12-11 16:09:21,821 - trainer - INFO - Saving current best: model_best.pth at: saved/models/Robust_WideResNet16_1_vanilla_CIFAR10DataLoaderResNet16_1-num_classes-10-norm_layer_type-no-conv_layer_type-conv-linear_layer_type-linear-activation_layer_type-relu-Seed=8/1211_155055/model_best.pth ...
2021-12-11 16:10:11,978 - trainer - INFO -     epoch          : 23
2021-12-11 16:10:11,979 - trainer - INFO -     loss           : 6.251668329281575
2021-12-11 16:10:11,980 - trainer - INFO -     my_metric      : 1.6926190856777492
2021-12-11 16:10:11,980 - trainer - INFO -     my_metric2     : 3.5947650255754473
2021-12-11 16:10:11,981 - trainer - INFO -     learning rate  : [0.001, 0.001, 0.001, 0.001]
2021-12-11 16:10:11,982 - trainer - INFO -     val_loss       : 1.0705175256729127
2021-12-11 16:10:11,982 - trainer - INFO -     val_my_metric  : 0.6422
2021-12-11 16:10:11,983 - trainer - INFO -     val_my_metric2 : 0.9643999999999998
2021-12-11 16:10:11,983 - trainer - INFO -     test_loss      : 1.084411742091179
2021-12-11 16:10:11,984 - trainer - INFO -     test_my_metric : 0.6370999999999998
2021-12-11 16:10:11,984 - trainer - INFO -     test_my_metric2: 0.9672999999999996
2021-12-11 16:10:12,005 - trainer - INFO - Saving current model: current model save at: saved/models/Robust_WideResNet16_1_vanilla_CIFAR10DataLoaderResNet16_1-num_classes-10-norm_layer_type-no-conv_layer_type-conv-linear_layer_type-linear-activation_layer_type-relu-Seed=8/1211_155055/model_epoch_23.pth ...
2021-12-11 16:11:01,769 - trainer - INFO -     epoch          : 24
2021-12-11 16:11:01,770 - trainer - INFO -     loss           : 6.231277310634818
2021-12-11 16:11:01,770 - trainer - INFO -     my_metric      : 1.6963634910485932
2021-12-11 16:11:01,771 - trainer - INFO -     my_metric2     : 3.5935382033248087
2021-12-11 16:11:01,772 - trainer - INFO -     learning rate  : [0.001, 0.001, 0.001, 0.001]
2021-12-11 16:11:01,773 - trainer - INFO -     val_loss       : 1.074664512872696
2021-12-11 16:11:01,774 - trainer - INFO -     val_my_metric  : 0.6408
2021-12-11 16:11:01,775 - trainer - INFO -     val_my_metric2 : 0.9661999999999996
2021-12-11 16:11:01,776 - trainer - INFO -     test_loss      : 1.1045020705461501
2021-12-11 16:11:01,777 - trainer - INFO -     test_my_metric : 0.6394999999999998
2021-12-11 16:11:01,778 - trainer - INFO -     test_my_metric2: 0.9652999999999996
2021-12-11 16:11:01,799 - trainer - INFO - Saving current model: current model save at: saved/models/Robust_WideResNet16_1_vanilla_CIFAR10DataLoaderResNet16_1-num_classes-10-norm_layer_type-no-conv_layer_type-conv-linear_layer_type-linear-activation_layer_type-relu-Seed=8/1211_155055/model_epoch_24.pth ...
2021-12-11 16:11:51,621 - trainer - INFO -     epoch          : 25
2021-12-11 16:11:51,622 - trainer - INFO -     loss           : 6.237222125463169
2021-12-11 16:11:51,623 - trainer - INFO -     my_metric      : 1.6969189578005115
2021-12-11 16:11:51,623 - trainer - INFO -     my_metric2     : 3.5861612851662406
2021-12-11 16:11:51,624 - trainer - INFO -     learning rate  : [0.001, 0.001, 0.001, 0.001]
2021-12-11 16:11:51,624 - trainer - INFO -     val_loss       : 1.1188799667358398
2021-12-11 16:11:51,625 - trainer - INFO -     val_my_metric  : 0.6317999999999999
2021-12-11 16:11:51,625 - trainer - INFO -     val_my_metric2 : 0.9573999999999999
2021-12-11 16:11:51,626 - trainer - INFO -     test_loss      : 1.13579980969429
2021-12-11 16:11:51,626 - trainer - INFO -     test_my_metric : 0.6307999999999999
2021-12-11 16:11:51,627 - trainer - INFO -     test_my_metric2: 0.9585999999999999
2021-12-11 16:11:51,645 - trainer - INFO - Saving current model: current model save at: saved/models/Robust_WideResNet16_1_vanilla_CIFAR10DataLoaderResNet16_1-num_classes-10-norm_layer_type-no-conv_layer_type-conv-linear_layer_type-linear-activation_layer_type-relu-Seed=8/1211_155055/model_epoch_25.pth ...
2021-12-11 16:12:41,835 - trainer - INFO -     epoch          : 26
2021-12-11 16:12:41,836 - trainer - INFO -     loss           : 6.211260778519809
2021-12-11 16:12:41,836 - trainer - INFO -     my_metric      : 1.7130954283887467
2021-12-11 16:12:41,837 - trainer - INFO -     my_metric2     : 3.596679187979539
2021-12-11 16:12:41,837 - trainer - INFO -     learning rate  : [0.001, 0.001, 0.001, 0.001]
2021-12-11 16:12:41,838 - trainer - INFO -     val_loss       : 1.0671399760246276
2021-12-11 16:12:41,838 - trainer - INFO -     val_my_metric  : 0.6444
2021-12-11 16:12:41,839 - trainer - INFO -     val_my_metric2 : 0.9668000000000002
2021-12-11 16:12:41,839 - trainer - INFO -     test_loss      : 1.0953393077850342
2021-12-11 16:12:41,840 - trainer - INFO -     test_my_metric : 0.6352
2021-12-11 16:12:41,840 - trainer - INFO -     test_my_metric2: 0.9673999999999999
2021-12-11 16:12:41,860 - trainer - INFO - Saving current model: current model save at: saved/models/Robust_WideResNet16_1_vanilla_CIFAR10DataLoaderResNet16_1-num_classes-10-norm_layer_type-no-conv_layer_type-conv-linear_layer_type-linear-activation_layer_type-relu-Seed=8/1211_155055/model_epoch_26.pth ...
2021-12-11 16:13:31,933 - trainer - INFO -     epoch          : 27
2021-12-11 16:13:31,934 - trainer - INFO -     loss           : 6.203438256555201
2021-12-11 16:13:31,934 - trainer - INFO -     my_metric      : 1.7168877877237851
2021-12-11 16:13:31,935 - trainer - INFO -     my_metric2     : 3.5975103900255756
2021-12-11 16:13:31,935 - trainer - INFO -     learning rate  : [0.001, 0.001, 0.001, 0.001]
2021-12-11 16:13:31,936 - trainer - INFO -     val_loss       : 1.0506569349765777
2021-12-11 16:13:31,936 - trainer - INFO -     val_my_metric  : 0.6554000000000001
2021-12-11 16:13:31,937 - trainer - INFO -     val_my_metric2 : 0.9697999999999998
2021-12-11 16:13:31,938 - trainer - INFO -     test_loss      : 1.0770708853006363
2021-12-11 16:13:31,939 - trainer - INFO -     test_my_metric : 0.6422
2021-12-11 16:13:31,939 - trainer - INFO -     test_my_metric2: 0.9693999999999993
2021-12-11 16:13:31,959 - trainer - INFO - Saving current model: current model save at: saved/models/Robust_WideResNet16_1_vanilla_CIFAR10DataLoaderResNet16_1-num_classes-10-norm_layer_type-no-conv_layer_type-conv-linear_layer_type-linear-activation_layer_type-relu-Seed=8/1211_155055/model_epoch_27.pth ...
2021-12-11 16:14:22,070 - trainer - INFO -     epoch          : 28
2021-12-11 16:14:22,071 - trainer - INFO -     loss           : 6.187918518052991
2021-12-11 16:14:22,072 - trainer - INFO -     my_metric      : 1.7150135869565217
2021-12-11 16:14:22,072 - trainer - INFO -     my_metric2     : 3.596898976982098
2021-12-11 16:14:22,073 - trainer - INFO -     learning rate  : [0.001, 0.001, 0.001, 0.001]
2021-12-11 16:14:22,073 - trainer - INFO -     val_loss       : 1.0006201541423798
2021-12-11 16:14:22,074 - trainer - INFO -     val_my_metric  : 0.6596
2021-12-11 16:14:22,074 - trainer - INFO -     val_my_metric2 : 0.9729999999999999
2021-12-11 16:14:22,075 - trainer - INFO -     test_loss      : 1.031016730070114
2021-12-11 16:14:22,075 - trainer - INFO -     test_my_metric : 0.6518999999999998
2021-12-11 16:14:22,076 - trainer - INFO -     test_my_metric2: 0.9689999999999993
2021-12-11 16:14:22,096 - trainer - INFO - Saving current best: model_best.pth at: saved/models/Robust_WideResNet16_1_vanilla_CIFAR10DataLoaderResNet16_1-num_classes-10-norm_layer_type-no-conv_layer_type-conv-linear_layer_type-linear-activation_layer_type-relu-Seed=8/1211_155055/model_best.pth ...
2021-12-11 16:15:12,055 - trainer - INFO -     epoch          : 29
2021-12-11 16:15:12,056 - trainer - INFO -     loss           : 6.165592406107032
2021-12-11 16:15:12,057 - trainer - INFO -     my_metric      : 1.7225383631713553
2021-12-11 16:15:12,057 - trainer - INFO -     my_metric2     : 3.6086556905370846
2021-12-11 16:15:12,058 - trainer - INFO -     learning rate  : [0.001, 0.001, 0.001, 0.001]
2021-12-11 16:15:12,058 - trainer - INFO -     val_loss       : 1.0473596096038817
2021-12-11 16:15:12,059 - trainer - INFO -     val_my_metric  : 0.6563999999999999
2021-12-11 16:15:12,060 - trainer - INFO -     val_my_metric2 : 0.9685999999999999
2021-12-11 16:15:12,060 - trainer - INFO -     test_loss      : 1.0735650914907455
2021-12-11 16:15:12,061 - trainer - INFO -     test_my_metric : 0.6463
2021-12-11 16:15:12,061 - trainer - INFO -     test_my_metric2: 0.9663
2021-12-11 16:15:12,080 - trainer - INFO - Saving current model: current model save at: saved/models/Robust_WideResNet16_1_vanilla_CIFAR10DataLoaderResNet16_1-num_classes-10-norm_layer_type-no-conv_layer_type-conv-linear_layer_type-linear-activation_layer_type-relu-Seed=8/1211_155055/model_epoch_29.pth ...
2021-12-11 16:16:02,051 - trainer - INFO -     epoch          : 30
2021-12-11 16:16:02,053 - trainer - INFO -     loss           : 6.158886898661513
2021-12-11 16:16:02,054 - trainer - INFO -     my_metric      : 1.7322730179028134
2021-12-11 16:16:02,054 - trainer - INFO -     my_metric2     : 3.609119245524297
2021-12-11 16:16:02,055 - trainer - INFO -     learning rate  : [0.001, 0.001, 0.001, 0.001]
2021-12-11 16:16:02,055 - trainer - INFO -     val_loss       : 1.0737490963935852
2021-12-11 16:16:02,056 - trainer - INFO -     val_my_metric  : 0.6553999999999999
2021-12-11 16:16:02,056 - trainer - INFO -     val_my_metric2 : 0.9651999999999995
2021-12-11 16:16:02,057 - trainer - INFO -     test_loss      : 1.0884634721279145
2021-12-11 16:16:02,058 - trainer - INFO -     test_my_metric : 0.6481
2021-12-11 16:16:02,058 - trainer - INFO -     test_my_metric2: 0.9667999999999998
2021-12-11 16:16:02,094 - trainer - INFO - Saving current model: current model save at: saved/models/Robust_WideResNet16_1_vanilla_CIFAR10DataLoaderResNet16_1-num_classes-10-norm_layer_type-no-conv_layer_type-conv-linear_layer_type-linear-activation_layer_type-relu-Seed=8/1211_155055/model_epoch_30.pth ...
2021-12-11 16:16:52,183 - trainer - INFO -     epoch          : 31
2021-12-11 16:16:52,185 - trainer - INFO -     loss           : 6.141668524736029
2021-12-11 16:16:52,186 - trainer - INFO -     my_metric      : 1.7420156649616367
2021-12-11 16:16:52,186 - trainer - INFO -     my_metric2     : 3.6087955562659846
2021-12-11 16:16:52,187 - trainer - INFO -     learning rate  : [0.001, 0.001, 0.001, 0.001]
2021-12-11 16:16:52,188 - trainer - INFO -     val_loss       : 1.0333408570289613
2021-12-11 16:16:52,188 - trainer - INFO -     val_my_metric  : 0.6376000000000002
2021-12-11 16:16:52,189 - trainer - INFO -     val_my_metric2 : 0.9673999999999995
2021-12-11 16:16:52,189 - trainer - INFO -     test_loss      : 1.0575380951166153
2021-12-11 16:16:52,190 - trainer - INFO -     test_my_metric : 0.6345000000000001
2021-12-11 16:16:52,190 - trainer - INFO -     test_my_metric2: 0.9645
2021-12-11 16:16:52,213 - trainer - INFO - Saving current model: current model save at: saved/models/Robust_WideResNet16_1_vanilla_CIFAR10DataLoaderResNet16_1-num_classes-10-norm_layer_type-no-conv_layer_type-conv-linear_layer_type-linear-activation_layer_type-relu-Seed=8/1211_155055/model_epoch_31.pth ...
2021-12-11 16:17:42,377 - trainer - INFO -     epoch          : 32
2021-12-11 16:17:42,379 - trainer - INFO -     loss           : 6.146198296638401
2021-12-11 16:17:42,379 - trainer - INFO -     my_metric      : 1.7315896739130434
2021-12-11 16:17:42,380 - trainer - INFO -     my_metric2     : 3.6120084718670076
2021-12-11 16:17:42,381 - trainer - INFO -     learning rate  : [0.001, 0.001, 0.001, 0.001]
2021-12-11 16:17:42,381 - trainer - INFO -     val_loss       : 1.0250930094718933
2021-12-11 16:17:42,382 - trainer - INFO -     val_my_metric  : 0.6554000000000001
2021-12-11 16:17:42,382 - trainer - INFO -     val_my_metric2 : 0.9709999999999996
2021-12-11 16:17:42,383 - trainer - INFO -     test_loss      : 1.0583545815944673
2021-12-11 16:17:42,383 - trainer - INFO -     test_my_metric : 0.6440999999999997
2021-12-11 16:17:42,384 - trainer - INFO -     test_my_metric2: 0.9681999999999998
2021-12-11 16:17:42,403 - trainer - INFO - Saving current model: current model save at: saved/models/Robust_WideResNet16_1_vanilla_CIFAR10DataLoaderResNet16_1-num_classes-10-norm_layer_type-no-conv_layer_type-conv-linear_layer_type-linear-activation_layer_type-relu-Seed=8/1211_155055/model_epoch_32.pth ...
2021-12-11 16:18:32,649 - trainer - INFO -     epoch          : 33
2021-12-11 16:18:32,650 - trainer - INFO -     loss           : 6.12487779660603
2021-12-11 16:18:32,651 - trainer - INFO -     my_metric      : 1.7383431905370845
2021-12-11 16:18:32,651 - trainer - INFO -     my_metric2     : 3.610126278772379
2021-12-11 16:18:32,652 - trainer - INFO -     learning rate  : [0.001, 0.001, 0.001, 0.001]
2021-12-11 16:18:32,652 - trainer - INFO -     val_loss       : 1.0151546359062196
2021-12-11 16:18:32,653 - trainer - INFO -     val_my_metric  : 0.6744
2021-12-11 16:18:32,653 - trainer - INFO -     val_my_metric2 : 0.9723999999999999
2021-12-11 16:18:32,654 - trainer - INFO -     test_loss      : 1.049693804383278
2021-12-11 16:18:32,654 - trainer - INFO -     test_my_metric : 0.6616
2021-12-11 16:18:32,655 - trainer - INFO -     test_my_metric2: 0.9688999999999995
2021-12-11 16:18:32,674 - trainer - INFO - Saving current best: model_best.pth at: saved/models/Robust_WideResNet16_1_vanilla_CIFAR10DataLoaderResNet16_1-num_classes-10-norm_layer_type-no-conv_layer_type-conv-linear_layer_type-linear-activation_layer_type-relu-Seed=8/1211_155055/model_best.pth ...
2021-12-11 16:19:23,037 - trainer - INFO -     epoch          : 34
2021-12-11 16:19:23,038 - trainer - INFO -     loss           : 6.10980118952139
2021-12-11 16:19:23,039 - trainer - INFO -     my_metric      : 1.7487012468030692
2021-12-11 16:19:23,039 - trainer - INFO -     my_metric2     : 3.6156289961636823
2021-12-11 16:19:23,040 - trainer - INFO -     learning rate  : [0.001, 0.001, 0.001, 0.001]
2021-12-11 16:19:23,040 - trainer - INFO -     val_loss       : 1.0410633814334869
2021-12-11 16:19:23,041 - trainer - INFO -     val_my_metric  : 0.6664000000000001
2021-12-11 16:19:23,042 - trainer - INFO -     val_my_metric2 : 0.9678
2021-12-11 16:19:23,042 - trainer - INFO -     test_loss      : 1.07004332780838
2021-12-11 16:19:23,043 - trainer - INFO -     test_my_metric : 0.6537999999999999
2021-12-11 16:19:23,043 - trainer - INFO -     test_my_metric2: 0.9682999999999996
2021-12-11 16:19:23,079 - trainer - INFO - Saving current model: current model save at: saved/models/Robust_WideResNet16_1_vanilla_CIFAR10DataLoaderResNet16_1-num_classes-10-norm_layer_type-no-conv_layer_type-conv-linear_layer_type-linear-activation_layer_type-relu-Seed=8/1211_155055/model_epoch_34.pth ...
2021-12-11 16:20:13,206 - trainer - INFO -     epoch          : 35
2021-12-11 16:20:13,208 - trainer - INFO -     loss           : 6.121487925272159
2021-12-11 16:20:13,208 - trainer - INFO -     my_metric      : 1.7428908248081845
2021-12-11 16:20:13,209 - trainer - INFO -     my_metric2     : 3.6156609654731455
2021-12-11 16:20:13,209 - trainer - INFO -     learning rate  : [0.001, 0.001, 0.001, 0.001]
2021-12-11 16:20:13,209 - trainer - INFO -     val_loss       : 1.0399752187728881
2021-12-11 16:20:13,210 - trainer - INFO -     val_my_metric  : 0.6372
2021-12-11 16:20:13,210 - trainer - INFO -     val_my_metric2 : 0.9687999999999997
2021-12-11 16:20:13,211 - trainer - INFO -     test_loss      : 1.07322498857975
2021-12-11 16:20:13,211 - trainer - INFO -     test_my_metric : 0.6265999999999995
2021-12-11 16:20:13,212 - trainer - INFO -     test_my_metric2: 0.9685999999999991
2021-12-11 16:20:13,237 - trainer - INFO - Saving current model: current model save at: saved/models/Robust_WideResNet16_1_vanilla_CIFAR10DataLoaderResNet16_1-num_classes-10-norm_layer_type-no-conv_layer_type-conv-linear_layer_type-linear-activation_layer_type-relu-Seed=8/1211_155055/model_epoch_35.pth ...
2021-12-11 16:21:02,816 - trainer - INFO -     epoch          : 36
2021-12-11 16:21:02,817 - trainer - INFO -     loss           : 6.105810648187652
2021-12-11 16:21:02,817 - trainer - INFO -     my_metric      : 1.7537643861892585
2021-12-11 16:21:02,817 - trainer - INFO -     my_metric2     : 3.6148097826086962
2021-12-11 16:21:02,818 - trainer - INFO -     learning rate  : [0.001, 0.001, 0.001, 0.001]
2021-12-11 16:21:02,818 - trainer - INFO -     val_loss       : 1.0103749895095826
2021-12-11 16:21:02,819 - trainer - INFO -     val_my_metric  : 0.6759999999999999
2021-12-11 16:21:02,819 - trainer - INFO -     val_my_metric2 : 0.9736
2021-12-11 16:21:02,820 - trainer - INFO -     test_loss      : 1.0381534814834594
2021-12-11 16:21:02,820 - trainer - INFO -     test_my_metric : 0.6593000000000001
2021-12-11 16:21:02,821 - trainer - INFO -     test_my_metric2: 0.9700999999999993
2021-12-11 16:21:02,843 - trainer - INFO - Saving current best: model_best.pth at: saved/models/Robust_WideResNet16_1_vanilla_CIFAR10DataLoaderResNet16_1-num_classes-10-norm_layer_type-no-conv_layer_type-conv-linear_layer_type-linear-activation_layer_type-relu-Seed=8/1211_155055/model_best.pth ...
2021-12-11 16:21:53,330 - trainer - INFO -     epoch          : 37
2021-12-11 16:21:53,331 - trainer - INFO -     loss           : 6.091227783571424
2021-12-11 16:21:53,331 - trainer - INFO -     my_metric      : 1.7558343989769825
2021-12-11 16:21:53,332 - trainer - INFO -     my_metric2     : 3.61516544117647
2021-12-11 16:21:53,333 - trainer - INFO -     learning rate  : [0.001, 0.001, 0.001, 0.001]
2021-12-11 16:21:53,333 - trainer - INFO -     val_loss       : 0.9675562906265259
2021-12-11 16:21:53,334 - trainer - INFO -     val_my_metric  : 0.6822
2021-12-11 16:21:53,334 - trainer - INFO -     val_my_metric2 : 0.9703999999999998
2021-12-11 16:21:53,335 - trainer - INFO -     test_loss      : 1.0095580911636353
2021-12-11 16:21:53,335 - trainer - INFO -     test_my_metric : 0.6648999999999998
2021-12-11 16:21:53,336 - trainer - INFO -     test_my_metric2: 0.9694999999999996
2021-12-11 16:21:53,368 - trainer - INFO - Saving current best: model_best.pth at: saved/models/Robust_WideResNet16_1_vanilla_CIFAR10DataLoaderResNet16_1-num_classes-10-norm_layer_type-no-conv_layer_type-conv-linear_layer_type-linear-activation_layer_type-relu-Seed=8/1211_155055/model_best.pth ...
2021-12-11 16:22:43,953 - trainer - INFO -     epoch          : 38
2021-12-11 16:22:43,954 - trainer - INFO -     loss           : 6.077644993124715
2021-12-11 16:22:43,955 - trainer - INFO -     my_metric      : 1.7582320971867007
2021-12-11 16:22:43,955 - trainer - INFO -     my_metric2     : 3.619425351662404
2021-12-11 16:22:43,956 - trainer - INFO -     learning rate  : [0.001, 0.001, 0.001, 0.001]
2021-12-11 16:22:43,957 - trainer - INFO -     val_loss       : 1.0194634592533112
2021-12-11 16:22:43,957 - trainer - INFO -     val_my_metric  : 0.6596000000000001
2021-12-11 16:22:43,958 - trainer - INFO -     val_my_metric2 : 0.9727999999999999
2021-12-11 16:22:43,959 - trainer - INFO -     test_loss      : 1.0503431737422944
2021-12-11 16:22:43,959 - trainer - INFO -     test_my_metric : 0.6482000000000003
2021-12-11 16:22:43,960 - trainer - INFO -     test_my_metric2: 0.9683999999999997
2021-12-11 16:22:44,005 - trainer - INFO - Saving current model: current model save at: saved/models/Robust_WideResNet16_1_vanilla_CIFAR10DataLoaderResNet16_1-num_classes-10-norm_layer_type-no-conv_layer_type-conv-linear_layer_type-linear-activation_layer_type-relu-Seed=8/1211_155055/model_epoch_38.pth ...
2021-12-11 16:23:34,635 - trainer - INFO -     epoch          : 39
2021-12-11 16:23:34,636 - trainer - INFO -     loss           : 6.0934742614436335
2021-12-11 16:23:34,637 - trainer - INFO -     my_metric      : 1.757940377237852
2021-12-11 16:23:34,637 - trainer - INFO -     my_metric2     : 3.618594149616369
2021-12-11 16:23:34,638 - trainer - INFO -     learning rate  : [0.001, 0.001, 0.001, 0.001]
2021-12-11 16:23:34,638 - trainer - INFO -     val_loss       : 1.0158798682689667
2021-12-11 16:23:34,644 - trainer - INFO -     val_my_metric  : 0.6635999999999999
2021-12-11 16:23:34,647 - trainer - INFO -     val_my_metric2 : 0.9697999999999998
2021-12-11 16:23:34,647 - trainer - INFO -     test_loss      : 1.0537966752052308
2021-12-11 16:23:34,648 - trainer - INFO -     test_my_metric : 0.6530000000000001
2021-12-11 16:23:34,648 - trainer - INFO -     test_my_metric2: 0.9691999999999998
2021-12-11 16:23:34,668 - trainer - INFO - Saving current model: current model save at: saved/models/Robust_WideResNet16_1_vanilla_CIFAR10DataLoaderResNet16_1-num_classes-10-norm_layer_type-no-conv_layer_type-conv-linear_layer_type-linear-activation_layer_type-relu-Seed=8/1211_155055/model_epoch_39.pth ...
2021-12-11 16:24:25,244 - trainer - INFO -     epoch          : 40
2021-12-11 16:24:25,245 - trainer - INFO -     loss           : 6.0747800778854835
2021-12-11 16:24:25,245 - trainer - INFO -     my_metric      : 1.7619125639386188
2021-12-11 16:24:25,246 - trainer - INFO -     my_metric2     : 3.624824168797955
2021-12-11 16:24:25,246 - trainer - INFO -     learning rate  : [0.001, 0.001, 0.001, 0.001]
2021-12-11 16:24:25,247 - trainer - INFO -     val_loss       : 1.0362051105499268
2021-12-11 16:24:25,247 - trainer - INFO -     val_my_metric  : 0.6616
2021-12-11 16:24:25,248 - trainer - INFO -     val_my_metric2 : 0.9715999999999997
2021-12-11 16:24:25,248 - trainer - INFO -     test_loss      : 1.0653918880224227
2021-12-11 16:24:25,249 - trainer - INFO -     test_my_metric : 0.6511000000000001
2021-12-11 16:24:25,249 - trainer - INFO -     test_my_metric2: 0.9715999999999994
2021-12-11 16:24:25,284 - trainer - INFO - Saving current model: current model save at: saved/models/Robust_WideResNet16_1_vanilla_CIFAR10DataLoaderResNet16_1-num_classes-10-norm_layer_type-no-conv_layer_type-conv-linear_layer_type-linear-activation_layer_type-relu-Seed=8/1211_155055/model_epoch_40.pth ...
