2021-12-15 03:35:53,030 - train - INFO - Trainable parameters: 6207258
2021-12-15 03:50:37,430 - trainer - INFO -     epoch          : 1
2021-12-15 03:50:37,431 - trainer - INFO -     loss           : 7.286524810144663
2021-12-15 03:50:37,431 - trainer - INFO -     my_metric      : 1.267687020460358
2021-12-15 03:50:37,432 - trainer - INFO -     my_metric2     : 3.3678828324808174
2021-12-15 03:50:37,433 - trainer - INFO -     learning rate  : [0.001, 0.001, 0.001, 0.001]
2021-12-15 03:50:37,434 - trainer - INFO -     val_loss       : 1.2655144047737121
2021-12-15 03:50:37,434 - trainer - INFO -     val_my_metric  : 0.5309999999999998
2021-12-15 03:50:37,435 - trainer - INFO -     val_my_metric2 : 0.9533999999999999
2021-12-15 03:50:37,436 - trainer - INFO -     test_loss      : 1.2613932585716248
2021-12-15 03:50:37,436 - trainer - INFO -     test_my_metric : 0.5310999999999997
2021-12-15 03:50:37,437 - trainer - INFO -     test_my_metric2: 0.9554000000000002
2021-12-15 03:50:37,850 - trainer - INFO - Saving current best: model_best.pth at: saved/models/Robust_WideResNet16_6_BN+ConvNorm_CIFAR10DataLoaderResNet16_6-num_classes-10-norm_layer_type-bn-conv_layer_type-prec_conv-linear_layer_type-linear-activation_layer_type-relu-Seed=8/1215_033546/model_best.pth ...
2021-12-15 04:05:18,813 - trainer - INFO -     epoch          : 2
2021-12-15 04:05:18,814 - trainer - INFO -     loss           : 6.2405330020448435
2021-12-15 04:05:18,815 - trainer - INFO -     my_metric      : 1.6630834398976981
2021-12-15 04:05:18,816 - trainer - INFO -     my_metric2     : 3.6089434143222507
2021-12-15 04:05:18,817 - trainer - INFO -     learning rate  : [0.001, 0.001, 0.001, 0.001]
2021-12-15 04:05:18,817 - trainer - INFO -     val_loss       : 1.0364035594463348
2021-12-15 04:05:18,818 - trainer - INFO -     val_my_metric  : 0.6379999999999998
2021-12-15 04:05:18,819 - trainer - INFO -     val_my_metric2 : 0.9651999999999998
2021-12-15 04:05:18,819 - trainer - INFO -     test_loss      : 1.0539198267459868
2021-12-15 04:05:18,820 - trainer - INFO -     test_my_metric : 0.6228000000000001
2021-12-15 04:05:18,821 - trainer - INFO -     test_my_metric2: 0.9678999999999995
2021-12-15 04:05:19,221 - trainer - INFO - Saving current best: model_best.pth at: saved/models/Robust_WideResNet16_6_BN+ConvNorm_CIFAR10DataLoaderResNet16_6-num_classes-10-norm_layer_type-bn-conv_layer_type-prec_conv-linear_layer_type-linear-activation_layer_type-relu-Seed=8/1215_033546/model_best.pth ...
2021-12-15 04:20:00,216 - trainer - INFO -     epoch          : 3
2021-12-15 04:20:00,218 - trainer - INFO -     loss           : 5.711020732932078
2021-12-15 04:20:00,218 - trainer - INFO -     my_metric      : 1.862236253196931
2021-12-15 04:20:00,219 - trainer - INFO -     my_metric2     : 3.6878316815856786
2021-12-15 04:20:00,220 - trainer - INFO -     learning rate  : [0.001, 0.001, 0.001, 0.001]
2021-12-15 04:20:00,220 - trainer - INFO -     val_loss       : 0.9136002361774445
2021-12-15 04:20:00,221 - trainer - INFO -     val_my_metric  : 0.6919999999999998
2021-12-15 04:20:00,221 - trainer - INFO -     val_my_metric2 : 0.9791999999999996
2021-12-15 04:20:00,222 - trainer - INFO -     test_loss      : 0.949342360496521
2021-12-15 04:20:00,223 - trainer - INFO -     test_my_metric : 0.6846000000000001
2021-12-15 04:20:00,223 - trainer - INFO -     test_my_metric2: 0.9761999999999996
2021-12-15 04:20:00,626 - trainer - INFO - Saving current best: model_best.pth at: saved/models/Robust_WideResNet16_6_BN+ConvNorm_CIFAR10DataLoaderResNet16_6-num_classes-10-norm_layer_type-bn-conv_layer_type-prec_conv-linear_layer_type-linear-activation_layer_type-relu-Seed=8/1215_033546/model_best.pth ...
2021-12-15 04:34:41,871 - trainer - INFO -     epoch          : 4
2021-12-15 04:34:41,872 - trainer - INFO -     loss           : 5.379399637127166
2021-12-15 04:34:41,873 - trainer - INFO -     my_metric      : 1.993198529411765
2021-12-15 04:34:41,874 - trainer - INFO -     my_metric2     : 3.7281250000000004
2021-12-15 04:34:41,875 - trainer - INFO -     learning rate  : [0.001, 0.001, 0.001, 0.001]
2021-12-15 04:34:41,875 - trainer - INFO -     val_loss       : 0.8048697280883789
2021-12-15 04:34:41,876 - trainer - INFO -     val_my_metric  : 0.7392000000000002
2021-12-15 04:34:41,878 - trainer - INFO -     val_my_metric2 : 0.9821999999999999
2021-12-15 04:34:41,879 - trainer - INFO -     test_loss      : 0.8481169116497039
2021-12-15 04:34:41,880 - trainer - INFO -     test_my_metric : 0.7175999999999999
2021-12-15 04:34:41,881 - trainer - INFO -     test_my_metric2: 0.9817999999999997
2021-12-15 04:34:42,304 - trainer - INFO - Saving current best: model_best.pth at: saved/models/Robust_WideResNet16_6_BN+ConvNorm_CIFAR10DataLoaderResNet16_6-num_classes-10-norm_layer_type-bn-conv_layer_type-prec_conv-linear_layer_type-linear-activation_layer_type-relu-Seed=8/1215_033546/model_best.pth ...
2021-12-15 04:49:23,652 - trainer - INFO -     epoch          : 5
2021-12-15 04:49:23,653 - trainer - INFO -     loss           : 5.118306258450383
2021-12-15 04:49:23,654 - trainer - INFO -     my_metric      : 2.083935421994885
2021-12-15 04:49:23,655 - trainer - INFO -     my_metric2     : 3.7644141624040914
2021-12-15 04:49:23,656 - trainer - INFO -     learning rate  : [0.001, 0.001, 0.001, 0.001]
2021-12-15 04:49:23,656 - trainer - INFO -     val_loss       : 0.7406209564208984
2021-12-15 04:49:23,657 - trainer - INFO -     val_my_metric  : 0.7613999999999999
2021-12-15 04:49:23,658 - trainer - INFO -     val_my_metric2 : 0.9895999999999997
2021-12-15 04:49:23,658 - trainer - INFO -     test_loss      : 0.7944351333379746
2021-12-15 04:49:23,659 - trainer - INFO -     test_my_metric : 0.7448
2021-12-15 04:49:23,660 - trainer - INFO -     test_my_metric2: 0.9841999999999996
2021-12-15 04:49:24,062 - trainer - INFO - Saving current best: model_best.pth at: saved/models/Robust_WideResNet16_6_BN+ConvNorm_CIFAR10DataLoaderResNet16_6-num_classes-10-norm_layer_type-bn-conv_layer_type-prec_conv-linear_layer_type-linear-activation_layer_type-relu-Seed=8/1215_033546/model_best.pth ...
2021-12-15 05:04:05,555 - trainer - INFO -     epoch          : 6
2021-12-15 05:04:05,556 - trainer - INFO -     loss           : 4.91644158494442
2021-12-15 05:04:05,557 - trainer - INFO -     my_metric      : 2.1676550511508954
2021-12-15 05:04:05,558 - trainer - INFO -     my_metric2     : 3.7851142902813293
2021-12-15 05:04:05,558 - trainer - INFO -     learning rate  : [0.001, 0.001, 0.001, 0.001]
2021-12-15 05:04:05,559 - trainer - INFO -     val_loss       : 0.6698935878276825
2021-12-15 05:04:05,560 - trainer - INFO -     val_my_metric  : 0.8008000000000002
2021-12-15 05:04:05,561 - trainer - INFO -     val_my_metric2 : 0.9884
2021-12-15 05:04:05,561 - trainer - INFO -     test_loss      : 0.7359971922636032
2021-12-15 05:04:05,562 - trainer - INFO -     test_my_metric : 0.7683000000000003
2021-12-15 05:04:05,563 - trainer - INFO -     test_my_metric2: 0.9858999999999994
2021-12-15 05:04:05,973 - trainer - INFO - Saving current best: model_best.pth at: saved/models/Robust_WideResNet16_6_BN+ConvNorm_CIFAR10DataLoaderResNet16_6-num_classes-10-norm_layer_type-bn-conv_layer_type-prec_conv-linear_layer_type-linear-activation_layer_type-relu-Seed=8/1215_033546/model_best.pth ...
2021-12-15 05:18:47,656 - trainer - INFO -     epoch          : 7
2021-12-15 05:18:47,657 - trainer - INFO -     loss           : 4.75065064247307
2021-12-15 05:18:47,658 - trainer - INFO -     my_metric      : 2.2174752237851663
2021-12-15 05:18:47,659 - trainer - INFO -     my_metric2     : 3.800835198209718
2021-12-15 05:18:47,659 - trainer - INFO -     learning rate  : [0.001, 0.001, 0.001, 0.001]
2021-12-15 05:18:47,661 - trainer - INFO -     val_loss       : 0.666137752532959
2021-12-15 05:18:47,665 - trainer - INFO -     val_my_metric  : 0.7896000000000001
2021-12-15 05:18:47,666 - trainer - INFO -     val_my_metric2 : 0.9889999999999999
2021-12-15 05:18:47,666 - trainer - INFO -     test_loss      : 0.7440131771564483
2021-12-15 05:18:47,667 - trainer - INFO -     test_my_metric : 0.754
2021-12-15 05:18:47,668 - trainer - INFO -     test_my_metric2: 0.9858999999999992
2021-12-15 05:18:48,061 - trainer - INFO - Saving current model: current model save at: saved/models/Robust_WideResNet16_6_BN+ConvNorm_CIFAR10DataLoaderResNet16_6-num_classes-10-norm_layer_type-bn-conv_layer_type-prec_conv-linear_layer_type-linear-activation_layer_type-relu-Seed=8/1215_033546/model_epoch_7.pth ...
2021-12-15 05:33:29,601 - trainer - INFO -     epoch          : 8
2021-12-15 05:33:29,602 - trainer - INFO -     loss           : 4.580220259821323
2021-12-15 05:33:29,603 - trainer - INFO -     my_metric      : 2.275727301790281
2021-12-15 05:33:29,604 - trainer - INFO -     my_metric2     : 3.8138187340153458
2021-12-15 05:33:29,604 - trainer - INFO -     learning rate  : [0.001, 0.001, 0.001, 0.001]
2021-12-15 05:33:29,605 - trainer - INFO -     val_loss       : 0.5809570127725601
2021-12-15 05:33:29,606 - trainer - INFO -     val_my_metric  : 0.8347999999999998
2021-12-15 05:33:29,606 - trainer - INFO -     val_my_metric2 : 0.9914000000000002
2021-12-15 05:33:29,607 - trainer - INFO -     test_loss      : 0.6700850015878678
2021-12-15 05:33:29,608 - trainer - INFO -     test_my_metric : 0.7882999999999999
2021-12-15 05:33:29,608 - trainer - INFO -     test_my_metric2: 0.9904999999999988
2021-12-15 05:33:30,015 - trainer - INFO - Saving current best: model_best.pth at: saved/models/Robust_WideResNet16_6_BN+ConvNorm_CIFAR10DataLoaderResNet16_6-num_classes-10-norm_layer_type-bn-conv_layer_type-prec_conv-linear_layer_type-linear-activation_layer_type-relu-Seed=8/1215_033546/model_best.pth ...
2021-12-15 05:48:11,441 - trainer - INFO -     epoch          : 9
2021-12-15 05:48:11,443 - trainer - INFO -     loss           : 4.435583621034842
2021-12-15 05:48:11,443 - trainer - INFO -     my_metric      : 2.3292359335038366
2021-12-15 05:48:11,444 - trainer - INFO -     my_metric2     : 3.829515664961636
2021-12-15 05:48:11,446 - trainer - INFO -     learning rate  : [0.001, 0.001, 0.001, 0.001]
2021-12-15 05:48:11,446 - trainer - INFO -     val_loss       : 0.5946157938241958
2021-12-15 05:48:11,447 - trainer - INFO -     val_my_metric  : 0.8239999999999997
2021-12-15 05:48:11,448 - trainer - INFO -     val_my_metric2 : 0.9930000000000001
2021-12-15 05:48:11,448 - trainer - INFO -     test_loss      : 0.6921718919277191
2021-12-15 05:48:11,449 - trainer - INFO -     test_my_metric : 0.7770000000000001
2021-12-15 05:48:11,450 - trainer - INFO -     test_my_metric2: 0.9879999999999992
2021-12-15 05:48:11,839 - trainer - INFO - Saving current model: current model save at: saved/models/Robust_WideResNet16_6_BN+ConvNorm_CIFAR10DataLoaderResNet16_6-num_classes-10-norm_layer_type-bn-conv_layer_type-prec_conv-linear_layer_type-linear-activation_layer_type-relu-Seed=8/1215_033546/model_epoch_9.pth ...
2021-12-15 06:02:53,209 - trainer - INFO -     epoch          : 10
2021-12-15 06:02:53,210 - trainer - INFO -     loss           : 4.287339959074469
2021-12-15 06:02:53,211 - trainer - INFO -     my_metric      : 2.3779651534526853
2021-12-15 06:02:53,212 - trainer - INFO -     my_metric2     : 3.842111572890026
2021-12-15 06:02:53,212 - trainer - INFO -     learning rate  : [0.001, 0.001, 0.001, 0.001]
2021-12-15 06:02:53,213 - trainer - INFO -     val_loss       : 0.5261188805103302
2021-12-15 06:02:53,214 - trainer - INFO -     val_my_metric  : 0.8506000000000001
2021-12-15 06:02:53,215 - trainer - INFO -     val_my_metric2 : 0.9942
2021-12-15 06:02:53,215 - trainer - INFO -     test_loss      : 0.6520553529262543
2021-12-15 06:02:53,216 - trainer - INFO -     test_my_metric : 0.7946000000000001
2021-12-15 06:02:53,217 - trainer - INFO -     test_my_metric2: 0.9888999999999999
2021-12-15 06:02:53,608 - trainer - INFO - Saving current best: model_best.pth at: saved/models/Robust_WideResNet16_6_BN+ConvNorm_CIFAR10DataLoaderResNet16_6-num_classes-10-norm_layer_type-bn-conv_layer_type-prec_conv-linear_layer_type-linear-activation_layer_type-relu-Seed=8/1215_033546/model_best.pth ...
2021-12-15 06:17:35,169 - trainer - INFO -     epoch          : 11
2021-12-15 06:17:35,171 - trainer - INFO -     loss           : 4.172418712883654
2021-12-15 06:17:35,171 - trainer - INFO -     my_metric      : 2.418761988491049
2021-12-15 06:17:35,172 - trainer - INFO -     my_metric2     : 3.850831202046035
2021-12-15 06:17:35,173 - trainer - INFO -     learning rate  : [0.001, 0.001, 0.001, 0.001]
2021-12-15 06:17:35,173 - trainer - INFO -     val_loss       : 0.51218525826931
2021-12-15 06:17:35,174 - trainer - INFO -     val_my_metric  : 0.8543999999999997
2021-12-15 06:17:35,175 - trainer - INFO -     val_my_metric2 : 0.9956000000000003
2021-12-15 06:17:35,176 - trainer - INFO -     test_loss      : 0.6485269722342492
2021-12-15 06:17:35,176 - trainer - INFO -     test_my_metric : 0.7930999999999999
2021-12-15 06:17:35,177 - trainer - INFO -     test_my_metric2: 0.9886999999999995
2021-12-15 06:17:35,667 - trainer - INFO - Saving current best: model_best.pth at: saved/models/Robust_WideResNet16_6_BN+ConvNorm_CIFAR10DataLoaderResNet16_6-num_classes-10-norm_layer_type-bn-conv_layer_type-prec_conv-linear_layer_type-linear-activation_layer_type-relu-Seed=8/1215_033546/model_best.pth ...
2021-12-15 06:32:17,367 - trainer - INFO -     epoch          : 12
2021-12-15 06:32:17,371 - trainer - INFO -     loss           : 4.0660011237844484
2021-12-15 06:32:17,372 - trainer - INFO -     my_metric      : 2.4566336317135553
2021-12-15 06:32:17,372 - trainer - INFO -     my_metric2     : 3.862615888746803
2021-12-15 06:32:17,373 - trainer - INFO -     learning rate  : [0.001, 0.001, 0.001, 0.001]
2021-12-15 06:32:17,374 - trainer - INFO -     val_loss       : 0.48931856513023375
2021-12-15 06:32:17,374 - trainer - INFO -     val_my_metric  : 0.8686000000000001
2021-12-15 06:32:17,375 - trainer - INFO -     val_my_metric2 : 0.9966000000000002
2021-12-15 06:32:17,375 - trainer - INFO -     test_loss      : 0.6280318838357926
2021-12-15 06:32:17,376 - trainer - INFO -     test_my_metric : 0.8061
2021-12-15 06:32:17,377 - trainer - INFO -     test_my_metric2: 0.9902999999999994
2021-12-15 06:32:17,816 - trainer - INFO - Saving current best: model_best.pth at: saved/models/Robust_WideResNet16_6_BN+ConvNorm_CIFAR10DataLoaderResNet16_6-num_classes-10-norm_layer_type-bn-conv_layer_type-prec_conv-linear_layer_type-linear-activation_layer_type-relu-Seed=8/1215_033546/model_best.pth ...
2021-12-15 06:46:59,526 - trainer - INFO -     epoch          : 13
2021-12-15 06:46:59,526 - trainer - INFO -     loss           : 3.948962776557259
2021-12-15 06:46:59,527 - trainer - INFO -     my_metric      : 2.4965992647058823
2021-12-15 06:46:59,528 - trainer - INFO -     my_metric2     : 3.8733455882352943
2021-12-15 06:46:59,529 - trainer - INFO -     learning rate  : [0.001, 0.001, 0.001, 0.001]
2021-12-15 06:46:59,529 - trainer - INFO -     val_loss       : 0.444727863073349
2021-12-15 06:46:59,530 - trainer - INFO -     val_my_metric  : 0.8891999999999995
2021-12-15 06:46:59,531 - trainer - INFO -     val_my_metric2 : 0.9952000000000001
2021-12-15 06:46:59,531 - trainer - INFO -     test_loss      : 0.6038223829865456
2021-12-15 06:46:59,532 - trainer - INFO -     test_my_metric : 0.8094000000000002
2021-12-15 06:46:59,533 - trainer - INFO -     test_my_metric2: 0.9894999999999999
2021-12-15 06:46:59,958 - trainer - INFO - Saving current best: model_best.pth at: saved/models/Robust_WideResNet16_6_BN+ConvNorm_CIFAR10DataLoaderResNet16_6-num_classes-10-norm_layer_type-bn-conv_layer_type-prec_conv-linear_layer_type-linear-activation_layer_type-relu-Seed=8/1215_033546/model_best.pth ...
2021-12-15 07:01:41,905 - trainer - INFO -     epoch          : 14
2021-12-15 07:01:41,907 - trainer - INFO -     loss           : 3.849463591337814
2021-12-15 07:01:41,907 - trainer - INFO -     my_metric      : 2.536325127877238
2021-12-15 07:01:41,908 - trainer - INFO -     my_metric2     : 3.878996163682865
2021-12-15 07:01:41,909 - trainer - INFO -     learning rate  : [0.001, 0.001, 0.001, 0.001]
2021-12-15 07:01:41,909 - trainer - INFO -     val_loss       : 0.44092838346958163
2021-12-15 07:01:41,910 - trainer - INFO -     val_my_metric  : 0.8878000000000001
2021-12-15 07:01:41,911 - trainer - INFO -     val_my_metric2 : 0.9966000000000002
2021-12-15 07:01:41,912 - trainer - INFO -     test_loss      : 0.6070769500732421
2021-12-15 07:01:41,912 - trainer - INFO -     test_my_metric : 0.8059999999999998
2021-12-15 07:01:41,913 - trainer - INFO -     test_my_metric2: 0.9901999999999994
2021-12-15 07:01:42,343 - trainer - INFO - Saving current model: current model save at: saved/models/Robust_WideResNet16_6_BN+ConvNorm_CIFAR10DataLoaderResNet16_6-num_classes-10-norm_layer_type-bn-conv_layer_type-prec_conv-linear_layer_type-linear-activation_layer_type-relu-Seed=8/1215_033546/model_epoch_14.pth ...
2021-12-15 07:16:23,902 - trainer - INFO -     epoch          : 15
2021-12-15 07:16:23,906 - trainer - INFO -     loss           : 3.746193059722481
2021-12-15 07:16:23,907 - trainer - INFO -     my_metric      : 2.5626678388746806
2021-12-15 07:16:23,907 - trainer - INFO -     my_metric2     : 3.8845987851662405
2021-12-15 07:16:23,908 - trainer - INFO -     learning rate  : [0.001, 0.001, 0.001, 0.001]
2021-12-15 07:16:23,908 - trainer - INFO -     val_loss       : 0.41002572774887086
2021-12-15 07:16:23,909 - trainer - INFO -     val_my_metric  : 0.9002000000000002
2021-12-15 07:16:23,909 - trainer - INFO -     val_my_metric2 : 0.9968
2021-12-15 07:16:23,910 - trainer - INFO -     test_loss      : 0.5804265317320824
2021-12-15 07:16:23,911 - trainer - INFO -     test_my_metric : 0.8166
2021-12-15 07:16:23,911 - trainer - INFO -     test_my_metric2: 0.9910999999999995
2021-12-15 07:16:24,305 - trainer - INFO - Saving current best: model_best.pth at: saved/models/Robust_WideResNet16_6_BN+ConvNorm_CIFAR10DataLoaderResNet16_6-num_classes-10-norm_layer_type-bn-conv_layer_type-prec_conv-linear_layer_type-linear-activation_layer_type-relu-Seed=8/1215_033546/model_best.pth ...
2021-12-15 07:31:05,463 - trainer - INFO -     epoch          : 16
2021-12-15 07:31:05,465 - trainer - INFO -     loss           : 3.6545969391875253
2021-12-15 07:31:05,466 - trainer - INFO -     my_metric      : 2.5929987212276213
2021-12-15 07:31:05,466 - trainer - INFO -     my_metric2     : 3.894956841432225
2021-12-15 07:31:05,467 - trainer - INFO -     learning rate  : [0.001, 0.001, 0.001, 0.001]
2021-12-15 07:31:05,468 - trainer - INFO -     val_loss       : 0.3920524775981903
2021-12-15 07:31:05,468 - trainer - INFO -     val_my_metric  : 0.9054000000000002
2021-12-15 07:31:05,469 - trainer - INFO -     val_my_metric2 : 0.9972
2021-12-15 07:31:05,470 - trainer - INFO -     test_loss      : 0.5749939385056496
2021-12-15 07:31:05,470 - trainer - INFO -     test_my_metric : 0.8181999999999996
2021-12-15 07:31:05,471 - trainer - INFO -     test_my_metric2: 0.9914999999999996
2021-12-15 07:31:05,864 - trainer - INFO - Saving current best: model_best.pth at: saved/models/Robust_WideResNet16_6_BN+ConvNorm_CIFAR10DataLoaderResNet16_6-num_classes-10-norm_layer_type-bn-conv_layer_type-prec_conv-linear_layer_type-linear-activation_layer_type-relu-Seed=8/1215_033546/model_best.pth ...
2021-12-15 07:45:47,279 - trainer - INFO -     epoch          : 17
2021-12-15 07:45:47,280 - trainer - INFO -     loss           : 3.544679849501461
2021-12-15 07:45:47,280 - trainer - INFO -     my_metric      : 2.6256673593350377
2021-12-15 07:45:47,281 - trainer - INFO -     my_metric2     : 3.9052709398976977
2021-12-15 07:45:47,282 - trainer - INFO -     learning rate  : [0.001, 0.001, 0.001, 0.001]
2021-12-15 07:45:47,283 - trainer - INFO -     val_loss       : 0.35611419558525087
2021-12-15 07:45:47,283 - trainer - INFO -     val_my_metric  : 0.9038
2021-12-15 07:45:47,284 - trainer - INFO -     val_my_metric2 : 0.9974
2021-12-15 07:45:47,285 - trainer - INFO -     test_loss      : 0.5545261126756668
2021-12-15 07:45:47,286 - trainer - INFO -     test_my_metric : 0.8147999999999997
2021-12-15 07:45:47,286 - trainer - INFO -     test_my_metric2: 0.9906999999999994
2021-12-15 07:45:47,669 - trainer - INFO - Saving current model: current model save at: saved/models/Robust_WideResNet16_6_BN+ConvNorm_CIFAR10DataLoaderResNet16_6-num_classes-10-norm_layer_type-bn-conv_layer_type-prec_conv-linear_layer_type-linear-activation_layer_type-relu-Seed=8/1215_033546/model_epoch_17.pth ...
2021-12-15 08:00:29,109 - trainer - INFO -     epoch          : 18
2021-12-15 08:00:29,114 - trainer - INFO -     loss           : 3.2357514684310047
2021-12-15 08:00:29,115 - trainer - INFO -     my_metric      : 2.7451526534526858
2021-12-15 08:00:29,115 - trainer - INFO -     my_metric2     : 3.9247162723785163
2021-12-15 08:00:29,116 - trainer - INFO -     learning rate  : [0.001, 0.001, 0.001, 0.001]
2021-12-15 08:00:29,117 - trainer - INFO -     val_loss       : 0.4224164170026779
2021-12-15 08:00:29,117 - trainer - INFO -     val_my_metric  : 0.8672000000000001
2021-12-15 08:00:29,118 - trainer - INFO -     val_my_metric2 : 0.9940000000000001
2021-12-15 08:00:29,119 - trainer - INFO -     test_loss      : 0.670302993953228
2021-12-15 08:00:29,120 - trainer - INFO -     test_my_metric : 0.7743000000000005
2021-12-15 08:00:29,120 - trainer - INFO -     test_my_metric2: 0.9848999999999998
2021-12-15 08:00:29,531 - trainer - INFO - Saving current model: current model save at: saved/models/Robust_WideResNet16_6_BN+ConvNorm_CIFAR10DataLoaderResNet16_6-num_classes-10-norm_layer_type-bn-conv_layer_type-prec_conv-linear_layer_type-linear-activation_layer_type-relu-Seed=8/1215_033546/model_epoch_18.pth ...
2021-12-15 08:15:11,448 - trainer - INFO -     epoch          : 19
2021-12-15 08:15:11,449 - trainer - INFO -     loss           : 2.6470103151048234
2021-12-15 08:15:11,450 - trainer - INFO -     my_metric      : 2.9774936061381068
2021-12-15 08:15:11,450 - trainer - INFO -     my_metric2     : 3.95173033887468
2021-12-15 08:15:11,451 - trainer - INFO -     learning rate  : [0.001, 0.001, 0.001, 0.001]
2021-12-15 08:15:11,452 - trainer - INFO -     val_loss       : 0.5440628325939179
2021-12-15 08:15:11,452 - trainer - INFO -     val_my_metric  : 0.8340000000000002
2021-12-15 08:15:11,453 - trainer - INFO -     val_my_metric2 : 0.9863999999999997
2021-12-15 08:15:11,454 - trainer - INFO -     test_loss      : 0.8788735854625702
2021-12-15 08:15:11,454 - trainer - INFO -     test_my_metric : 0.7421999999999999
2021-12-15 08:15:11,455 - trainer - INFO -     test_my_metric2: 0.9715999999999997
2021-12-15 08:15:11,844 - trainer - INFO - Saving current model: current model save at: saved/models/Robust_WideResNet16_6_BN+ConvNorm_CIFAR10DataLoaderResNet16_6-num_classes-10-norm_layer_type-bn-conv_layer_type-prec_conv-linear_layer_type-linear-activation_layer_type-relu-Seed=8/1215_033546/model_epoch_19.pth ...
2021-12-15 08:29:53,596 - trainer - INFO -     epoch          : 20
2021-12-15 08:29:53,598 - trainer - INFO -     loss           : 1.744268122155343
2021-12-15 08:29:53,598 - trainer - INFO -     my_metric      : 3.348273657289003
2021-12-15 08:29:53,599 - trainer - INFO -     my_metric2     : 3.981273976982097
2021-12-15 08:29:53,600 - trainer - INFO -     learning rate  : [0.001, 0.001, 0.001, 0.001]
2021-12-15 08:29:53,600 - trainer - INFO -     val_loss       : 0.49215485841035844
2021-12-15 08:29:53,601 - trainer - INFO -     val_my_metric  : 0.8576000000000001
2021-12-15 08:29:53,602 - trainer - INFO -     val_my_metric2 : 0.9923999999999998
2021-12-15 08:29:53,603 - trainer - INFO -     test_loss      : 0.9181017589569092
2021-12-15 08:29:53,603 - trainer - INFO -     test_my_metric : 0.7620999999999998
2021-12-15 08:29:53,604 - trainer - INFO -     test_my_metric2: 0.9832999999999994
2021-12-15 08:29:53,997 - trainer - INFO - Saving current model: current model save at: saved/models/Robust_WideResNet16_6_BN+ConvNorm_CIFAR10DataLoaderResNet16_6-num_classes-10-norm_layer_type-bn-conv_layer_type-prec_conv-linear_layer_type-linear-activation_layer_type-relu-Seed=8/1215_033546/model_epoch_20.pth ...
2021-12-15 08:44:35,500 - trainer - INFO -     epoch          : 21
2021-12-15 08:44:35,501 - trainer - INFO -     loss           : 0.9235751555989618
2021-12-15 08:44:35,502 - trainer - INFO -     my_metric      : 3.6708879475703324
2021-12-15 08:44:35,502 - trainer - INFO -     my_metric2     : 3.99454523657289
2021-12-15 08:44:35,503 - trainer - INFO -     learning rate  : [0.001, 0.001, 0.001, 0.001]
2021-12-15 08:44:35,504 - trainer - INFO -     val_loss       : 0.2132489225268364
2021-12-15 08:44:35,504 - trainer - INFO -     val_my_metric  : 0.9255999999999998
2021-12-15 08:44:35,505 - trainer - INFO -     val_my_metric2 : 0.9986000000000002
2021-12-15 08:44:35,506 - trainer - INFO -     test_loss      : 0.6210939778387546
2021-12-15 08:44:35,507 - trainer - INFO -     test_my_metric : 0.8256999999999997
2021-12-15 08:44:35,507 - trainer - INFO -     test_my_metric2: 0.9911999999999996
2021-12-15 08:44:35,920 - trainer - INFO - Saving current best: model_best.pth at: saved/models/Robust_WideResNet16_6_BN+ConvNorm_CIFAR10DataLoaderResNet16_6-num_classes-10-norm_layer_type-bn-conv_layer_type-prec_conv-linear_layer_type-linear-activation_layer_type-relu-Seed=8/1215_033546/model_best.pth ...
2021-12-15 08:59:17,709 - trainer - INFO -     epoch          : 22
2021-12-15 08:59:17,710 - trainer - INFO -     loss           : 0.5904412949005203
2021-12-15 08:59:17,711 - trainer - INFO -     my_metric      : 3.797462436061381
2021-12-15 08:59:17,711 - trainer - INFO -     my_metric2     : 3.9974224744245523
2021-12-15 08:59:17,712 - trainer - INFO -     learning rate  : [0.001, 0.001, 0.001, 0.001]
2021-12-15 08:59:17,713 - trainer - INFO -     val_loss       : 0.26686677381396295
2021-12-15 08:59:17,714 - trainer - INFO -     val_my_metric  : 0.9175999999999997
2021-12-15 08:59:17,714 - trainer - INFO -     val_my_metric2 : 0.9975999999999999
2021-12-15 08:59:17,715 - trainer - INFO -     test_loss      : 0.7628742483258247
2021-12-15 08:59:17,716 - trainer - INFO -     test_my_metric : 0.8185999999999999
2021-12-15 08:59:17,717 - trainer - INFO -     test_my_metric2: 0.9894999999999995
2021-12-15 08:59:18,106 - trainer - INFO - Saving current model: current model save at: saved/models/Robust_WideResNet16_6_BN+ConvNorm_CIFAR10DataLoaderResNet16_6-num_classes-10-norm_layer_type-bn-conv_layer_type-prec_conv-linear_layer_type-linear-activation_layer_type-relu-Seed=8/1215_033546/model_epoch_22.pth ...
2021-12-15 09:13:59,505 - trainer - INFO -     epoch          : 23
2021-12-15 09:13:59,506 - trainer - INFO -     loss           : 0.4748807793907116
2021-12-15 09:13:59,507 - trainer - INFO -     my_metric      : 3.8350623401534527
2021-12-15 09:13:59,507 - trainer - INFO -     my_metric2     : 3.999020939897698
2021-12-15 09:13:59,508 - trainer - INFO -     learning rate  : [0.001, 0.001, 0.001, 0.001]
2021-12-15 09:13:59,509 - trainer - INFO -     val_loss       : 0.16850823365151882
2021-12-15 09:13:59,510 - trainer - INFO -     val_my_metric  : 0.9470000000000005
2021-12-15 09:13:59,511 - trainer - INFO -     val_my_metric2 : 0.9987999999999999
2021-12-15 09:13:59,511 - trainer - INFO -     test_loss      : 0.6481404691934586
2021-12-15 09:13:59,512 - trainer - INFO -     test_my_metric : 0.8418999999999996
2021-12-15 09:13:59,513 - trainer - INFO -     test_my_metric2: 0.9904999999999994
2021-12-15 09:13:59,923 - trainer - INFO - Saving current best: model_best.pth at: saved/models/Robust_WideResNet16_6_BN+ConvNorm_CIFAR10DataLoaderResNet16_6-num_classes-10-norm_layer_type-bn-conv_layer_type-prec_conv-linear_layer_type-linear-activation_layer_type-relu-Seed=8/1215_033546/model_best.pth ...
2021-12-15 09:28:41,593 - trainer - INFO -     epoch          : 24
2021-12-15 09:28:41,595 - trainer - INFO -     loss           : 0.42935216143879745
2021-12-15 09:28:41,596 - trainer - INFO -     my_metric      : 3.851818254475703
2021-12-15 09:28:41,597 - trainer - INFO -     my_metric2     : 3.99926070971867
2021-12-15 09:28:41,597 - trainer - INFO -     learning rate  : [0.001, 0.001, 0.001, 0.001]
2021-12-15 09:28:41,598 - trainer - INFO -     val_loss       : 0.14835641875863076
2021-12-15 09:28:41,599 - trainer - INFO -     val_my_metric  : 0.9494000000000001
2021-12-15 09:28:41,599 - trainer - INFO -     val_my_metric2 : 1.0
2021-12-15 09:28:41,600 - trainer - INFO -     test_loss      : 0.641515719294548
2021-12-15 09:28:41,601 - trainer - INFO -     test_my_metric : 0.8366999999999999
2021-12-15 09:28:41,602 - trainer - INFO -     test_my_metric2: 0.9916999999999996
2021-12-15 09:28:42,023 - trainer - INFO - Saving current best: model_best.pth at: saved/models/Robust_WideResNet16_6_BN+ConvNorm_CIFAR10DataLoaderResNet16_6-num_classes-10-norm_layer_type-bn-conv_layer_type-prec_conv-linear_layer_type-linear-activation_layer_type-relu-Seed=8/1215_033546/model_best.pth ...
2021-12-15 09:43:23,549 - trainer - INFO -     epoch          : 25
2021-12-15 09:43:23,549 - trainer - INFO -     loss           : 0.305176277887886
2021-12-15 09:43:23,550 - trainer - INFO -     my_metric      : 3.895760070332481
2021-12-15 09:43:23,551 - trainer - INFO -     my_metric2     : 3.999800191815857
2021-12-15 09:43:23,552 - trainer - INFO -     learning rate  : [0.001, 0.001, 0.001, 0.001]
2021-12-15 09:43:23,553 - trainer - INFO -     val_loss       : 0.12771587167866527
2021-12-15 09:43:23,553 - trainer - INFO -     val_my_metric  : 0.9566000000000002
2021-12-15 09:43:23,554 - trainer - INFO -     val_my_metric2 : 0.9998
2021-12-15 09:43:23,555 - trainer - INFO -     test_loss      : 0.6460326156020164
2021-12-15 09:43:23,556 - trainer - INFO -     test_my_metric : 0.8490999999999996
2021-12-15 09:43:23,556 - trainer - INFO -     test_my_metric2: 0.9904999999999995
2021-12-15 09:43:23,967 - trainer - INFO - Saving current best: model_best.pth at: saved/models/Robust_WideResNet16_6_BN+ConvNorm_CIFAR10DataLoaderResNet16_6-num_classes-10-norm_layer_type-bn-conv_layer_type-prec_conv-linear_layer_type-linear-activation_layer_type-relu-Seed=8/1215_033546/model_best.pth ...
2021-12-15 09:58:05,505 - trainer - INFO -     epoch          : 26
2021-12-15 09:58:05,506 - trainer - INFO -     loss           : 0.2393156084258233
2021-12-15 09:58:05,507 - trainer - INFO -     my_metric      : 3.920012787723785
2021-12-15 09:58:05,508 - trainer - INFO -     my_metric2     : 3.9997802109974425
2021-12-15 09:58:05,508 - trainer - INFO -     learning rate  : [0.001, 0.001, 0.001, 0.001]
2021-12-15 09:58:05,509 - trainer - INFO -     val_loss       : 0.08972528006881475
2021-12-15 09:58:05,510 - trainer - INFO -     val_my_metric  : 0.9692000000000001
2021-12-15 09:58:05,510 - trainer - INFO -     val_my_metric2 : 0.9998
2021-12-15 09:58:05,511 - trainer - INFO -     test_loss      : 0.5999284845590591
2021-12-15 09:58:05,512 - trainer - INFO -     test_my_metric : 0.8536999999999996
2021-12-15 09:58:05,513 - trainer - INFO -     test_my_metric2: 0.9927999999999996
2021-12-15 09:58:05,943 - trainer - INFO - Saving current best: model_best.pth at: saved/models/Robust_WideResNet16_6_BN+ConvNorm_CIFAR10DataLoaderResNet16_6-num_classes-10-norm_layer_type-bn-conv_layer_type-prec_conv-linear_layer_type-linear-activation_layer_type-relu-Seed=8/1215_033546/model_best.pth ...
2021-12-15 10:12:47,349 - trainer - INFO -     epoch          : 27
2021-12-15 10:12:47,350 - trainer - INFO -     loss           : 0.21203257973470233
2021-12-15 10:12:47,351 - trainer - INFO -     my_metric      : 3.9303868286445014
2021-12-15 10:12:47,351 - trainer - INFO -     my_metric2     : 3.999760230179028
2021-12-15 10:12:47,353 - trainer - INFO -     learning rate  : [0.001, 0.001, 0.001, 0.001]
2021-12-15 10:12:47,354 - trainer - INFO -     val_loss       : 0.0864240069873631
2021-12-15 10:12:47,354 - trainer - INFO -     val_my_metric  : 0.9717999999999999
2021-12-15 10:12:47,355 - trainer - INFO -     val_my_metric2 : 0.9997999999999999
2021-12-15 10:12:47,356 - trainer - INFO -     test_loss      : 0.6403328666090965
2021-12-15 10:12:47,357 - trainer - INFO -     test_my_metric : 0.8523999999999998
2021-12-15 10:12:47,357 - trainer - INFO -     test_my_metric2: 0.9910999999999995
2021-12-15 10:12:47,779 - trainer - INFO - Saving current best: model_best.pth at: saved/models/Robust_WideResNet16_6_BN+ConvNorm_CIFAR10DataLoaderResNet16_6-num_classes-10-norm_layer_type-bn-conv_layer_type-prec_conv-linear_layer_type-linear-activation_layer_type-relu-Seed=8/1215_033546/model_best.pth ...
2021-12-15 10:27:29,574 - trainer - INFO -     epoch          : 28
2021-12-15 10:27:29,575 - trainer - INFO -     loss           : 0.16882461461814982
2021-12-15 10:27:29,576 - trainer - INFO -     my_metric      : 3.9439897698209716
2021-12-15 10:27:29,576 - trainer - INFO -     my_metric2     : 3.9998601342710995
2021-12-15 10:27:29,577 - trainer - INFO -     learning rate  : [0.001, 0.001, 0.001, 0.001]
2021-12-15 10:27:29,577 - trainer - INFO -     val_loss       : 0.0705484839901328
2021-12-15 10:27:29,578 - trainer - INFO -     val_my_metric  : 0.9759999999999998
2021-12-15 10:27:29,579 - trainer - INFO -     val_my_metric2 : 0.9997999999999999
2021-12-15 10:27:29,580 - trainer - INFO -     test_loss      : 0.6230970931053161
2021-12-15 10:27:29,581 - trainer - INFO -     test_my_metric : 0.8620999999999995
2021-12-15 10:27:29,581 - trainer - INFO -     test_my_metric2: 0.9928999999999994
2021-12-15 10:27:29,996 - trainer - INFO - Saving current best: model_best.pth at: saved/models/Robust_WideResNet16_6_BN+ConvNorm_CIFAR10DataLoaderResNet16_6-num_classes-10-norm_layer_type-bn-conv_layer_type-prec_conv-linear_layer_type-linear-activation_layer_type-relu-Seed=8/1215_033546/model_best.pth ...
2021-12-15 10:42:11,292 - trainer - INFO -     epoch          : 29
2021-12-15 10:42:11,293 - trainer - INFO -     loss           : 0.15893018062141917
2021-12-15 10:42:11,294 - trainer - INFO -     my_metric      : 3.9472866048593347
2021-12-15 10:42:11,295 - trainer - INFO -     my_metric2     : 4.0
2021-12-15 10:42:11,295 - trainer - INFO -     learning rate  : [0.001, 0.001, 0.001, 0.001]
2021-12-15 10:42:11,296 - trainer - INFO -     val_loss       : 0.07058477824553848
2021-12-15 10:42:11,297 - trainer - INFO -     val_my_metric  : 0.9783999999999999
2021-12-15 10:42:11,298 - trainer - INFO -     val_my_metric2 : 1.0
2021-12-15 10:42:11,298 - trainer - INFO -     test_loss      : 0.5909725198149681
2021-12-15 10:42:11,299 - trainer - INFO -     test_my_metric : 0.8687000000000001
2021-12-15 10:42:11,300 - trainer - INFO -     test_my_metric2: 0.9932999999999998
2021-12-15 10:42:11,702 - trainer - INFO - Saving current best: model_best.pth at: saved/models/Robust_WideResNet16_6_BN+ConvNorm_CIFAR10DataLoaderResNet16_6-num_classes-10-norm_layer_type-bn-conv_layer_type-prec_conv-linear_layer_type-linear-activation_layer_type-relu-Seed=8/1215_033546/model_best.pth ...
2021-12-15 10:56:52,890 - trainer - INFO -     epoch          : 30
2021-12-15 10:56:52,891 - trainer - INFO -     loss           : 0.14336712644113908
2021-12-15 10:56:52,892 - trainer - INFO -     my_metric      : 3.952417679028133
2021-12-15 10:56:52,893 - trainer - INFO -     my_metric2     : 3.9999600383631715
2021-12-15 10:56:52,894 - trainer - INFO -     learning rate  : [0.001, 0.001, 0.001, 0.001]
2021-12-15 10:56:52,894 - trainer - INFO -     val_loss       : 0.06083999909460545
2021-12-15 10:56:52,895 - trainer - INFO -     val_my_metric  : 0.9819999999999999
2021-12-15 10:56:52,896 - trainer - INFO -     val_my_metric2 : 1.0
2021-12-15 10:56:52,897 - trainer - INFO -     test_loss      : 0.6152960853278637
2021-12-15 10:56:52,897 - trainer - INFO -     test_my_metric : 0.8675999999999995
2021-12-15 10:56:52,898 - trainer - INFO -     test_my_metric2: 0.9942999999999997
2021-12-15 10:56:53,298 - trainer - INFO - Saving current best: model_best.pth at: saved/models/Robust_WideResNet16_6_BN+ConvNorm_CIFAR10DataLoaderResNet16_6-num_classes-10-norm_layer_type-bn-conv_layer_type-prec_conv-linear_layer_type-linear-activation_layer_type-relu-Seed=8/1215_033546/model_best.pth ...
2021-12-15 11:11:34,703 - trainer - INFO -     epoch          : 31
2021-12-15 11:11:34,704 - trainer - INFO -     loss           : 0.13475623553293659
2021-12-15 11:11:34,705 - trainer - INFO -     my_metric      : 3.956218030690537
2021-12-15 11:11:34,706 - trainer - INFO -     my_metric2     : 3.999940057544757
2021-12-15 11:11:34,706 - trainer - INFO -     learning rate  : [0.001, 0.001, 0.001, 0.001]
2021-12-15 11:11:34,707 - trainer - INFO -     val_loss       : 0.08033745492808521
2021-12-15 11:11:34,707 - trainer - INFO -     val_my_metric  : 0.9719999999999996
2021-12-15 11:11:34,708 - trainer - INFO -     val_my_metric2 : 1.0
2021-12-15 11:11:34,708 - trainer - INFO -     test_loss      : 0.634332791864872
2021-12-15 11:11:34,709 - trainer - INFO -     test_my_metric : 0.8588999999999999
2021-12-15 11:11:34,709 - trainer - INFO -     test_my_metric2: 0.9935999999999998
2021-12-15 11:11:35,117 - trainer - INFO - Saving current model: current model save at: saved/models/Robust_WideResNet16_6_BN+ConvNorm_CIFAR10DataLoaderResNet16_6-num_classes-10-norm_layer_type-bn-conv_layer_type-prec_conv-linear_layer_type-linear-activation_layer_type-relu-Seed=8/1215_033546/model_epoch_31.pth ...
