2021-12-13 01:47:13,875 - train - INFO - Trainable parameters: 4289754
2021-12-13 01:51:38,554 - trainer - INFO -     epoch          : 1
2021-12-13 01:51:38,556 - trainer - INFO -     loss           : 7.942722420863179
2021-12-13 01:51:38,556 - trainer - INFO -     my_metric      : 1.03045476342711
2021-12-13 01:51:38,557 - trainer - INFO -     my_metric2     : 3.144589194373402
2021-12-13 01:51:38,557 - trainer - INFO -     learning rate  : [0.001, 0.001, 0.001, 0.001]
2021-12-13 01:51:38,558 - trainer - INFO -     val_loss       : 1.5768642497062684
2021-12-13 01:51:38,558 - trainer - INFO -     val_my_metric  : 0.42840000000000006
2021-12-13 01:51:38,559 - trainer - INFO -     val_my_metric2 : 0.9122
2021-12-13 01:51:38,559 - trainer - INFO -     test_loss      : 1.576926395893097
2021-12-13 01:51:38,560 - trainer - INFO -     test_my_metric : 0.42500000000000016
2021-12-13 01:51:38,560 - trainer - INFO -     test_my_metric2: 0.9124000000000002
2021-12-13 01:51:38,784 - trainer - INFO - Saving current best: model_best.pth at: saved/models/Robust_WideResNet16_5_BN_CIFAR10DataLoaderResNet16_5-num_classes-10-norm_layer_type-bn-conv_layer_type-conv-linear_layer_type-linear-activation_layer_type-relu-Seed=8/1213_014700/model_best.pth ...
2021-12-13 01:55:39,592 - trainer - INFO -     epoch          : 2
2021-12-13 01:55:39,593 - trainer - INFO -     loss           : 7.17110493634363
2021-12-13 01:55:39,594 - trainer - INFO -     my_metric      : 1.3089154411764705
2021-12-13 01:55:39,594 - trainer - INFO -     my_metric2     : 3.4157968350383623
2021-12-13 01:55:39,594 - trainer - INFO -     learning rate  : [0.001, 0.001, 0.001, 0.001]
2021-12-13 01:55:39,595 - trainer - INFO -     val_loss       : 1.3973564171791077
2021-12-13 01:55:39,595 - trainer - INFO -     val_my_metric  : 0.5044
2021-12-13 01:55:39,596 - trainer - INFO -     val_my_metric2 : 0.9354
2021-12-13 01:55:39,597 - trainer - INFO -     test_loss      : 1.402801364660263
2021-12-13 01:55:39,598 - trainer - INFO -     test_my_metric : 0.49839999999999984
2021-12-13 01:55:39,598 - trainer - INFO -     test_my_metric2: 0.9344000000000002
2021-12-13 01:55:39,836 - trainer - INFO - Saving current best: model_best.pth at: saved/models/Robust_WideResNet16_5_BN_CIFAR10DataLoaderResNet16_5-num_classes-10-norm_layer_type-bn-conv_layer_type-conv-linear_layer_type-linear-activation_layer_type-relu-Seed=8/1213_014700/model_best.pth ...
2021-12-13 01:59:40,472 - trainer - INFO -     epoch          : 3
2021-12-13 01:59:40,473 - trainer - INFO -     loss           : 6.664237249232924
2021-12-13 01:59:40,474 - trainer - INFO -     my_metric      : 1.507668638107417
2021-12-13 01:59:40,474 - trainer - INFO -     my_metric2     : 3.5292359335038364
2021-12-13 01:59:40,475 - trainer - INFO -     learning rate  : [0.001, 0.001, 0.001, 0.001]
2021-12-13 01:59:40,475 - trainer - INFO -     val_loss       : 1.1722621059417724
2021-12-13 01:59:40,476 - trainer - INFO -     val_my_metric  : 0.5801999999999998
2021-12-13 01:59:40,476 - trainer - INFO -     val_my_metric2 : 0.9600000000000002
2021-12-13 01:59:40,477 - trainer - INFO -     test_loss      : 1.1796721428632737
2021-12-13 01:59:40,477 - trainer - INFO -     test_my_metric : 0.5792999999999999
2021-12-13 01:59:40,478 - trainer - INFO -     test_my_metric2: 0.9612
2021-12-13 01:59:40,698 - trainer - INFO - Saving current best: model_best.pth at: saved/models/Robust_WideResNet16_5_BN_CIFAR10DataLoaderResNet16_5-num_classes-10-norm_layer_type-bn-conv_layer_type-conv-linear_layer_type-linear-activation_layer_type-relu-Seed=8/1213_014700/model_best.pth ...
2021-12-13 02:03:41,507 - trainer - INFO -     epoch          : 4
2021-12-13 02:03:41,508 - trainer - INFO -     loss           : 6.261082520722733
2021-12-13 02:03:41,508 - trainer - INFO -     my_metric      : 1.6570532289002557
2021-12-13 02:03:41,509 - trainer - INFO -     my_metric2     : 3.6062579923273663
2021-12-13 02:03:41,509 - trainer - INFO -     learning rate  : [0.001, 0.001, 0.001, 0.001]
2021-12-13 02:03:41,510 - trainer - INFO -     val_loss       : 1.0548649561405181
2021-12-13 02:03:41,510 - trainer - INFO -     val_my_metric  : 0.6294
2021-12-13 02:03:41,511 - trainer - INFO -     val_my_metric2 : 0.9715999999999994
2021-12-13 02:03:41,511 - trainer - INFO -     test_loss      : 1.0615424174070358
2021-12-13 02:03:41,512 - trainer - INFO -     test_my_metric : 0.6349000000000002
2021-12-13 02:03:41,512 - trainer - INFO -     test_my_metric2: 0.9692999999999996
2021-12-13 02:03:41,733 - trainer - INFO - Saving current best: model_best.pth at: saved/models/Robust_WideResNet16_5_BN_CIFAR10DataLoaderResNet16_5-num_classes-10-norm_layer_type-bn-conv_layer_type-conv-linear_layer_type-linear-activation_layer_type-relu-Seed=8/1213_014700/model_best.pth ...
2021-12-13 02:07:42,569 - trainer - INFO -     epoch          : 5
2021-12-13 02:07:42,570 - trainer - INFO -     loss           : 5.976562591769811
2021-12-13 02:07:42,570 - trainer - INFO -     my_metric      : 1.7599144820971864
2021-12-13 02:07:42,570 - trainer - INFO -     my_metric2     : 3.651550511508951
2021-12-13 02:07:42,570 - trainer - INFO -     learning rate  : [0.001, 0.001, 0.001, 0.001]
2021-12-13 02:07:42,574 - trainer - INFO -     val_loss       : 0.9720467233657837
2021-12-13 02:07:42,574 - trainer - INFO -     val_my_metric  : 0.6802000000000002
2021-12-13 02:07:42,574 - trainer - INFO -     val_my_metric2 : 0.9711999999999995
2021-12-13 02:07:42,574 - trainer - INFO -     test_loss      : 0.9863578748703002
2021-12-13 02:07:42,575 - trainer - INFO -     test_my_metric : 0.6768000000000001
2021-12-13 02:07:42,576 - trainer - INFO -     test_my_metric2: 0.9726999999999991
2021-12-13 02:07:42,791 - trainer - INFO - Saving current best: model_best.pth at: saved/models/Robust_WideResNet16_5_BN_CIFAR10DataLoaderResNet16_5-num_classes-10-norm_layer_type-bn-conv_layer_type-conv-linear_layer_type-linear-activation_layer_type-relu-Seed=8/1213_014700/model_best.pth ...
2021-12-13 02:11:43,804 - trainer - INFO -     epoch          : 6
2021-12-13 02:11:43,804 - trainer - INFO -     loss           : 5.740374827019089
2021-12-13 02:11:43,805 - trainer - INFO -     my_metric      : 1.860477941176471
2021-12-13 02:11:43,805 - trainer - INFO -     my_metric2     : 3.6822690217391307
2021-12-13 02:11:43,806 - trainer - INFO -     learning rate  : [0.001, 0.001, 0.001, 0.001]
2021-12-13 02:11:43,806 - trainer - INFO -     val_loss       : 0.9220476818084716
2021-12-13 02:11:43,807 - trainer - INFO -     val_my_metric  : 0.6847999999999999
2021-12-13 02:11:43,807 - trainer - INFO -     val_my_metric2 : 0.9789999999999998
2021-12-13 02:11:43,808 - trainer - INFO -     test_loss      : 0.9433977037668229
2021-12-13 02:11:43,809 - trainer - INFO -     test_my_metric : 0.6792000000000001
2021-12-13 02:11:43,809 - trainer - INFO -     test_my_metric2: 0.9758999999999998
2021-12-13 02:11:44,042 - trainer - INFO - Saving current best: model_best.pth at: saved/models/Robust_WideResNet16_5_BN_CIFAR10DataLoaderResNet16_5-num_classes-10-norm_layer_type-bn-conv_layer_type-conv-linear_layer_type-linear-activation_layer_type-relu-Seed=8/1213_014700/model_best.pth ...
2021-12-13 02:15:44,917 - trainer - INFO -     epoch          : 7
2021-12-13 02:15:44,918 - trainer - INFO -     loss           : 5.539519648875117
2021-12-13 02:15:44,918 - trainer - INFO -     my_metric      : 1.933272058823529
2021-12-13 02:15:44,919 - trainer - INFO -     my_metric2     : 3.710501918158568
2021-12-13 02:15:44,920 - trainer - INFO -     learning rate  : [0.001, 0.001, 0.001, 0.001]
2021-12-13 02:15:44,920 - trainer - INFO -     val_loss       : 0.8628763341903687
2021-12-13 02:15:44,921 - trainer - INFO -     val_my_metric  : 0.7260000000000001
2021-12-13 02:15:44,921 - trainer - INFO -     val_my_metric2 : 0.9819999999999999
2021-12-13 02:15:44,922 - trainer - INFO -     test_loss      : 0.8912309187650681
2021-12-13 02:15:44,922 - trainer - INFO -     test_my_metric : 0.7140999999999998
2021-12-13 02:15:44,923 - trainer - INFO -     test_my_metric2: 0.9791999999999992
2021-12-13 02:15:45,157 - trainer - INFO - Saving current best: model_best.pth at: saved/models/Robust_WideResNet16_5_BN_CIFAR10DataLoaderResNet16_5-num_classes-10-norm_layer_type-bn-conv_layer_type-conv-linear_layer_type-linear-activation_layer_type-relu-Seed=8/1213_014700/model_best.pth ...
2021-12-13 02:19:46,505 - trainer - INFO -     epoch          : 8
2021-12-13 02:19:46,506 - trainer - INFO -     loss           : 5.397832815147117
2021-12-13 02:19:46,506 - trainer - INFO -     my_metric      : 1.9808743606138108
2021-12-13 02:19:46,507 - trainer - INFO -     my_metric2     : 3.7221067774936065
2021-12-13 02:19:46,507 - trainer - INFO -     learning rate  : [0.001, 0.001, 0.001, 0.001]
2021-12-13 02:19:46,508 - trainer - INFO -     val_loss       : 0.8182975053787231
2021-12-13 02:19:46,508 - trainer - INFO -     val_my_metric  : 0.7357999999999998
2021-12-13 02:19:46,509 - trainer - INFO -     val_my_metric2 : 0.9841999999999997
2021-12-13 02:19:46,509 - trainer - INFO -     test_loss      : 0.8598715978860855
2021-12-13 02:19:46,510 - trainer - INFO -     test_my_metric : 0.7184999999999998
2021-12-13 02:19:46,510 - trainer - INFO -     test_my_metric2: 0.9797
2021-12-13 02:19:46,744 - trainer - INFO - Saving current best: model_best.pth at: saved/models/Robust_WideResNet16_5_BN_CIFAR10DataLoaderResNet16_5-num_classes-10-norm_layer_type-bn-conv_layer_type-conv-linear_layer_type-linear-activation_layer_type-relu-Seed=8/1213_014700/model_best.pth ...
2021-12-13 02:23:48,151 - trainer - INFO -     epoch          : 9
2021-12-13 02:23:48,152 - trainer - INFO -     loss           : 5.250555265590053
2021-12-13 02:23:48,152 - trainer - INFO -     my_metric      : 2.0356417838874683
2021-12-13 02:23:48,153 - trainer - INFO -     my_metric2     : 3.7393422314578
2021-12-13 02:23:48,153 - trainer - INFO -     learning rate  : [0.001, 0.001, 0.001, 0.001]
2021-12-13 02:23:48,154 - trainer - INFO -     val_loss       : 0.7925370109081268
2021-12-13 02:23:48,154 - trainer - INFO -     val_my_metric  : 0.7505999999999999
2021-12-13 02:23:48,155 - trainer - INFO -     val_my_metric2 : 0.9873999999999998
2021-12-13 02:23:48,155 - trainer - INFO -     test_loss      : 0.8382857012748718
2021-12-13 02:23:48,156 - trainer - INFO -     test_my_metric : 0.7269000000000001
2021-12-13 02:23:48,157 - trainer - INFO -     test_my_metric2: 0.9809999999999995
2021-12-13 02:23:48,391 - trainer - INFO - Saving current best: model_best.pth at: saved/models/Robust_WideResNet16_5_BN_CIFAR10DataLoaderResNet16_5-num_classes-10-norm_layer_type-bn-conv_layer_type-conv-linear_layer_type-linear-activation_layer_type-relu-Seed=8/1213_014700/model_best.pth ...
2021-12-13 02:27:49,817 - trainer - INFO -     epoch          : 10
2021-12-13 02:27:49,818 - trainer - INFO -     loss           : 5.129847004133112
2021-12-13 02:27:49,819 - trainer - INFO -     my_metric      : 2.08832320971867
2021-12-13 02:27:49,819 - trainer - INFO -     my_metric2     : 3.754899296675192
2021-12-13 02:27:49,820 - trainer - INFO -     learning rate  : [0.001, 0.001, 0.001, 0.001]
2021-12-13 02:27:49,820 - trainer - INFO -     val_loss       : 0.7473305368423462
2021-12-13 02:27:49,821 - trainer - INFO -     val_my_metric  : 0.7535999999999998
2021-12-13 02:27:49,821 - trainer - INFO -     val_my_metric2 : 0.9881999999999996
2021-12-13 02:27:49,822 - trainer - INFO -     test_loss      : 0.7980416631698608
2021-12-13 02:27:49,822 - trainer - INFO -     test_my_metric : 0.7382
2021-12-13 02:27:49,823 - trainer - INFO -     test_my_metric2: 0.9852999999999994
2021-12-13 02:27:50,047 - trainer - INFO - Saving current best: model_best.pth at: saved/models/Robust_WideResNet16_5_BN_CIFAR10DataLoaderResNet16_5-num_classes-10-norm_layer_type-bn-conv_layer_type-conv-linear_layer_type-linear-activation_layer_type-relu-Seed=8/1213_014700/model_best.pth ...
2021-12-13 02:31:51,599 - trainer - INFO -     epoch          : 11
2021-12-13 02:31:51,600 - trainer - INFO -     loss           : 5.023246458119444
2021-12-13 02:31:51,601 - trainer - INFO -     my_metric      : 2.1196371483375955
2021-12-13 02:31:51,601 - trainer - INFO -     my_metric2     : 3.7653013107416884
2021-12-13 02:31:51,602 - trainer - INFO -     learning rate  : [0.001, 0.001, 0.001, 0.001]
2021-12-13 02:31:51,602 - trainer - INFO -     val_loss       : 0.7328473055362701
2021-12-13 02:31:51,603 - trainer - INFO -     val_my_metric  : 0.7681999999999999
2021-12-13 02:31:51,604 - trainer - INFO -     val_my_metric2 : 0.9861999999999999
2021-12-13 02:31:51,604 - trainer - INFO -     test_loss      : 0.7905509918928146
2021-12-13 02:31:51,605 - trainer - INFO -     test_my_metric : 0.7462000000000001
2021-12-13 02:31:51,605 - trainer - INFO -     test_my_metric2: 0.9845999999999993
2021-12-13 02:31:51,825 - trainer - INFO - Saving current best: model_best.pth at: saved/models/Robust_WideResNet16_5_BN_CIFAR10DataLoaderResNet16_5-num_classes-10-norm_layer_type-bn-conv_layer_type-conv-linear_layer_type-linear-activation_layer_type-relu-Seed=8/1213_014700/model_best.pth ...
2021-12-13 02:35:53,075 - trainer - INFO -     epoch          : 12
2021-12-13 02:35:53,076 - trainer - INFO -     loss           : 4.925164047714389
2021-12-13 02:35:53,076 - trainer - INFO -     my_metric      : 2.1515185421994882
2021-12-13 02:35:53,077 - trainer - INFO -     my_metric2     : 3.7808503836317136
2021-12-13 02:35:53,077 - trainer - INFO -     learning rate  : [0.001, 0.001, 0.001, 0.001]
2021-12-13 02:35:53,078 - trainer - INFO -     val_loss       : 0.6879623556137084
2021-12-13 02:35:53,079 - trainer - INFO -     val_my_metric  : 0.7821999999999999
2021-12-13 02:35:53,079 - trainer - INFO -     val_my_metric2 : 0.9881999999999996
2021-12-13 02:35:53,080 - trainer - INFO -     test_loss      : 0.7544090265035629
2021-12-13 02:35:53,080 - trainer - INFO -     test_my_metric : 0.7477999999999999
2021-12-13 02:35:53,081 - trainer - INFO -     test_my_metric2: 0.9859999999999992
2021-12-13 02:35:53,323 - trainer - INFO - Saving current best: model_best.pth at: saved/models/Robust_WideResNet16_5_BN_CIFAR10DataLoaderResNet16_5-num_classes-10-norm_layer_type-bn-conv_layer_type-conv-linear_layer_type-linear-activation_layer_type-relu-Seed=8/1213_014700/model_best.pth ...
2021-12-13 02:39:54,475 - trainer - INFO -     epoch          : 13
2021-12-13 02:39:54,476 - trainer - INFO -     loss           : 4.83103931163583
2021-12-13 02:39:54,476 - trainer - INFO -     my_metric      : 2.188790760869565
2021-12-13 02:39:54,477 - trainer - INFO -     my_metric2     : 3.7859774616368287
2021-12-13 02:39:54,477 - trainer - INFO -     learning rate  : [0.001, 0.001, 0.001, 0.001]
2021-12-13 02:39:54,478 - trainer - INFO -     val_loss       : 0.6373362195491791
2021-12-13 02:39:54,478 - trainer - INFO -     val_my_metric  : 0.8009999999999999
2021-12-13 02:39:54,479 - trainer - INFO -     val_my_metric2 : 0.9901999999999999
2021-12-13 02:39:54,479 - trainer - INFO -     test_loss      : 0.7072738969326019
2021-12-13 02:39:54,480 - trainer - INFO -     test_my_metric : 0.7700000000000002
2021-12-13 02:39:54,480 - trainer - INFO -     test_my_metric2: 0.9858999999999993
2021-12-13 02:39:54,706 - trainer - INFO - Saving current best: model_best.pth at: saved/models/Robust_WideResNet16_5_BN_CIFAR10DataLoaderResNet16_5-num_classes-10-norm_layer_type-bn-conv_layer_type-conv-linear_layer_type-linear-activation_layer_type-relu-Seed=8/1213_014700/model_best.pth ...
2021-12-13 02:43:55,536 - trainer - INFO -     epoch          : 14
2021-12-13 02:43:55,537 - trainer - INFO -     loss           : 4.745698124856291
2021-12-13 02:43:55,538 - trainer - INFO -     my_metric      : 2.2221986892583123
2021-12-13 02:43:55,538 - trainer - INFO -     my_metric2     : 3.7979339833759584
2021-12-13 02:43:55,539 - trainer - INFO -     learning rate  : [0.001, 0.001, 0.001, 0.001]
2021-12-13 02:43:55,539 - trainer - INFO -     val_loss       : 0.6339391493797302
2021-12-13 02:43:55,540 - trainer - INFO -     val_my_metric  : 0.7975999999999999
2021-12-13 02:43:55,540 - trainer - INFO -     val_my_metric2 : 0.9912000000000002
2021-12-13 02:43:55,541 - trainer - INFO -     test_loss      : 0.7250751364231109
2021-12-13 02:43:55,541 - trainer - INFO -     test_my_metric : 0.7597999999999996
2021-12-13 02:43:55,541 - trainer - INFO -     test_my_metric2: 0.9861999999999993
2021-12-13 02:43:55,755 - trainer - INFO - Saving current model: current model save at: saved/models/Robust_WideResNet16_5_BN_CIFAR10DataLoaderResNet16_5-num_classes-10-norm_layer_type-bn-conv_layer_type-conv-linear_layer_type-linear-activation_layer_type-relu-Seed=8/1213_014700/model_epoch_14.pth ...
2021-12-13 02:47:56,764 - trainer - INFO -     epoch          : 15
2021-12-13 02:47:56,765 - trainer - INFO -     loss           : 4.663342853641266
2021-12-13 02:47:56,766 - trainer - INFO -     my_metric      : 2.2478340792838876
2021-12-13 02:47:56,766 - trainer - INFO -     my_metric2     : 3.8051950127877237
2021-12-13 02:47:56,766 - trainer - INFO -     learning rate  : [0.001, 0.001, 0.001, 0.001]
2021-12-13 02:47:56,771 - trainer - INFO -     val_loss       : 0.5916987800598145
2021-12-13 02:47:56,772 - trainer - INFO -     val_my_metric  : 0.8234
2021-12-13 02:47:56,772 - trainer - INFO -     val_my_metric2 : 0.9916000000000001
2021-12-13 02:47:56,773 - trainer - INFO -     test_loss      : 0.676798483133316
2021-12-13 02:47:56,773 - trainer - INFO -     test_my_metric : 0.7860999999999998
2021-12-13 02:47:56,773 - trainer - INFO -     test_my_metric2: 0.9879999999999994
2021-12-13 02:47:57,002 - trainer - INFO - Saving current best: model_best.pth at: saved/models/Robust_WideResNet16_5_BN_CIFAR10DataLoaderResNet16_5-num_classes-10-norm_layer_type-bn-conv_layer_type-conv-linear_layer_type-linear-activation_layer_type-relu-Seed=8/1213_014700/model_best.pth ...
2021-12-13 02:51:57,487 - trainer - INFO -     epoch          : 16
2021-12-13 02:51:57,488 - trainer - INFO -     loss           : 4.580758433207832
2021-12-13 02:51:57,489 - trainer - INFO -     my_metric      : 2.280127078005115
2021-12-13 02:51:57,489 - trainer - INFO -     my_metric2     : 3.812719789002557
2021-12-13 02:51:57,490 - trainer - INFO -     learning rate  : [0.001, 0.001, 0.001, 0.001]
2021-12-13 02:51:57,491 - trainer - INFO -     val_loss       : 0.6106699019670486
2021-12-13 02:51:57,491 - trainer - INFO -     val_my_metric  : 0.8108
2021-12-13 02:51:57,492 - trainer - INFO -     val_my_metric2 : 0.9924000000000001
2021-12-13 02:51:57,492 - trainer - INFO -     test_loss      : 0.695493317246437
2021-12-13 02:51:57,493 - trainer - INFO -     test_my_metric : 0.7746999999999997
2021-12-13 02:51:57,493 - trainer - INFO -     test_my_metric2: 0.9880999999999999
2021-12-13 02:51:57,719 - trainer - INFO - Saving current model: current model save at: saved/models/Robust_WideResNet16_5_BN_CIFAR10DataLoaderResNet16_5-num_classes-10-norm_layer_type-bn-conv_layer_type-conv-linear_layer_type-linear-activation_layer_type-relu-Seed=8/1213_014700/model_epoch_16.pth ...
2021-12-13 02:55:57,846 - trainer - INFO -     epoch          : 17
2021-12-13 02:55:57,847 - trainer - INFO -     loss           : 4.523442279576035
2021-12-13 02:55:57,847 - trainer - INFO -     my_metric      : 2.3040241368286445
2021-12-13 02:55:57,848 - trainer - INFO -     my_metric2     : 3.81397858056266
2021-12-13 02:55:57,848 - trainer - INFO -     learning rate  : [0.001, 0.001, 0.001, 0.001]
2021-12-13 02:55:57,849 - trainer - INFO -     val_loss       : 0.587054752111435
2021-12-13 02:55:57,849 - trainer - INFO -     val_my_metric  : 0.8253999999999998
2021-12-13 02:55:57,850 - trainer - INFO -     val_my_metric2 : 0.9940000000000001
2021-12-13 02:55:57,850 - trainer - INFO -     test_loss      : 0.6839392018318177
2021-12-13 02:55:57,851 - trainer - INFO -     test_my_metric : 0.7808000000000002
2021-12-13 02:55:57,851 - trainer - INFO -     test_my_metric2: 0.9880999999999996
2021-12-13 02:55:58,089 - trainer - INFO - Saving current best: model_best.pth at: saved/models/Robust_WideResNet16_5_BN_CIFAR10DataLoaderResNet16_5-num_classes-10-norm_layer_type-bn-conv_layer_type-conv-linear_layer_type-linear-activation_layer_type-relu-Seed=8/1213_014700/model_best.pth ...
2021-12-13 02:59:58,550 - trainer - INFO -     epoch          : 18
2021-12-13 02:59:58,551 - trainer - INFO -     loss           : 4.440087865990446
2021-12-13 02:59:58,552 - trainer - INFO -     my_metric      : 2.3297474424552433
2021-12-13 02:59:58,552 - trainer - INFO -     my_metric2     : 3.825751278772379
2021-12-13 02:59:58,555 - trainer - INFO -     learning rate  : [0.001, 0.001, 0.001, 0.001]
2021-12-13 02:59:58,556 - trainer - INFO -     val_loss       : 0.5466690117120743
2021-12-13 02:59:58,556 - trainer - INFO -     val_my_metric  : 0.8321999999999999
2021-12-13 02:59:58,557 - trainer - INFO -     val_my_metric2 : 0.9934000000000002
2021-12-13 02:59:58,557 - trainer - INFO -     test_loss      : 0.6509569159150124
2021-12-13 02:59:58,558 - trainer - INFO -     test_my_metric : 0.7828000000000006
2021-12-13 02:59:58,559 - trainer - INFO -     test_my_metric2: 0.9882999999999993
2021-12-13 02:59:58,786 - trainer - INFO - Saving current best: model_best.pth at: saved/models/Robust_WideResNet16_5_BN_CIFAR10DataLoaderResNet16_5-num_classes-10-norm_layer_type-bn-conv_layer_type-conv-linear_layer_type-linear-activation_layer_type-relu-Seed=8/1213_014700/model_best.pth ...
2021-12-13 03:03:59,534 - trainer - INFO -     epoch          : 19
2021-12-13 03:03:59,536 - trainer - INFO -     loss           : 4.384203925538246
2021-12-13 03:03:59,536 - trainer - INFO -     my_metric      : 2.3506873401534523
2021-12-13 03:03:59,537 - trainer - INFO -     my_metric2     : 3.833843510230179
2021-12-13 03:03:59,537 - trainer - INFO -     learning rate  : [0.001, 0.001, 0.001, 0.001]
2021-12-13 03:03:59,538 - trainer - INFO -     val_loss       : 0.5502312564849854
2021-12-13 03:03:59,538 - trainer - INFO -     val_my_metric  : 0.8254
2021-12-13 03:03:59,539 - trainer - INFO -     val_my_metric2 : 0.9921999999999997
2021-12-13 03:03:59,539 - trainer - INFO -     test_loss      : 0.661999163031578
2021-12-13 03:03:59,540 - trainer - INFO -     test_my_metric : 0.7779000000000003
2021-12-13 03:03:59,540 - trainer - INFO -     test_my_metric2: 0.9885999999999995
2021-12-13 03:03:59,739 - trainer - INFO - Saving current model: current model save at: saved/models/Robust_WideResNet16_5_BN_CIFAR10DataLoaderResNet16_5-num_classes-10-norm_layer_type-bn-conv_layer_type-conv-linear_layer_type-linear-activation_layer_type-relu-Seed=8/1213_014700/model_epoch_19.pth ...
2021-12-13 03:08:00,642 - trainer - INFO -     epoch          : 20
2021-12-13 03:08:00,643 - trainer - INFO -     loss           : 4.3175958482658165
2021-12-13 03:08:00,643 - trainer - INFO -     my_metric      : 2.3577365728900257
2021-12-13 03:08:00,644 - trainer - INFO -     my_metric2     : 3.839566016624041
2021-12-13 03:08:00,644 - trainer - INFO -     learning rate  : [0.001, 0.001, 0.001, 0.001]
2021-12-13 03:08:00,645 - trainer - INFO -     val_loss       : 0.5191468942165375
2021-12-13 03:08:00,645 - trainer - INFO -     val_my_metric  : 0.8505999999999999
2021-12-13 03:08:00,646 - trainer - INFO -     val_my_metric2 : 0.9942
2021-12-13 03:08:00,646 - trainer - INFO -     test_loss      : 0.6404153060913086
2021-12-13 03:08:00,647 - trainer - INFO -     test_my_metric : 0.7959999999999997
2021-12-13 03:08:00,647 - trainer - INFO -     test_my_metric2: 0.9891999999999996
2021-12-13 03:08:00,874 - trainer - INFO - Saving current best: model_best.pth at: saved/models/Robust_WideResNet16_5_BN_CIFAR10DataLoaderResNet16_5-num_classes-10-norm_layer_type-bn-conv_layer_type-conv-linear_layer_type-linear-activation_layer_type-relu-Seed=8/1213_014700/model_best.pth ...
2021-12-13 03:12:01,788 - trainer - INFO -     epoch          : 21
2021-12-13 03:12:01,788 - trainer - INFO -     loss           : 4.2493711196248185
2021-12-13 03:12:01,789 - trainer - INFO -     my_metric      : 2.388207320971867
2021-12-13 03:12:01,790 - trainer - INFO -     my_metric2     : 3.8433983375959078
2021-12-13 03:12:01,790 - trainer - INFO -     learning rate  : [0.001, 0.001, 0.001, 0.001]
2021-12-13 03:12:01,791 - trainer - INFO -     val_loss       : 0.5183969151973724
2021-12-13 03:12:01,791 - trainer - INFO -     val_my_metric  : 0.8574000000000003
2021-12-13 03:12:01,792 - trainer - INFO -     val_my_metric2 : 0.9949999999999999
2021-12-13 03:12:01,792 - trainer - INFO -     test_loss      : 0.6335027441382408
2021-12-13 03:12:01,793 - trainer - INFO -     test_my_metric : 0.8098999999999996
2021-12-13 03:12:01,793 - trainer - INFO -     test_my_metric2: 0.9891999999999994
2021-12-13 03:12:02,025 - trainer - INFO - Saving current best: model_best.pth at: saved/models/Robust_WideResNet16_5_BN_CIFAR10DataLoaderResNet16_5-num_classes-10-norm_layer_type-bn-conv_layer_type-conv-linear_layer_type-linear-activation_layer_type-relu-Seed=8/1213_014700/model_best.pth ...
2021-12-13 03:16:03,260 - trainer - INFO -     epoch          : 22
2021-12-13 03:16:03,261 - trainer - INFO -     loss           : 4.200128122592521
2021-12-13 03:16:03,262 - trainer - INFO -     my_metric      : 2.4077765345268545
2021-12-13 03:16:03,262 - trainer - INFO -     my_metric2     : 3.8490888746803074
2021-12-13 03:16:03,263 - trainer - INFO -     learning rate  : [0.001, 0.001, 0.001, 0.001]
2021-12-13 03:16:03,263 - trainer - INFO -     val_loss       : 0.4957245296239853
2021-12-13 03:16:03,264 - trainer - INFO -     val_my_metric  : 0.8551999999999998
2021-12-13 03:16:03,265 - trainer - INFO -     val_my_metric2 : 0.9953999999999997
2021-12-13 03:16:03,265 - trainer - INFO -     test_loss      : 0.6260906088352204
2021-12-13 03:16:03,266 - trainer - INFO -     test_my_metric : 0.8038
2021-12-13 03:16:03,266 - trainer - INFO -     test_my_metric2: 0.9886999999999995
2021-12-13 03:16:03,498 - trainer - INFO - Saving current model: current model save at: saved/models/Robust_WideResNet16_5_BN_CIFAR10DataLoaderResNet16_5-num_classes-10-norm_layer_type-bn-conv_layer_type-conv-linear_layer_type-linear-activation_layer_type-relu-Seed=8/1213_014700/model_epoch_22.pth ...
2021-12-13 03:20:04,533 - trainer - INFO -     epoch          : 23
2021-12-13 03:20:04,534 - trainer - INFO -     loss           : 4.138574815467191
2021-12-13 03:20:04,534 - trainer - INFO -     my_metric      : 2.4337156329923273
2021-12-13 03:20:04,535 - trainer - INFO -     my_metric2     : 3.8526214833759598
2021-12-13 03:20:04,535 - trainer - INFO -     learning rate  : [0.001, 0.001, 0.001, 0.001]
2021-12-13 03:20:04,536 - trainer - INFO -     val_loss       : 0.4921091759204865
2021-12-13 03:20:04,536 - trainer - INFO -     val_my_metric  : 0.8546
2021-12-13 03:20:04,537 - trainer - INFO -     val_my_metric2 : 0.9953999999999997
2021-12-13 03:20:04,537 - trainer - INFO -     test_loss      : 0.6241879308223724
2021-12-13 03:20:04,538 - trainer - INFO -     test_my_metric : 0.7971999999999998
2021-12-13 03:20:04,538 - trainer - INFO -     test_my_metric2: 0.9885999999999993
2021-12-13 03:20:04,761 - trainer - INFO - Saving current model: current model save at: saved/models/Robust_WideResNet16_5_BN_CIFAR10DataLoaderResNet16_5-num_classes-10-norm_layer_type-bn-conv_layer_type-conv-linear_layer_type-linear-activation_layer_type-relu-Seed=8/1213_014700/model_epoch_23.pth ...
2021-12-13 03:24:05,725 - trainer - INFO -     epoch          : 24
2021-12-13 03:24:05,728 - trainer - INFO -     loss           : 4.07649615010642
2021-12-13 03:24:05,729 - trainer - INFO -     my_metric      : 2.4459279092071613
2021-12-13 03:24:05,729 - trainer - INFO -     my_metric2     : 3.860537883631714
2021-12-13 03:24:05,730 - trainer - INFO -     learning rate  : [0.001, 0.001, 0.001, 0.001]
2021-12-13 03:24:05,730 - trainer - INFO -     val_loss       : 0.4642744773626328
2021-12-13 03:24:05,731 - trainer - INFO -     val_my_metric  : 0.8670000000000002
2021-12-13 03:24:05,731 - trainer - INFO -     val_my_metric2 : 0.9961999999999999
2021-12-13 03:24:05,732 - trainer - INFO -     test_loss      : 0.6074711048603058
2021-12-13 03:24:05,732 - trainer - INFO -     test_my_metric : 0.8047999999999998
2021-12-13 03:24:05,732 - trainer - INFO -     test_my_metric2: 0.9897999999999993
2021-12-13 03:24:05,945 - trainer - INFO - Saving current best: model_best.pth at: saved/models/Robust_WideResNet16_5_BN_CIFAR10DataLoaderResNet16_5-num_classes-10-norm_layer_type-bn-conv_layer_type-conv-linear_layer_type-linear-activation_layer_type-relu-Seed=8/1213_014700/model_best.pth ...
2021-12-13 03:28:06,840 - trainer - INFO -     epoch          : 25
2021-12-13 03:28:06,842 - trainer - INFO -     loss           : 4.013531512387878
2021-12-13 03:28:06,842 - trainer - INFO -     my_metric      : 2.471807065217391
2021-12-13 03:28:06,843 - trainer - INFO -     my_metric2     : 3.8655490728900257
2021-12-13 03:28:06,843 - trainer - INFO -     learning rate  : [0.001, 0.001, 0.001, 0.001]
2021-12-13 03:28:06,844 - trainer - INFO -     val_loss       : 0.4407322746515274
2021-12-13 03:28:06,844 - trainer - INFO -     val_my_metric  : 0.8717999999999999
2021-12-13 03:28:06,844 - trainer - INFO -     val_my_metric2 : 0.9970000000000002
2021-12-13 03:28:06,845 - trainer - INFO -     test_loss      : 0.5916194668412209
2021-12-13 03:28:06,845 - trainer - INFO -     test_my_metric : 0.8057999999999998
2021-12-13 03:28:06,846 - trainer - INFO -     test_my_metric2: 0.9901999999999996
2021-12-13 03:28:07,067 - trainer - INFO - Saving current best: model_best.pth at: saved/models/Robust_WideResNet16_5_BN_CIFAR10DataLoaderResNet16_5-num_classes-10-norm_layer_type-bn-conv_layer_type-conv-linear_layer_type-linear-activation_layer_type-relu-Seed=8/1213_014700/model_best.pth ...
2021-12-13 03:32:08,057 - trainer - INFO -     epoch          : 26
2021-12-13 03:32:08,058 - trainer - INFO -     loss           : 3.99120314461191
2021-12-13 03:32:08,059 - trainer - INFO -     my_metric      : 2.4790760869565216
2021-12-13 03:32:08,060 - trainer - INFO -     my_metric2     : 3.863918638107416
2021-12-13 03:32:08,060 - trainer - INFO -     learning rate  : [0.001, 0.001, 0.001, 0.001]
2021-12-13 03:32:08,061 - trainer - INFO -     val_loss       : 0.45218193233013154
2021-12-13 03:32:08,061 - trainer - INFO -     val_my_metric  : 0.8705999999999999
2021-12-13 03:32:08,062 - trainer - INFO -     val_my_metric2 : 0.9958
2021-12-13 03:32:08,062 - trainer - INFO -     test_loss      : 0.6016423410177231
2021-12-13 03:32:08,063 - trainer - INFO -     test_my_metric : 0.8074000000000001
2021-12-13 03:32:08,063 - trainer - INFO -     test_my_metric2: 0.9893999999999995
2021-12-13 03:32:08,291 - trainer - INFO - Saving current model: current model save at: saved/models/Robust_WideResNet16_5_BN_CIFAR10DataLoaderResNet16_5-num_classes-10-norm_layer_type-bn-conv_layer_type-conv-linear_layer_type-linear-activation_layer_type-relu-Seed=8/1213_014700/model_epoch_26.pth ...
2021-12-13 03:36:09,407 - trainer - INFO -     epoch          : 27
2021-12-13 03:36:09,408 - trainer - INFO -     loss           : 3.9136258263112333
2021-12-13 03:36:09,409 - trainer - INFO -     my_metric      : 2.5028812340153452
2021-12-13 03:36:09,409 - trainer - INFO -     my_metric2     : 3.8742886828644507
2021-12-13 03:36:09,413 - trainer - INFO -     learning rate  : [0.001, 0.001, 0.001, 0.001]
2021-12-13 03:36:09,413 - trainer - INFO -     val_loss       : 0.4138193202018738
2021-12-13 03:36:09,413 - trainer - INFO -     val_my_metric  : 0.8827999999999999
2021-12-13 03:36:09,414 - trainer - INFO -     val_my_metric2 : 0.9963999999999998
2021-12-13 03:36:09,414 - trainer - INFO -     test_loss      : 0.5737572523951531
2021-12-13 03:36:09,415 - trainer - INFO -     test_my_metric : 0.8181000000000003
2021-12-13 03:36:09,415 - trainer - INFO -     test_my_metric2: 0.9888999999999997
2021-12-13 03:36:09,637 - trainer - INFO - Saving current best: model_best.pth at: saved/models/Robust_WideResNet16_5_BN_CIFAR10DataLoaderResNet16_5-num_classes-10-norm_layer_type-bn-conv_layer_type-conv-linear_layer_type-linear-activation_layer_type-relu-Seed=8/1213_014700/model_best.pth ...
2021-12-13 03:40:10,425 - trainer - INFO -     epoch          : 28
2021-12-13 03:40:10,426 - trainer - INFO -     loss           : 3.878786848481659
2021-12-13 03:40:10,427 - trainer - INFO -     my_metric      : 2.510194213554987
2021-12-13 03:40:10,427 - trainer - INFO -     my_metric2     : 3.87167918797954
2021-12-13 03:40:10,428 - trainer - INFO -     learning rate  : [0.001, 0.001, 0.001, 0.001]
2021-12-13 03:40:10,428 - trainer - INFO -     val_loss       : 0.41087652027606963
2021-12-13 03:40:10,429 - trainer - INFO -     val_my_metric  : 0.8832000000000002
2021-12-13 03:40:10,429 - trainer - INFO -     val_my_metric2 : 0.9962000000000001
2021-12-13 03:40:10,430 - trainer - INFO -     test_loss      : 0.5785892048478126
2021-12-13 03:40:10,430 - trainer - INFO -     test_my_metric : 0.8068000000000004
2021-12-13 03:40:10,431 - trainer - INFO -     test_my_metric2: 0.9898999999999997
2021-12-13 03:40:10,677 - trainer - INFO - Saving current best: model_best.pth at: saved/models/Robust_WideResNet16_5_BN_CIFAR10DataLoaderResNet16_5-num_classes-10-norm_layer_type-bn-conv_layer_type-conv-linear_layer_type-linear-activation_layer_type-relu-Seed=8/1213_014700/model_best.pth ...
2021-12-13 03:44:11,953 - trainer - INFO -     epoch          : 29
2021-12-13 03:44:11,954 - trainer - INFO -     loss           : 3.8330198687970487
2021-12-13 03:44:11,954 - trainer - INFO -     my_metric      : 2.534378996163683
2021-12-13 03:44:11,955 - trainer - INFO -     my_metric2     : 3.8790840792838868
2021-12-13 03:44:11,955 - trainer - INFO -     learning rate  : [0.001, 0.001, 0.001, 0.001]
2021-12-13 03:44:11,956 - trainer - INFO -     val_loss       : 0.4270187073945999
2021-12-13 03:44:11,957 - trainer - INFO -     val_my_metric  : 0.8780000000000002
2021-12-13 03:44:11,957 - trainer - INFO -     val_my_metric2 : 0.9972000000000003
2021-12-13 03:44:11,958 - trainer - INFO -     test_loss      : 0.6026705059409142
2021-12-13 03:44:11,958 - trainer - INFO -     test_my_metric : 0.8004000000000001
2021-12-13 03:44:11,959 - trainer - INFO -     test_my_metric2: 0.9888999999999993
2021-12-13 03:44:12,222 - trainer - INFO - Saving current model: current model save at: saved/models/Robust_WideResNet16_5_BN_CIFAR10DataLoaderResNet16_5-num_classes-10-norm_layer_type-bn-conv_layer_type-conv-linear_layer_type-linear-activation_layer_type-relu-Seed=8/1213_014700/model_epoch_29.pth ...
2021-12-13 03:48:13,820 - trainer - INFO -     epoch          : 30
2021-12-13 03:48:13,822 - trainer - INFO -     loss           : 3.7785643384889567
2021-12-13 03:48:13,822 - trainer - INFO -     my_metric      : 2.543845907928389
2021-12-13 03:48:13,823 - trainer - INFO -     my_metric2     : 3.8841472186700763
2021-12-13 03:48:13,823 - trainer - INFO -     learning rate  : [0.001, 0.001, 0.001, 0.001]
2021-12-13 03:48:13,824 - trainer - INFO -     val_loss       : 0.3997586679458618
2021-12-13 03:48:13,824 - trainer - INFO -     val_my_metric  : 0.8900000000000001
2021-12-13 03:48:13,825 - trainer - INFO -     val_my_metric2 : 0.9967999999999999
2021-12-13 03:48:13,825 - trainer - INFO -     test_loss      : 0.5802484738826752
2021-12-13 03:48:13,826 - trainer - INFO -     test_my_metric : 0.8040000000000002
2021-12-13 03:48:13,826 - trainer - INFO -     test_my_metric2: 0.9902999999999998
2021-12-13 03:48:14,063 - trainer - INFO - Saving current best: model_best.pth at: saved/models/Robust_WideResNet16_5_BN_CIFAR10DataLoaderResNet16_5-num_classes-10-norm_layer_type-bn-conv_layer_type-conv-linear_layer_type-linear-activation_layer_type-relu-Seed=8/1213_014700/model_best.pth ...
2021-12-13 03:52:15,630 - trainer - INFO -     epoch          : 31
2021-12-13 03:52:15,631 - trainer - INFO -     loss           : 3.7401867181901127
2021-12-13 03:52:15,632 - trainer - INFO -     my_metric      : 2.559818574168798
2021-12-13 03:52:15,632 - trainer - INFO -     my_metric2     : 3.885070332480819
2021-12-13 03:52:15,633 - trainer - INFO -     learning rate  : [0.001, 0.001, 0.001, 0.001]
2021-12-13 03:52:15,633 - trainer - INFO -     val_loss       : 0.3766749918460846
2021-12-13 03:52:15,634 - trainer - INFO -     val_my_metric  : 0.8943999999999999
2021-12-13 03:52:15,634 - trainer - INFO -     val_my_metric2 : 0.9968
2021-12-13 03:52:15,635 - trainer - INFO -     test_loss      : 0.5628712582588196
2021-12-13 03:52:15,635 - trainer - INFO -     test_my_metric : 0.8128
2021-12-13 03:52:15,636 - trainer - INFO -     test_my_metric2: 0.9907999999999996
2021-12-13 03:52:15,868 - trainer - INFO - Saving current best: model_best.pth at: saved/models/Robust_WideResNet16_5_BN_CIFAR10DataLoaderResNet16_5-num_classes-10-norm_layer_type-bn-conv_layer_type-conv-linear_layer_type-linear-activation_layer_type-relu-Seed=8/1213_014700/model_best.pth ...
2021-12-13 03:56:17,560 - trainer - INFO -     epoch          : 32
2021-12-13 03:56:17,561 - trainer - INFO -     loss           : 3.6907485874412616
2021-12-13 03:56:17,562 - trainer - INFO -     my_metric      : 2.5799112851662405
2021-12-13 03:56:17,562 - trainer - INFO -     my_metric2     : 3.887627877237852
2021-12-13 03:56:17,562 - trainer - INFO -     learning rate  : [0.001, 0.001, 0.001, 0.001]
2021-12-13 03:56:17,563 - trainer - INFO -     val_loss       : 0.374132005572319
2021-12-13 03:56:17,563 - trainer - INFO -     val_my_metric  : 0.8959999999999999
2021-12-13 03:56:17,563 - trainer - INFO -     val_my_metric2 : 0.997
2021-12-13 03:56:17,564 - trainer - INFO -     test_loss      : 0.5689636144042015
2021-12-13 03:56:17,568 - trainer - INFO -     test_my_metric : 0.8122999999999994
2021-12-13 03:56:17,569 - trainer - INFO -     test_my_metric2: 0.9916999999999996
2021-12-13 03:56:17,775 - trainer - INFO - Saving current best: model_best.pth at: saved/models/Robust_WideResNet16_5_BN_CIFAR10DataLoaderResNet16_5-num_classes-10-norm_layer_type-bn-conv_layer_type-conv-linear_layer_type-linear-activation_layer_type-relu-Seed=8/1213_014700/model_best.pth ...
2021-12-13 04:00:19,133 - trainer - INFO -     epoch          : 33
2021-12-13 04:00:19,134 - trainer - INFO -     loss           : 3.6644254851219293
2021-12-13 04:00:19,135 - trainer - INFO -     my_metric      : 2.5861333120204604
2021-12-13 04:00:19,136 - trainer - INFO -     my_metric2     : 3.8901734335038363
2021-12-13 04:00:19,136 - trainer - INFO -     learning rate  : [0.001, 0.001, 0.001, 0.001]
2021-12-13 04:00:19,136 - trainer - INFO -     val_loss       : 0.35926208794116976
2021-12-13 04:00:19,137 - trainer - INFO -     val_my_metric  : 0.907
2021-12-13 04:00:19,137 - trainer - INFO -     val_my_metric2 : 0.9976
2021-12-13 04:00:19,137 - trainer - INFO -     test_loss      : 0.5601397877931595
2021-12-13 04:00:19,138 - trainer - INFO -     test_my_metric : 0.8171
2021-12-13 04:00:19,139 - trainer - INFO -     test_my_metric2: 0.9904999999999995
2021-12-13 04:00:19,379 - trainer - INFO - Saving current best: model_best.pth at: saved/models/Robust_WideResNet16_5_BN_CIFAR10DataLoaderResNet16_5-num_classes-10-norm_layer_type-bn-conv_layer_type-conv-linear_layer_type-linear-activation_layer_type-relu-Seed=8/1213_014700/model_best.pth ...
2021-12-13 04:04:20,701 - trainer - INFO -     epoch          : 34
2021-12-13 04:04:20,702 - trainer - INFO -     loss           : 3.6099510588456907
2021-12-13 04:04:20,703 - trainer - INFO -     my_metric      : 2.605099104859335
2021-12-13 04:04:20,703 - trainer - INFO -     my_metric2     : 3.8972066815856783
2021-12-13 04:04:20,704 - trainer - INFO -     learning rate  : [0.001, 0.001, 0.001, 0.001]
2021-12-13 04:04:20,704 - trainer - INFO -     val_loss       : 0.34346924871206286
2021-12-13 04:04:20,705 - trainer - INFO -     val_my_metric  : 0.9056000000000001
2021-12-13 04:04:20,705 - trainer - INFO -     val_my_metric2 : 0.9987999999999999
2021-12-13 04:04:20,706 - trainer - INFO -     test_loss      : 0.555631932914257
2021-12-13 04:04:20,706 - trainer - INFO -     test_my_metric : 0.8176000000000001
2021-12-13 04:04:20,707 - trainer - INFO -     test_my_metric2: 0.9904999999999995
2021-12-13 04:04:20,932 - trainer - INFO - Saving current model: current model save at: saved/models/Robust_WideResNet16_5_BN_CIFAR10DataLoaderResNet16_5-num_classes-10-norm_layer_type-bn-conv_layer_type-conv-linear_layer_type-linear-activation_layer_type-relu-Seed=8/1213_014700/model_epoch_34.pth ...
2021-12-13 04:08:22,570 - trainer - INFO -     epoch          : 35
2021-12-13 04:08:22,571 - trainer - INFO -     loss           : 3.575434682314353
2021-12-13 04:08:22,571 - trainer - INFO -     my_metric      : 2.6195971867007675
2021-12-13 04:08:22,572 - trainer - INFO -     my_metric2     : 3.9002117966751917
2021-12-13 04:08:22,572 - trainer - INFO -     learning rate  : [0.001, 0.001, 0.001, 0.001]
2021-12-13 04:08:22,573 - trainer - INFO -     val_loss       : 0.34652439326047896
2021-12-13 04:08:22,573 - trainer - INFO -     val_my_metric  : 0.9065999999999996
2021-12-13 04:08:22,574 - trainer - INFO -     val_my_metric2 : 0.9978000000000001
2021-12-13 04:08:22,574 - trainer - INFO -     test_loss      : 0.5427684086561203
2021-12-13 04:08:22,575 - trainer - INFO -     test_my_metric : 0.8226999999999998
2021-12-13 04:08:22,575 - trainer - INFO -     test_my_metric2: 0.9900999999999992
2021-12-13 04:08:22,776 - trainer - INFO - Saving current model: current model save at: saved/models/Robust_WideResNet16_5_BN_CIFAR10DataLoaderResNet16_5-num_classes-10-norm_layer_type-bn-conv_layer_type-conv-linear_layer_type-linear-activation_layer_type-relu-Seed=8/1213_014700/model_epoch_35.pth ...
2021-12-13 04:12:24,347 - trainer - INFO -     epoch          : 36
2021-12-13 04:12:24,348 - trainer - INFO -     loss           : 3.5279834980092697
2021-12-13 04:12:24,349 - trainer - INFO -     my_metric      : 2.635230179028133
2021-12-13 04:12:24,350 - trainer - INFO -     my_metric2     : 3.9025655370843997
2021-12-13 04:12:24,350 - trainer - INFO -     learning rate  : [0.001, 0.001, 0.001, 0.001]
2021-12-13 04:12:24,351 - trainer - INFO -     val_loss       : 0.3512773257493973
2021-12-13 04:12:24,352 - trainer - INFO -     val_my_metric  : 0.9107999999999996
2021-12-13 04:12:24,352 - trainer - INFO -     val_my_metric2 : 0.9988000000000001
2021-12-13 04:12:24,353 - trainer - INFO -     test_loss      : 0.5615787547826767
2021-12-13 04:12:24,353 - trainer - INFO -     test_my_metric : 0.8239000000000003
2021-12-13 04:12:24,354 - trainer - INFO -     test_my_metric2: 0.9899999999999993
2021-12-13 04:12:24,626 - trainer - INFO - Saving current best: model_best.pth at: saved/models/Robust_WideResNet16_5_BN_CIFAR10DataLoaderResNet16_5-num_classes-10-norm_layer_type-bn-conv_layer_type-conv-linear_layer_type-linear-activation_layer_type-relu-Seed=8/1213_014700/model_best.pth ...
2021-12-13 04:16:26,404 - trainer - INFO -     epoch          : 37
2021-12-13 04:16:26,405 - trainer - INFO -     loss           : 3.488632243002772
2021-12-13 04:16:26,405 - trainer - INFO -     my_metric      : 2.6494844948849106
2021-12-13 04:16:26,406 - trainer - INFO -     my_metric2     : 3.9055346867007676
2021-12-13 04:16:26,407 - trainer - INFO -     learning rate  : [0.001, 0.001, 0.001, 0.001]
2021-12-13 04:16:26,407 - trainer - INFO -     val_loss       : 0.3472931244969368
2021-12-13 04:16:26,408 - trainer - INFO -     val_my_metric  : 0.9061999999999998
2021-12-13 04:16:26,408 - trainer - INFO -     val_my_metric2 : 0.9982000000000001
2021-12-13 04:16:26,409 - trainer - INFO -     test_loss      : 0.5804570078849792
2021-12-13 04:16:26,409 - trainer - INFO -     test_my_metric : 0.8092000000000001
2021-12-13 04:16:26,410 - trainer - INFO -     test_my_metric2: 0.9903999999999992
2021-12-13 04:16:26,608 - trainer - INFO - Saving current model: current model save at: saved/models/Robust_WideResNet16_5_BN_CIFAR10DataLoaderResNet16_5-num_classes-10-norm_layer_type-bn-conv_layer_type-conv-linear_layer_type-linear-activation_layer_type-relu-Seed=8/1213_014700/model_epoch_37.pth ...
2021-12-13 04:20:28,241 - trainer - INFO -     epoch          : 38
2021-12-13 04:20:28,242 - trainer - INFO -     loss           : 3.4326070091303658
2021-12-13 04:20:28,242 - trainer - INFO -     my_metric      : 2.6619485294117644
2021-12-13 04:20:28,243 - trainer - INFO -     my_metric2     : 3.9114689897698205
2021-12-13 04:20:28,243 - trainer - INFO -     learning rate  : [0.001, 0.001, 0.001, 0.001]
2021-12-13 04:20:28,244 - trainer - INFO -     val_loss       : 0.33657218515872955
2021-12-13 04:20:28,244 - trainer - INFO -     val_my_metric  : 0.9191999999999999
2021-12-13 04:20:28,245 - trainer - INFO -     val_my_metric2 : 0.9976
2021-12-13 04:20:28,245 - trainer - INFO -     test_loss      : 0.5550779724121093
2021-12-13 04:20:28,246 - trainer - INFO -     test_my_metric : 0.8170000000000001
2021-12-13 04:20:28,246 - trainer - INFO -     test_my_metric2: 0.9914999999999992
2021-12-13 04:20:28,467 - trainer - INFO - Saving current best: model_best.pth at: saved/models/Robust_WideResNet16_5_BN_CIFAR10DataLoaderResNet16_5-num_classes-10-norm_layer_type-bn-conv_layer_type-conv-linear_layer_type-linear-activation_layer_type-relu-Seed=8/1213_014700/model_best.pth ...
2021-12-13 04:24:30,120 - trainer - INFO -     epoch          : 39
2021-12-13 04:24:30,121 - trainer - INFO -     loss           : 3.4124232593857116
2021-12-13 04:24:30,122 - trainer - INFO -     my_metric      : 2.6748441496163684
2021-12-13 04:24:30,123 - trainer - INFO -     my_metric2     : 3.9114649936061383
2021-12-13 04:24:30,123 - trainer - INFO -     learning rate  : [0.001, 0.001, 0.001, 0.001]
2021-12-13 04:24:30,124 - trainer - INFO -     val_loss       : 0.3150991091132164
2021-12-13 04:24:30,124 - trainer - INFO -     val_my_metric  : 0.9181999999999998
2021-12-13 04:24:30,125 - trainer - INFO -     val_my_metric2 : 0.9984000000000001
2021-12-13 04:24:30,125 - trainer - INFO -     test_loss      : 0.534334208369255
2021-12-13 04:24:30,126 - trainer - INFO -     test_my_metric : 0.8203999999999998
2021-12-13 04:24:30,127 - trainer - INFO -     test_my_metric2: 0.9919999999999994
2021-12-13 04:24:30,353 - trainer - INFO - Saving current model: current model save at: saved/models/Robust_WideResNet16_5_BN_CIFAR10DataLoaderResNet16_5-num_classes-10-norm_layer_type-bn-conv_layer_type-conv-linear_layer_type-linear-activation_layer_type-relu-Seed=8/1213_014700/model_epoch_39.pth ...
2021-12-13 04:28:31,797 - trainer - INFO -     epoch          : 40
2021-12-13 04:28:31,797 - trainer - INFO -     loss           : 3.37132584797147
2021-12-13 04:28:31,798 - trainer - INFO -     my_metric      : 2.6800791240409203
2021-12-13 04:28:31,799 - trainer - INFO -     my_metric2     : 3.91667199488491
2021-12-13 04:28:31,799 - trainer - INFO -     learning rate  : [0.001, 0.001, 0.001, 0.001]
2021-12-13 04:28:31,799 - trainer - INFO -     val_loss       : 0.3279395532608032
2021-12-13 04:28:31,800 - trainer - INFO -     val_my_metric  : 0.9178000000000001
2021-12-13 04:28:31,800 - trainer - INFO -     val_my_metric2 : 0.9987999999999999
2021-12-13 04:28:31,800 - trainer - INFO -     test_loss      : 0.5662361666560173
2021-12-13 04:28:31,800 - trainer - INFO -     test_my_metric : 0.8179000000000001
2021-12-13 04:28:31,803 - trainer - INFO -     test_my_metric2: 0.9899999999999994
2021-12-13 04:28:32,005 - trainer - INFO - Saving current model: current model save at: saved/models/Robust_WideResNet16_5_BN_CIFAR10DataLoaderResNet16_5-num_classes-10-norm_layer_type-bn-conv_layer_type-conv-linear_layer_type-linear-activation_layer_type-relu-Seed=8/1213_014700/model_epoch_40.pth ...
